[0.129s] Invoking command in '/home/dammr/Desktop/UC_SmartFarmRadar/magister_ws/build/radar_msg': CMAKE_PREFIX_PATH=${CMAKE_PREFIX_PATH}:/home/dammr/Desktop/UC_SmartFarmRadar/magister_ws/install/radar_package:/home/dammr/Desktop/UC_SmartFarmRadar/magister_ws/install/ptu_controller:/home/dammr/ros2_humble/install/rqt_bag_plugins:/home/dammr/ros2_humble/install/rqt_bag:/home/dammr/ros2_humble/install/launch_testing_examples:/home/dammr/ros2_humble/install/ros2bag:/home/dammr/ros2_humble/install/tracetools_test:/home/dammr/ros2_humble/install/tracetools_launch:/home/dammr/ros2_humble/install/topic_monitor:/home/dammr/ros2_humble/install/tf2_tools:/home/dammr/ros2_humble/install/examples_tf2_py:/home/dammr/ros2_humble/install/tf2_ros_py:/home/dammr/ros2_humble/install/sros2:/home/dammr/ros2_humble/install/rqt_topic:/home/dammr/ros2_humble/install/rqt_srv:/home/dammr/ros2_humble/install/rqt_shell:/home/dammr/ros2_humble/install/rqt_service_caller:/home/dammr/ros2_humble/install/rqt_reconfigure:/home/dammr/ros2_humble/install/rqt_py_console:/home/dammr/ros2_humble/install/rqt_publisher:/home/dammr/ros2_humble/install/rqt_plot:/home/dammr/ros2_humble/install/rqt_action:/home/dammr/ros2_humble/install/rqt_msg:/home/dammr/ros2_humble/install/rqt_console:/home/dammr/ros2_humble/install/rqt:/home/dammr/ros2_humble/install/rqt_graph:/home/dammr/ros2_humble/install/rqt_gui_py:/home/dammr/ros2_humble/install/rqt_gui:/home/dammr/ros2_humble/install/ros2trace:/home/dammr/ros2_humble/install/ros2topic:/home/dammr/ros2_humble/install/ros2test:/home/dammr/ros2_humble/install/ros2component:/home/dammr/ros2_humble/install/ros2param:/home/dammr/ros2_humble/install/ros2lifecycle:/home/dammr/ros2_humble/install/ros2service:/home/dammr/ros2_humble/install/ros2run:/home/dammr/ros2_humble/install/ros2launch:/home/dammr/ros2_humble/install/ros2pkg:/home/dammr/ros2_humble/install/ros2node:/home/dammr/ros2_humble/install/ros2multicast:/home/dammr/ros2_humble/install/ros2interface:/home/dammr/ros2_humble/install/ros2doctor:/home/dammr/ros2_humble/install/ros2action:/home/dammr/ros2_humble/install/ros2cli:/home/dammr/ros2_humble/install/quality_of_service_demo_py:/home/dammr/ros2_humble/install/lifecycle_py:/home/dammr/ros2_humble/install/launch_testing_ros:/home/dammr/ros2_humble/install/launch_ros:/home/dammr/ros2_humble/install/examples_rclpy_pointcloud_publisher:/home/dammr/ros2_humble/install/examples_rclpy_minimal_subscriber:/home/dammr/ros2_humble/install/examples_rclpy_minimal_service:/home/dammr/ros2_humble/install/examples_rclpy_minimal_publisher:/home/dammr/ros2_humble/install/examples_rclpy_minimal_client:/home/dammr/ros2_humble/install/examples_rclpy_minimal_action_server:/home/dammr/ros2_humble/install/examples_rclpy_minimal_action_client:/home/dammr/ros2_humble/install/examples_rclpy_guard_conditions:/home/dammr/ros2_humble/install/examples_rclpy_executors:/home/dammr/ros2_humble/install/demo_nodes_py:/home/dammr/ros2_humble/install/camera_info_manager_py:/home/dammr/ros2_humble/install/action_tutorials_py:/home/dammr/ros2_humble/install/ament_uncrustify:/home/dammr/ros2_humble/install/tracetools_trace:/home/dammr/ros2_humble/install/tracetools_read:/home/dammr/ros2_humble/install/test_tracetools_launch:/home/dammr/ros2_humble/install/test_launch_ros:/home/dammr/ros2_humble/install/sensor_msgs_py:/home/dammr/ros2_humble/install/rpyutils:/home/dammr/ros2_humble/install/rosidl_runtime_py:/home/dammr/ros2_humble/install/rosidl_cli:/home/dammr/ros2_humble/install/launch_pytest:/home/dammr/ros2_humble/install/launch_testing:/home/dammr/ros2_humble/install/launch_yaml:/home/dammr/ros2_humble/install/launch_xml:/home/dammr/ros2_humble/install/launch:/home/dammr/ros2_humble/install/osrf_pycommon:/home/dammr/ros2_humble/install/domain_coordinator:/home/dammr/ros2_humble/install/ament_xmllint:/home/dammr/ros2_humble/install/ament_pyflakes:/home/dammr/ros2_humble/install/ament_pycodestyle:/home/dammr/ros2_humble/install/ament_pep257:/home/dammr/ros2_humble/install/ament_pclint:/home/dammr/ros2_humble/install/ament_package:/home/dammr/ros2_humble/install/ament_mypy:/home/dammr/ros2_humble/install/ament_lint_cmake:/home/dammr/ros2_humble/install/ament_flake8:/home/dammr/ros2_humble/install/ament_copyright:/home/dammr/ros2_humble/install/ament_lint:/home/dammr/ros2_humble/install/ament_index_python:/home/dammr/ros2_humble/install/ament_cpplint:/home/dammr/ros2_humble/install/ament_cppcheck:/home/dammr/ros2_humble/install/ament_clang_tidy:/home/dammr/ros2_humble/install/ament_clang_format /usr/bin/cmake /home/dammr/Desktop/UC_SmartFarmRadar/magister_ws/src/radar_msg -DCMAKE_INSTALL_PREFIX=/home/dammr/Desktop/UC_SmartFarmRadar/magister_ws/install/radar_msg
[0.422s] -- The C compiler identification is GNU 11.4.0
[0.607s] -- The CXX compiler identification is GNU 11.4.0
[0.635s] -- Detecting C compiler ABI info
[0.984s] -- Detecting C compiler ABI info - done
[1.000s] -- Check for working C compiler: /usr/bin/cc - skipped
[1.001s] -- Detecting C compile features
[1.002s] -- Detecting C compile features - done
[1.008s] -- Detecting CXX compiler ABI info
[1.368s] -- Detecting CXX compiler ABI info - done
[1.384s] -- Check for working CXX compiler: /usr/bin/c++ - skipped
[1.384s] -- Detecting CXX compile features
[1.385s] -- Detecting CXX compile features - done
[1.451s] -- Found ament_cmake: 1.3.11 (/home/dammr/ros2_humble/install/ament_cmake/share/ament_cmake/cmake)
[2.898s] -- Found Python3: /usr/bin/python3 (found version "3.10.12") found components: Interpreter 
[4.281s] -- Found rclpy: 3.3.16 (/home/dammr/ros2_humble/install/rclpy/share/rclpy/cmake)
[4.319s] -- Found std_msgs: 4.8.0 (/home/dammr/ros2_humble/install/std_msgs/share/std_msgs/cmake)
[4.851s] -- Found rosidl_generator_c: 3.1.6 (/home/dammr/ros2_humble/install/rosidl_generator_c/share/rosidl_generator_c/cmake)
[4.957s] -- Found rosidl_adapter: 3.1.6 (/home/dammr/ros2_humble/install/rosidl_adapter/share/rosidl_adapter/cmake)
[5.065s] -- Found rosidl_generator_cpp: 3.1.6 (/home/dammr/ros2_humble/install/rosidl_generator_cpp/share/rosidl_generator_cpp/cmake)
[5.236s] -- Using all available rosidl_typesupport_c: rosidl_typesupport_introspection_c;rosidl_typesupport_fastrtps_c
[5.461s] -- Using all available rosidl_typesupport_cpp: rosidl_typesupport_introspection_cpp;rosidl_typesupport_fastrtps_cpp
[5.703s] -- Found rosidl_default_generators: 1.2.0 (/home/dammr/ros2_humble/install/rosidl_default_generators/share/rosidl_default_generators/cmake)
[7.597s] -- Found ament_cmake_ros: 0.10.0 (/home/dammr/ros2_humble/install/ament_cmake_ros/share/ament_cmake_ros/cmake)
[8.948s] -- Using all available rosidl_typesupport_c: rosidl_typesupport_introspection_c;rosidl_typesupport_fastrtps_c
[9.315s] -- Using all available rosidl_typesupport_cpp: rosidl_typesupport_introspection_cpp;rosidl_typesupport_fastrtps_cpp
[9.387s] -- Found PythonInterp: /usr/bin/python3 (found suitable version "3.10.12", minimum required is "3.6") 
[9.404s] -- Found python_cmake_module: 0.10.0 (/home/dammr/ros2_humble/install/python_cmake_module/share/python_cmake_module/cmake)
[9.484s] -- Found PythonLibs: /usr/lib/x86_64-linux-gnu/libpython3.10.so (found suitable version "3.10.12", minimum required is "3.5") 
[9.484s] -- Using PYTHON_EXECUTABLE: /usr/bin/python3
[9.484s] -- Using PYTHON_INCLUDE_DIRS: /usr/include/python3.10
[9.484s] -- Using PYTHON_LIBRARIES: /usr/lib/x86_64-linux-gnu/libpython3.10.so
[9.544s] -- Found PythonExtra: .so  
[9.897s] -- Found ament_lint_auto: 0.12.12 (/home/dammr/ros2_humble/install/ament_lint_auto/share/ament_lint_auto/cmake)
[10.116s] -- Added test 'flake8' to check Python code syntax and style conventions
[10.120s] -- Added test 'lint_cmake' to check CMake code style
[10.125s] -- Added test 'pep257' to check Python code against some of the docstring style conventions in PEP 257
[10.130s] -- Added test 'xmllint' to check XML markup files
[10.140s] -- Configuring done
[10.168s] -- Generating done
[10.176s] -- Build files have been written to: /home/dammr/Desktop/UC_SmartFarmRadar/magister_ws/build/radar_msg
[10.183s] Invoked command in '/home/dammr/Desktop/UC_SmartFarmRadar/magister_ws/build/radar_msg' returned '0': CMAKE_PREFIX_PATH=${CMAKE_PREFIX_PATH}:/home/dammr/Desktop/UC_SmartFarmRadar/magister_ws/install/radar_package:/home/dammr/Desktop/UC_SmartFarmRadar/magister_ws/install/ptu_controller:/home/dammr/ros2_humble/install/rqt_bag_plugins:/home/dammr/ros2_humble/install/rqt_bag:/home/dammr/ros2_humble/install/launch_testing_examples:/home/dammr/ros2_humble/install/ros2bag:/home/dammr/ros2_humble/install/tracetools_test:/home/dammr/ros2_humble/install/tracetools_launch:/home/dammr/ros2_humble/install/topic_monitor:/home/dammr/ros2_humble/install/tf2_tools:/home/dammr/ros2_humble/install/examples_tf2_py:/home/dammr/ros2_humble/install/tf2_ros_py:/home/dammr/ros2_humble/install/sros2:/home/dammr/ros2_humble/install/rqt_topic:/home/dammr/ros2_humble/install/rqt_srv:/home/dammr/ros2_humble/install/rqt_shell:/home/dammr/ros2_humble/install/rqt_service_caller:/home/dammr/ros2_humble/install/rqt_reconfigure:/home/dammr/ros2_humble/install/rqt_py_console:/home/dammr/ros2_humble/install/rqt_publisher:/home/dammr/ros2_humble/install/rqt_plot:/home/dammr/ros2_humble/install/rqt_action:/home/dammr/ros2_humble/install/rqt_msg:/home/dammr/ros2_humble/install/rqt_console:/home/dammr/ros2_humble/install/rqt:/home/dammr/ros2_humble/install/rqt_graph:/home/dammr/ros2_humble/install/rqt_gui_py:/home/dammr/ros2_humble/install/rqt_gui:/home/dammr/ros2_humble/install/ros2trace:/home/dammr/ros2_humble/install/ros2topic:/home/dammr/ros2_humble/install/ros2test:/home/dammr/ros2_humble/install/ros2component:/home/dammr/ros2_humble/install/ros2param:/home/dammr/ros2_humble/install/ros2lifecycle:/home/dammr/ros2_humble/install/ros2service:/home/dammr/ros2_humble/install/ros2run:/home/dammr/ros2_humble/install/ros2launch:/home/dammr/ros2_humble/install/ros2pkg:/home/dammr/ros2_humble/install/ros2node:/home/dammr/ros2_humble/install/ros2multicast:/home/dammr/ros2_humble/install/ros2interface:/home/dammr/ros2_humble/install/ros2doctor:/home/dammr/ros2_humble/install/ros2action:/home/dammr/ros2_humble/install/ros2cli:/home/dammr/ros2_humble/install/quality_of_service_demo_py:/home/dammr/ros2_humble/install/lifecycle_py:/home/dammr/ros2_humble/install/launch_testing_ros:/home/dammr/ros2_humble/install/launch_ros:/home/dammr/ros2_humble/install/examples_rclpy_pointcloud_publisher:/home/dammr/ros2_humble/install/examples_rclpy_minimal_subscriber:/home/dammr/ros2_humble/install/examples_rclpy_minimal_service:/home/dammr/ros2_humble/install/examples_rclpy_minimal_publisher:/home/dammr/ros2_humble/install/examples_rclpy_minimal_client:/home/dammr/ros2_humble/install/examples_rclpy_minimal_action_server:/home/dammr/ros2_humble/install/examples_rclpy_minimal_action_client:/home/dammr/ros2_humble/install/examples_rclpy_guard_conditions:/home/dammr/ros2_humble/install/examples_rclpy_executors:/home/dammr/ros2_humble/install/demo_nodes_py:/home/dammr/ros2_humble/install/camera_info_manager_py:/home/dammr/ros2_humble/install/action_tutorials_py:/home/dammr/ros2_humble/install/ament_uncrustify:/home/dammr/ros2_humble/install/tracetools_trace:/home/dammr/ros2_humble/install/tracetools_read:/home/dammr/ros2_humble/install/test_tracetools_launch:/home/dammr/ros2_humble/install/test_launch_ros:/home/dammr/ros2_humble/install/sensor_msgs_py:/home/dammr/ros2_humble/install/rpyutils:/home/dammr/ros2_humble/install/rosidl_runtime_py:/home/dammr/ros2_humble/install/rosidl_cli:/home/dammr/ros2_humble/install/launch_pytest:/home/dammr/ros2_humble/install/launch_testing:/home/dammr/ros2_humble/install/launch_yaml:/home/dammr/ros2_humble/install/launch_xml:/home/dammr/ros2_humble/install/launch:/home/dammr/ros2_humble/install/osrf_pycommon:/home/dammr/ros2_humble/install/domain_coordinator:/home/dammr/ros2_humble/install/ament_xmllint:/home/dammr/ros2_humble/install/ament_pyflakes:/home/dammr/ros2_humble/install/ament_pycodestyle:/home/dammr/ros2_humble/install/ament_pep257:/home/dammr/ros2_humble/install/ament_pclint:/home/dammr/ros2_humble/install/ament_package:/home/dammr/ros2_humble/install/ament_mypy:/home/dammr/ros2_humble/install/ament_lint_cmake:/home/dammr/ros2_humble/install/ament_flake8:/home/dammr/ros2_humble/install/ament_copyright:/home/dammr/ros2_humble/install/ament_lint:/home/dammr/ros2_humble/install/ament_index_python:/home/dammr/ros2_humble/install/ament_cpplint:/home/dammr/ros2_humble/install/ament_cppcheck:/home/dammr/ros2_humble/install/ament_clang_tidy:/home/dammr/ros2_humble/install/ament_clang_format /usr/bin/cmake /home/dammr/Desktop/UC_SmartFarmRadar/magister_ws/src/radar_msg -DCMAKE_INSTALL_PREFIX=/home/dammr/Desktop/UC_SmartFarmRadar/magister_ws/install/radar_msg
[10.185s] Invoking command in '/home/dammr/Desktop/UC_SmartFarmRadar/magister_ws/build/radar_msg': CMAKE_PREFIX_PATH=${CMAKE_PREFIX_PATH}:/home/dammr/Desktop/UC_SmartFarmRadar/magister_ws/install/radar_package:/home/dammr/Desktop/UC_SmartFarmRadar/magister_ws/install/ptu_controller:/home/dammr/ros2_humble/install/rqt_bag_plugins:/home/dammr/ros2_humble/install/rqt_bag:/home/dammr/ros2_humble/install/launch_testing_examples:/home/dammr/ros2_humble/install/ros2bag:/home/dammr/ros2_humble/install/tracetools_test:/home/dammr/ros2_humble/install/tracetools_launch:/home/dammr/ros2_humble/install/topic_monitor:/home/dammr/ros2_humble/install/tf2_tools:/home/dammr/ros2_humble/install/examples_tf2_py:/home/dammr/ros2_humble/install/tf2_ros_py:/home/dammr/ros2_humble/install/sros2:/home/dammr/ros2_humble/install/rqt_topic:/home/dammr/ros2_humble/install/rqt_srv:/home/dammr/ros2_humble/install/rqt_shell:/home/dammr/ros2_humble/install/rqt_service_caller:/home/dammr/ros2_humble/install/rqt_reconfigure:/home/dammr/ros2_humble/install/rqt_py_console:/home/dammr/ros2_humble/install/rqt_publisher:/home/dammr/ros2_humble/install/rqt_plot:/home/dammr/ros2_humble/install/rqt_action:/home/dammr/ros2_humble/install/rqt_msg:/home/dammr/ros2_humble/install/rqt_console:/home/dammr/ros2_humble/install/rqt:/home/dammr/ros2_humble/install/rqt_graph:/home/dammr/ros2_humble/install/rqt_gui_py:/home/dammr/ros2_humble/install/rqt_gui:/home/dammr/ros2_humble/install/ros2trace:/home/dammr/ros2_humble/install/ros2topic:/home/dammr/ros2_humble/install/ros2test:/home/dammr/ros2_humble/install/ros2component:/home/dammr/ros2_humble/install/ros2param:/home/dammr/ros2_humble/install/ros2lifecycle:/home/dammr/ros2_humble/install/ros2service:/home/dammr/ros2_humble/install/ros2run:/home/dammr/ros2_humble/install/ros2launch:/home/dammr/ros2_humble/install/ros2pkg:/home/dammr/ros2_humble/install/ros2node:/home/dammr/ros2_humble/install/ros2multicast:/home/dammr/ros2_humble/install/ros2interface:/home/dammr/ros2_humble/install/ros2doctor:/home/dammr/ros2_humble/install/ros2action:/home/dammr/ros2_humble/install/ros2cli:/home/dammr/ros2_humble/install/quality_of_service_demo_py:/home/dammr/ros2_humble/install/lifecycle_py:/home/dammr/ros2_humble/install/launch_testing_ros:/home/dammr/ros2_humble/install/launch_ros:/home/dammr/ros2_humble/install/examples_rclpy_pointcloud_publisher:/home/dammr/ros2_humble/install/examples_rclpy_minimal_subscriber:/home/dammr/ros2_humble/install/examples_rclpy_minimal_service:/home/dammr/ros2_humble/install/examples_rclpy_minimal_publisher:/home/dammr/ros2_humble/install/examples_rclpy_minimal_client:/home/dammr/ros2_humble/install/examples_rclpy_minimal_action_server:/home/dammr/ros2_humble/install/examples_rclpy_minimal_action_client:/home/dammr/ros2_humble/install/examples_rclpy_guard_conditions:/home/dammr/ros2_humble/install/examples_rclpy_executors:/home/dammr/ros2_humble/install/demo_nodes_py:/home/dammr/ros2_humble/install/camera_info_manager_py:/home/dammr/ros2_humble/install/action_tutorials_py:/home/dammr/ros2_humble/install/ament_uncrustify:/home/dammr/ros2_humble/install/tracetools_trace:/home/dammr/ros2_humble/install/tracetools_read:/home/dammr/ros2_humble/install/test_tracetools_launch:/home/dammr/ros2_humble/install/test_launch_ros:/home/dammr/ros2_humble/install/sensor_msgs_py:/home/dammr/ros2_humble/install/rpyutils:/home/dammr/ros2_humble/install/rosidl_runtime_py:/home/dammr/ros2_humble/install/rosidl_cli:/home/dammr/ros2_humble/install/launch_pytest:/home/dammr/ros2_humble/install/launch_testing:/home/dammr/ros2_humble/install/launch_yaml:/home/dammr/ros2_humble/install/launch_xml:/home/dammr/ros2_humble/install/launch:/home/dammr/ros2_humble/install/osrf_pycommon:/home/dammr/ros2_humble/install/domain_coordinator:/home/dammr/ros2_humble/install/ament_xmllint:/home/dammr/ros2_humble/install/ament_pyflakes:/home/dammr/ros2_humble/install/ament_pycodestyle:/home/dammr/ros2_humble/install/ament_pep257:/home/dammr/ros2_humble/install/ament_pclint:/home/dammr/ros2_humble/install/ament_package:/home/dammr/ros2_humble/install/ament_mypy:/home/dammr/ros2_humble/install/ament_lint_cmake:/home/dammr/ros2_humble/install/ament_flake8:/home/dammr/ros2_humble/install/ament_copyright:/home/dammr/ros2_humble/install/ament_lint:/home/dammr/ros2_humble/install/ament_index_python:/home/dammr/ros2_humble/install/ament_cpplint:/home/dammr/ros2_humble/install/ament_cppcheck:/home/dammr/ros2_humble/install/ament_clang_tidy:/home/dammr/ros2_humble/install/ament_clang_format /usr/bin/cmake --build /home/dammr/Desktop/UC_SmartFarmRadar/magister_ws/build/radar_msg -- -j12 -l12
[10.276s] [  3%] [34m[1mGenerating C code for ROS interfaces[0m
[10.300s] [  6%] [34m[1mGenerating C++ code for ROS interfaces[0m
[10.318s] [  6%] Built target ament_cmake_python_copy_radar_msg
[10.635s] [  9%] [32mBuilding C object CMakeFiles/radar_msg__rosidl_generator_c.dir/rosidl_generator_c/radar_msg/msg/detail/radar_data__functions.c.o[0m
[10.635s] [  9%] Built target radar_msg__cpp
[10.659s] [ 19%] [34m[1mGenerating C++ introspection for ROS interfaces[0m
[10.659s] [ 19%] [34m[1mGenerating C++ type support for eProsima Fast-RTPS[0m
[10.659s] [ 19%] [34m[1mGenerating C++ type support dispatch for ROS interfaces[0m
[10.696s] [ 22%] [32m[1mLinking C shared library libradar_msg__rosidl_generator_c.so[0m
[10.697s] running egg_info
[10.698s] creating radar_msg.egg-info
[10.698s] writing radar_msg.egg-info/PKG-INFO
[10.698s] writing dependency_links to radar_msg.egg-info/dependency_links.txt
[10.698s] writing top-level names to radar_msg.egg-info/top_level.txt
[10.698s] writing manifest file 'radar_msg.egg-info/SOURCES.txt'
[10.700s] reading manifest file 'radar_msg.egg-info/SOURCES.txt'
[10.700s] writing manifest file 'radar_msg.egg-info/SOURCES.txt'
[10.736s] [ 22%] Built target ament_cmake_python_build_radar_msg_egg
[10.760s] [ 22%] Built target radar_msg__rosidl_generator_c
[10.785s] [ 32%] [34m[1mGenerating C introspection for ROS interfaces[0m
[10.785s] [ 32%] [34m[1mGenerating C type support dispatch for ROS interfaces[0m
[10.785s] [ 32%] [34m[1mGenerating C type support for eProsima Fast-RTPS[0m
[10.988s] [ 35%] [32mBuilding CXX object CMakeFiles/radar_msg__rosidl_typesupport_cpp.dir/rosidl_typesupport_cpp/radar_msg/msg/radar_data__type_support.cpp.o[0m
[11.013s] [ 38%] [32mBuilding CXX object CMakeFiles/radar_msg__rosidl_typesupport_introspection_cpp.dir/rosidl_typesupport_introspection_cpp/radar_msg/msg/detail/radar_data__type_support.cpp.o[0m
[11.017s] [ 41%] [32mBuilding CXX object CMakeFiles/radar_msg__rosidl_typesupport_fastrtps_cpp.dir/rosidl_typesupport_fastrtps_cpp/radar_msg/msg/detail/dds_fastrtps/radar_data__type_support.cpp.o[0m
[11.118s] [ 45%] [32mBuilding CXX object CMakeFiles/radar_msg__rosidl_typesupport_c.dir/rosidl_typesupport_c/radar_msg/msg/radar_data__type_support.cpp.o[0m
[11.146s] [ 51%] [32mBuilding CXX object CMakeFiles/radar_msg__rosidl_typesupport_fastrtps_c.dir/rosidl_typesupport_fastrtps_c/radar_msg/msg/detail/radar_data__type_support_c.cpp.o[0m
[11.146s] [ 51%] [32mBuilding C object CMakeFiles/radar_msg__rosidl_typesupport_introspection_c.dir/rosidl_typesupport_introspection_c/radar_msg/msg/detail/radar_data__type_support.c.o[0m
[11.167s] [ 54%] [32m[1mLinking CXX shared library libradar_msg__rosidl_typesupport_c.so[0m
[11.197s] [ 61%] [32m[1mLinking C shared library libradar_msg__rosidl_typesupport_introspection_c.so[0m
[11.197s] [ 61%] [32m[1mLinking CXX shared library libradar_msg__rosidl_typesupport_cpp.so[0m
[11.232s] [ 61%] Built target radar_msg__rosidl_typesupport_c
[11.257s] [ 61%] Built target radar_msg__rosidl_typesupport_introspection_c
[11.264s] [ 61%] Built target radar_msg__rosidl_typesupport_cpp
[11.319s] [ 64%] [32m[1mLinking CXX shared library libradar_msg__rosidl_typesupport_introspection_cpp.so[0m
[11.347s] [ 67%] [32m[1mLinking CXX shared library libradar_msg__rosidl_typesupport_fastrtps_cpp.so[0m
[11.410s] [ 70%] [32m[1mLinking CXX shared library libradar_msg__rosidl_typesupport_fastrtps_c.so[0m
[11.410s] [ 70%] Built target radar_msg__rosidl_typesupport_introspection_cpp
[11.440s] [ 70%] Built target radar_msg__rosidl_typesupport_fastrtps_cpp
[11.499s] [ 70%] Built target radar_msg__rosidl_typesupport_fastrtps_c
[11.550s] [ 70%] Built target radar_msg
[11.603s] [ 74%] [34m[1mGenerating Python code for ROS interfaces[0m
[11.993s] [ 74%] Built target radar_msg__py
[12.047s] [ 77%] [32mBuilding C object CMakeFiles/radar_msg__rosidl_generator_py.dir/rosidl_generator_py/radar_msg/msg/_radar_data_s.c.o[0m
[12.149s] [ 80%] [32m[1mLinking C shared library rosidl_generator_py/radar_msg/libradar_msg__rosidl_generator_py.so[0m
[12.219s] [ 80%] Built target radar_msg__rosidl_generator_py
[12.270s] [ 90%] [32mBuilding C object CMakeFiles/radar_msg__rosidl_typesupport_introspection_c__pyext.dir/rosidl_generator_py/radar_msg/_radar_msg_s.ep.rosidl_typesupport_introspection_c.c.o[0m
[12.270s] [ 90%] [32mBuilding C object CMakeFiles/radar_msg__rosidl_typesupport_fastrtps_c__pyext.dir/rosidl_generator_py/radar_msg/_radar_msg_s.ep.rosidl_typesupport_fastrtps_c.c.o[0m
[12.270s] [ 90%] [32mBuilding C object CMakeFiles/radar_msg__rosidl_typesupport_c__pyext.dir/rosidl_generator_py/radar_msg/_radar_msg_s.ep.rosidl_typesupport_c.c.o[0m
[12.368s] [100%] [32m[1mLinking C shared library rosidl_generator_py/radar_msg/radar_msg_s__rosidl_typesupport_introspection_c.cpython-310-x86_64-linux-gnu.so[0m
[12.369s] [100%] [32m[1mLinking C shared library rosidl_generator_py/radar_msg/radar_msg_s__rosidl_typesupport_fastrtps_c.cpython-310-x86_64-linux-gnu.so[0m
[12.369s] [100%] [32m[1mLinking C shared library rosidl_generator_py/radar_msg/radar_msg_s__rosidl_typesupport_c.cpython-310-x86_64-linux-gnu.so[0m
[12.434s] [100%] Built target radar_msg__rosidl_typesupport_introspection_c__pyext
[12.434s] [100%] Built target radar_msg__rosidl_typesupport_fastrtps_c__pyext
[12.434s] [100%] Built target radar_msg__rosidl_typesupport_c__pyext
[12.454s] Invoked command in '/home/dammr/Desktop/UC_SmartFarmRadar/magister_ws/build/radar_msg' returned '0': CMAKE_PREFIX_PATH=${CMAKE_PREFIX_PATH}:/home/dammr/Desktop/UC_SmartFarmRadar/magister_ws/install/radar_package:/home/dammr/Desktop/UC_SmartFarmRadar/magister_ws/install/ptu_controller:/home/dammr/ros2_humble/install/rqt_bag_plugins:/home/dammr/ros2_humble/install/rqt_bag:/home/dammr/ros2_humble/install/launch_testing_examples:/home/dammr/ros2_humble/install/ros2bag:/home/dammr/ros2_humble/install/tracetools_test:/home/dammr/ros2_humble/install/tracetools_launch:/home/dammr/ros2_humble/install/topic_monitor:/home/dammr/ros2_humble/install/tf2_tools:/home/dammr/ros2_humble/install/examples_tf2_py:/home/dammr/ros2_humble/install/tf2_ros_py:/home/dammr/ros2_humble/install/sros2:/home/dammr/ros2_humble/install/rqt_topic:/home/dammr/ros2_humble/install/rqt_srv:/home/dammr/ros2_humble/install/rqt_shell:/home/dammr/ros2_humble/install/rqt_service_caller:/home/dammr/ros2_humble/install/rqt_reconfigure:/home/dammr/ros2_humble/install/rqt_py_console:/home/dammr/ros2_humble/install/rqt_publisher:/home/dammr/ros2_humble/install/rqt_plot:/home/dammr/ros2_humble/install/rqt_action:/home/dammr/ros2_humble/install/rqt_msg:/home/dammr/ros2_humble/install/rqt_console:/home/dammr/ros2_humble/install/rqt:/home/dammr/ros2_humble/install/rqt_graph:/home/dammr/ros2_humble/install/rqt_gui_py:/home/dammr/ros2_humble/install/rqt_gui:/home/dammr/ros2_humble/install/ros2trace:/home/dammr/ros2_humble/install/ros2topic:/home/dammr/ros2_humble/install/ros2test:/home/dammr/ros2_humble/install/ros2component:/home/dammr/ros2_humble/install/ros2param:/home/dammr/ros2_humble/install/ros2lifecycle:/home/dammr/ros2_humble/install/ros2service:/home/dammr/ros2_humble/install/ros2run:/home/dammr/ros2_humble/install/ros2launch:/home/dammr/ros2_humble/install/ros2pkg:/home/dammr/ros2_humble/install/ros2node:/home/dammr/ros2_humble/install/ros2multicast:/home/dammr/ros2_humble/install/ros2interface:/home/dammr/ros2_humble/install/ros2doctor:/home/dammr/ros2_humble/install/ros2action:/home/dammr/ros2_humble/install/ros2cli:/home/dammr/ros2_humble/install/quality_of_service_demo_py:/home/dammr/ros2_humble/install/lifecycle_py:/home/dammr/ros2_humble/install/launch_testing_ros:/home/dammr/ros2_humble/install/launch_ros:/home/dammr/ros2_humble/install/examples_rclpy_pointcloud_publisher:/home/dammr/ros2_humble/install/examples_rclpy_minimal_subscriber:/home/dammr/ros2_humble/install/examples_rclpy_minimal_service:/home/dammr/ros2_humble/install/examples_rclpy_minimal_publisher:/home/dammr/ros2_humble/install/examples_rclpy_minimal_client:/home/dammr/ros2_humble/install/examples_rclpy_minimal_action_server:/home/dammr/ros2_humble/install/examples_rclpy_minimal_action_client:/home/dammr/ros2_humble/install/examples_rclpy_guard_conditions:/home/dammr/ros2_humble/install/examples_rclpy_executors:/home/dammr/ros2_humble/install/demo_nodes_py:/home/dammr/ros2_humble/install/camera_info_manager_py:/home/dammr/ros2_humble/install/action_tutorials_py:/home/dammr/ros2_humble/install/ament_uncrustify:/home/dammr/ros2_humble/install/tracetools_trace:/home/dammr/ros2_humble/install/tracetools_read:/home/dammr/ros2_humble/install/test_tracetools_launch:/home/dammr/ros2_humble/install/test_launch_ros:/home/dammr/ros2_humble/install/sensor_msgs_py:/home/dammr/ros2_humble/install/rpyutils:/home/dammr/ros2_humble/install/rosidl_runtime_py:/home/dammr/ros2_humble/install/rosidl_cli:/home/dammr/ros2_humble/install/launch_pytest:/home/dammr/ros2_humble/install/launch_testing:/home/dammr/ros2_humble/install/launch_yaml:/home/dammr/ros2_humble/install/launch_xml:/home/dammr/ros2_humble/install/launch:/home/dammr/ros2_humble/install/osrf_pycommon:/home/dammr/ros2_humble/install/domain_coordinator:/home/dammr/ros2_humble/install/ament_xmllint:/home/dammr/ros2_humble/install/ament_pyflakes:/home/dammr/ros2_humble/install/ament_pycodestyle:/home/dammr/ros2_humble/install/ament_pep257:/home/dammr/ros2_humble/install/ament_pclint:/home/dammr/ros2_humble/install/ament_package:/home/dammr/ros2_humble/install/ament_mypy:/home/dammr/ros2_humble/install/ament_lint_cmake:/home/dammr/ros2_humble/install/ament_flake8:/home/dammr/ros2_humble/install/ament_copyright:/home/dammr/ros2_humble/install/ament_lint:/home/dammr/ros2_humble/install/ament_index_python:/home/dammr/ros2_humble/install/ament_cpplint:/home/dammr/ros2_humble/install/ament_cppcheck:/home/dammr/ros2_humble/install/ament_clang_tidy:/home/dammr/ros2_humble/install/ament_clang_format /usr/bin/cmake --build /home/dammr/Desktop/UC_SmartFarmRadar/magister_ws/build/radar_msg -- -j12 -l12
[12.476s] Invoking command in '/home/dammr/Desktop/UC_SmartFarmRadar/magister_ws/build/radar_msg': CMAKE_PREFIX_PATH=${CMAKE_PREFIX_PATH}:/home/dammr/Desktop/UC_SmartFarmRadar/magister_ws/install/radar_package:/home/dammr/Desktop/UC_SmartFarmRadar/magister_ws/install/ptu_controller:/home/dammr/ros2_humble/install/rqt_bag_plugins:/home/dammr/ros2_humble/install/rqt_bag:/home/dammr/ros2_humble/install/launch_testing_examples:/home/dammr/ros2_humble/install/ros2bag:/home/dammr/ros2_humble/install/tracetools_test:/home/dammr/ros2_humble/install/tracetools_launch:/home/dammr/ros2_humble/install/topic_monitor:/home/dammr/ros2_humble/install/tf2_tools:/home/dammr/ros2_humble/install/examples_tf2_py:/home/dammr/ros2_humble/install/tf2_ros_py:/home/dammr/ros2_humble/install/sros2:/home/dammr/ros2_humble/install/rqt_topic:/home/dammr/ros2_humble/install/rqt_srv:/home/dammr/ros2_humble/install/rqt_shell:/home/dammr/ros2_humble/install/rqt_service_caller:/home/dammr/ros2_humble/install/rqt_reconfigure:/home/dammr/ros2_humble/install/rqt_py_console:/home/dammr/ros2_humble/install/rqt_publisher:/home/dammr/ros2_humble/install/rqt_plot:/home/dammr/ros2_humble/install/rqt_action:/home/dammr/ros2_humble/install/rqt_msg:/home/dammr/ros2_humble/install/rqt_console:/home/dammr/ros2_humble/install/rqt:/home/dammr/ros2_humble/install/rqt_graph:/home/dammr/ros2_humble/install/rqt_gui_py:/home/dammr/ros2_humble/install/rqt_gui:/home/dammr/ros2_humble/install/ros2trace:/home/dammr/ros2_humble/install/ros2topic:/home/dammr/ros2_humble/install/ros2test:/home/dammr/ros2_humble/install/ros2component:/home/dammr/ros2_humble/install/ros2param:/home/dammr/ros2_humble/install/ros2lifecycle:/home/dammr/ros2_humble/install/ros2service:/home/dammr/ros2_humble/install/ros2run:/home/dammr/ros2_humble/install/ros2launch:/home/dammr/ros2_humble/install/ros2pkg:/home/dammr/ros2_humble/install/ros2node:/home/dammr/ros2_humble/install/ros2multicast:/home/dammr/ros2_humble/install/ros2interface:/home/dammr/ros2_humble/install/ros2doctor:/home/dammr/ros2_humble/install/ros2action:/home/dammr/ros2_humble/install/ros2cli:/home/dammr/ros2_humble/install/quality_of_service_demo_py:/home/dammr/ros2_humble/install/lifecycle_py:/home/dammr/ros2_humble/install/launch_testing_ros:/home/dammr/ros2_humble/install/launch_ros:/home/dammr/ros2_humble/install/examples_rclpy_pointcloud_publisher:/home/dammr/ros2_humble/install/examples_rclpy_minimal_subscriber:/home/dammr/ros2_humble/install/examples_rclpy_minimal_service:/home/dammr/ros2_humble/install/examples_rclpy_minimal_publisher:/home/dammr/ros2_humble/install/examples_rclpy_minimal_client:/home/dammr/ros2_humble/install/examples_rclpy_minimal_action_server:/home/dammr/ros2_humble/install/examples_rclpy_minimal_action_client:/home/dammr/ros2_humble/install/examples_rclpy_guard_conditions:/home/dammr/ros2_humble/install/examples_rclpy_executors:/home/dammr/ros2_humble/install/demo_nodes_py:/home/dammr/ros2_humble/install/camera_info_manager_py:/home/dammr/ros2_humble/install/action_tutorials_py:/home/dammr/ros2_humble/install/ament_uncrustify:/home/dammr/ros2_humble/install/tracetools_trace:/home/dammr/ros2_humble/install/tracetools_read:/home/dammr/ros2_humble/install/test_tracetools_launch:/home/dammr/ros2_humble/install/test_launch_ros:/home/dammr/ros2_humble/install/sensor_msgs_py:/home/dammr/ros2_humble/install/rpyutils:/home/dammr/ros2_humble/install/rosidl_runtime_py:/home/dammr/ros2_humble/install/rosidl_cli:/home/dammr/ros2_humble/install/launch_pytest:/home/dammr/ros2_humble/install/launch_testing:/home/dammr/ros2_humble/install/launch_yaml:/home/dammr/ros2_humble/install/launch_xml:/home/dammr/ros2_humble/install/launch:/home/dammr/ros2_humble/install/osrf_pycommon:/home/dammr/ros2_humble/install/domain_coordinator:/home/dammr/ros2_humble/install/ament_xmllint:/home/dammr/ros2_humble/install/ament_pyflakes:/home/dammr/ros2_humble/install/ament_pycodestyle:/home/dammr/ros2_humble/install/ament_pep257:/home/dammr/ros2_humble/install/ament_pclint:/home/dammr/ros2_humble/install/ament_package:/home/dammr/ros2_humble/install/ament_mypy:/home/dammr/ros2_humble/install/ament_lint_cmake:/home/dammr/ros2_humble/install/ament_flake8:/home/dammr/ros2_humble/install/ament_copyright:/home/dammr/ros2_humble/install/ament_lint:/home/dammr/ros2_humble/install/ament_index_python:/home/dammr/ros2_humble/install/ament_cpplint:/home/dammr/ros2_humble/install/ament_cppcheck:/home/dammr/ros2_humble/install/ament_clang_tidy:/home/dammr/ros2_humble/install/ament_clang_format /usr/bin/cmake --install /home/dammr/Desktop/UC_SmartFarmRadar/magister_ws/build/radar_msg
[12.494s] -- Install configuration: ""
[12.494s] -- Installing: /home/dammr/Desktop/UC_SmartFarmRadar/magister_ws/install/radar_msg/share/ament_index/resource_index/rosidl_interfaces/radar_msg
[12.494s] -- Installing: /home/dammr/Desktop/UC_SmartFarmRadar/magister_ws/install/radar_msg/include/radar_msg/radar_msg
[12.494s] -- Installing: /home/dammr/Desktop/UC_SmartFarmRadar/magister_ws/install/radar_msg/include/radar_msg/radar_msg/msg
[12.494s] -- Installing: /home/dammr/Desktop/UC_SmartFarmRadar/magister_ws/install/radar_msg/include/radar_msg/radar_msg/msg/rosidl_generator_c__visibility_control.h
[12.494s] -- Installing: /home/dammr/Desktop/UC_SmartFarmRadar/magister_ws/install/radar_msg/include/radar_msg/radar_msg/msg/radar_data.h
[12.494s] -- Installing: /home/dammr/Desktop/UC_SmartFarmRadar/magister_ws/install/radar_msg/include/radar_msg/radar_msg/msg/detail
[12.495s] -- Installing: /home/dammr/Desktop/UC_SmartFarmRadar/magister_ws/install/radar_msg/include/radar_msg/radar_msg/msg/detail/radar_data__struct.h
[12.495s] -- Installing: /home/dammr/Desktop/UC_SmartFarmRadar/magister_ws/install/radar_msg/include/radar_msg/radar_msg/msg/detail/radar_data__type_support.h
[12.495s] -- Installing: /home/dammr/Desktop/UC_SmartFarmRadar/magister_ws/install/radar_msg/include/radar_msg/radar_msg/msg/detail/radar_data__functions.h
[12.495s] -- Installing: /home/dammr/Desktop/UC_SmartFarmRadar/magister_ws/install/radar_msg/include/radar_msg/radar_msg/msg/detail/radar_data__functions.c
[12.495s] -- Installing: /home/dammr/Desktop/UC_SmartFarmRadar/magister_ws/install/radar_msg/share/radar_msg/environment/library_path.sh
[12.495s] -- Installing: /home/dammr/Desktop/UC_SmartFarmRadar/magister_ws/install/radar_msg/share/radar_msg/environment/library_path.dsv
[12.495s] -- Installing: /home/dammr/Desktop/UC_SmartFarmRadar/magister_ws/install/radar_msg/lib/libradar_msg__rosidl_generator_c.so
[12.496s] -- Set runtime path of "/home/dammr/Desktop/UC_SmartFarmRadar/magister_ws/install/radar_msg/lib/libradar_msg__rosidl_generator_c.so" to ""
[12.496s] -- Up-to-date: /home/dammr/Desktop/UC_SmartFarmRadar/magister_ws/install/radar_msg/include/radar_msg/radar_msg
[12.496s] -- Up-to-date: /home/dammr/Desktop/UC_SmartFarmRadar/magister_ws/install/radar_msg/include/radar_msg/radar_msg/msg
[12.496s] -- Up-to-date: /home/dammr/Desktop/UC_SmartFarmRadar/magister_ws/install/radar_msg/include/radar_msg/radar_msg/msg/detail
[12.496s] -- Installing: /home/dammr/Desktop/UC_SmartFarmRadar/magister_ws/install/radar_msg/include/radar_msg/radar_msg/msg/detail/radar_data__rosidl_typesupport_fastrtps_c.h
[12.496s] -- Installing: /home/dammr/Desktop/UC_SmartFarmRadar/magister_ws/install/radar_msg/include/radar_msg/radar_msg/msg/rosidl_typesupport_fastrtps_c__visibility_control.h
[12.496s] -- Installing: /home/dammr/Desktop/UC_SmartFarmRadar/magister_ws/install/radar_msg/lib/libradar_msg__rosidl_typesupport_fastrtps_c.so
[12.496s] -- Set runtime path of "/home/dammr/Desktop/UC_SmartFarmRadar/magister_ws/install/radar_msg/lib/libradar_msg__rosidl_typesupport_fastrtps_c.so" to ""
[12.496s] -- Up-to-date: /home/dammr/Desktop/UC_SmartFarmRadar/magister_ws/install/radar_msg/include/radar_msg/radar_msg
[12.496s] -- Up-to-date: /home/dammr/Desktop/UC_SmartFarmRadar/magister_ws/install/radar_msg/include/radar_msg/radar_msg/msg
[12.496s] -- Up-to-date: /home/dammr/Desktop/UC_SmartFarmRadar/magister_ws/install/radar_msg/include/radar_msg/radar_msg/msg/detail
[12.497s] -- Installing: /home/dammr/Desktop/UC_SmartFarmRadar/magister_ws/install/radar_msg/include/radar_msg/radar_msg/msg/detail/radar_data__type_support.hpp
[12.497s] -- Installing: /home/dammr/Desktop/UC_SmartFarmRadar/magister_ws/install/radar_msg/include/radar_msg/radar_msg/msg/detail/radar_data__struct.hpp
[12.497s] -- Installing: /home/dammr/Desktop/UC_SmartFarmRadar/magister_ws/install/radar_msg/include/radar_msg/radar_msg/msg/detail/radar_data__traits.hpp
[12.497s] -- Installing: /home/dammr/Desktop/UC_SmartFarmRadar/magister_ws/install/radar_msg/include/radar_msg/radar_msg/msg/detail/radar_data__builder.hpp
[12.497s] -- Installing: /home/dammr/Desktop/UC_SmartFarmRadar/magister_ws/install/radar_msg/include/radar_msg/radar_msg/msg/rosidl_generator_cpp__visibility_control.hpp
[12.497s] -- Installing: /home/dammr/Desktop/UC_SmartFarmRadar/magister_ws/install/radar_msg/include/radar_msg/radar_msg/msg/radar_data.hpp
[12.497s] -- Up-to-date: /home/dammr/Desktop/UC_SmartFarmRadar/magister_ws/install/radar_msg/include/radar_msg/radar_msg
[12.497s] -- Up-to-date: /home/dammr/Desktop/UC_SmartFarmRadar/magister_ws/install/radar_msg/include/radar_msg/radar_msg/msg
[12.497s] -- Installing: /home/dammr/Desktop/UC_SmartFarmRadar/magister_ws/install/radar_msg/include/radar_msg/radar_msg/msg/rosidl_typesupport_fastrtps_cpp__visibility_control.h
[12.497s] -- Up-to-date: /home/dammr/Desktop/UC_SmartFarmRadar/magister_ws/install/radar_msg/include/radar_msg/radar_msg/msg/detail
[12.497s] -- Installing: /home/dammr/Desktop/UC_SmartFarmRadar/magister_ws/install/radar_msg/include/radar_msg/radar_msg/msg/detail/radar_data__rosidl_typesupport_fastrtps_cpp.hpp
[12.497s] -- Installing: /home/dammr/Desktop/UC_SmartFarmRadar/magister_ws/install/radar_msg/include/radar_msg/radar_msg/msg/detail/dds_fastrtps
[12.497s] -- Installing: /home/dammr/Desktop/UC_SmartFarmRadar/magister_ws/install/radar_msg/lib/libradar_msg__rosidl_typesupport_fastrtps_cpp.so
[12.498s] -- Set runtime path of "/home/dammr/Desktop/UC_SmartFarmRadar/magister_ws/install/radar_msg/lib/libradar_msg__rosidl_typesupport_fastrtps_cpp.so" to ""
[12.498s] -- Up-to-date: /home/dammr/Desktop/UC_SmartFarmRadar/magister_ws/install/radar_msg/include/radar_msg/radar_msg
[12.498s] -- Up-to-date: /home/dammr/Desktop/UC_SmartFarmRadar/magister_ws/install/radar_msg/include/radar_msg/radar_msg/msg
[12.498s] -- Installing: /home/dammr/Desktop/UC_SmartFarmRadar/magister_ws/install/radar_msg/include/radar_msg/radar_msg/msg/rosidl_typesupport_introspection_c__visibility_control.h
[12.498s] -- Up-to-date: /home/dammr/Desktop/UC_SmartFarmRadar/magister_ws/install/radar_msg/include/radar_msg/radar_msg/msg/detail
[12.498s] -- Installing: /home/dammr/Desktop/UC_SmartFarmRadar/magister_ws/install/radar_msg/include/radar_msg/radar_msg/msg/detail/radar_data__type_support.c
[12.498s] -- Installing: /home/dammr/Desktop/UC_SmartFarmRadar/magister_ws/install/radar_msg/include/radar_msg/radar_msg/msg/detail/radar_data__rosidl_typesupport_introspection_c.h
[12.498s] -- Installing: /home/dammr/Desktop/UC_SmartFarmRadar/magister_ws/install/radar_msg/lib/libradar_msg__rosidl_typesupport_introspection_c.so
[12.498s] -- Set runtime path of "/home/dammr/Desktop/UC_SmartFarmRadar/magister_ws/install/radar_msg/lib/libradar_msg__rosidl_typesupport_introspection_c.so" to ""
[12.499s] -- Installing: /home/dammr/Desktop/UC_SmartFarmRadar/magister_ws/install/radar_msg/lib/libradar_msg__rosidl_typesupport_c.so
[12.499s] -- Set runtime path of "/home/dammr/Desktop/UC_SmartFarmRadar/magister_ws/install/radar_msg/lib/libradar_msg__rosidl_typesupport_c.so" to ""
[12.499s] -- Up-to-date: /home/dammr/Desktop/UC_SmartFarmRadar/magister_ws/install/radar_msg/include/radar_msg/radar_msg
[12.499s] -- Up-to-date: /home/dammr/Desktop/UC_SmartFarmRadar/magister_ws/install/radar_msg/include/radar_msg/radar_msg/msg
[12.499s] -- Up-to-date: /home/dammr/Desktop/UC_SmartFarmRadar/magister_ws/install/radar_msg/include/radar_msg/radar_msg/msg/detail
[12.499s] -- Installing: /home/dammr/Desktop/UC_SmartFarmRadar/magister_ws/install/radar_msg/include/radar_msg/radar_msg/msg/detail/radar_data__type_support.cpp
[12.499s] -- Installing: /home/dammr/Desktop/UC_SmartFarmRadar/magister_ws/install/radar_msg/include/radar_msg/radar_msg/msg/detail/radar_data__rosidl_typesupport_introspection_cpp.hpp
[12.499s] -- Installing: /home/dammr/Desktop/UC_SmartFarmRadar/magister_ws/install/radar_msg/lib/libradar_msg__rosidl_typesupport_introspection_cpp.so
[12.500s] -- Set runtime path of "/home/dammr/Desktop/UC_SmartFarmRadar/magister_ws/install/radar_msg/lib/libradar_msg__rosidl_typesupport_introspection_cpp.so" to ""
[12.500s] -- Installing: /home/dammr/Desktop/UC_SmartFarmRadar/magister_ws/install/radar_msg/lib/libradar_msg__rosidl_typesupport_cpp.so
[12.500s] -- Set runtime path of "/home/dammr/Desktop/UC_SmartFarmRadar/magister_ws/install/radar_msg/lib/libradar_msg__rosidl_typesupport_cpp.so" to ""
[12.500s] -- Installing: /home/dammr/Desktop/UC_SmartFarmRadar/magister_ws/install/radar_msg/share/radar_msg/environment/pythonpath.sh
[12.500s] -- Installing: /home/dammr/Desktop/UC_SmartFarmRadar/magister_ws/install/radar_msg/share/radar_msg/environment/pythonpath.dsv
[12.500s] -- Installing: /home/dammr/Desktop/UC_SmartFarmRadar/magister_ws/install/radar_msg/local/lib/python3.10/dist-packages/radar_msg-0.0.0-py3.10.egg-info
[12.500s] -- Installing: /home/dammr/Desktop/UC_SmartFarmRadar/magister_ws/install/radar_msg/local/lib/python3.10/dist-packages/radar_msg-0.0.0-py3.10.egg-info/PKG-INFO
[12.500s] -- Installing: /home/dammr/Desktop/UC_SmartFarmRadar/magister_ws/install/radar_msg/local/lib/python3.10/dist-packages/radar_msg-0.0.0-py3.10.egg-info/dependency_links.txt
[12.501s] -- Installing: /home/dammr/Desktop/UC_SmartFarmRadar/magister_ws/install/radar_msg/local/lib/python3.10/dist-packages/radar_msg-0.0.0-py3.10.egg-info/SOURCES.txt
[12.501s] -- Installing: /home/dammr/Desktop/UC_SmartFarmRadar/magister_ws/install/radar_msg/local/lib/python3.10/dist-packages/radar_msg-0.0.0-py3.10.egg-info/top_level.txt
[12.501s] -- Installing: /home/dammr/Desktop/UC_SmartFarmRadar/magister_ws/install/radar_msg/local/lib/python3.10/dist-packages/radar_msg
[12.501s] -- Installing: /home/dammr/Desktop/UC_SmartFarmRadar/magister_ws/install/radar_msg/local/lib/python3.10/dist-packages/radar_msg/msg
[12.501s] -- Installing: /home/dammr/Desktop/UC_SmartFarmRadar/magister_ws/install/radar_msg/local/lib/python3.10/dist-packages/radar_msg/msg/_radar_data.py
[12.501s] -- Installing: /home/dammr/Desktop/UC_SmartFarmRadar/magister_ws/install/radar_msg/local/lib/python3.10/dist-packages/radar_msg/msg/__init__.py
[12.501s] -- Installing: /home/dammr/Desktop/UC_SmartFarmRadar/magister_ws/install/radar_msg/local/lib/python3.10/dist-packages/radar_msg/msg/_radar_data_s.c
[12.501s] -- Installing: /home/dammr/Desktop/UC_SmartFarmRadar/magister_ws/install/radar_msg/local/lib/python3.10/dist-packages/radar_msg/_radar_msg_s.ep.rosidl_typesupport_fastrtps_c.c
[12.501s] -- Installing: /home/dammr/Desktop/UC_SmartFarmRadar/magister_ws/install/radar_msg/local/lib/python3.10/dist-packages/radar_msg/_radar_msg_s.ep.rosidl_typesupport_c.c
[12.501s] -- Installing: /home/dammr/Desktop/UC_SmartFarmRadar/magister_ws/install/radar_msg/local/lib/python3.10/dist-packages/radar_msg/radar_msg_s__rosidl_typesupport_introspection_c.cpython-310-x86_64-linux-gnu.so
[12.502s] -- Installing: /home/dammr/Desktop/UC_SmartFarmRadar/magister_ws/install/radar_msg/local/lib/python3.10/dist-packages/radar_msg/radar_msg_s__rosidl_typesupport_fastrtps_c.cpython-310-x86_64-linux-gnu.so
[12.502s] -- Installing: /home/dammr/Desktop/UC_SmartFarmRadar/magister_ws/install/radar_msg/local/lib/python3.10/dist-packages/radar_msg/__init__.py
[12.502s] -- Installing: /home/dammr/Desktop/UC_SmartFarmRadar/magister_ws/install/radar_msg/local/lib/python3.10/dist-packages/radar_msg/radar_msg_s__rosidl_typesupport_c.cpython-310-x86_64-linux-gnu.so
[12.502s] -- Installing: /home/dammr/Desktop/UC_SmartFarmRadar/magister_ws/install/radar_msg/local/lib/python3.10/dist-packages/radar_msg/_radar_msg_s.ep.rosidl_typesupport_introspection_c.c
[12.502s] -- Installing: /home/dammr/Desktop/UC_SmartFarmRadar/magister_ws/install/radar_msg/local/lib/python3.10/dist-packages/radar_msg/libradar_msg__rosidl_generator_py.so
[12.612s] Listing '/home/dammr/Desktop/UC_SmartFarmRadar/magister_ws/install/radar_msg/local/lib/python3.10/dist-packages/radar_msg'...
[12.612s] Compiling '/home/dammr/Desktop/UC_SmartFarmRadar/magister_ws/install/radar_msg/local/lib/python3.10/dist-packages/radar_msg/__init__.py'...
[12.612s] Listing '/home/dammr/Desktop/UC_SmartFarmRadar/magister_ws/install/radar_msg/local/lib/python3.10/dist-packages/radar_msg/msg'...
[12.612s] Compiling '/home/dammr/Desktop/UC_SmartFarmRadar/magister_ws/install/radar_msg/local/lib/python3.10/dist-packages/radar_msg/msg/__init__.py'...
[12.612s] Compiling '/home/dammr/Desktop/UC_SmartFarmRadar/magister_ws/install/radar_msg/local/lib/python3.10/dist-packages/radar_msg/msg/_radar_data.py'...
[12.615s] -- Installing: /home/dammr/Desktop/UC_SmartFarmRadar/magister_ws/install/radar_msg/local/lib/python3.10/dist-packages/radar_msg/radar_msg_s__rosidl_typesupport_introspection_c.cpython-310-x86_64-linux-gnu.so
[12.616s] -- Set runtime path of "/home/dammr/Desktop/UC_SmartFarmRadar/magister_ws/install/radar_msg/local/lib/python3.10/dist-packages/radar_msg/radar_msg_s__rosidl_typesupport_introspection_c.cpython-310-x86_64-linux-gnu.so" to ""
[12.616s] -- Installing: /home/dammr/Desktop/UC_SmartFarmRadar/magister_ws/install/radar_msg/local/lib/python3.10/dist-packages/radar_msg/radar_msg_s__rosidl_typesupport_fastrtps_c.cpython-310-x86_64-linux-gnu.so
[12.616s] -- Set runtime path of "/home/dammr/Desktop/UC_SmartFarmRadar/magister_ws/install/radar_msg/local/lib/python3.10/dist-packages/radar_msg/radar_msg_s__rosidl_typesupport_fastrtps_c.cpython-310-x86_64-linux-gnu.so" to ""
[12.617s] -- Installing: /home/dammr/Desktop/UC_SmartFarmRadar/magister_ws/install/radar_msg/local/lib/python3.10/dist-packages/radar_msg/radar_msg_s__rosidl_typesupport_c.cpython-310-x86_64-linux-gnu.so
[12.617s] -- Set runtime path of "/home/dammr/Desktop/UC_SmartFarmRadar/magister_ws/install/radar_msg/local/lib/python3.10/dist-packages/radar_msg/radar_msg_s__rosidl_typesupport_c.cpython-310-x86_64-linux-gnu.so" to ""
[12.617s] -- Installing: /home/dammr/Desktop/UC_SmartFarmRadar/magister_ws/install/radar_msg/lib/libradar_msg__rosidl_generator_py.so
[12.617s] -- Set runtime path of "/home/dammr/Desktop/UC_SmartFarmRadar/magister_ws/install/radar_msg/lib/libradar_msg__rosidl_generator_py.so" to ""
[12.617s] -- Installing: /home/dammr/Desktop/UC_SmartFarmRadar/magister_ws/install/radar_msg/share/radar_msg/msg/RadarData.idl
[12.618s] -- Installing: /home/dammr/Desktop/UC_SmartFarmRadar/magister_ws/install/radar_msg/share/radar_msg/msg/RadarData.msg
[12.618s] -- Installing: /home/dammr/Desktop/UC_SmartFarmRadar/magister_ws/install/radar_msg/lib/radar_msg/publish_radar_data.py
[12.618s] -- Installing: /home/dammr/Desktop/UC_SmartFarmRadar/magister_ws/install/radar_msg/lib/radar_msg/subscribe_radar_data.py
[12.618s] -- Installing: /home/dammr/Desktop/UC_SmartFarmRadar/magister_ws/install/radar_msg/share/ament_index/resource_index/package_run_dependencies/radar_msg
[12.618s] -- Installing: /home/dammr/Desktop/UC_SmartFarmRadar/magister_ws/install/radar_msg/share/ament_index/resource_index/parent_prefix_path/radar_msg
[12.618s] -- Installing: /home/dammr/Desktop/UC_SmartFarmRadar/magister_ws/install/radar_msg/share/radar_msg/environment/ament_prefix_path.sh
[12.619s] -- Installing: /home/dammr/Desktop/UC_SmartFarmRadar/magister_ws/install/radar_msg/share/radar_msg/environment/ament_prefix_path.dsv
[12.619s] -- Installing: /home/dammr/Desktop/UC_SmartFarmRadar/magister_ws/install/radar_msg/share/radar_msg/environment/path.sh
[12.619s] -- Installing: /home/dammr/Desktop/UC_SmartFarmRadar/magister_ws/install/radar_msg/share/radar_msg/environment/path.dsv
[12.619s] -- Installing: /home/dammr/Desktop/UC_SmartFarmRadar/magister_ws/install/radar_msg/share/radar_msg/local_setup.bash
[12.619s] -- Installing: /home/dammr/Desktop/UC_SmartFarmRadar/magister_ws/install/radar_msg/share/radar_msg/local_setup.sh
[12.619s] -- Installing: /home/dammr/Desktop/UC_SmartFarmRadar/magister_ws/install/radar_msg/share/radar_msg/local_setup.zsh
[12.619s] -- Installing: /home/dammr/Desktop/UC_SmartFarmRadar/magister_ws/install/radar_msg/share/radar_msg/local_setup.dsv
[12.620s] -- Installing: /home/dammr/Desktop/UC_SmartFarmRadar/magister_ws/install/radar_msg/share/radar_msg/package.dsv
[12.620s] -- Installing: /home/dammr/Desktop/UC_SmartFarmRadar/magister_ws/install/radar_msg/share/ament_index/resource_index/packages/radar_msg
[12.620s] -- Installing: /home/dammr/Desktop/UC_SmartFarmRadar/magister_ws/install/radar_msg/share/radar_msg/cmake/export_radar_msg__rosidl_generator_cExport.cmake
[12.620s] -- Installing: /home/dammr/Desktop/UC_SmartFarmRadar/magister_ws/install/radar_msg/share/radar_msg/cmake/export_radar_msg__rosidl_generator_cExport-noconfig.cmake
[12.620s] -- Installing: /home/dammr/Desktop/UC_SmartFarmRadar/magister_ws/install/radar_msg/share/radar_msg/cmake/export_radar_msg__rosidl_typesupport_fastrtps_cExport.cmake
[12.621s] -- Installing: /home/dammr/Desktop/UC_SmartFarmRadar/magister_ws/install/radar_msg/share/radar_msg/cmake/export_radar_msg__rosidl_typesupport_fastrtps_cExport-noconfig.cmake
[12.621s] -- Installing: /home/dammr/Desktop/UC_SmartFarmRadar/magister_ws/install/radar_msg/share/radar_msg/cmake/export_radar_msg__rosidl_generator_cppExport.cmake
[12.621s] -- Installing: /home/dammr/Desktop/UC_SmartFarmRadar/magister_ws/install/radar_msg/share/radar_msg/cmake/export_radar_msg__rosidl_typesupport_fastrtps_cppExport.cmake
[12.621s] -- Installing: /home/dammr/Desktop/UC_SmartFarmRadar/magister_ws/install/radar_msg/share/radar_msg/cmake/export_radar_msg__rosidl_typesupport_fastrtps_cppExport-noconfig.cmake
[12.621s] -- Installing: /home/dammr/Desktop/UC_SmartFarmRadar/magister_ws/install/radar_msg/share/radar_msg/cmake/radar_msg__rosidl_typesupport_introspection_cExport.cmake
[12.621s] -- Installing: /home/dammr/Desktop/UC_SmartFarmRadar/magister_ws/install/radar_msg/share/radar_msg/cmake/radar_msg__rosidl_typesupport_introspection_cExport-noconfig.cmake
[12.622s] -- Installing: /home/dammr/Desktop/UC_SmartFarmRadar/magister_ws/install/radar_msg/share/radar_msg/cmake/radar_msg__rosidl_typesupport_cExport.cmake
[12.622s] -- Installing: /home/dammr/Desktop/UC_SmartFarmRadar/magister_ws/install/radar_msg/share/radar_msg/cmake/radar_msg__rosidl_typesupport_cExport-noconfig.cmake
[12.622s] -- Installing: /home/dammr/Desktop/UC_SmartFarmRadar/magister_ws/install/radar_msg/share/radar_msg/cmake/radar_msg__rosidl_typesupport_introspection_cppExport.cmake
[12.622s] -- Installing: /home/dammr/Desktop/UC_SmartFarmRadar/magister_ws/install/radar_msg/share/radar_msg/cmake/radar_msg__rosidl_typesupport_introspection_cppExport-noconfig.cmake
[12.622s] -- Installing: /home/dammr/Desktop/UC_SmartFarmRadar/magister_ws/install/radar_msg/share/radar_msg/cmake/radar_msg__rosidl_typesupport_cppExport.cmake
[12.622s] -- Installing: /home/dammr/Desktop/UC_SmartFarmRadar/magister_ws/install/radar_msg/share/radar_msg/cmake/radar_msg__rosidl_typesupport_cppExport-noconfig.cmake
[12.623s] -- Installing: /home/dammr/Desktop/UC_SmartFarmRadar/magister_ws/install/radar_msg/share/radar_msg/cmake/export_radar_msg__rosidl_generator_pyExport.cmake
[12.623s] -- Installing: /home/dammr/Desktop/UC_SmartFarmRadar/magister_ws/install/radar_msg/share/radar_msg/cmake/export_radar_msg__rosidl_generator_pyExport-noconfig.cmake
[12.623s] -- Installing: /home/dammr/Desktop/UC_SmartFarmRadar/magister_ws/install/radar_msg/share/radar_msg/cmake/rosidl_cmake-extras.cmake
[12.623s] -- Installing: /home/dammr/Desktop/UC_SmartFarmRadar/magister_ws/install/radar_msg/share/radar_msg/cmake/ament_cmake_export_dependencies-extras.cmake
[12.623s] -- Installing: /home/dammr/Desktop/UC_SmartFarmRadar/magister_ws/install/radar_msg/share/radar_msg/cmake/ament_cmake_export_include_directories-extras.cmake
[12.623s] -- Installing: /home/dammr/Desktop/UC_SmartFarmRadar/magister_ws/install/radar_msg/share/radar_msg/cmake/ament_cmake_export_libraries-extras.cmake
[12.624s] -- Installing: /home/dammr/Desktop/UC_SmartFarmRadar/magister_ws/install/radar_msg/share/radar_msg/cmake/ament_cmake_export_targets-extras.cmake
[12.624s] -- Installing: /home/dammr/Desktop/UC_SmartFarmRadar/magister_ws/install/radar_msg/share/radar_msg/cmake/rosidl_cmake_export_typesupport_targets-extras.cmake
[12.624s] -- Installing: /home/dammr/Desktop/UC_SmartFarmRadar/magister_ws/install/radar_msg/share/radar_msg/cmake/rosidl_cmake_export_typesupport_libraries-extras.cmake
[12.624s] -- Installing: /home/dammr/Desktop/UC_SmartFarmRadar/magister_ws/install/radar_msg/share/radar_msg/cmake/radar_msgConfig.cmake
[12.624s] -- Installing: /home/dammr/Desktop/UC_SmartFarmRadar/magister_ws/install/radar_msg/share/radar_msg/cmake/radar_msgConfig-version.cmake
[12.624s] -- Installing: /home/dammr/Desktop/UC_SmartFarmRadar/magister_ws/install/radar_msg/share/radar_msg/package.xml
[12.627s] Invoked command in '/home/dammr/Desktop/UC_SmartFarmRadar/magister_ws/build/radar_msg' returned '0': CMAKE_PREFIX_PATH=${CMAKE_PREFIX_PATH}:/home/dammr/Desktop/UC_SmartFarmRadar/magister_ws/install/radar_package:/home/dammr/Desktop/UC_SmartFarmRadar/magister_ws/install/ptu_controller:/home/dammr/ros2_humble/install/rqt_bag_plugins:/home/dammr/ros2_humble/install/rqt_bag:/home/dammr/ros2_humble/install/launch_testing_examples:/home/dammr/ros2_humble/install/ros2bag:/home/dammr/ros2_humble/install/tracetools_test:/home/dammr/ros2_humble/install/tracetools_launch:/home/dammr/ros2_humble/install/topic_monitor:/home/dammr/ros2_humble/install/tf2_tools:/home/dammr/ros2_humble/install/examples_tf2_py:/home/dammr/ros2_humble/install/tf2_ros_py:/home/dammr/ros2_humble/install/sros2:/home/dammr/ros2_humble/install/rqt_topic:/home/dammr/ros2_humble/install/rqt_srv:/home/dammr/ros2_humble/install/rqt_shell:/home/dammr/ros2_humble/install/rqt_service_caller:/home/dammr/ros2_humble/install/rqt_reconfigure:/home/dammr/ros2_humble/install/rqt_py_console:/home/dammr/ros2_humble/install/rqt_publisher:/home/dammr/ros2_humble/install/rqt_plot:/home/dammr/ros2_humble/install/rqt_action:/home/dammr/ros2_humble/install/rqt_msg:/home/dammr/ros2_humble/install/rqt_console:/home/dammr/ros2_humble/install/rqt:/home/dammr/ros2_humble/install/rqt_graph:/home/dammr/ros2_humble/install/rqt_gui_py:/home/dammr/ros2_humble/install/rqt_gui:/home/dammr/ros2_humble/install/ros2trace:/home/dammr/ros2_humble/install/ros2topic:/home/dammr/ros2_humble/install/ros2test:/home/dammr/ros2_humble/install/ros2component:/home/dammr/ros2_humble/install/ros2param:/home/dammr/ros2_humble/install/ros2lifecycle:/home/dammr/ros2_humble/install/ros2service:/home/dammr/ros2_humble/install/ros2run:/home/dammr/ros2_humble/install/ros2launch:/home/dammr/ros2_humble/install/ros2pkg:/home/dammr/ros2_humble/install/ros2node:/home/dammr/ros2_humble/install/ros2multicast:/home/dammr/ros2_humble/install/ros2interface:/home/dammr/ros2_humble/install/ros2doctor:/home/dammr/ros2_humble/install/ros2action:/home/dammr/ros2_humble/install/ros2cli:/home/dammr/ros2_humble/install/quality_of_service_demo_py:/home/dammr/ros2_humble/install/lifecycle_py:/home/dammr/ros2_humble/install/launch_testing_ros:/home/dammr/ros2_humble/install/launch_ros:/home/dammr/ros2_humble/install/examples_rclpy_pointcloud_publisher:/home/dammr/ros2_humble/install/examples_rclpy_minimal_subscriber:/home/dammr/ros2_humble/install/examples_rclpy_minimal_service:/home/dammr/ros2_humble/install/examples_rclpy_minimal_publisher:/home/dammr/ros2_humble/install/examples_rclpy_minimal_client:/home/dammr/ros2_humble/install/examples_rclpy_minimal_action_server:/home/dammr/ros2_humble/install/examples_rclpy_minimal_action_client:/home/dammr/ros2_humble/install/examples_rclpy_guard_conditions:/home/dammr/ros2_humble/install/examples_rclpy_executors:/home/dammr/ros2_humble/install/demo_nodes_py:/home/dammr/ros2_humble/install/camera_info_manager_py:/home/dammr/ros2_humble/install/action_tutorials_py:/home/dammr/ros2_humble/install/ament_uncrustify:/home/dammr/ros2_humble/install/tracetools_trace:/home/dammr/ros2_humble/install/tracetools_read:/home/dammr/ros2_humble/install/test_tracetools_launch:/home/dammr/ros2_humble/install/test_launch_ros:/home/dammr/ros2_humble/install/sensor_msgs_py:/home/dammr/ros2_humble/install/rpyutils:/home/dammr/ros2_humble/install/rosidl_runtime_py:/home/dammr/ros2_humble/install/rosidl_cli:/home/dammr/ros2_humble/install/launch_pytest:/home/dammr/ros2_humble/install/launch_testing:/home/dammr/ros2_humble/install/launch_yaml:/home/dammr/ros2_humble/install/launch_xml:/home/dammr/ros2_humble/install/launch:/home/dammr/ros2_humble/install/osrf_pycommon:/home/dammr/ros2_humble/install/domain_coordinator:/home/dammr/ros2_humble/install/ament_xmllint:/home/dammr/ros2_humble/install/ament_pyflakes:/home/dammr/ros2_humble/install/ament_pycodestyle:/home/dammr/ros2_humble/install/ament_pep257:/home/dammr/ros2_humble/install/ament_pclint:/home/dammr/ros2_humble/install/ament_package:/home/dammr/ros2_humble/install/ament_mypy:/home/dammr/ros2_humble/install/ament_lint_cmake:/home/dammr/ros2_humble/install/ament_flake8:/home/dammr/ros2_humble/install/ament_copyright:/home/dammr/ros2_humble/install/ament_lint:/home/dammr/ros2_humble/install/ament_index_python:/home/dammr/ros2_humble/install/ament_cpplint:/home/dammr/ros2_humble/install/ament_cppcheck:/home/dammr/ros2_humble/install/ament_clang_tidy:/home/dammr/ros2_humble/install/ament_clang_format /usr/bin/cmake --install /home/dammr/Desktop/UC_SmartFarmRadar/magister_ws/build/radar_msg
