[1.162s] Invoking command in '/home/diego/Desktop/UC_SmartFarmRadar/magister_ws/src/ptu_controller': PYTHONPATH=/home/diego/Desktop/UC_SmartFarmRadar/magister_ws/build/ptu_controller/prefix_override:/usr/lib/python3/dist-packages/colcon_core/task/python/colcon_distutils_commands:/home/diego/Desktop/UC_SmartFarmRadar/magister_ws/install/ptu_controller/lib/python3.10/site-packages:${PYTHONPATH} /usr/bin/python3 -W ignore:setup.py install is deprecated -W ignore:easy_install command is deprecated setup.py egg_info --egg-base ../../build/ptu_controller build --build-base /home/diego/Desktop/UC_SmartFarmRadar/magister_ws/build/ptu_controller/build install --record /home/diego/Desktop/UC_SmartFarmRadar/magister_ws/build/ptu_controller/install.log --single-version-externally-managed install_data
[1.576s] running egg_info
[1.597s] creating ../../build/ptu_controller/ptu_controller.egg-info
[1.598s] writing ../../build/ptu_controller/ptu_controller.egg-info/PKG-INFO
[1.598s] writing dependency_links to ../../build/ptu_controller/ptu_controller.egg-info/dependency_links.txt
[1.598s] writing entry points to ../../build/ptu_controller/ptu_controller.egg-info/entry_points.txt
[1.599s] writing requirements to ../../build/ptu_controller/ptu_controller.egg-info/requires.txt
[1.599s] writing top-level names to ../../build/ptu_controller/ptu_controller.egg-info/top_level.txt
[1.599s] writing manifest file '../../build/ptu_controller/ptu_controller.egg-info/SOURCES.txt'
[1.646s] reading manifest file '../../build/ptu_controller/ptu_controller.egg-info/SOURCES.txt'
[1.646s] writing manifest file '../../build/ptu_controller/ptu_controller.egg-info/SOURCES.txt'
[1.647s] running build
[1.647s] running build_py
[1.647s] creating /home/diego/Desktop/UC_SmartFarmRadar/magister_ws/build/ptu_controller/build/lib/ptu_controller
[1.647s] copying ptu_controller/controlador.py -> /home/diego/Desktop/UC_SmartFarmRadar/magister_ws/build/ptu_controller/build/lib/ptu_controller
[1.647s] copying ptu_controller/__init__.py -> /home/diego/Desktop/UC_SmartFarmRadar/magister_ws/build/ptu_controller/build/lib/ptu_controller
[1.647s] running install
[1.650s] running install_lib
[1.672s] creating /home/diego/Desktop/UC_SmartFarmRadar/magister_ws/install/ptu_controller/lib/python3.10/site-packages/ptu_controller
[1.672s] copying /home/diego/Desktop/UC_SmartFarmRadar/magister_ws/build/ptu_controller/build/lib/ptu_controller/controlador.py -> /home/diego/Desktop/UC_SmartFarmRadar/magister_ws/install/ptu_controller/lib/python3.10/site-packages/ptu_controller
[1.672s] copying /home/diego/Desktop/UC_SmartFarmRadar/magister_ws/build/ptu_controller/build/lib/ptu_controller/__init__.py -> /home/diego/Desktop/UC_SmartFarmRadar/magister_ws/install/ptu_controller/lib/python3.10/site-packages/ptu_controller
[1.674s] byte-compiling /home/diego/Desktop/UC_SmartFarmRadar/magister_ws/install/ptu_controller/lib/python3.10/site-packages/ptu_controller/controlador.py to controlador.cpython-310.pyc
[1.674s] byte-compiling /home/diego/Desktop/UC_SmartFarmRadar/magister_ws/install/ptu_controller/lib/python3.10/site-packages/ptu_controller/__init__.py to __init__.cpython-310.pyc
[1.675s] running install_data
[1.675s] creating /home/diego/Desktop/UC_SmartFarmRadar/magister_ws/install/ptu_controller/share/ament_index/resource_index/packages
[1.675s] copying resource/ptu_controller -> /home/diego/Desktop/UC_SmartFarmRadar/magister_ws/install/ptu_controller/share/ament_index/resource_index/packages
[1.675s] copying package.xml -> /home/diego/Desktop/UC_SmartFarmRadar/magister_ws/install/ptu_controller/share/ptu_controller
[1.675s] running install_egg_info
[1.700s] Copying ../../build/ptu_controller/ptu_controller.egg-info to /home/diego/Desktop/UC_SmartFarmRadar/magister_ws/install/ptu_controller/lib/python3.10/site-packages/ptu_controller-0.0.0-py3.10.egg-info
[1.700s] running install_scripts
[1.853s] Installing ptu_controller script to /home/diego/Desktop/UC_SmartFarmRadar/magister_ws/install/ptu_controller/lib/ptu_controller
[1.854s] writing list of installed files to '/home/diego/Desktop/UC_SmartFarmRadar/magister_ws/build/ptu_controller/install.log'
[1.888s] Invoked command in '/home/diego/Desktop/UC_SmartFarmRadar/magister_ws/src/ptu_controller' returned '0': PYTHONPATH=/home/diego/Desktop/UC_SmartFarmRadar/magister_ws/build/ptu_controller/prefix_override:/usr/lib/python3/dist-packages/colcon_core/task/python/colcon_distutils_commands:/home/diego/Desktop/UC_SmartFarmRadar/magister_ws/install/ptu_controller/lib/python3.10/site-packages:${PYTHONPATH} /usr/bin/python3 -W ignore:setup.py install is deprecated -W ignore:easy_install command is deprecated setup.py egg_info --egg-base ../../build/ptu_controller build --build-base /home/diego/Desktop/UC_SmartFarmRadar/magister_ws/build/ptu_controller/build install --record /home/diego/Desktop/UC_SmartFarmRadar/magister_ws/build/ptu_controller/install.log --single-version-externally-managed install_data
