[0.250s] DEBUG:colcon:Command line arguments: ['/usr/bin/colcon', 'build', '--packages-select', 'radar_msg', 'radar_package', 'ptu_controller']
[0.251s] DEBUG:colcon:Parsed command line arguments: Namespace(log_base=None, log_level=None, verb_name='build', build_base='build', install_base='install', merge_install=False, symlink_install=False, test_result_base=None, continue_on_error=False, executor='parallel', parallel_workers=12, event_handlers=None, ignore_user_meta=False, metas=['./colcon.meta'], base_paths=['.'], packages_ignore=None, packages_ignore_regex=None, paths=None, packages_up_to=None, packages_up_to_regex=None, packages_above=None, packages_above_and_dependencies=None, packages_above_depth=None, packages_select_by_dep=None, packages_skip_by_dep=None, packages_skip_up_to=None, packages_select_build_failed=False, packages_skip_build_finished=False, packages_select_test_failures=False, packages_skip_test_passed=False, packages_select=['radar_msg', 'radar_package', 'ptu_controller'], packages_skip=None, packages_select_regex=None, packages_skip_regex=None, packages_start=None, packages_end=None, allow_overriding=[], cmake_args=None, cmake_target=None, cmake_target_skip_unavailable=False, cmake_clean_cache=False, cmake_clean_first=False, cmake_force_configure=False, ament_cmake_args=None, catkin_cmake_args=None, catkin_skip_building_tests=False, mixin_files=None, mixin=None, verb_parser=<colcon_mixin.mixin.mixin_argument.MixinArgumentDecorator object at 0x78f7a6f00f70>, verb_extension=<colcon_core.verb.build.BuildVerb object at 0x78f7a6e8a8c0>, main=<bound method BuildVerb.main of <colcon_core.verb.build.BuildVerb object at 0x78f7a6e8a8c0>>, mixin_verb=('build',))
[0.330s] Level 1:colcon.colcon_core.package_discovery:discover_packages(colcon_meta) check parameters
[0.330s] Level 1:colcon.colcon_core.package_discovery:discover_packages(recursive) check parameters
[0.330s] Level 1:colcon.colcon_core.package_discovery:discover_packages(ignore) check parameters
[0.330s] Level 1:colcon.colcon_core.package_discovery:discover_packages(path) check parameters
[0.330s] Level 1:colcon.colcon_core.package_discovery:discover_packages(colcon_meta) discover
[0.330s] Level 1:colcon.colcon_core.package_discovery:discover_packages(recursive) discover
[0.330s] INFO:colcon.colcon_core.package_discovery:Crawling recursively for packages in '/home/diego/Desktop/UC_SmartFarmRadar/magister_ws'
[0.330s] Level 1:colcon.colcon_core.package_identification:_identify(.) by extensions ['ignore', 'ignore_ament_install']
[0.330s] Level 1:colcon.colcon_core.package_identification:_identify(.) by extension 'ignore'
[0.330s] Level 1:colcon.colcon_core.package_identification:_identify(.) by extension 'ignore_ament_install'
[0.330s] Level 1:colcon.colcon_core.package_identification:_identify(.) by extensions ['colcon_pkg']
[0.331s] Level 1:colcon.colcon_core.package_identification:_identify(.) by extension 'colcon_pkg'
[0.331s] Level 1:colcon.colcon_core.package_identification:_identify(.) by extensions ['colcon_meta']
[0.331s] Level 1:colcon.colcon_core.package_identification:_identify(.) by extension 'colcon_meta'
[0.331s] Level 1:colcon.colcon_core.package_identification:_identify(.) by extensions ['ros']
[0.331s] Level 1:colcon.colcon_core.package_identification:_identify(.) by extension 'ros'
[0.351s] Level 1:colcon.colcon_core.package_identification:_identify(.) by extensions ['cmake', 'python']
[0.352s] Level 1:colcon.colcon_core.package_identification:_identify(.) by extension 'cmake'
[0.352s] Level 1:colcon.colcon_core.package_identification:_identify(.) by extension 'python'
[0.352s] Level 1:colcon.colcon_core.package_identification:_identify(.) by extensions ['python_setup_py']
[0.352s] Level 1:colcon.colcon_core.package_identification:_identify(.) by extension 'python_setup_py'
[0.352s] Level 1:colcon.colcon_core.package_identification:_identify(build) by extensions ['ignore', 'ignore_ament_install']
[0.352s] Level 1:colcon.colcon_core.package_identification:_identify(build) by extension 'ignore'
[0.352s] Level 1:colcon.colcon_core.package_identification:_identify(build) ignored
[0.352s] Level 1:colcon.colcon_core.package_identification:_identify(install) by extensions ['ignore', 'ignore_ament_install']
[0.352s] Level 1:colcon.colcon_core.package_identification:_identify(install) by extension 'ignore'
[0.352s] Level 1:colcon.colcon_core.package_identification:_identify(install) ignored
[0.352s] Level 1:colcon.colcon_core.package_identification:_identify(log) by extensions ['ignore', 'ignore_ament_install']
[0.352s] Level 1:colcon.colcon_core.package_identification:_identify(log) by extension 'ignore'
[0.352s] Level 1:colcon.colcon_core.package_identification:_identify(log) ignored
[0.352s] Level 1:colcon.colcon_core.package_identification:_identify(src) by extensions ['ignore', 'ignore_ament_install']
[0.353s] Level 1:colcon.colcon_core.package_identification:_identify(src) by extension 'ignore'
[0.353s] Level 1:colcon.colcon_core.package_identification:_identify(src) by extension 'ignore_ament_install'
[0.353s] Level 1:colcon.colcon_core.package_identification:_identify(src) by extensions ['colcon_pkg']
[0.353s] Level 1:colcon.colcon_core.package_identification:_identify(src) by extension 'colcon_pkg'
[0.353s] Level 1:colcon.colcon_core.package_identification:_identify(src) by extensions ['colcon_meta']
[0.353s] Level 1:colcon.colcon_core.package_identification:_identify(src) by extension 'colcon_meta'
[0.353s] Level 1:colcon.colcon_core.package_identification:_identify(src) by extensions ['ros']
[0.353s] Level 1:colcon.colcon_core.package_identification:_identify(src) by extension 'ros'
[0.353s] Level 1:colcon.colcon_core.package_identification:_identify(src) by extensions ['cmake', 'python']
[0.353s] Level 1:colcon.colcon_core.package_identification:_identify(src) by extension 'cmake'
[0.353s] Level 1:colcon.colcon_core.package_identification:_identify(src) by extension 'python'
[0.353s] Level 1:colcon.colcon_core.package_identification:_identify(src) by extensions ['python_setup_py']
[0.353s] Level 1:colcon.colcon_core.package_identification:_identify(src) by extension 'python_setup_py'
[0.353s] Level 1:colcon.colcon_core.package_identification:_identify(src/ptu_controller) by extensions ['ignore', 'ignore_ament_install']
[0.353s] Level 1:colcon.colcon_core.package_identification:_identify(src/ptu_controller) by extension 'ignore'
[0.354s] Level 1:colcon.colcon_core.package_identification:_identify(src/ptu_controller) by extension 'ignore_ament_install'
[0.354s] Level 1:colcon.colcon_core.package_identification:_identify(src/ptu_controller) by extensions ['colcon_pkg']
[0.354s] Level 1:colcon.colcon_core.package_identification:_identify(src/ptu_controller) by extension 'colcon_pkg'
[0.354s] Level 1:colcon.colcon_core.package_identification:_identify(src/ptu_controller) by extensions ['colcon_meta']
[0.354s] Level 1:colcon.colcon_core.package_identification:_identify(src/ptu_controller) by extension 'colcon_meta'
[0.354s] Level 1:colcon.colcon_core.package_identification:_identify(src/ptu_controller) by extensions ['ros']
[0.354s] Level 1:colcon.colcon_core.package_identification:_identify(src/ptu_controller) by extension 'ros'
[0.357s] DEBUG:colcon.colcon_core.package_identification:Package 'src/ptu_controller' with type 'ros.ament_python' and name 'ptu_controller'
[0.357s] Level 1:colcon.colcon_core.package_identification:_identify(src/radar_msg) by extensions ['ignore', 'ignore_ament_install']
[0.357s] Level 1:colcon.colcon_core.package_identification:_identify(src/radar_msg) by extension 'ignore'
[0.357s] Level 1:colcon.colcon_core.package_identification:_identify(src/radar_msg) by extension 'ignore_ament_install'
[0.357s] Level 1:colcon.colcon_core.package_identification:_identify(src/radar_msg) by extensions ['colcon_pkg']
[0.357s] Level 1:colcon.colcon_core.package_identification:_identify(src/radar_msg) by extension 'colcon_pkg'
[0.357s] Level 1:colcon.colcon_core.package_identification:_identify(src/radar_msg) by extensions ['colcon_meta']
[0.357s] Level 1:colcon.colcon_core.package_identification:_identify(src/radar_msg) by extension 'colcon_meta'
[0.357s] Level 1:colcon.colcon_core.package_identification:_identify(src/radar_msg) by extensions ['ros']
[0.358s] Level 1:colcon.colcon_core.package_identification:_identify(src/radar_msg) by extension 'ros'
[0.358s] DEBUG:colcon.colcon_core.package_identification:Package 'src/radar_msg' with type 'ros.ament_cmake' and name 'radar_msg'
[0.358s] Level 1:colcon.colcon_core.package_identification:_identify(src/radar_package) by extensions ['ignore', 'ignore_ament_install']
[0.358s] Level 1:colcon.colcon_core.package_identification:_identify(src/radar_package) by extension 'ignore'
[0.359s] Level 1:colcon.colcon_core.package_identification:_identify(src/radar_package) by extension 'ignore_ament_install'
[0.359s] Level 1:colcon.colcon_core.package_identification:_identify(src/radar_package) by extensions ['colcon_pkg']
[0.359s] Level 1:colcon.colcon_core.package_identification:_identify(src/radar_package) by extension 'colcon_pkg'
[0.359s] Level 1:colcon.colcon_core.package_identification:_identify(src/radar_package) by extensions ['colcon_meta']
[0.359s] Level 1:colcon.colcon_core.package_identification:_identify(src/radar_package) by extension 'colcon_meta'
[0.359s] Level 1:colcon.colcon_core.package_identification:_identify(src/radar_package) by extensions ['ros']
[0.359s] Level 1:colcon.colcon_core.package_identification:_identify(src/radar_package) by extension 'ros'
[0.360s] DEBUG:colcon.colcon_core.package_identification:Package 'src/radar_package' with type 'ros.ament_python' and name 'radar_package'
[0.360s] Level 1:colcon.colcon_core.package_discovery:discover_packages(recursive) using defaults
[0.360s] Level 1:colcon.colcon_core.package_discovery:discover_packages(ignore) discover
[0.360s] Level 1:colcon.colcon_core.package_discovery:discover_packages(ignore) using defaults
[0.360s] Level 1:colcon.colcon_core.package_discovery:discover_packages(path) discover
[0.360s] Level 1:colcon.colcon_core.package_discovery:discover_packages(path) using defaults
[0.419s] Level 1:colcon.colcon_core.package_discovery:discover_packages(prefix_path) check parameters
[0.419s] Level 1:colcon.colcon_core.package_discovery:discover_packages(prefix_path) discover
[0.443s] DEBUG:colcon.colcon_installed_package_information.package_discovery:Found 346 installed packages in /home/diego/ros2_humble/install
[0.445s] Level 1:colcon.colcon_core.package_discovery:discover_packages(prefix_path) using defaults
[0.473s] Level 5:colcon.colcon_core.verb:set package 'ptu_controller' build argument 'cmake_args' from command line to 'None'
[0.473s] Level 5:colcon.colcon_core.verb:set package 'ptu_controller' build argument 'cmake_target' from command line to 'None'
[0.473s] Level 5:colcon.colcon_core.verb:set package 'ptu_controller' build argument 'cmake_target_skip_unavailable' from command line to 'False'
[0.473s] Level 5:colcon.colcon_core.verb:set package 'ptu_controller' build argument 'cmake_clean_cache' from command line to 'False'
[0.473s] Level 5:colcon.colcon_core.verb:set package 'ptu_controller' build argument 'cmake_clean_first' from command line to 'False'
[0.474s] Level 5:colcon.colcon_core.verb:set package 'ptu_controller' build argument 'cmake_force_configure' from command line to 'False'
[0.474s] Level 5:colcon.colcon_core.verb:set package 'ptu_controller' build argument 'ament_cmake_args' from command line to 'None'
[0.474s] Level 5:colcon.colcon_core.verb:set package 'ptu_controller' build argument 'catkin_cmake_args' from command line to 'None'
[0.474s] Level 5:colcon.colcon_core.verb:set package 'ptu_controller' build argument 'catkin_skip_building_tests' from command line to 'False'
[0.474s] DEBUG:colcon.colcon_core.verb:Building package 'ptu_controller' with the following arguments: {'ament_cmake_args': None, 'build_base': '/home/diego/Desktop/UC_SmartFarmRadar/magister_ws/build/ptu_controller', 'catkin_cmake_args': None, 'catkin_skip_building_tests': False, 'cmake_args': None, 'cmake_clean_cache': False, 'cmake_clean_first': False, 'cmake_force_configure': False, 'cmake_target': None, 'cmake_target_skip_unavailable': False, 'install_base': '/home/diego/Desktop/UC_SmartFarmRadar/magister_ws/install/ptu_controller', 'merge_install': False, 'path': '/home/diego/Desktop/UC_SmartFarmRadar/magister_ws/src/ptu_controller', 'symlink_install': False, 'test_result_base': None}
[0.474s] Level 5:colcon.colcon_core.verb:set package 'radar_msg' build argument 'cmake_args' from command line to 'None'
[0.474s] Level 5:colcon.colcon_core.verb:set package 'radar_msg' build argument 'cmake_target' from command line to 'None'
[0.474s] Level 5:colcon.colcon_core.verb:set package 'radar_msg' build argument 'cmake_target_skip_unavailable' from command line to 'False'
[0.474s] Level 5:colcon.colcon_core.verb:set package 'radar_msg' build argument 'cmake_clean_cache' from command line to 'False'
[0.474s] Level 5:colcon.colcon_core.verb:set package 'radar_msg' build argument 'cmake_clean_first' from command line to 'False'
[0.474s] Level 5:colcon.colcon_core.verb:set package 'radar_msg' build argument 'cmake_force_configure' from command line to 'False'
[0.474s] Level 5:colcon.colcon_core.verb:set package 'radar_msg' build argument 'ament_cmake_args' from command line to 'None'
[0.474s] Level 5:colcon.colcon_core.verb:set package 'radar_msg' build argument 'catkin_cmake_args' from command line to 'None'
[0.474s] Level 5:colcon.colcon_core.verb:set package 'radar_msg' build argument 'catkin_skip_building_tests' from command line to 'False'
[0.474s] DEBUG:colcon.colcon_core.verb:Building package 'radar_msg' with the following arguments: {'ament_cmake_args': None, 'build_base': '/home/diego/Desktop/UC_SmartFarmRadar/magister_ws/build/radar_msg', 'catkin_cmake_args': None, 'catkin_skip_building_tests': False, 'cmake_args': None, 'cmake_clean_cache': False, 'cmake_clean_first': False, 'cmake_force_configure': False, 'cmake_target': None, 'cmake_target_skip_unavailable': False, 'install_base': '/home/diego/Desktop/UC_SmartFarmRadar/magister_ws/install/radar_msg', 'merge_install': False, 'path': '/home/diego/Desktop/UC_SmartFarmRadar/magister_ws/src/radar_msg', 'symlink_install': False, 'test_result_base': None}
[0.475s] Level 5:colcon.colcon_core.verb:set package 'radar_package' build argument 'cmake_args' from command line to 'None'
[0.475s] Level 5:colcon.colcon_core.verb:set package 'radar_package' build argument 'cmake_target' from command line to 'None'
[0.475s] Level 5:colcon.colcon_core.verb:set package 'radar_package' build argument 'cmake_target_skip_unavailable' from command line to 'False'
[0.475s] Level 5:colcon.colcon_core.verb:set package 'radar_package' build argument 'cmake_clean_cache' from command line to 'False'
[0.475s] Level 5:colcon.colcon_core.verb:set package 'radar_package' build argument 'cmake_clean_first' from command line to 'False'
[0.475s] Level 5:colcon.colcon_core.verb:set package 'radar_package' build argument 'cmake_force_configure' from command line to 'False'
[0.475s] Level 5:colcon.colcon_core.verb:set package 'radar_package' build argument 'ament_cmake_args' from command line to 'None'
[0.475s] Level 5:colcon.colcon_core.verb:set package 'radar_package' build argument 'catkin_cmake_args' from command line to 'None'
[0.475s] Level 5:colcon.colcon_core.verb:set package 'radar_package' build argument 'catkin_skip_building_tests' from command line to 'False'
[0.475s] DEBUG:colcon.colcon_core.verb:Building package 'radar_package' with the following arguments: {'ament_cmake_args': None, 'build_base': '/home/diego/Desktop/UC_SmartFarmRadar/magister_ws/build/radar_package', 'catkin_cmake_args': None, 'catkin_skip_building_tests': False, 'cmake_args': None, 'cmake_clean_cache': False, 'cmake_clean_first': False, 'cmake_force_configure': False, 'cmake_target': None, 'cmake_target_skip_unavailable': False, 'install_base': '/home/diego/Desktop/UC_SmartFarmRadar/magister_ws/install/radar_package', 'merge_install': False, 'path': '/home/diego/Desktop/UC_SmartFarmRadar/magister_ws/src/radar_package', 'symlink_install': False, 'test_result_base': None}
[0.475s] INFO:colcon.colcon_core.executor:Executing jobs using 'parallel' executor
[0.476s] DEBUG:colcon.colcon_parallel_executor.executor.parallel:run_until_complete
[0.476s] INFO:colcon.colcon_ros.task.ament_cmake.build:Building ROS package in '/home/diego/Desktop/UC_SmartFarmRadar/magister_ws/src/radar_msg' with build type 'ament_cmake'
[0.476s] INFO:colcon.colcon_cmake.task.cmake.build:Building CMake package in '/home/diego/Desktop/UC_SmartFarmRadar/magister_ws/src/radar_msg'
[0.483s] INFO:colcon.colcon_core.plugin_system:Skipping extension 'colcon_core.shell.bat': Not used on non-Windows systems
[0.483s] INFO:colcon.colcon_core.shell:Skip shell extension 'powershell' for command environment: Not usable outside of PowerShell
[0.483s] DEBUG:colcon.colcon_core.shell:Skip shell extension 'dsv' for command environment
[0.507s] INFO:colcon.colcon_ros.task.ament_python.build:Building ROS package in '/home/diego/Desktop/UC_SmartFarmRadar/magister_ws/src/ptu_controller' with build type 'ament_python'
[0.508s] Level 1:colcon.colcon_core.shell:create_environment_hook('ptu_controller', 'ament_prefix_path')
[0.508s] INFO:colcon.colcon_core.shell:Creating environment hook '/home/diego/Desktop/UC_SmartFarmRadar/magister_ws/install/ptu_controller/share/ptu_controller/hook/ament_prefix_path.ps1'
[0.509s] INFO:colcon.colcon_core.shell:Creating environment descriptor '/home/diego/Desktop/UC_SmartFarmRadar/magister_ws/install/ptu_controller/share/ptu_controller/hook/ament_prefix_path.dsv'
[0.509s] INFO:colcon.colcon_core.shell:Creating environment hook '/home/diego/Desktop/UC_SmartFarmRadar/magister_ws/install/ptu_controller/share/ptu_controller/hook/ament_prefix_path.sh'
[0.510s] INFO:colcon.colcon_core.shell:Skip shell extension 'powershell' for command environment: Not usable outside of PowerShell
[0.510s] DEBUG:colcon.colcon_core.shell:Skip shell extension 'dsv' for command environment
[0.548s] DEBUG:colcon.colcon_core.event_handler.log_command:Invoking command in '/home/diego/Desktop/UC_SmartFarmRadar/magister_ws/build/radar_msg': CMAKE_PREFIX_PATH=${CMAKE_PREFIX_PATH}:/home/diego/ros2_humble/install/rqt_bag_plugins:/home/diego/ros2_humble/install/rqt_bag:/home/diego/ros2_humble/install/launch_testing_examples:/home/diego/ros2_humble/install/ros2bag:/home/diego/ros2_humble/install/tracetools_test:/home/diego/ros2_humble/install/tracetools_launch:/home/diego/ros2_humble/install/topic_monitor:/home/diego/ros2_humble/install/tf2_tools:/home/diego/ros2_humble/install/examples_tf2_py:/home/diego/ros2_humble/install/tf2_ros_py:/home/diego/ros2_humble/install/sros2:/home/diego/ros2_humble/install/rqt_topic:/home/diego/ros2_humble/install/rqt_srv:/home/diego/ros2_humble/install/rqt_shell:/home/diego/ros2_humble/install/rqt_service_caller:/home/diego/ros2_humble/install/rqt_reconfigure:/home/diego/ros2_humble/install/rqt_py_console:/home/diego/ros2_humble/install/rqt_publisher:/home/diego/ros2_humble/install/rqt_plot:/home/diego/ros2_humble/install/rqt_action:/home/diego/ros2_humble/install/rqt_msg:/home/diego/ros2_humble/install/rqt_console:/home/diego/ros2_humble/install/rqt:/home/diego/ros2_humble/install/rqt_graph:/home/diego/ros2_humble/install/rqt_gui_py:/home/diego/ros2_humble/install/rqt_gui:/home/diego/ros2_humble/install/ros2trace:/home/diego/ros2_humble/install/ros2topic:/home/diego/ros2_humble/install/ros2test:/home/diego/ros2_humble/install/ros2component:/home/diego/ros2_humble/install/ros2param:/home/diego/ros2_humble/install/ros2lifecycle:/home/diego/ros2_humble/install/ros2service:/home/diego/ros2_humble/install/ros2run:/home/diego/ros2_humble/install/ros2launch:/home/diego/ros2_humble/install/ros2pkg:/home/diego/ros2_humble/install/ros2node:/home/diego/ros2_humble/install/ros2multicast:/home/diego/ros2_humble/install/ros2interface:/home/diego/ros2_humble/install/ros2doctor:/home/diego/ros2_humble/install/ros2action:/home/diego/ros2_humble/install/ros2cli:/home/diego/ros2_humble/install/quality_of_service_demo_py:/home/diego/ros2_humble/install/lifecycle_py:/home/diego/ros2_humble/install/launch_testing_ros:/home/diego/ros2_humble/install/launch_ros:/home/diego/ros2_humble/install/examples_rclpy_pointcloud_publisher:/home/diego/ros2_humble/install/examples_rclpy_minimal_subscriber:/home/diego/ros2_humble/install/examples_rclpy_minimal_service:/home/diego/ros2_humble/install/examples_rclpy_minimal_publisher:/home/diego/ros2_humble/install/examples_rclpy_minimal_client:/home/diego/ros2_humble/install/examples_rclpy_minimal_action_server:/home/diego/ros2_humble/install/examples_rclpy_minimal_action_client:/home/diego/ros2_humble/install/examples_rclpy_guard_conditions:/home/diego/ros2_humble/install/examples_rclpy_executors:/home/diego/ros2_humble/install/demo_nodes_py:/home/diego/ros2_humble/install/camera_info_manager_py:/home/diego/ros2_humble/install/action_tutorials_py:/home/diego/ros2_humble/install/ament_uncrustify:/home/diego/ros2_humble/install/tracetools_trace:/home/diego/ros2_humble/install/tracetools_read:/home/diego/ros2_humble/install/test_tracetools_launch:/home/diego/ros2_humble/install/test_launch_ros:/home/diego/ros2_humble/install/sensor_msgs_py:/home/diego/ros2_humble/install/rpyutils:/home/diego/ros2_humble/install/rosidl_runtime_py:/home/diego/ros2_humble/install/rosidl_cli:/home/diego/ros2_humble/install/launch_pytest:/home/diego/ros2_humble/install/launch_testing:/home/diego/ros2_humble/install/launch_yaml:/home/diego/ros2_humble/install/launch_xml:/home/diego/ros2_humble/install/launch:/home/diego/ros2_humble/install/osrf_pycommon:/home/diego/ros2_humble/install/domain_coordinator:/home/diego/ros2_humble/install/ament_xmllint:/home/diego/ros2_humble/install/ament_pyflakes:/home/diego/ros2_humble/install/ament_pycodestyle:/home/diego/ros2_humble/install/ament_pep257:/home/diego/ros2_humble/install/ament_pclint:/home/diego/ros2_humble/install/ament_package:/home/diego/ros2_humble/install/ament_mypy:/home/diego/ros2_humble/install/ament_lint_cmake:/home/diego/ros2_humble/install/ament_flake8:/home/diego/ros2_humble/install/ament_copyright:/home/diego/ros2_humble/install/ament_lint:/home/diego/ros2_humble/install/ament_index_python:/home/diego/ros2_humble/install/ament_cpplint:/home/diego/ros2_humble/install/ament_cppcheck:/home/diego/ros2_humble/install/ament_clang_tidy:/home/diego/ros2_humble/install/ament_clang_format /usr/bin/cmake /home/diego/Desktop/UC_SmartFarmRadar/magister_ws/src/radar_msg -DCMAKE_INSTALL_PREFIX=/home/diego/Desktop/UC_SmartFarmRadar/magister_ws/install/radar_msg
[0.910s] INFO:colcon.colcon_core.task.python.build:Building Python package in '/home/diego/Desktop/UC_SmartFarmRadar/magister_ws/src/ptu_controller'
[0.910s] INFO:colcon.colcon_core.shell:Skip shell extension 'powershell' for command environment: Not usable outside of PowerShell
[0.910s] DEBUG:colcon.colcon_core.shell:Skip shell extension 'dsv' for command environment
[1.670s] DEBUG:colcon.colcon_core.event_handler.log_command:Invoking command in '/home/diego/Desktop/UC_SmartFarmRadar/magister_ws/src/ptu_controller': PYTHONPATH=/home/diego/Desktop/UC_SmartFarmRadar/magister_ws/build/ptu_controller/prefix_override:/usr/lib/python3/dist-packages/colcon_core/task/python/colcon_distutils_commands:/home/diego/Desktop/UC_SmartFarmRadar/magister_ws/install/ptu_controller/lib/python3.10/site-packages:${PYTHONPATH} /usr/bin/python3 -W ignore:setup.py install is deprecated -W ignore:easy_install command is deprecated setup.py egg_info --egg-base ../../build/ptu_controller build --build-base /home/diego/Desktop/UC_SmartFarmRadar/magister_ws/build/ptu_controller/build install --record /home/diego/Desktop/UC_SmartFarmRadar/magister_ws/build/ptu_controller/install.log --single-version-externally-managed install_data
[2.396s] DEBUG:colcon.colcon_core.event_handler.log_command:Invoked command in '/home/diego/Desktop/UC_SmartFarmRadar/magister_ws/src/ptu_controller' returned '0': PYTHONPATH=/home/diego/Desktop/UC_SmartFarmRadar/magister_ws/build/ptu_controller/prefix_override:/usr/lib/python3/dist-packages/colcon_core/task/python/colcon_distutils_commands:/home/diego/Desktop/UC_SmartFarmRadar/magister_ws/install/ptu_controller/lib/python3.10/site-packages:${PYTHONPATH} /usr/bin/python3 -W ignore:setup.py install is deprecated -W ignore:easy_install command is deprecated setup.py egg_info --egg-base ../../build/ptu_controller build --build-base /home/diego/Desktop/UC_SmartFarmRadar/magister_ws/build/ptu_controller/build install --record /home/diego/Desktop/UC_SmartFarmRadar/magister_ws/build/ptu_controller/install.log --single-version-externally-managed install_data
[2.400s] Level 1:colcon.colcon_core.environment:checking '/home/diego/Desktop/UC_SmartFarmRadar/magister_ws/install/ptu_controller' for CMake module files
[2.401s] Level 1:colcon.colcon_core.environment:checking '/home/diego/Desktop/UC_SmartFarmRadar/magister_ws/install/ptu_controller' for CMake config files
[2.401s] Level 1:colcon.colcon_core.environment:checking '/home/diego/Desktop/UC_SmartFarmRadar/magister_ws/install/ptu_controller/lib'
[2.401s] Level 1:colcon.colcon_core.environment:checking '/home/diego/Desktop/UC_SmartFarmRadar/magister_ws/install/ptu_controller/bin'
[2.401s] Level 1:colcon.colcon_core.environment:checking '/home/diego/Desktop/UC_SmartFarmRadar/magister_ws/install/ptu_controller/lib/pkgconfig/ptu_controller.pc'
[2.402s] Level 1:colcon.colcon_core.environment:checking '/home/diego/Desktop/UC_SmartFarmRadar/magister_ws/install/ptu_controller/lib/python3.10/site-packages'
[2.402s] Level 1:colcon.colcon_core.shell:create_environment_hook('ptu_controller', 'pythonpath')
[2.402s] INFO:colcon.colcon_core.shell:Creating environment hook '/home/diego/Desktop/UC_SmartFarmRadar/magister_ws/install/ptu_controller/share/ptu_controller/hook/pythonpath.ps1'
[2.402s] INFO:colcon.colcon_core.shell:Creating environment descriptor '/home/diego/Desktop/UC_SmartFarmRadar/magister_ws/install/ptu_controller/share/ptu_controller/hook/pythonpath.dsv'
[2.402s] INFO:colcon.colcon_core.shell:Creating environment hook '/home/diego/Desktop/UC_SmartFarmRadar/magister_ws/install/ptu_controller/share/ptu_controller/hook/pythonpath.sh'
[2.403s] Level 1:colcon.colcon_core.environment:checking '/home/diego/Desktop/UC_SmartFarmRadar/magister_ws/install/ptu_controller/bin'
[2.403s] Level 1:colcon.colcon_core.environment:create_environment_scripts_only(ptu_controller)
[2.403s] INFO:colcon.colcon_core.shell:Creating package script '/home/diego/Desktop/UC_SmartFarmRadar/magister_ws/install/ptu_controller/share/ptu_controller/package.ps1'
[2.403s] INFO:colcon.colcon_core.shell:Creating package descriptor '/home/diego/Desktop/UC_SmartFarmRadar/magister_ws/install/ptu_controller/share/ptu_controller/package.dsv'
[2.404s] INFO:colcon.colcon_core.shell:Creating package script '/home/diego/Desktop/UC_SmartFarmRadar/magister_ws/install/ptu_controller/share/ptu_controller/package.sh'
[2.404s] INFO:colcon.colcon_core.shell:Creating package script '/home/diego/Desktop/UC_SmartFarmRadar/magister_ws/install/ptu_controller/share/ptu_controller/package.bash'
[2.405s] INFO:colcon.colcon_core.shell:Creating package script '/home/diego/Desktop/UC_SmartFarmRadar/magister_ws/install/ptu_controller/share/ptu_controller/package.zsh'
[2.405s] Level 1:colcon.colcon_core.environment:create_file_with_runtime_dependencies(/home/diego/Desktop/UC_SmartFarmRadar/magister_ws/install/ptu_controller/share/colcon-core/packages/ptu_controller)
[5.739s] DEBUG:colcon.colcon_core.event_handler.log_command:Invoked command in '/home/diego/Desktop/UC_SmartFarmRadar/magister_ws/build/radar_msg' returned '0': CMAKE_PREFIX_PATH=${CMAKE_PREFIX_PATH}:/home/diego/ros2_humble/install/rqt_bag_plugins:/home/diego/ros2_humble/install/rqt_bag:/home/diego/ros2_humble/install/launch_testing_examples:/home/diego/ros2_humble/install/ros2bag:/home/diego/ros2_humble/install/tracetools_test:/home/diego/ros2_humble/install/tracetools_launch:/home/diego/ros2_humble/install/topic_monitor:/home/diego/ros2_humble/install/tf2_tools:/home/diego/ros2_humble/install/examples_tf2_py:/home/diego/ros2_humble/install/tf2_ros_py:/home/diego/ros2_humble/install/sros2:/home/diego/ros2_humble/install/rqt_topic:/home/diego/ros2_humble/install/rqt_srv:/home/diego/ros2_humble/install/rqt_shell:/home/diego/ros2_humble/install/rqt_service_caller:/home/diego/ros2_humble/install/rqt_reconfigure:/home/diego/ros2_humble/install/rqt_py_console:/home/diego/ros2_humble/install/rqt_publisher:/home/diego/ros2_humble/install/rqt_plot:/home/diego/ros2_humble/install/rqt_action:/home/diego/ros2_humble/install/rqt_msg:/home/diego/ros2_humble/install/rqt_console:/home/diego/ros2_humble/install/rqt:/home/diego/ros2_humble/install/rqt_graph:/home/diego/ros2_humble/install/rqt_gui_py:/home/diego/ros2_humble/install/rqt_gui:/home/diego/ros2_humble/install/ros2trace:/home/diego/ros2_humble/install/ros2topic:/home/diego/ros2_humble/install/ros2test:/home/diego/ros2_humble/install/ros2component:/home/diego/ros2_humble/install/ros2param:/home/diego/ros2_humble/install/ros2lifecycle:/home/diego/ros2_humble/install/ros2service:/home/diego/ros2_humble/install/ros2run:/home/diego/ros2_humble/install/ros2launch:/home/diego/ros2_humble/install/ros2pkg:/home/diego/ros2_humble/install/ros2node:/home/diego/ros2_humble/install/ros2multicast:/home/diego/ros2_humble/install/ros2interface:/home/diego/ros2_humble/install/ros2doctor:/home/diego/ros2_humble/install/ros2action:/home/diego/ros2_humble/install/ros2cli:/home/diego/ros2_humble/install/quality_of_service_demo_py:/home/diego/ros2_humble/install/lifecycle_py:/home/diego/ros2_humble/install/launch_testing_ros:/home/diego/ros2_humble/install/launch_ros:/home/diego/ros2_humble/install/examples_rclpy_pointcloud_publisher:/home/diego/ros2_humble/install/examples_rclpy_minimal_subscriber:/home/diego/ros2_humble/install/examples_rclpy_minimal_service:/home/diego/ros2_humble/install/examples_rclpy_minimal_publisher:/home/diego/ros2_humble/install/examples_rclpy_minimal_client:/home/diego/ros2_humble/install/examples_rclpy_minimal_action_server:/home/diego/ros2_humble/install/examples_rclpy_minimal_action_client:/home/diego/ros2_humble/install/examples_rclpy_guard_conditions:/home/diego/ros2_humble/install/examples_rclpy_executors:/home/diego/ros2_humble/install/demo_nodes_py:/home/diego/ros2_humble/install/camera_info_manager_py:/home/diego/ros2_humble/install/action_tutorials_py:/home/diego/ros2_humble/install/ament_uncrustify:/home/diego/ros2_humble/install/tracetools_trace:/home/diego/ros2_humble/install/tracetools_read:/home/diego/ros2_humble/install/test_tracetools_launch:/home/diego/ros2_humble/install/test_launch_ros:/home/diego/ros2_humble/install/sensor_msgs_py:/home/diego/ros2_humble/install/rpyutils:/home/diego/ros2_humble/install/rosidl_runtime_py:/home/diego/ros2_humble/install/rosidl_cli:/home/diego/ros2_humble/install/launch_pytest:/home/diego/ros2_humble/install/launch_testing:/home/diego/ros2_humble/install/launch_yaml:/home/diego/ros2_humble/install/launch_xml:/home/diego/ros2_humble/install/launch:/home/diego/ros2_humble/install/osrf_pycommon:/home/diego/ros2_humble/install/domain_coordinator:/home/diego/ros2_humble/install/ament_xmllint:/home/diego/ros2_humble/install/ament_pyflakes:/home/diego/ros2_humble/install/ament_pycodestyle:/home/diego/ros2_humble/install/ament_pep257:/home/diego/ros2_humble/install/ament_pclint:/home/diego/ros2_humble/install/ament_package:/home/diego/ros2_humble/install/ament_mypy:/home/diego/ros2_humble/install/ament_lint_cmake:/home/diego/ros2_humble/install/ament_flake8:/home/diego/ros2_humble/install/ament_copyright:/home/diego/ros2_humble/install/ament_lint:/home/diego/ros2_humble/install/ament_index_python:/home/diego/ros2_humble/install/ament_cpplint:/home/diego/ros2_humble/install/ament_cppcheck:/home/diego/ros2_humble/install/ament_clang_tidy:/home/diego/ros2_humble/install/ament_clang_format /usr/bin/cmake /home/diego/Desktop/UC_SmartFarmRadar/magister_ws/src/radar_msg -DCMAKE_INSTALL_PREFIX=/home/diego/Desktop/UC_SmartFarmRadar/magister_ws/install/radar_msg
[5.740s] DEBUG:colcon.colcon_core.event_handler.log_command:Invoking command in '/home/diego/Desktop/UC_SmartFarmRadar/magister_ws/build/radar_msg': CMAKE_PREFIX_PATH=${CMAKE_PREFIX_PATH}:/home/diego/ros2_humble/install/rqt_bag_plugins:/home/diego/ros2_humble/install/rqt_bag:/home/diego/ros2_humble/install/launch_testing_examples:/home/diego/ros2_humble/install/ros2bag:/home/diego/ros2_humble/install/tracetools_test:/home/diego/ros2_humble/install/tracetools_launch:/home/diego/ros2_humble/install/topic_monitor:/home/diego/ros2_humble/install/tf2_tools:/home/diego/ros2_humble/install/examples_tf2_py:/home/diego/ros2_humble/install/tf2_ros_py:/home/diego/ros2_humble/install/sros2:/home/diego/ros2_humble/install/rqt_topic:/home/diego/ros2_humble/install/rqt_srv:/home/diego/ros2_humble/install/rqt_shell:/home/diego/ros2_humble/install/rqt_service_caller:/home/diego/ros2_humble/install/rqt_reconfigure:/home/diego/ros2_humble/install/rqt_py_console:/home/diego/ros2_humble/install/rqt_publisher:/home/diego/ros2_humble/install/rqt_plot:/home/diego/ros2_humble/install/rqt_action:/home/diego/ros2_humble/install/rqt_msg:/home/diego/ros2_humble/install/rqt_console:/home/diego/ros2_humble/install/rqt:/home/diego/ros2_humble/install/rqt_graph:/home/diego/ros2_humble/install/rqt_gui_py:/home/diego/ros2_humble/install/rqt_gui:/home/diego/ros2_humble/install/ros2trace:/home/diego/ros2_humble/install/ros2topic:/home/diego/ros2_humble/install/ros2test:/home/diego/ros2_humble/install/ros2component:/home/diego/ros2_humble/install/ros2param:/home/diego/ros2_humble/install/ros2lifecycle:/home/diego/ros2_humble/install/ros2service:/home/diego/ros2_humble/install/ros2run:/home/diego/ros2_humble/install/ros2launch:/home/diego/ros2_humble/install/ros2pkg:/home/diego/ros2_humble/install/ros2node:/home/diego/ros2_humble/install/ros2multicast:/home/diego/ros2_humble/install/ros2interface:/home/diego/ros2_humble/install/ros2doctor:/home/diego/ros2_humble/install/ros2action:/home/diego/ros2_humble/install/ros2cli:/home/diego/ros2_humble/install/quality_of_service_demo_py:/home/diego/ros2_humble/install/lifecycle_py:/home/diego/ros2_humble/install/launch_testing_ros:/home/diego/ros2_humble/install/launch_ros:/home/diego/ros2_humble/install/examples_rclpy_pointcloud_publisher:/home/diego/ros2_humble/install/examples_rclpy_minimal_subscriber:/home/diego/ros2_humble/install/examples_rclpy_minimal_service:/home/diego/ros2_humble/install/examples_rclpy_minimal_publisher:/home/diego/ros2_humble/install/examples_rclpy_minimal_client:/home/diego/ros2_humble/install/examples_rclpy_minimal_action_server:/home/diego/ros2_humble/install/examples_rclpy_minimal_action_client:/home/diego/ros2_humble/install/examples_rclpy_guard_conditions:/home/diego/ros2_humble/install/examples_rclpy_executors:/home/diego/ros2_humble/install/demo_nodes_py:/home/diego/ros2_humble/install/camera_info_manager_py:/home/diego/ros2_humble/install/action_tutorials_py:/home/diego/ros2_humble/install/ament_uncrustify:/home/diego/ros2_humble/install/tracetools_trace:/home/diego/ros2_humble/install/tracetools_read:/home/diego/ros2_humble/install/test_tracetools_launch:/home/diego/ros2_humble/install/test_launch_ros:/home/diego/ros2_humble/install/sensor_msgs_py:/home/diego/ros2_humble/install/rpyutils:/home/diego/ros2_humble/install/rosidl_runtime_py:/home/diego/ros2_humble/install/rosidl_cli:/home/diego/ros2_humble/install/launch_pytest:/home/diego/ros2_humble/install/launch_testing:/home/diego/ros2_humble/install/launch_yaml:/home/diego/ros2_humble/install/launch_xml:/home/diego/ros2_humble/install/launch:/home/diego/ros2_humble/install/osrf_pycommon:/home/diego/ros2_humble/install/domain_coordinator:/home/diego/ros2_humble/install/ament_xmllint:/home/diego/ros2_humble/install/ament_pyflakes:/home/diego/ros2_humble/install/ament_pycodestyle:/home/diego/ros2_humble/install/ament_pep257:/home/diego/ros2_humble/install/ament_pclint:/home/diego/ros2_humble/install/ament_package:/home/diego/ros2_humble/install/ament_mypy:/home/diego/ros2_humble/install/ament_lint_cmake:/home/diego/ros2_humble/install/ament_flake8:/home/diego/ros2_humble/install/ament_copyright:/home/diego/ros2_humble/install/ament_lint:/home/diego/ros2_humble/install/ament_index_python:/home/diego/ros2_humble/install/ament_cpplint:/home/diego/ros2_humble/install/ament_cppcheck:/home/diego/ros2_humble/install/ament_clang_tidy:/home/diego/ros2_humble/install/ament_clang_format /usr/bin/cmake --build /home/diego/Desktop/UC_SmartFarmRadar/magister_ws/build/radar_msg -- -j12 -l12
[8.061s] DEBUG:colcon.colcon_core.event_handler.log_command:Invoked command in '/home/diego/Desktop/UC_SmartFarmRadar/magister_ws/build/radar_msg' returned '0': CMAKE_PREFIX_PATH=${CMAKE_PREFIX_PATH}:/home/diego/ros2_humble/install/rqt_bag_plugins:/home/diego/ros2_humble/install/rqt_bag:/home/diego/ros2_humble/install/launch_testing_examples:/home/diego/ros2_humble/install/ros2bag:/home/diego/ros2_humble/install/tracetools_test:/home/diego/ros2_humble/install/tracetools_launch:/home/diego/ros2_humble/install/topic_monitor:/home/diego/ros2_humble/install/tf2_tools:/home/diego/ros2_humble/install/examples_tf2_py:/home/diego/ros2_humble/install/tf2_ros_py:/home/diego/ros2_humble/install/sros2:/home/diego/ros2_humble/install/rqt_topic:/home/diego/ros2_humble/install/rqt_srv:/home/diego/ros2_humble/install/rqt_shell:/home/diego/ros2_humble/install/rqt_service_caller:/home/diego/ros2_humble/install/rqt_reconfigure:/home/diego/ros2_humble/install/rqt_py_console:/home/diego/ros2_humble/install/rqt_publisher:/home/diego/ros2_humble/install/rqt_plot:/home/diego/ros2_humble/install/rqt_action:/home/diego/ros2_humble/install/rqt_msg:/home/diego/ros2_humble/install/rqt_console:/home/diego/ros2_humble/install/rqt:/home/diego/ros2_humble/install/rqt_graph:/home/diego/ros2_humble/install/rqt_gui_py:/home/diego/ros2_humble/install/rqt_gui:/home/diego/ros2_humble/install/ros2trace:/home/diego/ros2_humble/install/ros2topic:/home/diego/ros2_humble/install/ros2test:/home/diego/ros2_humble/install/ros2component:/home/diego/ros2_humble/install/ros2param:/home/diego/ros2_humble/install/ros2lifecycle:/home/diego/ros2_humble/install/ros2service:/home/diego/ros2_humble/install/ros2run:/home/diego/ros2_humble/install/ros2launch:/home/diego/ros2_humble/install/ros2pkg:/home/diego/ros2_humble/install/ros2node:/home/diego/ros2_humble/install/ros2multicast:/home/diego/ros2_humble/install/ros2interface:/home/diego/ros2_humble/install/ros2doctor:/home/diego/ros2_humble/install/ros2action:/home/diego/ros2_humble/install/ros2cli:/home/diego/ros2_humble/install/quality_of_service_demo_py:/home/diego/ros2_humble/install/lifecycle_py:/home/diego/ros2_humble/install/launch_testing_ros:/home/diego/ros2_humble/install/launch_ros:/home/diego/ros2_humble/install/examples_rclpy_pointcloud_publisher:/home/diego/ros2_humble/install/examples_rclpy_minimal_subscriber:/home/diego/ros2_humble/install/examples_rclpy_minimal_service:/home/diego/ros2_humble/install/examples_rclpy_minimal_publisher:/home/diego/ros2_humble/install/examples_rclpy_minimal_client:/home/diego/ros2_humble/install/examples_rclpy_minimal_action_server:/home/diego/ros2_humble/install/examples_rclpy_minimal_action_client:/home/diego/ros2_humble/install/examples_rclpy_guard_conditions:/home/diego/ros2_humble/install/examples_rclpy_executors:/home/diego/ros2_humble/install/demo_nodes_py:/home/diego/ros2_humble/install/camera_info_manager_py:/home/diego/ros2_humble/install/action_tutorials_py:/home/diego/ros2_humble/install/ament_uncrustify:/home/diego/ros2_humble/install/tracetools_trace:/home/diego/ros2_humble/install/tracetools_read:/home/diego/ros2_humble/install/test_tracetools_launch:/home/diego/ros2_humble/install/test_launch_ros:/home/diego/ros2_humble/install/sensor_msgs_py:/home/diego/ros2_humble/install/rpyutils:/home/diego/ros2_humble/install/rosidl_runtime_py:/home/diego/ros2_humble/install/rosidl_cli:/home/diego/ros2_humble/install/launch_pytest:/home/diego/ros2_humble/install/launch_testing:/home/diego/ros2_humble/install/launch_yaml:/home/diego/ros2_humble/install/launch_xml:/home/diego/ros2_humble/install/launch:/home/diego/ros2_humble/install/osrf_pycommon:/home/diego/ros2_humble/install/domain_coordinator:/home/diego/ros2_humble/install/ament_xmllint:/home/diego/ros2_humble/install/ament_pyflakes:/home/diego/ros2_humble/install/ament_pycodestyle:/home/diego/ros2_humble/install/ament_pep257:/home/diego/ros2_humble/install/ament_pclint:/home/diego/ros2_humble/install/ament_package:/home/diego/ros2_humble/install/ament_mypy:/home/diego/ros2_humble/install/ament_lint_cmake:/home/diego/ros2_humble/install/ament_flake8:/home/diego/ros2_humble/install/ament_copyright:/home/diego/ros2_humble/install/ament_lint:/home/diego/ros2_humble/install/ament_index_python:/home/diego/ros2_humble/install/ament_cpplint:/home/diego/ros2_humble/install/ament_cppcheck:/home/diego/ros2_humble/install/ament_clang_tidy:/home/diego/ros2_humble/install/ament_clang_format /usr/bin/cmake --build /home/diego/Desktop/UC_SmartFarmRadar/magister_ws/build/radar_msg -- -j12 -l12
[8.082s] DEBUG:colcon.colcon_core.event_handler.log_command:Invoking command in '/home/diego/Desktop/UC_SmartFarmRadar/magister_ws/build/radar_msg': CMAKE_PREFIX_PATH=${CMAKE_PREFIX_PATH}:/home/diego/ros2_humble/install/rqt_bag_plugins:/home/diego/ros2_humble/install/rqt_bag:/home/diego/ros2_humble/install/launch_testing_examples:/home/diego/ros2_humble/install/ros2bag:/home/diego/ros2_humble/install/tracetools_test:/home/diego/ros2_humble/install/tracetools_launch:/home/diego/ros2_humble/install/topic_monitor:/home/diego/ros2_humble/install/tf2_tools:/home/diego/ros2_humble/install/examples_tf2_py:/home/diego/ros2_humble/install/tf2_ros_py:/home/diego/ros2_humble/install/sros2:/home/diego/ros2_humble/install/rqt_topic:/home/diego/ros2_humble/install/rqt_srv:/home/diego/ros2_humble/install/rqt_shell:/home/diego/ros2_humble/install/rqt_service_caller:/home/diego/ros2_humble/install/rqt_reconfigure:/home/diego/ros2_humble/install/rqt_py_console:/home/diego/ros2_humble/install/rqt_publisher:/home/diego/ros2_humble/install/rqt_plot:/home/diego/ros2_humble/install/rqt_action:/home/diego/ros2_humble/install/rqt_msg:/home/diego/ros2_humble/install/rqt_console:/home/diego/ros2_humble/install/rqt:/home/diego/ros2_humble/install/rqt_graph:/home/diego/ros2_humble/install/rqt_gui_py:/home/diego/ros2_humble/install/rqt_gui:/home/diego/ros2_humble/install/ros2trace:/home/diego/ros2_humble/install/ros2topic:/home/diego/ros2_humble/install/ros2test:/home/diego/ros2_humble/install/ros2component:/home/diego/ros2_humble/install/ros2param:/home/diego/ros2_humble/install/ros2lifecycle:/home/diego/ros2_humble/install/ros2service:/home/diego/ros2_humble/install/ros2run:/home/diego/ros2_humble/install/ros2launch:/home/diego/ros2_humble/install/ros2pkg:/home/diego/ros2_humble/install/ros2node:/home/diego/ros2_humble/install/ros2multicast:/home/diego/ros2_humble/install/ros2interface:/home/diego/ros2_humble/install/ros2doctor:/home/diego/ros2_humble/install/ros2action:/home/diego/ros2_humble/install/ros2cli:/home/diego/ros2_humble/install/quality_of_service_demo_py:/home/diego/ros2_humble/install/lifecycle_py:/home/diego/ros2_humble/install/launch_testing_ros:/home/diego/ros2_humble/install/launch_ros:/home/diego/ros2_humble/install/examples_rclpy_pointcloud_publisher:/home/diego/ros2_humble/install/examples_rclpy_minimal_subscriber:/home/diego/ros2_humble/install/examples_rclpy_minimal_service:/home/diego/ros2_humble/install/examples_rclpy_minimal_publisher:/home/diego/ros2_humble/install/examples_rclpy_minimal_client:/home/diego/ros2_humble/install/examples_rclpy_minimal_action_server:/home/diego/ros2_humble/install/examples_rclpy_minimal_action_client:/home/diego/ros2_humble/install/examples_rclpy_guard_conditions:/home/diego/ros2_humble/install/examples_rclpy_executors:/home/diego/ros2_humble/install/demo_nodes_py:/home/diego/ros2_humble/install/camera_info_manager_py:/home/diego/ros2_humble/install/action_tutorials_py:/home/diego/ros2_humble/install/ament_uncrustify:/home/diego/ros2_humble/install/tracetools_trace:/home/diego/ros2_humble/install/tracetools_read:/home/diego/ros2_humble/install/test_tracetools_launch:/home/diego/ros2_humble/install/test_launch_ros:/home/diego/ros2_humble/install/sensor_msgs_py:/home/diego/ros2_humble/install/rpyutils:/home/diego/ros2_humble/install/rosidl_runtime_py:/home/diego/ros2_humble/install/rosidl_cli:/home/diego/ros2_humble/install/launch_pytest:/home/diego/ros2_humble/install/launch_testing:/home/diego/ros2_humble/install/launch_yaml:/home/diego/ros2_humble/install/launch_xml:/home/diego/ros2_humble/install/launch:/home/diego/ros2_humble/install/osrf_pycommon:/home/diego/ros2_humble/install/domain_coordinator:/home/diego/ros2_humble/install/ament_xmllint:/home/diego/ros2_humble/install/ament_pyflakes:/home/diego/ros2_humble/install/ament_pycodestyle:/home/diego/ros2_humble/install/ament_pep257:/home/diego/ros2_humble/install/ament_pclint:/home/diego/ros2_humble/install/ament_package:/home/diego/ros2_humble/install/ament_mypy:/home/diego/ros2_humble/install/ament_lint_cmake:/home/diego/ros2_humble/install/ament_flake8:/home/diego/ros2_humble/install/ament_copyright:/home/diego/ros2_humble/install/ament_lint:/home/diego/ros2_humble/install/ament_index_python:/home/diego/ros2_humble/install/ament_cpplint:/home/diego/ros2_humble/install/ament_cppcheck:/home/diego/ros2_humble/install/ament_clang_tidy:/home/diego/ros2_humble/install/ament_clang_format /usr/bin/cmake --install /home/diego/Desktop/UC_SmartFarmRadar/magister_ws/build/radar_msg
[8.235s] Level 1:colcon.colcon_core.environment:create_environment_scripts_only(radar_msg)
[8.236s] Level 1:colcon.colcon_core.environment:checking '/home/diego/Desktop/UC_SmartFarmRadar/magister_ws/install/radar_msg' for CMake module files
[8.236s] DEBUG:colcon.colcon_core.event_handler.log_command:Invoked command in '/home/diego/Desktop/UC_SmartFarmRadar/magister_ws/build/radar_msg' returned '0': CMAKE_PREFIX_PATH=${CMAKE_PREFIX_PATH}:/home/diego/ros2_humble/install/rqt_bag_plugins:/home/diego/ros2_humble/install/rqt_bag:/home/diego/ros2_humble/install/launch_testing_examples:/home/diego/ros2_humble/install/ros2bag:/home/diego/ros2_humble/install/tracetools_test:/home/diego/ros2_humble/install/tracetools_launch:/home/diego/ros2_humble/install/topic_monitor:/home/diego/ros2_humble/install/tf2_tools:/home/diego/ros2_humble/install/examples_tf2_py:/home/diego/ros2_humble/install/tf2_ros_py:/home/diego/ros2_humble/install/sros2:/home/diego/ros2_humble/install/rqt_topic:/home/diego/ros2_humble/install/rqt_srv:/home/diego/ros2_humble/install/rqt_shell:/home/diego/ros2_humble/install/rqt_service_caller:/home/diego/ros2_humble/install/rqt_reconfigure:/home/diego/ros2_humble/install/rqt_py_console:/home/diego/ros2_humble/install/rqt_publisher:/home/diego/ros2_humble/install/rqt_plot:/home/diego/ros2_humble/install/rqt_action:/home/diego/ros2_humble/install/rqt_msg:/home/diego/ros2_humble/install/rqt_console:/home/diego/ros2_humble/install/rqt:/home/diego/ros2_humble/install/rqt_graph:/home/diego/ros2_humble/install/rqt_gui_py:/home/diego/ros2_humble/install/rqt_gui:/home/diego/ros2_humble/install/ros2trace:/home/diego/ros2_humble/install/ros2topic:/home/diego/ros2_humble/install/ros2test:/home/diego/ros2_humble/install/ros2component:/home/diego/ros2_humble/install/ros2param:/home/diego/ros2_humble/install/ros2lifecycle:/home/diego/ros2_humble/install/ros2service:/home/diego/ros2_humble/install/ros2run:/home/diego/ros2_humble/install/ros2launch:/home/diego/ros2_humble/install/ros2pkg:/home/diego/ros2_humble/install/ros2node:/home/diego/ros2_humble/install/ros2multicast:/home/diego/ros2_humble/install/ros2interface:/home/diego/ros2_humble/install/ros2doctor:/home/diego/ros2_humble/install/ros2action:/home/diego/ros2_humble/install/ros2cli:/home/diego/ros2_humble/install/quality_of_service_demo_py:/home/diego/ros2_humble/install/lifecycle_py:/home/diego/ros2_humble/install/launch_testing_ros:/home/diego/ros2_humble/install/launch_ros:/home/diego/ros2_humble/install/examples_rclpy_pointcloud_publisher:/home/diego/ros2_humble/install/examples_rclpy_minimal_subscriber:/home/diego/ros2_humble/install/examples_rclpy_minimal_service:/home/diego/ros2_humble/install/examples_rclpy_minimal_publisher:/home/diego/ros2_humble/install/examples_rclpy_minimal_client:/home/diego/ros2_humble/install/examples_rclpy_minimal_action_server:/home/diego/ros2_humble/install/examples_rclpy_minimal_action_client:/home/diego/ros2_humble/install/examples_rclpy_guard_conditions:/home/diego/ros2_humble/install/examples_rclpy_executors:/home/diego/ros2_humble/install/demo_nodes_py:/home/diego/ros2_humble/install/camera_info_manager_py:/home/diego/ros2_humble/install/action_tutorials_py:/home/diego/ros2_humble/install/ament_uncrustify:/home/diego/ros2_humble/install/tracetools_trace:/home/diego/ros2_humble/install/tracetools_read:/home/diego/ros2_humble/install/test_tracetools_launch:/home/diego/ros2_humble/install/test_launch_ros:/home/diego/ros2_humble/install/sensor_msgs_py:/home/diego/ros2_humble/install/rpyutils:/home/diego/ros2_humble/install/rosidl_runtime_py:/home/diego/ros2_humble/install/rosidl_cli:/home/diego/ros2_humble/install/launch_pytest:/home/diego/ros2_humble/install/launch_testing:/home/diego/ros2_humble/install/launch_yaml:/home/diego/ros2_humble/install/launch_xml:/home/diego/ros2_humble/install/launch:/home/diego/ros2_humble/install/osrf_pycommon:/home/diego/ros2_humble/install/domain_coordinator:/home/diego/ros2_humble/install/ament_xmllint:/home/diego/ros2_humble/install/ament_pyflakes:/home/diego/ros2_humble/install/ament_pycodestyle:/home/diego/ros2_humble/install/ament_pep257:/home/diego/ros2_humble/install/ament_pclint:/home/diego/ros2_humble/install/ament_package:/home/diego/ros2_humble/install/ament_mypy:/home/diego/ros2_humble/install/ament_lint_cmake:/home/diego/ros2_humble/install/ament_flake8:/home/diego/ros2_humble/install/ament_copyright:/home/diego/ros2_humble/install/ament_lint:/home/diego/ros2_humble/install/ament_index_python:/home/diego/ros2_humble/install/ament_cpplint:/home/diego/ros2_humble/install/ament_cppcheck:/home/diego/ros2_humble/install/ament_clang_tidy:/home/diego/ros2_humble/install/ament_clang_format /usr/bin/cmake --install /home/diego/Desktop/UC_SmartFarmRadar/magister_ws/build/radar_msg
[8.236s] Level 1:colcon.colcon_core.environment:checking '/home/diego/Desktop/UC_SmartFarmRadar/magister_ws/install/radar_msg' for CMake config files
[8.236s] Level 1:colcon.colcon_core.shell:create_environment_hook('radar_msg', 'cmake_prefix_path')
[8.237s] INFO:colcon.colcon_core.shell:Creating environment hook '/home/diego/Desktop/UC_SmartFarmRadar/magister_ws/install/radar_msg/share/radar_msg/hook/cmake_prefix_path.ps1'
[8.237s] INFO:colcon.colcon_core.shell:Creating environment descriptor '/home/diego/Desktop/UC_SmartFarmRadar/magister_ws/install/radar_msg/share/radar_msg/hook/cmake_prefix_path.dsv'
[8.237s] INFO:colcon.colcon_core.shell:Creating environment hook '/home/diego/Desktop/UC_SmartFarmRadar/magister_ws/install/radar_msg/share/radar_msg/hook/cmake_prefix_path.sh'
[8.237s] Level 1:colcon.colcon_core.environment:checking '/home/diego/Desktop/UC_SmartFarmRadar/magister_ws/install/radar_msg/lib'
[8.238s] Level 1:colcon.colcon_core.shell:create_environment_hook('radar_msg', 'ld_library_path_lib')
[8.238s] INFO:colcon.colcon_core.shell:Creating environment hook '/home/diego/Desktop/UC_SmartFarmRadar/magister_ws/install/radar_msg/share/radar_msg/hook/ld_library_path_lib.ps1'
[8.238s] INFO:colcon.colcon_core.shell:Creating environment descriptor '/home/diego/Desktop/UC_SmartFarmRadar/magister_ws/install/radar_msg/share/radar_msg/hook/ld_library_path_lib.dsv'
[8.238s] INFO:colcon.colcon_core.shell:Creating environment hook '/home/diego/Desktop/UC_SmartFarmRadar/magister_ws/install/radar_msg/share/radar_msg/hook/ld_library_path_lib.sh'
[8.239s] Level 1:colcon.colcon_core.environment:checking '/home/diego/Desktop/UC_SmartFarmRadar/magister_ws/install/radar_msg/bin'
[8.239s] Level 1:colcon.colcon_core.environment:checking '/home/diego/Desktop/UC_SmartFarmRadar/magister_ws/install/radar_msg/lib/pkgconfig/radar_msg.pc'
[8.239s] Level 1:colcon.colcon_core.environment:checking '/home/diego/Desktop/UC_SmartFarmRadar/magister_ws/install/radar_msg/lib/python3.10/site-packages'
[8.239s] Level 1:colcon.colcon_core.environment:checking '/home/diego/Desktop/UC_SmartFarmRadar/magister_ws/install/radar_msg/bin'
[8.239s] INFO:colcon.colcon_core.shell:Creating package script '/home/diego/Desktop/UC_SmartFarmRadar/magister_ws/install/radar_msg/share/radar_msg/package.ps1'
[8.240s] INFO:colcon.colcon_core.shell:Creating package descriptor '/home/diego/Desktop/UC_SmartFarmRadar/magister_ws/install/radar_msg/share/radar_msg/package.dsv'
[8.240s] INFO:colcon.colcon_core.shell:Creating package script '/home/diego/Desktop/UC_SmartFarmRadar/magister_ws/install/radar_msg/share/radar_msg/package.sh'
[8.240s] INFO:colcon.colcon_core.shell:Creating package script '/home/diego/Desktop/UC_SmartFarmRadar/magister_ws/install/radar_msg/share/radar_msg/package.bash'
[8.241s] INFO:colcon.colcon_core.shell:Creating package script '/home/diego/Desktop/UC_SmartFarmRadar/magister_ws/install/radar_msg/share/radar_msg/package.zsh'
[8.241s] Level 1:colcon.colcon_core.environment:create_file_with_runtime_dependencies(/home/diego/Desktop/UC_SmartFarmRadar/magister_ws/install/radar_msg/share/colcon-core/packages/radar_msg)
[8.241s] Level 1:colcon.colcon_core.environment:create_environment_scripts_only(radar_msg)
[8.241s] Level 1:colcon.colcon_core.environment:checking '/home/diego/Desktop/UC_SmartFarmRadar/magister_ws/install/radar_msg' for CMake module files
[8.242s] Level 1:colcon.colcon_core.environment:checking '/home/diego/Desktop/UC_SmartFarmRadar/magister_ws/install/radar_msg' for CMake config files
[8.242s] Level 1:colcon.colcon_core.shell:create_environment_hook('radar_msg', 'cmake_prefix_path')
[8.242s] INFO:colcon.colcon_core.shell:Creating environment hook '/home/diego/Desktop/UC_SmartFarmRadar/magister_ws/install/radar_msg/share/radar_msg/hook/cmake_prefix_path.ps1'
[8.242s] INFO:colcon.colcon_core.shell:Creating environment descriptor '/home/diego/Desktop/UC_SmartFarmRadar/magister_ws/install/radar_msg/share/radar_msg/hook/cmake_prefix_path.dsv'
[8.242s] INFO:colcon.colcon_core.shell:Creating environment hook '/home/diego/Desktop/UC_SmartFarmRadar/magister_ws/install/radar_msg/share/radar_msg/hook/cmake_prefix_path.sh'
[8.243s] Level 1:colcon.colcon_core.environment:checking '/home/diego/Desktop/UC_SmartFarmRadar/magister_ws/install/radar_msg/lib'
[8.243s] Level 1:colcon.colcon_core.shell:create_environment_hook('radar_msg', 'ld_library_path_lib')
[8.243s] INFO:colcon.colcon_core.shell:Creating environment hook '/home/diego/Desktop/UC_SmartFarmRadar/magister_ws/install/radar_msg/share/radar_msg/hook/ld_library_path_lib.ps1'
[8.243s] INFO:colcon.colcon_core.shell:Creating environment descriptor '/home/diego/Desktop/UC_SmartFarmRadar/magister_ws/install/radar_msg/share/radar_msg/hook/ld_library_path_lib.dsv'
[8.243s] INFO:colcon.colcon_core.shell:Creating environment hook '/home/diego/Desktop/UC_SmartFarmRadar/magister_ws/install/radar_msg/share/radar_msg/hook/ld_library_path_lib.sh'
[8.244s] Level 1:colcon.colcon_core.environment:checking '/home/diego/Desktop/UC_SmartFarmRadar/magister_ws/install/radar_msg/bin'
[8.244s] Level 1:colcon.colcon_core.environment:checking '/home/diego/Desktop/UC_SmartFarmRadar/magister_ws/install/radar_msg/lib/pkgconfig/radar_msg.pc'
[8.244s] Level 1:colcon.colcon_core.environment:checking '/home/diego/Desktop/UC_SmartFarmRadar/magister_ws/install/radar_msg/lib/python3.10/site-packages'
[8.244s] Level 1:colcon.colcon_core.environment:checking '/home/diego/Desktop/UC_SmartFarmRadar/magister_ws/install/radar_msg/bin'
[8.244s] INFO:colcon.colcon_core.shell:Creating package script '/home/diego/Desktop/UC_SmartFarmRadar/magister_ws/install/radar_msg/share/radar_msg/package.ps1'
[8.244s] INFO:colcon.colcon_core.shell:Creating package descriptor '/home/diego/Desktop/UC_SmartFarmRadar/magister_ws/install/radar_msg/share/radar_msg/package.dsv'
[8.245s] INFO:colcon.colcon_core.shell:Creating package script '/home/diego/Desktop/UC_SmartFarmRadar/magister_ws/install/radar_msg/share/radar_msg/package.sh'
[8.245s] INFO:colcon.colcon_core.shell:Creating package script '/home/diego/Desktop/UC_SmartFarmRadar/magister_ws/install/radar_msg/share/radar_msg/package.bash'
[8.245s] INFO:colcon.colcon_core.shell:Creating package script '/home/diego/Desktop/UC_SmartFarmRadar/magister_ws/install/radar_msg/share/radar_msg/package.zsh'
[8.246s] Level 1:colcon.colcon_core.environment:create_file_with_runtime_dependencies(/home/diego/Desktop/UC_SmartFarmRadar/magister_ws/install/radar_msg/share/colcon-core/packages/radar_msg)
[8.246s] INFO:colcon.colcon_ros.task.ament_python.build:Building ROS package in '/home/diego/Desktop/UC_SmartFarmRadar/magister_ws/src/radar_package' with build type 'ament_python'
[8.246s] Level 1:colcon.colcon_core.shell:create_environment_hook('radar_package', 'ament_prefix_path')
[8.246s] INFO:colcon.colcon_core.shell:Creating environment hook '/home/diego/Desktop/UC_SmartFarmRadar/magister_ws/install/radar_package/share/radar_package/hook/ament_prefix_path.ps1'
[8.247s] INFO:colcon.colcon_core.shell:Creating environment descriptor '/home/diego/Desktop/UC_SmartFarmRadar/magister_ws/install/radar_package/share/radar_package/hook/ament_prefix_path.dsv'
[8.247s] INFO:colcon.colcon_core.shell:Creating environment hook '/home/diego/Desktop/UC_SmartFarmRadar/magister_ws/install/radar_package/share/radar_package/hook/ament_prefix_path.sh'
[8.247s] INFO:colcon.colcon_core.shell:Skip shell extension 'powershell' for command environment: Not usable outside of PowerShell
[8.247s] DEBUG:colcon.colcon_core.shell:Skip shell extension 'dsv' for command environment
[8.622s] INFO:colcon.colcon_core.task.python.build:Building Python package in '/home/diego/Desktop/UC_SmartFarmRadar/magister_ws/src/radar_package'
[8.623s] INFO:colcon.colcon_core.shell:Skip shell extension 'powershell' for command environment: Not usable outside of PowerShell
[8.623s] DEBUG:colcon.colcon_core.shell:Skip shell extension 'dsv' for command environment
[9.465s] DEBUG:colcon.colcon_core.event_handler.log_command:Invoking command in '/home/diego/Desktop/UC_SmartFarmRadar/magister_ws/src/radar_package': AMENT_PREFIX_PATH=/home/diego/Desktop/UC_SmartFarmRadar/magister_ws/install/radar_msg:${AMENT_PREFIX_PATH} CMAKE_PREFIX_PATH=/home/diego/Desktop/UC_SmartFarmRadar/magister_ws/install/radar_msg:${CMAKE_PREFIX_PATH} LD_LIBRARY_PATH=/home/diego/Desktop/UC_SmartFarmRadar/magister_ws/install/radar_msg/lib:${LD_LIBRARY_PATH} PYTHONPATH=/home/diego/Desktop/UC_SmartFarmRadar/magister_ws/build/radar_package/prefix_override:/usr/lib/python3/dist-packages/colcon_core/task/python/colcon_distutils_commands:/home/diego/Desktop/UC_SmartFarmRadar/magister_ws/install/radar_package/lib/python3.10/site-packages:/home/diego/Desktop/UC_SmartFarmRadar/magister_ws/install/radar_msg/local/lib/python3.10/dist-packages:${PYTHONPATH} /usr/bin/python3 -W ignore:setup.py install is deprecated -W ignore:easy_install command is deprecated setup.py egg_info --egg-base ../../build/radar_package build --build-base /home/diego/Desktop/UC_SmartFarmRadar/magister_ws/build/radar_package/build install --record /home/diego/Desktop/UC_SmartFarmRadar/magister_ws/build/radar_package/install.log --single-version-externally-managed install_data
[10.245s] Level 1:colcon.colcon_core.environment:checking '/home/diego/Desktop/UC_SmartFarmRadar/magister_ws/install/radar_package' for CMake module files
[10.245s] DEBUG:colcon.colcon_core.event_handler.log_command:Invoked command in '/home/diego/Desktop/UC_SmartFarmRadar/magister_ws/src/radar_package' returned '0': AMENT_PREFIX_PATH=/home/diego/Desktop/UC_SmartFarmRadar/magister_ws/install/radar_msg:${AMENT_PREFIX_PATH} CMAKE_PREFIX_PATH=/home/diego/Desktop/UC_SmartFarmRadar/magister_ws/install/radar_msg:${CMAKE_PREFIX_PATH} LD_LIBRARY_PATH=/home/diego/Desktop/UC_SmartFarmRadar/magister_ws/install/radar_msg/lib:${LD_LIBRARY_PATH} PYTHONPATH=/home/diego/Desktop/UC_SmartFarmRadar/magister_ws/build/radar_package/prefix_override:/usr/lib/python3/dist-packages/colcon_core/task/python/colcon_distutils_commands:/home/diego/Desktop/UC_SmartFarmRadar/magister_ws/install/radar_package/lib/python3.10/site-packages:/home/diego/Desktop/UC_SmartFarmRadar/magister_ws/install/radar_msg/local/lib/python3.10/dist-packages:${PYTHONPATH} /usr/bin/python3 -W ignore:setup.py install is deprecated -W ignore:easy_install command is deprecated setup.py egg_info --egg-base ../../build/radar_package build --build-base /home/diego/Desktop/UC_SmartFarmRadar/magister_ws/build/radar_package/build install --record /home/diego/Desktop/UC_SmartFarmRadar/magister_ws/build/radar_package/install.log --single-version-externally-managed install_data
[10.245s] Level 1:colcon.colcon_core.environment:checking '/home/diego/Desktop/UC_SmartFarmRadar/magister_ws/install/radar_package' for CMake config files
[10.246s] Level 1:colcon.colcon_core.environment:checking '/home/diego/Desktop/UC_SmartFarmRadar/magister_ws/install/radar_package/lib'
[10.246s] Level 1:colcon.colcon_core.environment:checking '/home/diego/Desktop/UC_SmartFarmRadar/magister_ws/install/radar_package/bin'
[10.246s] Level 1:colcon.colcon_core.environment:checking '/home/diego/Desktop/UC_SmartFarmRadar/magister_ws/install/radar_package/lib/pkgconfig/radar_package.pc'
[10.246s] Level 1:colcon.colcon_core.environment:checking '/home/diego/Desktop/UC_SmartFarmRadar/magister_ws/install/radar_package/lib/python3.10/site-packages'
[10.246s] Level 1:colcon.colcon_core.shell:create_environment_hook('radar_package', 'pythonpath')
[10.246s] INFO:colcon.colcon_core.shell:Creating environment hook '/home/diego/Desktop/UC_SmartFarmRadar/magister_ws/install/radar_package/share/radar_package/hook/pythonpath.ps1'
[10.247s] INFO:colcon.colcon_core.shell:Creating environment descriptor '/home/diego/Desktop/UC_SmartFarmRadar/magister_ws/install/radar_package/share/radar_package/hook/pythonpath.dsv'
[10.247s] INFO:colcon.colcon_core.shell:Creating environment hook '/home/diego/Desktop/UC_SmartFarmRadar/magister_ws/install/radar_package/share/radar_package/hook/pythonpath.sh'
[10.247s] Level 1:colcon.colcon_core.environment:checking '/home/diego/Desktop/UC_SmartFarmRadar/magister_ws/install/radar_package/bin'
[10.247s] Level 1:colcon.colcon_core.environment:create_environment_scripts_only(radar_package)
[10.247s] INFO:colcon.colcon_core.shell:Creating package script '/home/diego/Desktop/UC_SmartFarmRadar/magister_ws/install/radar_package/share/radar_package/package.ps1'
[10.248s] INFO:colcon.colcon_core.shell:Creating package descriptor '/home/diego/Desktop/UC_SmartFarmRadar/magister_ws/install/radar_package/share/radar_package/package.dsv'
[10.248s] INFO:colcon.colcon_core.shell:Creating package script '/home/diego/Desktop/UC_SmartFarmRadar/magister_ws/install/radar_package/share/radar_package/package.sh'
[10.248s] INFO:colcon.colcon_core.shell:Creating package script '/home/diego/Desktop/UC_SmartFarmRadar/magister_ws/install/radar_package/share/radar_package/package.bash'
[10.248s] INFO:colcon.colcon_core.shell:Creating package script '/home/diego/Desktop/UC_SmartFarmRadar/magister_ws/install/radar_package/share/radar_package/package.zsh'
[10.249s] Level 1:colcon.colcon_core.environment:create_file_with_runtime_dependencies(/home/diego/Desktop/UC_SmartFarmRadar/magister_ws/install/radar_package/share/colcon-core/packages/radar_package)
[10.249s] DEBUG:colcon.colcon_parallel_executor.executor.parallel:closing loop
[10.249s] DEBUG:colcon.colcon_parallel_executor.executor.parallel:loop closed
[10.249s] DEBUG:colcon.colcon_parallel_executor.executor.parallel:run_until_complete finished with '0'
[10.249s] DEBUG:colcon.colcon_core.event_reactor:joining thread
[10.260s] INFO:colcon.colcon_core.plugin_system:Skipping extension 'colcon_notification.desktop_notification.terminal_notifier': Not used on non-Darwin systems
[10.260s] INFO:colcon.colcon_core.plugin_system:Skipping extension 'colcon_notification.desktop_notification.win32': Not used on non-Windows systems
[10.260s] INFO:colcon.colcon_notification.desktop_notification:Sending desktop notification using 'notify2'
[10.268s] DEBUG:colcon.colcon_core.event_reactor:joined thread
[10.268s] INFO:colcon.colcon_core.shell:Creating prefix script '/home/diego/Desktop/UC_SmartFarmRadar/magister_ws/install/local_setup.ps1'
[10.269s] INFO:colcon.colcon_core.shell:Creating prefix util module '/home/diego/Desktop/UC_SmartFarmRadar/magister_ws/install/_local_setup_util_ps1.py'
[10.270s] INFO:colcon.colcon_core.shell:Creating prefix chain script '/home/diego/Desktop/UC_SmartFarmRadar/magister_ws/install/setup.ps1'
[10.281s] INFO:colcon.colcon_core.shell:Creating prefix script '/home/diego/Desktop/UC_SmartFarmRadar/magister_ws/install/local_setup.sh'
[10.281s] INFO:colcon.colcon_core.shell:Creating prefix util module '/home/diego/Desktop/UC_SmartFarmRadar/magister_ws/install/_local_setup_util_sh.py'
[10.281s] INFO:colcon.colcon_core.shell:Creating prefix chain script '/home/diego/Desktop/UC_SmartFarmRadar/magister_ws/install/setup.sh'
[10.291s] INFO:colcon.colcon_core.shell:Creating prefix script '/home/diego/Desktop/UC_SmartFarmRadar/magister_ws/install/local_setup.bash'
[10.291s] INFO:colcon.colcon_core.shell:Creating prefix chain script '/home/diego/Desktop/UC_SmartFarmRadar/magister_ws/install/setup.bash'
[10.301s] INFO:colcon.colcon_core.shell:Creating prefix script '/home/diego/Desktop/UC_SmartFarmRadar/magister_ws/install/local_setup.zsh'
[10.302s] INFO:colcon.colcon_core.shell:Creating prefix chain script '/home/diego/Desktop/UC_SmartFarmRadar/magister_ws/install/setup.zsh'
