running egg_info
creating ../../build/ptu_controller/ptu_controller.egg-info
writing ../../build/ptu_controller/ptu_controller.egg-info/PKG-INFO
writing dependency_links to ../../build/ptu_controller/ptu_controller.egg-info/dependency_links.txt
writing entry points to ../../build/ptu_controller/ptu_controller.egg-info/entry_points.txt
writing requirements to ../../build/ptu_controller/ptu_controller.egg-info/requires.txt
writing top-level names to ../../build/ptu_controller/ptu_controller.egg-info/top_level.txt
writing manifest file '../../build/ptu_controller/ptu_controller.egg-info/SOURCES.txt'
reading manifest file '../../build/ptu_controller/ptu_controller.egg-info/SOURCES.txt'
writing manifest file '../../build/ptu_controller/ptu_controller.egg-info/SOURCES.txt'
running build
running build_py
creating /home/diego/Desktop/magister/UC_SmartFarmRadar/magister_ws/build/ptu_controller/build/lib/ptu_controller
copying ptu_controller/controlador.py -> /home/diego/Desktop/magister/UC_SmartFarmRadar/magister_ws/build/ptu_controller/build/lib/ptu_controller
copying ptu_controller/__init__.py -> /home/diego/Desktop/magister/UC_SmartFarmRadar/magister_ws/build/ptu_controller/build/lib/ptu_controller
running install
running install_lib
creating /home/diego/Desktop/magister/UC_SmartFarmRadar/magister_ws/install/ptu_controller/lib/python3.10/site-packages/ptu_controller
copying /home/diego/Desktop/magister/UC_SmartFarmRadar/magister_ws/build/ptu_controller/build/lib/ptu_controller/controlador.py -> /home/diego/Desktop/magister/UC_SmartFarmRadar/magister_ws/install/ptu_controller/lib/python3.10/site-packages/ptu_controller
copying /home/diego/Desktop/magister/UC_SmartFarmRadar/magister_ws/build/ptu_controller/build/lib/ptu_controller/__init__.py -> /home/diego/Desktop/magister/UC_SmartFarmRadar/magister_ws/install/ptu_controller/lib/python3.10/site-packages/ptu_controller
byte-compiling /home/diego/Desktop/magister/UC_SmartFarmRadar/magister_ws/install/ptu_controller/lib/python3.10/site-packages/ptu_controller/controlador.py to controlador.cpython-310.pyc
byte-compiling /home/diego/Desktop/magister/UC_SmartFarmRadar/magister_ws/install/ptu_controller/lib/python3.10/site-packages/ptu_controller/__init__.py to __init__.cpython-310.pyc
running install_data
creating /home/diego/Desktop/magister/UC_SmartFarmRadar/magister_ws/install/ptu_controller/share/ament_index/resource_index/packages
copying resource/ptu_controller -> /home/diego/Desktop/magister/UC_SmartFarmRadar/magister_ws/install/ptu_controller/share/ament_index/resource_index/packages
copying package.xml -> /home/diego/Desktop/magister/UC_SmartFarmRadar/magister_ws/install/ptu_controller/share/ptu_controller
running install_egg_info
Copying ../../build/ptu_controller/ptu_controller.egg-info to /home/diego/Desktop/magister/UC_SmartFarmRadar/magister_ws/install/ptu_controller/lib/python3.10/site-packages/ptu_controller-0.0.0-py3.10.egg-info
running install_scripts
Installing ptu_controller script to /home/diego/Desktop/magister/UC_SmartFarmRadar/magister_ws/install/ptu_controller/lib/ptu_controller
writing list of installed files to '/home/diego/Desktop/magister/UC_SmartFarmRadar/magister_ws/build/ptu_controller/install.log'
