[1.254s] Invoking command in '/home/diego/Desktop/magister/UC_SmartFarmRadar/magister_ws/src/ptu_controller': PYTHONPATH=/home/diego/Desktop/magister/UC_SmartFarmRadar/magister_ws/build/ptu_controller/prefix_override:/usr/lib/python3/dist-packages/colcon_core/task/python/colcon_distutils_commands:/home/diego/Desktop/magister/UC_SmartFarmRadar/magister_ws/install/ptu_controller/lib/python3.10/site-packages:${PYTHONPATH} /usr/bin/python3 -W ignore:setup.py install is deprecated -W ignore:easy_install command is deprecated setup.py egg_info --egg-base ../../build/ptu_controller build --build-base /home/diego/Desktop/magister/UC_SmartFarmRadar/magister_ws/build/ptu_controller/build install --record /home/diego/Desktop/magister/UC_SmartFarmRadar/magister_ws/build/ptu_controller/install.log --single-version-externally-managed install_data
[1.685s] running egg_info
[1.707s] creating ../../build/ptu_controller/ptu_controller.egg-info
[1.707s] writing ../../build/ptu_controller/ptu_controller.egg-info/PKG-INFO
[1.708s] writing dependency_links to ../../build/ptu_controller/ptu_controller.egg-info/dependency_links.txt
[1.708s] writing entry points to ../../build/ptu_controller/ptu_controller.egg-info/entry_points.txt
[1.708s] writing requirements to ../../build/ptu_controller/ptu_controller.egg-info/requires.txt
[1.708s] writing top-level names to ../../build/ptu_controller/ptu_controller.egg-info/top_level.txt
[1.708s] writing manifest file '../../build/ptu_controller/ptu_controller.egg-info/SOURCES.txt'
[1.757s] reading manifest file '../../build/ptu_controller/ptu_controller.egg-info/SOURCES.txt'
[1.758s] writing manifest file '../../build/ptu_controller/ptu_controller.egg-info/SOURCES.txt'
[1.758s] running build
[1.758s] running build_py
[1.758s] creating /home/diego/Desktop/magister/UC_SmartFarmRadar/magister_ws/build/ptu_controller/build/lib/ptu_controller
[1.758s] copying ptu_controller/controlador.py -> /home/diego/Desktop/magister/UC_SmartFarmRadar/magister_ws/build/ptu_controller/build/lib/ptu_controller
[1.758s] copying ptu_controller/__init__.py -> /home/diego/Desktop/magister/UC_SmartFarmRadar/magister_ws/build/ptu_controller/build/lib/ptu_controller
[1.758s] running install
[1.761s] running install_lib
[1.784s] creating /home/diego/Desktop/magister/UC_SmartFarmRadar/magister_ws/install/ptu_controller/lib/python3.10/site-packages/ptu_controller
[1.784s] copying /home/diego/Desktop/magister/UC_SmartFarmRadar/magister_ws/build/ptu_controller/build/lib/ptu_controller/controlador.py -> /home/diego/Desktop/magister/UC_SmartFarmRadar/magister_ws/install/ptu_controller/lib/python3.10/site-packages/ptu_controller
[1.785s] copying /home/diego/Desktop/magister/UC_SmartFarmRadar/magister_ws/build/ptu_controller/build/lib/ptu_controller/__init__.py -> /home/diego/Desktop/magister/UC_SmartFarmRadar/magister_ws/install/ptu_controller/lib/python3.10/site-packages/ptu_controller
[1.786s] byte-compiling /home/diego/Desktop/magister/UC_SmartFarmRadar/magister_ws/install/ptu_controller/lib/python3.10/site-packages/ptu_controller/controlador.py to controlador.cpython-310.pyc
[1.787s] byte-compiling /home/diego/Desktop/magister/UC_SmartFarmRadar/magister_ws/install/ptu_controller/lib/python3.10/site-packages/ptu_controller/__init__.py to __init__.cpython-310.pyc
[1.787s] running install_data
[1.787s] creating /home/diego/Desktop/magister/UC_SmartFarmRadar/magister_ws/install/ptu_controller/share/ament_index/resource_index/packages
[1.787s] copying resource/ptu_controller -> /home/diego/Desktop/magister/UC_SmartFarmRadar/magister_ws/install/ptu_controller/share/ament_index/resource_index/packages
[1.787s] copying package.xml -> /home/diego/Desktop/magister/UC_SmartFarmRadar/magister_ws/install/ptu_controller/share/ptu_controller
[1.787s] running install_egg_info
[1.813s] Copying ../../build/ptu_controller/ptu_controller.egg-info to /home/diego/Desktop/magister/UC_SmartFarmRadar/magister_ws/install/ptu_controller/lib/python3.10/site-packages/ptu_controller-0.0.0-py3.10.egg-info
[1.814s] running install_scripts
[1.972s] Installing ptu_controller script to /home/diego/Desktop/magister/UC_SmartFarmRadar/magister_ws/install/ptu_controller/lib/ptu_controller
[1.972s] writing list of installed files to '/home/diego/Desktop/magister/UC_SmartFarmRadar/magister_ws/build/ptu_controller/install.log'
[2.002s] Invoked command in '/home/diego/Desktop/magister/UC_SmartFarmRadar/magister_ws/src/ptu_controller' returned '0': PYTHONPATH=/home/diego/Desktop/magister/UC_SmartFarmRadar/magister_ws/build/ptu_controller/prefix_override:/usr/lib/python3/dist-packages/colcon_core/task/python/colcon_distutils_commands:/home/diego/Desktop/magister/UC_SmartFarmRadar/magister_ws/install/ptu_controller/lib/python3.10/site-packages:${PYTHONPATH} /usr/bin/python3 -W ignore:setup.py install is deprecated -W ignore:easy_install command is deprecated setup.py egg_info --egg-base ../../build/ptu_controller build --build-base /home/diego/Desktop/magister/UC_SmartFarmRadar/magister_ws/build/ptu_controller/build install --record /home/diego/Desktop/magister/UC_SmartFarmRadar/magister_ws/build/ptu_controller/install.log --single-version-externally-managed install_data
