[0.252s] DEBUG:colcon:Command line arguments: ['/usr/bin/colcon', 'build', '--packages-select', 'radar_msg']
[0.252s] DEBUG:colcon:Parsed command line arguments: Namespace(log_base=None, log_level=None, verb_name='build', build_base='build', install_base='install', merge_install=False, symlink_install=False, test_result_base=None, continue_on_error=False, executor='parallel', parallel_workers=12, event_handlers=None, ignore_user_meta=False, metas=['./colcon.meta'], base_paths=['.'], packages_ignore=None, packages_ignore_regex=None, paths=None, packages_up_to=None, packages_up_to_regex=None, packages_above=None, packages_above_and_dependencies=None, packages_above_depth=None, packages_select_by_dep=None, packages_skip_by_dep=None, packages_skip_up_to=None, packages_select_build_failed=False, packages_skip_build_finished=False, packages_select_test_failures=False, packages_skip_test_passed=False, packages_select=['radar_msg'], packages_skip=None, packages_select_regex=None, packages_skip_regex=None, packages_start=None, packages_end=None, allow_overriding=[], cmake_args=None, cmake_target=None, cmake_target_skip_unavailable=False, cmake_clean_cache=False, cmake_clean_first=False, cmake_force_configure=False, ament_cmake_args=None, catkin_cmake_args=None, catkin_skip_building_tests=False, mixin_files=None, mixin=None, verb_parser=<colcon_mixin.mixin.mixin_argument.MixinArgumentDecorator object at 0x7263ce210f10>, verb_extension=<colcon_core.verb.build.BuildVerb object at 0x7263ce19a860>, main=<bound method BuildVerb.main of <colcon_core.verb.build.BuildVerb object at 0x7263ce19a860>>, mixin_verb=('build',))
[0.332s] Level 1:colcon.colcon_core.package_discovery:discover_packages(colcon_meta) check parameters
[0.333s] Level 1:colcon.colcon_core.package_discovery:discover_packages(recursive) check parameters
[0.333s] Level 1:colcon.colcon_core.package_discovery:discover_packages(ignore) check parameters
[0.333s] Level 1:colcon.colcon_core.package_discovery:discover_packages(path) check parameters
[0.333s] Level 1:colcon.colcon_core.package_discovery:discover_packages(colcon_meta) discover
[0.333s] Level 1:colcon.colcon_core.package_discovery:discover_packages(recursive) discover
[0.333s] INFO:colcon.colcon_core.package_discovery:Crawling recursively for packages in '/home/diego/Desktop/magister/magister_ws'
[0.333s] Level 1:colcon.colcon_core.package_identification:_identify(.) by extensions ['ignore', 'ignore_ament_install']
[0.333s] Level 1:colcon.colcon_core.package_identification:_identify(.) by extension 'ignore'
[0.333s] Level 1:colcon.colcon_core.package_identification:_identify(.) by extension 'ignore_ament_install'
[0.333s] Level 1:colcon.colcon_core.package_identification:_identify(.) by extensions ['colcon_pkg']
[0.333s] Level 1:colcon.colcon_core.package_identification:_identify(.) by extension 'colcon_pkg'
[0.333s] Level 1:colcon.colcon_core.package_identification:_identify(.) by extensions ['colcon_meta']
[0.333s] Level 1:colcon.colcon_core.package_identification:_identify(.) by extension 'colcon_meta'
[0.333s] Level 1:colcon.colcon_core.package_identification:_identify(.) by extensions ['ros']
[0.333s] Level 1:colcon.colcon_core.package_identification:_identify(.) by extension 'ros'
[0.354s] Level 1:colcon.colcon_core.package_identification:_identify(.) by extensions ['cmake', 'python']
[0.354s] Level 1:colcon.colcon_core.package_identification:_identify(.) by extension 'cmake'
[0.354s] Level 1:colcon.colcon_core.package_identification:_identify(.) by extension 'python'
[0.355s] Level 1:colcon.colcon_core.package_identification:_identify(.) by extensions ['python_setup_py']
[0.355s] Level 1:colcon.colcon_core.package_identification:_identify(.) by extension 'python_setup_py'
[0.355s] Level 1:colcon.colcon_core.package_identification:_identify(build) by extensions ['ignore', 'ignore_ament_install']
[0.355s] Level 1:colcon.colcon_core.package_identification:_identify(build) by extension 'ignore'
[0.355s] Level 1:colcon.colcon_core.package_identification:_identify(build) ignored
[0.355s] Level 1:colcon.colcon_core.package_identification:_identify(install) by extensions ['ignore', 'ignore_ament_install']
[0.355s] Level 1:colcon.colcon_core.package_identification:_identify(install) by extension 'ignore'
[0.355s] Level 1:colcon.colcon_core.package_identification:_identify(install) ignored
[0.355s] Level 1:colcon.colcon_core.package_identification:_identify(log) by extensions ['ignore', 'ignore_ament_install']
[0.355s] Level 1:colcon.colcon_core.package_identification:_identify(log) by extension 'ignore'
[0.355s] Level 1:colcon.colcon_core.package_identification:_identify(log) ignored
[0.356s] Level 1:colcon.colcon_core.package_identification:_identify(src) by extensions ['ignore', 'ignore_ament_install']
[0.356s] Level 1:colcon.colcon_core.package_identification:_identify(src) by extension 'ignore'
[0.356s] Level 1:colcon.colcon_core.package_identification:_identify(src) by extension 'ignore_ament_install'
[0.356s] Level 1:colcon.colcon_core.package_identification:_identify(src) by extensions ['colcon_pkg']
[0.356s] Level 1:colcon.colcon_core.package_identification:_identify(src) by extension 'colcon_pkg'
[0.356s] Level 1:colcon.colcon_core.package_identification:_identify(src) by extensions ['colcon_meta']
[0.356s] Level 1:colcon.colcon_core.package_identification:_identify(src) by extension 'colcon_meta'
[0.356s] Level 1:colcon.colcon_core.package_identification:_identify(src) by extensions ['ros']
[0.356s] Level 1:colcon.colcon_core.package_identification:_identify(src) by extension 'ros'
[0.356s] Level 1:colcon.colcon_core.package_identification:_identify(src) by extensions ['cmake', 'python']
[0.356s] Level 1:colcon.colcon_core.package_identification:_identify(src) by extension 'cmake'
[0.356s] Level 1:colcon.colcon_core.package_identification:_identify(src) by extension 'python'
[0.356s] Level 1:colcon.colcon_core.package_identification:_identify(src) by extensions ['python_setup_py']
[0.356s] Level 1:colcon.colcon_core.package_identification:_identify(src) by extension 'python_setup_py'
[0.356s] Level 1:colcon.colcon_core.package_identification:_identify(src/radar_matriz_msg_ejemplo) by extensions ['ignore', 'ignore_ament_install']
[0.356s] Level 1:colcon.colcon_core.package_identification:_identify(src/radar_matriz_msg_ejemplo) by extension 'ignore'
[0.356s] Level 1:colcon.colcon_core.package_identification:_identify(src/radar_matriz_msg_ejemplo) by extension 'ignore_ament_install'
[0.356s] Level 1:colcon.colcon_core.package_identification:_identify(src/radar_matriz_msg_ejemplo) by extensions ['colcon_pkg']
[0.356s] Level 1:colcon.colcon_core.package_identification:_identify(src/radar_matriz_msg_ejemplo) by extension 'colcon_pkg'
[0.356s] Level 1:colcon.colcon_core.package_identification:_identify(src/radar_matriz_msg_ejemplo) by extensions ['colcon_meta']
[0.357s] Level 1:colcon.colcon_core.package_identification:_identify(src/radar_matriz_msg_ejemplo) by extension 'colcon_meta'
[0.357s] Level 1:colcon.colcon_core.package_identification:_identify(src/radar_matriz_msg_ejemplo) by extensions ['ros']
[0.357s] Level 1:colcon.colcon_core.package_identification:_identify(src/radar_matriz_msg_ejemplo) by extension 'ros'
[0.359s] DEBUG:colcon.colcon_core.package_identification:Package 'src/radar_matriz_msg_ejemplo' with type 'ros.ament_python' and name 'radar_matriz_msg_ejemplo'
[0.359s] Level 1:colcon.colcon_core.package_identification:_identify(src/radar_msg) by extensions ['ignore', 'ignore_ament_install']
[0.359s] Level 1:colcon.colcon_core.package_identification:_identify(src/radar_msg) by extension 'ignore'
[0.359s] Level 1:colcon.colcon_core.package_identification:_identify(src/radar_msg) by extension 'ignore_ament_install'
[0.359s] Level 1:colcon.colcon_core.package_identification:_identify(src/radar_msg) by extensions ['colcon_pkg']
[0.359s] Level 1:colcon.colcon_core.package_identification:_identify(src/radar_msg) by extension 'colcon_pkg'
[0.359s] Level 1:colcon.colcon_core.package_identification:_identify(src/radar_msg) by extensions ['colcon_meta']
[0.359s] Level 1:colcon.colcon_core.package_identification:_identify(src/radar_msg) by extension 'colcon_meta'
[0.360s] Level 1:colcon.colcon_core.package_identification:_identify(src/radar_msg) by extensions ['ros']
[0.360s] Level 1:colcon.colcon_core.package_identification:_identify(src/radar_msg) by extension 'ros'
[0.360s] DEBUG:colcon.colcon_core.package_identification:Package 'src/radar_msg' with type 'ros.ament_cmake' and name 'radar_msg'
[0.360s] Level 1:colcon.colcon_core.package_identification:_identify(src/radar_package) by extensions ['ignore', 'ignore_ament_install']
[0.360s] Level 1:colcon.colcon_core.package_identification:_identify(src/radar_package) by extension 'ignore'
[0.360s] Level 1:colcon.colcon_core.package_identification:_identify(src/radar_package) by extension 'ignore_ament_install'
[0.361s] Level 1:colcon.colcon_core.package_identification:_identify(src/radar_package) by extensions ['colcon_pkg']
[0.361s] Level 1:colcon.colcon_core.package_identification:_identify(src/radar_package) by extension 'colcon_pkg'
[0.361s] Level 1:colcon.colcon_core.package_identification:_identify(src/radar_package) by extensions ['colcon_meta']
[0.361s] Level 1:colcon.colcon_core.package_identification:_identify(src/radar_package) by extension 'colcon_meta'
[0.361s] Level 1:colcon.colcon_core.package_identification:_identify(src/radar_package) by extensions ['ros']
[0.361s] Level 1:colcon.colcon_core.package_identification:_identify(src/radar_package) by extension 'ros'
[0.361s] DEBUG:colcon.colcon_core.package_identification:Package 'src/radar_package' with type 'ros.ament_python' and name 'radar_package'
[0.361s] Level 1:colcon.colcon_core.package_discovery:discover_packages(recursive) using defaults
[0.361s] Level 1:colcon.colcon_core.package_discovery:discover_packages(ignore) discover
[0.361s] Level 1:colcon.colcon_core.package_discovery:discover_packages(ignore) using defaults
[0.361s] Level 1:colcon.colcon_core.package_discovery:discover_packages(path) discover
[0.362s] Level 1:colcon.colcon_core.package_discovery:discover_packages(path) using defaults
[0.421s] INFO:colcon.colcon_core.package_selection:Skipping not selected package 'radar_matriz_msg_ejemplo' in 'src/radar_matriz_msg_ejemplo'
[0.421s] INFO:colcon.colcon_core.package_selection:Skipping not selected package 'radar_package' in 'src/radar_package'
[0.421s] Level 1:colcon.colcon_core.package_discovery:discover_packages(prefix_path) check parameters
[0.421s] Level 1:colcon.colcon_core.package_discovery:discover_packages(prefix_path) discover
[0.436s] DEBUG:colcon.colcon_installed_package_information.package_discovery:Found 1 installed packages in /home/diego/Desktop/magister/magister_ws/install
[0.446s] DEBUG:colcon.colcon_installed_package_information.package_discovery:Found 346 installed packages in /home/diego/ros2_humble/install
[0.447s] Level 1:colcon.colcon_core.package_discovery:discover_packages(prefix_path) using defaults
[0.477s] Level 5:colcon.colcon_core.verb:set package 'radar_msg' build argument 'cmake_args' from command line to 'None'
[0.477s] Level 5:colcon.colcon_core.verb:set package 'radar_msg' build argument 'cmake_target' from command line to 'None'
[0.477s] Level 5:colcon.colcon_core.verb:set package 'radar_msg' build argument 'cmake_target_skip_unavailable' from command line to 'False'
[0.477s] Level 5:colcon.colcon_core.verb:set package 'radar_msg' build argument 'cmake_clean_cache' from command line to 'False'
[0.477s] Level 5:colcon.colcon_core.verb:set package 'radar_msg' build argument 'cmake_clean_first' from command line to 'False'
[0.477s] Level 5:colcon.colcon_core.verb:set package 'radar_msg' build argument 'cmake_force_configure' from command line to 'False'
[0.478s] Level 5:colcon.colcon_core.verb:set package 'radar_msg' build argument 'ament_cmake_args' from command line to 'None'
[0.478s] Level 5:colcon.colcon_core.verb:set package 'radar_msg' build argument 'catkin_cmake_args' from command line to 'None'
[0.478s] Level 5:colcon.colcon_core.verb:set package 'radar_msg' build argument 'catkin_skip_building_tests' from command line to 'False'
[0.478s] DEBUG:colcon.colcon_core.verb:Building package 'radar_msg' with the following arguments: {'ament_cmake_args': None, 'build_base': '/home/diego/Desktop/magister/magister_ws/build/radar_msg', 'catkin_cmake_args': None, 'catkin_skip_building_tests': False, 'cmake_args': None, 'cmake_clean_cache': False, 'cmake_clean_first': False, 'cmake_force_configure': False, 'cmake_target': None, 'cmake_target_skip_unavailable': False, 'install_base': '/home/diego/Desktop/magister/magister_ws/install/radar_msg', 'merge_install': False, 'path': '/home/diego/Desktop/magister/magister_ws/src/radar_msg', 'symlink_install': False, 'test_result_base': None}
[0.478s] INFO:colcon.colcon_core.executor:Executing jobs using 'parallel' executor
[0.479s] DEBUG:colcon.colcon_parallel_executor.executor.parallel:run_until_complete
[0.479s] INFO:colcon.colcon_ros.task.ament_cmake.build:Building ROS package in '/home/diego/Desktop/magister/magister_ws/src/radar_msg' with build type 'ament_cmake'
[0.479s] INFO:colcon.colcon_cmake.task.cmake.build:Building CMake package in '/home/diego/Desktop/magister/magister_ws/src/radar_msg'
[0.486s] INFO:colcon.colcon_core.plugin_system:Skipping extension 'colcon_core.shell.bat': Not used on non-Windows systems
[0.486s] INFO:colcon.colcon_core.shell:Skip shell extension 'powershell' for command environment: Not usable outside of PowerShell
[0.486s] DEBUG:colcon.colcon_core.shell:Skip shell extension 'dsv' for command environment
[0.532s] DEBUG:colcon.colcon_core.event_handler.log_command:Invoking command in '/home/diego/Desktop/magister/magister_ws/build/radar_msg': CMAKE_PREFIX_PATH=${CMAKE_PREFIX_PATH}:/home/diego/ros2_humble/install/rqt_bag_plugins:/home/diego/ros2_humble/install/rqt_bag:/home/diego/ros2_humble/install/launch_testing_examples:/home/diego/ros2_humble/install/ros2bag:/home/diego/ros2_humble/install/tracetools_test:/home/diego/ros2_humble/install/tracetools_launch:/home/diego/ros2_humble/install/topic_monitor:/home/diego/ros2_humble/install/tf2_tools:/home/diego/ros2_humble/install/examples_tf2_py:/home/diego/ros2_humble/install/tf2_ros_py:/home/diego/ros2_humble/install/sros2:/home/diego/ros2_humble/install/rqt_topic:/home/diego/ros2_humble/install/rqt_srv:/home/diego/ros2_humble/install/rqt_shell:/home/diego/ros2_humble/install/rqt_service_caller:/home/diego/ros2_humble/install/rqt_reconfigure:/home/diego/ros2_humble/install/rqt_py_console:/home/diego/ros2_humble/install/rqt_publisher:/home/diego/ros2_humble/install/rqt_plot:/home/diego/ros2_humble/install/rqt_action:/home/diego/ros2_humble/install/rqt_msg:/home/diego/ros2_humble/install/rqt_console:/home/diego/ros2_humble/install/rqt:/home/diego/ros2_humble/install/rqt_graph:/home/diego/ros2_humble/install/rqt_gui_py:/home/diego/ros2_humble/install/rqt_gui:/home/diego/ros2_humble/install/ros2trace:/home/diego/ros2_humble/install/ros2topic:/home/diego/ros2_humble/install/ros2test:/home/diego/ros2_humble/install/ros2component:/home/diego/ros2_humble/install/ros2param:/home/diego/ros2_humble/install/ros2lifecycle:/home/diego/ros2_humble/install/ros2service:/home/diego/ros2_humble/install/ros2run:/home/diego/ros2_humble/install/ros2launch:/home/diego/ros2_humble/install/ros2pkg:/home/diego/ros2_humble/install/ros2node:/home/diego/ros2_humble/install/ros2multicast:/home/diego/ros2_humble/install/ros2interface:/home/diego/ros2_humble/install/ros2doctor:/home/diego/ros2_humble/install/ros2action:/home/diego/ros2_humble/install/ros2cli:/home/diego/ros2_humble/install/quality_of_service_demo_py:/home/diego/ros2_humble/install/lifecycle_py:/home/diego/ros2_humble/install/launch_testing_ros:/home/diego/ros2_humble/install/launch_ros:/home/diego/ros2_humble/install/examples_rclpy_pointcloud_publisher:/home/diego/ros2_humble/install/examples_rclpy_minimal_subscriber:/home/diego/ros2_humble/install/examples_rclpy_minimal_service:/home/diego/ros2_humble/install/examples_rclpy_minimal_publisher:/home/diego/ros2_humble/install/examples_rclpy_minimal_client:/home/diego/ros2_humble/install/examples_rclpy_minimal_action_server:/home/diego/ros2_humble/install/examples_rclpy_minimal_action_client:/home/diego/ros2_humble/install/examples_rclpy_guard_conditions:/home/diego/ros2_humble/install/examples_rclpy_executors:/home/diego/ros2_humble/install/demo_nodes_py:/home/diego/ros2_humble/install/camera_info_manager_py:/home/diego/ros2_humble/install/action_tutorials_py:/home/diego/ros2_humble/install/ament_uncrustify:/home/diego/ros2_humble/install/tracetools_trace:/home/diego/ros2_humble/install/tracetools_read:/home/diego/ros2_humble/install/test_tracetools_launch:/home/diego/ros2_humble/install/test_launch_ros:/home/diego/ros2_humble/install/sensor_msgs_py:/home/diego/ros2_humble/install/rpyutils:/home/diego/ros2_humble/install/rosidl_runtime_py:/home/diego/ros2_humble/install/rosidl_cli:/home/diego/ros2_humble/install/launch_pytest:/home/diego/ros2_humble/install/launch_testing:/home/diego/ros2_humble/install/launch_yaml:/home/diego/ros2_humble/install/launch_xml:/home/diego/ros2_humble/install/launch:/home/diego/ros2_humble/install/osrf_pycommon:/home/diego/ros2_humble/install/domain_coordinator:/home/diego/ros2_humble/install/ament_xmllint:/home/diego/ros2_humble/install/ament_pyflakes:/home/diego/ros2_humble/install/ament_pycodestyle:/home/diego/ros2_humble/install/ament_pep257:/home/diego/ros2_humble/install/ament_pclint:/home/diego/ros2_humble/install/ament_package:/home/diego/ros2_humble/install/ament_mypy:/home/diego/ros2_humble/install/ament_lint_cmake:/home/diego/ros2_humble/install/ament_flake8:/home/diego/ros2_humble/install/ament_copyright:/home/diego/ros2_humble/install/ament_lint:/home/diego/ros2_humble/install/ament_index_python:/home/diego/ros2_humble/install/ament_cpplint:/home/diego/ros2_humble/install/ament_cppcheck:/home/diego/ros2_humble/install/ament_clang_tidy:/home/diego/ros2_humble/install/ament_clang_format /usr/bin/cmake --build /home/diego/Desktop/magister/magister_ws/build/radar_msg -- -j12 -l12
[1.354s] DEBUG:colcon.colcon_core.event_handler.log_command:Invoked command in '/home/diego/Desktop/magister/magister_ws/build/radar_msg' returned '0': CMAKE_PREFIX_PATH=${CMAKE_PREFIX_PATH}:/home/diego/ros2_humble/install/rqt_bag_plugins:/home/diego/ros2_humble/install/rqt_bag:/home/diego/ros2_humble/install/launch_testing_examples:/home/diego/ros2_humble/install/ros2bag:/home/diego/ros2_humble/install/tracetools_test:/home/diego/ros2_humble/install/tracetools_launch:/home/diego/ros2_humble/install/topic_monitor:/home/diego/ros2_humble/install/tf2_tools:/home/diego/ros2_humble/install/examples_tf2_py:/home/diego/ros2_humble/install/tf2_ros_py:/home/diego/ros2_humble/install/sros2:/home/diego/ros2_humble/install/rqt_topic:/home/diego/ros2_humble/install/rqt_srv:/home/diego/ros2_humble/install/rqt_shell:/home/diego/ros2_humble/install/rqt_service_caller:/home/diego/ros2_humble/install/rqt_reconfigure:/home/diego/ros2_humble/install/rqt_py_console:/home/diego/ros2_humble/install/rqt_publisher:/home/diego/ros2_humble/install/rqt_plot:/home/diego/ros2_humble/install/rqt_action:/home/diego/ros2_humble/install/rqt_msg:/home/diego/ros2_humble/install/rqt_console:/home/diego/ros2_humble/install/rqt:/home/diego/ros2_humble/install/rqt_graph:/home/diego/ros2_humble/install/rqt_gui_py:/home/diego/ros2_humble/install/rqt_gui:/home/diego/ros2_humble/install/ros2trace:/home/diego/ros2_humble/install/ros2topic:/home/diego/ros2_humble/install/ros2test:/home/diego/ros2_humble/install/ros2component:/home/diego/ros2_humble/install/ros2param:/home/diego/ros2_humble/install/ros2lifecycle:/home/diego/ros2_humble/install/ros2service:/home/diego/ros2_humble/install/ros2run:/home/diego/ros2_humble/install/ros2launch:/home/diego/ros2_humble/install/ros2pkg:/home/diego/ros2_humble/install/ros2node:/home/diego/ros2_humble/install/ros2multicast:/home/diego/ros2_humble/install/ros2interface:/home/diego/ros2_humble/install/ros2doctor:/home/diego/ros2_humble/install/ros2action:/home/diego/ros2_humble/install/ros2cli:/home/diego/ros2_humble/install/quality_of_service_demo_py:/home/diego/ros2_humble/install/lifecycle_py:/home/diego/ros2_humble/install/launch_testing_ros:/home/diego/ros2_humble/install/launch_ros:/home/diego/ros2_humble/install/examples_rclpy_pointcloud_publisher:/home/diego/ros2_humble/install/examples_rclpy_minimal_subscriber:/home/diego/ros2_humble/install/examples_rclpy_minimal_service:/home/diego/ros2_humble/install/examples_rclpy_minimal_publisher:/home/diego/ros2_humble/install/examples_rclpy_minimal_client:/home/diego/ros2_humble/install/examples_rclpy_minimal_action_server:/home/diego/ros2_humble/install/examples_rclpy_minimal_action_client:/home/diego/ros2_humble/install/examples_rclpy_guard_conditions:/home/diego/ros2_humble/install/examples_rclpy_executors:/home/diego/ros2_humble/install/demo_nodes_py:/home/diego/ros2_humble/install/camera_info_manager_py:/home/diego/ros2_humble/install/action_tutorials_py:/home/diego/ros2_humble/install/ament_uncrustify:/home/diego/ros2_humble/install/tracetools_trace:/home/diego/ros2_humble/install/tracetools_read:/home/diego/ros2_humble/install/test_tracetools_launch:/home/diego/ros2_humble/install/test_launch_ros:/home/diego/ros2_humble/install/sensor_msgs_py:/home/diego/ros2_humble/install/rpyutils:/home/diego/ros2_humble/install/rosidl_runtime_py:/home/diego/ros2_humble/install/rosidl_cli:/home/diego/ros2_humble/install/launch_pytest:/home/diego/ros2_humble/install/launch_testing:/home/diego/ros2_humble/install/launch_yaml:/home/diego/ros2_humble/install/launch_xml:/home/diego/ros2_humble/install/launch:/home/diego/ros2_humble/install/osrf_pycommon:/home/diego/ros2_humble/install/domain_coordinator:/home/diego/ros2_humble/install/ament_xmllint:/home/diego/ros2_humble/install/ament_pyflakes:/home/diego/ros2_humble/install/ament_pycodestyle:/home/diego/ros2_humble/install/ament_pep257:/home/diego/ros2_humble/install/ament_pclint:/home/diego/ros2_humble/install/ament_package:/home/diego/ros2_humble/install/ament_mypy:/home/diego/ros2_humble/install/ament_lint_cmake:/home/diego/ros2_humble/install/ament_flake8:/home/diego/ros2_humble/install/ament_copyright:/home/diego/ros2_humble/install/ament_lint:/home/diego/ros2_humble/install/ament_index_python:/home/diego/ros2_humble/install/ament_cpplint:/home/diego/ros2_humble/install/ament_cppcheck:/home/diego/ros2_humble/install/ament_clang_tidy:/home/diego/ros2_humble/install/ament_clang_format /usr/bin/cmake --build /home/diego/Desktop/magister/magister_ws/build/radar_msg -- -j12 -l12
[1.376s] DEBUG:colcon.colcon_core.event_handler.log_command:Invoking command in '/home/diego/Desktop/magister/magister_ws/build/radar_msg': CMAKE_PREFIX_PATH=${CMAKE_PREFIX_PATH}:/home/diego/ros2_humble/install/rqt_bag_plugins:/home/diego/ros2_humble/install/rqt_bag:/home/diego/ros2_humble/install/launch_testing_examples:/home/diego/ros2_humble/install/ros2bag:/home/diego/ros2_humble/install/tracetools_test:/home/diego/ros2_humble/install/tracetools_launch:/home/diego/ros2_humble/install/topic_monitor:/home/diego/ros2_humble/install/tf2_tools:/home/diego/ros2_humble/install/examples_tf2_py:/home/diego/ros2_humble/install/tf2_ros_py:/home/diego/ros2_humble/install/sros2:/home/diego/ros2_humble/install/rqt_topic:/home/diego/ros2_humble/install/rqt_srv:/home/diego/ros2_humble/install/rqt_shell:/home/diego/ros2_humble/install/rqt_service_caller:/home/diego/ros2_humble/install/rqt_reconfigure:/home/diego/ros2_humble/install/rqt_py_console:/home/diego/ros2_humble/install/rqt_publisher:/home/diego/ros2_humble/install/rqt_plot:/home/diego/ros2_humble/install/rqt_action:/home/diego/ros2_humble/install/rqt_msg:/home/diego/ros2_humble/install/rqt_console:/home/diego/ros2_humble/install/rqt:/home/diego/ros2_humble/install/rqt_graph:/home/diego/ros2_humble/install/rqt_gui_py:/home/diego/ros2_humble/install/rqt_gui:/home/diego/ros2_humble/install/ros2trace:/home/diego/ros2_humble/install/ros2topic:/home/diego/ros2_humble/install/ros2test:/home/diego/ros2_humble/install/ros2component:/home/diego/ros2_humble/install/ros2param:/home/diego/ros2_humble/install/ros2lifecycle:/home/diego/ros2_humble/install/ros2service:/home/diego/ros2_humble/install/ros2run:/home/diego/ros2_humble/install/ros2launch:/home/diego/ros2_humble/install/ros2pkg:/home/diego/ros2_humble/install/ros2node:/home/diego/ros2_humble/install/ros2multicast:/home/diego/ros2_humble/install/ros2interface:/home/diego/ros2_humble/install/ros2doctor:/home/diego/ros2_humble/install/ros2action:/home/diego/ros2_humble/install/ros2cli:/home/diego/ros2_humble/install/quality_of_service_demo_py:/home/diego/ros2_humble/install/lifecycle_py:/home/diego/ros2_humble/install/launch_testing_ros:/home/diego/ros2_humble/install/launch_ros:/home/diego/ros2_humble/install/examples_rclpy_pointcloud_publisher:/home/diego/ros2_humble/install/examples_rclpy_minimal_subscriber:/home/diego/ros2_humble/install/examples_rclpy_minimal_service:/home/diego/ros2_humble/install/examples_rclpy_minimal_publisher:/home/diego/ros2_humble/install/examples_rclpy_minimal_client:/home/diego/ros2_humble/install/examples_rclpy_minimal_action_server:/home/diego/ros2_humble/install/examples_rclpy_minimal_action_client:/home/diego/ros2_humble/install/examples_rclpy_guard_conditions:/home/diego/ros2_humble/install/examples_rclpy_executors:/home/diego/ros2_humble/install/demo_nodes_py:/home/diego/ros2_humble/install/camera_info_manager_py:/home/diego/ros2_humble/install/action_tutorials_py:/home/diego/ros2_humble/install/ament_uncrustify:/home/diego/ros2_humble/install/tracetools_trace:/home/diego/ros2_humble/install/tracetools_read:/home/diego/ros2_humble/install/test_tracetools_launch:/home/diego/ros2_humble/install/test_launch_ros:/home/diego/ros2_humble/install/sensor_msgs_py:/home/diego/ros2_humble/install/rpyutils:/home/diego/ros2_humble/install/rosidl_runtime_py:/home/diego/ros2_humble/install/rosidl_cli:/home/diego/ros2_humble/install/launch_pytest:/home/diego/ros2_humble/install/launch_testing:/home/diego/ros2_humble/install/launch_yaml:/home/diego/ros2_humble/install/launch_xml:/home/diego/ros2_humble/install/launch:/home/diego/ros2_humble/install/osrf_pycommon:/home/diego/ros2_humble/install/domain_coordinator:/home/diego/ros2_humble/install/ament_xmllint:/home/diego/ros2_humble/install/ament_pyflakes:/home/diego/ros2_humble/install/ament_pycodestyle:/home/diego/ros2_humble/install/ament_pep257:/home/diego/ros2_humble/install/ament_pclint:/home/diego/ros2_humble/install/ament_package:/home/diego/ros2_humble/install/ament_mypy:/home/diego/ros2_humble/install/ament_lint_cmake:/home/diego/ros2_humble/install/ament_flake8:/home/diego/ros2_humble/install/ament_copyright:/home/diego/ros2_humble/install/ament_lint:/home/diego/ros2_humble/install/ament_index_python:/home/diego/ros2_humble/install/ament_cpplint:/home/diego/ros2_humble/install/ament_cppcheck:/home/diego/ros2_humble/install/ament_clang_tidy:/home/diego/ros2_humble/install/ament_clang_format /usr/bin/cmake --install /home/diego/Desktop/magister/magister_ws/build/radar_msg
[1.528s] Level 1:colcon.colcon_core.environment:create_environment_scripts_only(radar_msg)
[1.529s] DEBUG:colcon.colcon_core.event_handler.log_command:Invoked command in '/home/diego/Desktop/magister/magister_ws/build/radar_msg' returned '0': CMAKE_PREFIX_PATH=${CMAKE_PREFIX_PATH}:/home/diego/ros2_humble/install/rqt_bag_plugins:/home/diego/ros2_humble/install/rqt_bag:/home/diego/ros2_humble/install/launch_testing_examples:/home/diego/ros2_humble/install/ros2bag:/home/diego/ros2_humble/install/tracetools_test:/home/diego/ros2_humble/install/tracetools_launch:/home/diego/ros2_humble/install/topic_monitor:/home/diego/ros2_humble/install/tf2_tools:/home/diego/ros2_humble/install/examples_tf2_py:/home/diego/ros2_humble/install/tf2_ros_py:/home/diego/ros2_humble/install/sros2:/home/diego/ros2_humble/install/rqt_topic:/home/diego/ros2_humble/install/rqt_srv:/home/diego/ros2_humble/install/rqt_shell:/home/diego/ros2_humble/install/rqt_service_caller:/home/diego/ros2_humble/install/rqt_reconfigure:/home/diego/ros2_humble/install/rqt_py_console:/home/diego/ros2_humble/install/rqt_publisher:/home/diego/ros2_humble/install/rqt_plot:/home/diego/ros2_humble/install/rqt_action:/home/diego/ros2_humble/install/rqt_msg:/home/diego/ros2_humble/install/rqt_console:/home/diego/ros2_humble/install/rqt:/home/diego/ros2_humble/install/rqt_graph:/home/diego/ros2_humble/install/rqt_gui_py:/home/diego/ros2_humble/install/rqt_gui:/home/diego/ros2_humble/install/ros2trace:/home/diego/ros2_humble/install/ros2topic:/home/diego/ros2_humble/install/ros2test:/home/diego/ros2_humble/install/ros2component:/home/diego/ros2_humble/install/ros2param:/home/diego/ros2_humble/install/ros2lifecycle:/home/diego/ros2_humble/install/ros2service:/home/diego/ros2_humble/install/ros2run:/home/diego/ros2_humble/install/ros2launch:/home/diego/ros2_humble/install/ros2pkg:/home/diego/ros2_humble/install/ros2node:/home/diego/ros2_humble/install/ros2multicast:/home/diego/ros2_humble/install/ros2interface:/home/diego/ros2_humble/install/ros2doctor:/home/diego/ros2_humble/install/ros2action:/home/diego/ros2_humble/install/ros2cli:/home/diego/ros2_humble/install/quality_of_service_demo_py:/home/diego/ros2_humble/install/lifecycle_py:/home/diego/ros2_humble/install/launch_testing_ros:/home/diego/ros2_humble/install/launch_ros:/home/diego/ros2_humble/install/examples_rclpy_pointcloud_publisher:/home/diego/ros2_humble/install/examples_rclpy_minimal_subscriber:/home/diego/ros2_humble/install/examples_rclpy_minimal_service:/home/diego/ros2_humble/install/examples_rclpy_minimal_publisher:/home/diego/ros2_humble/install/examples_rclpy_minimal_client:/home/diego/ros2_humble/install/examples_rclpy_minimal_action_server:/home/diego/ros2_humble/install/examples_rclpy_minimal_action_client:/home/diego/ros2_humble/install/examples_rclpy_guard_conditions:/home/diego/ros2_humble/install/examples_rclpy_executors:/home/diego/ros2_humble/install/demo_nodes_py:/home/diego/ros2_humble/install/camera_info_manager_py:/home/diego/ros2_humble/install/action_tutorials_py:/home/diego/ros2_humble/install/ament_uncrustify:/home/diego/ros2_humble/install/tracetools_trace:/home/diego/ros2_humble/install/tracetools_read:/home/diego/ros2_humble/install/test_tracetools_launch:/home/diego/ros2_humble/install/test_launch_ros:/home/diego/ros2_humble/install/sensor_msgs_py:/home/diego/ros2_humble/install/rpyutils:/home/diego/ros2_humble/install/rosidl_runtime_py:/home/diego/ros2_humble/install/rosidl_cli:/home/diego/ros2_humble/install/launch_pytest:/home/diego/ros2_humble/install/launch_testing:/home/diego/ros2_humble/install/launch_yaml:/home/diego/ros2_humble/install/launch_xml:/home/diego/ros2_humble/install/launch:/home/diego/ros2_humble/install/osrf_pycommon:/home/diego/ros2_humble/install/domain_coordinator:/home/diego/ros2_humble/install/ament_xmllint:/home/diego/ros2_humble/install/ament_pyflakes:/home/diego/ros2_humble/install/ament_pycodestyle:/home/diego/ros2_humble/install/ament_pep257:/home/diego/ros2_humble/install/ament_pclint:/home/diego/ros2_humble/install/ament_package:/home/diego/ros2_humble/install/ament_mypy:/home/diego/ros2_humble/install/ament_lint_cmake:/home/diego/ros2_humble/install/ament_flake8:/home/diego/ros2_humble/install/ament_copyright:/home/diego/ros2_humble/install/ament_lint:/home/diego/ros2_humble/install/ament_index_python:/home/diego/ros2_humble/install/ament_cpplint:/home/diego/ros2_humble/install/ament_cppcheck:/home/diego/ros2_humble/install/ament_clang_tidy:/home/diego/ros2_humble/install/ament_clang_format /usr/bin/cmake --install /home/diego/Desktop/magister/magister_ws/build/radar_msg
[1.534s] Level 1:colcon.colcon_core.environment:checking '/home/diego/Desktop/magister/magister_ws/install/radar_msg' for CMake module files
[1.534s] Level 1:colcon.colcon_core.environment:checking '/home/diego/Desktop/magister/magister_ws/install/radar_msg' for CMake config files
[1.535s] Level 1:colcon.colcon_core.shell:create_environment_hook('radar_msg', 'cmake_prefix_path')
[1.535s] INFO:colcon.colcon_core.shell:Creating environment hook '/home/diego/Desktop/magister/magister_ws/install/radar_msg/share/radar_msg/hook/cmake_prefix_path.ps1'
[1.536s] INFO:colcon.colcon_core.shell:Creating environment descriptor '/home/diego/Desktop/magister/magister_ws/install/radar_msg/share/radar_msg/hook/cmake_prefix_path.dsv'
[1.536s] INFO:colcon.colcon_core.shell:Creating environment hook '/home/diego/Desktop/magister/magister_ws/install/radar_msg/share/radar_msg/hook/cmake_prefix_path.sh'
[1.537s] Level 1:colcon.colcon_core.environment:checking '/home/diego/Desktop/magister/magister_ws/install/radar_msg/lib'
[1.537s] Level 1:colcon.colcon_core.shell:create_environment_hook('radar_msg', 'ld_library_path_lib')
[1.537s] INFO:colcon.colcon_core.shell:Creating environment hook '/home/diego/Desktop/magister/magister_ws/install/radar_msg/share/radar_msg/hook/ld_library_path_lib.ps1'
[1.537s] INFO:colcon.colcon_core.shell:Creating environment descriptor '/home/diego/Desktop/magister/magister_ws/install/radar_msg/share/radar_msg/hook/ld_library_path_lib.dsv'
[1.537s] INFO:colcon.colcon_core.shell:Creating environment hook '/home/diego/Desktop/magister/magister_ws/install/radar_msg/share/radar_msg/hook/ld_library_path_lib.sh'
[1.538s] Level 1:colcon.colcon_core.environment:checking '/home/diego/Desktop/magister/magister_ws/install/radar_msg/bin'
[1.538s] Level 1:colcon.colcon_core.environment:checking '/home/diego/Desktop/magister/magister_ws/install/radar_msg/lib/pkgconfig/radar_msg.pc'
[1.540s] Level 1:colcon.colcon_core.environment:checking '/home/diego/Desktop/magister/magister_ws/install/radar_msg/lib/python3.10/site-packages'
[1.540s] Level 1:colcon.colcon_core.environment:checking '/home/diego/Desktop/magister/magister_ws/install/radar_msg/bin'
[1.540s] INFO:colcon.colcon_core.shell:Creating package script '/home/diego/Desktop/magister/magister_ws/install/radar_msg/share/radar_msg/package.ps1'
[1.541s] INFO:colcon.colcon_core.shell:Creating package descriptor '/home/diego/Desktop/magister/magister_ws/install/radar_msg/share/radar_msg/package.dsv'
[1.541s] INFO:colcon.colcon_core.shell:Creating package script '/home/diego/Desktop/magister/magister_ws/install/radar_msg/share/radar_msg/package.sh'
[1.542s] INFO:colcon.colcon_core.shell:Creating package script '/home/diego/Desktop/magister/magister_ws/install/radar_msg/share/radar_msg/package.bash'
[1.542s] INFO:colcon.colcon_core.shell:Creating package script '/home/diego/Desktop/magister/magister_ws/install/radar_msg/share/radar_msg/package.zsh'
[1.543s] Level 1:colcon.colcon_core.environment:create_file_with_runtime_dependencies(/home/diego/Desktop/magister/magister_ws/install/radar_msg/share/colcon-core/packages/radar_msg)
[1.543s] Level 1:colcon.colcon_core.environment:create_environment_scripts_only(radar_msg)
[1.544s] Level 1:colcon.colcon_core.environment:checking '/home/diego/Desktop/magister/magister_ws/install/radar_msg' for CMake module files
[1.545s] Level 1:colcon.colcon_core.environment:checking '/home/diego/Desktop/magister/magister_ws/install/radar_msg' for CMake config files
[1.545s] Level 1:colcon.colcon_core.shell:create_environment_hook('radar_msg', 'cmake_prefix_path')
[1.545s] INFO:colcon.colcon_core.shell:Creating environment hook '/home/diego/Desktop/magister/magister_ws/install/radar_msg/share/radar_msg/hook/cmake_prefix_path.ps1'
[1.545s] INFO:colcon.colcon_core.shell:Creating environment descriptor '/home/diego/Desktop/magister/magister_ws/install/radar_msg/share/radar_msg/hook/cmake_prefix_path.dsv'
[1.546s] INFO:colcon.colcon_core.shell:Creating environment hook '/home/diego/Desktop/magister/magister_ws/install/radar_msg/share/radar_msg/hook/cmake_prefix_path.sh'
[1.546s] Level 1:colcon.colcon_core.environment:checking '/home/diego/Desktop/magister/magister_ws/install/radar_msg/lib'
[1.546s] Level 1:colcon.colcon_core.shell:create_environment_hook('radar_msg', 'ld_library_path_lib')
[1.546s] INFO:colcon.colcon_core.shell:Creating environment hook '/home/diego/Desktop/magister/magister_ws/install/radar_msg/share/radar_msg/hook/ld_library_path_lib.ps1'
[1.546s] INFO:colcon.colcon_core.shell:Creating environment descriptor '/home/diego/Desktop/magister/magister_ws/install/radar_msg/share/radar_msg/hook/ld_library_path_lib.dsv'
[1.547s] INFO:colcon.colcon_core.shell:Creating environment hook '/home/diego/Desktop/magister/magister_ws/install/radar_msg/share/radar_msg/hook/ld_library_path_lib.sh'
[1.547s] Level 1:colcon.colcon_core.environment:checking '/home/diego/Desktop/magister/magister_ws/install/radar_msg/bin'
[1.547s] Level 1:colcon.colcon_core.environment:checking '/home/diego/Desktop/magister/magister_ws/install/radar_msg/lib/pkgconfig/radar_msg.pc'
[1.547s] Level 1:colcon.colcon_core.environment:checking '/home/diego/Desktop/magister/magister_ws/install/radar_msg/lib/python3.10/site-packages'
[1.547s] Level 1:colcon.colcon_core.environment:checking '/home/diego/Desktop/magister/magister_ws/install/radar_msg/bin'
[1.548s] INFO:colcon.colcon_core.shell:Creating package script '/home/diego/Desktop/magister/magister_ws/install/radar_msg/share/radar_msg/package.ps1'
[1.548s] INFO:colcon.colcon_core.shell:Creating package descriptor '/home/diego/Desktop/magister/magister_ws/install/radar_msg/share/radar_msg/package.dsv'
[1.548s] INFO:colcon.colcon_core.shell:Creating package script '/home/diego/Desktop/magister/magister_ws/install/radar_msg/share/radar_msg/package.sh'
[1.549s] INFO:colcon.colcon_core.shell:Creating package script '/home/diego/Desktop/magister/magister_ws/install/radar_msg/share/radar_msg/package.bash'
[1.549s] INFO:colcon.colcon_core.shell:Creating package script '/home/diego/Desktop/magister/magister_ws/install/radar_msg/share/radar_msg/package.zsh'
[1.549s] Level 1:colcon.colcon_core.environment:create_file_with_runtime_dependencies(/home/diego/Desktop/magister/magister_ws/install/radar_msg/share/colcon-core/packages/radar_msg)
[1.549s] DEBUG:colcon.colcon_parallel_executor.executor.parallel:closing loop
[1.549s] DEBUG:colcon.colcon_parallel_executor.executor.parallel:loop closed
[1.549s] DEBUG:colcon.colcon_parallel_executor.executor.parallel:run_until_complete finished with '0'
[1.550s] DEBUG:colcon.colcon_core.event_reactor:joining thread
[1.560s] INFO:colcon.colcon_core.plugin_system:Skipping extension 'colcon_notification.desktop_notification.terminal_notifier': Not used on non-Darwin systems
[1.560s] INFO:colcon.colcon_core.plugin_system:Skipping extension 'colcon_notification.desktop_notification.win32': Not used on non-Windows systems
[1.560s] INFO:colcon.colcon_notification.desktop_notification:Sending desktop notification using 'notify2'
[1.569s] DEBUG:colcon.colcon_core.event_reactor:joined thread
[1.569s] INFO:colcon.colcon_core.shell:Creating prefix script '/home/diego/Desktop/magister/magister_ws/install/local_setup.ps1'
[1.570s] INFO:colcon.colcon_core.shell:Creating prefix util module '/home/diego/Desktop/magister/magister_ws/install/_local_setup_util_ps1.py'
[1.571s] INFO:colcon.colcon_core.shell:Creating prefix chain script '/home/diego/Desktop/magister/magister_ws/install/setup.ps1'
[1.580s] INFO:colcon.colcon_core.shell:Creating prefix script '/home/diego/Desktop/magister/magister_ws/install/local_setup.sh'
[1.581s] INFO:colcon.colcon_core.shell:Creating prefix util module '/home/diego/Desktop/magister/magister_ws/install/_local_setup_util_sh.py'
[1.581s] INFO:colcon.colcon_core.shell:Creating prefix chain script '/home/diego/Desktop/magister/magister_ws/install/setup.sh'
[1.592s] INFO:colcon.colcon_core.shell:Creating prefix script '/home/diego/Desktop/magister/magister_ws/install/local_setup.bash'
[1.592s] INFO:colcon.colcon_core.shell:Creating prefix chain script '/home/diego/Desktop/magister/magister_ws/install/setup.bash'
[1.602s] INFO:colcon.colcon_core.shell:Creating prefix script '/home/diego/Desktop/magister/magister_ws/install/local_setup.zsh'
[1.602s] INFO:colcon.colcon_core.shell:Creating prefix chain script '/home/diego/Desktop/magister/magister_ws/install/setup.zsh'
