running egg_info
writing ../../build/radar_package/radar_package.egg-info/PKG-INFO
writing dependency_links to ../../build/radar_package/radar_package.egg-info/dependency_links.txt
writing entry points to ../../build/radar_package/radar_package.egg-info/entry_points.txt
writing requirements to ../../build/radar_package/radar_package.egg-info/requires.txt
writing top-level names to ../../build/radar_package/radar_package.egg-info/top_level.txt
reading manifest file '../../build/radar_package/radar_package.egg-info/SOURCES.txt'
writing manifest file '../../build/radar_package/radar_package.egg-info/SOURCES.txt'
running build
running build_py
copying radar_package/process_data.py -> /home/dammr/Desktop/UC_SmartFarmRadar/magister_ws/build/radar_package/build/lib/radar_package
running install
running install_lib
copying /home/dammr/Desktop/UC_SmartFarmRadar/magister_ws/build/radar_package/build/lib/radar_package/process_data.py -> /home/dammr/Desktop/UC_SmartFarmRadar/magister_ws/install/radar_package/lib/python3.10/site-packages/radar_package
byte-compiling /home/dammr/Desktop/UC_SmartFarmRadar/magister_ws/install/radar_package/lib/python3.10/site-packages/radar_package/process_data.py to process_data.cpython-310.pyc
running install_data
running install_egg_info
removing '/home/dammr/Desktop/UC_SmartFarmRadar/magister_ws/install/radar_package/lib/python3.10/site-packages/radar_package-0.0.0-py3.10.egg-info' (and everything under it)
Copying ../../build/radar_package/radar_package.egg-info to /home/dammr/Desktop/UC_SmartFarmRadar/magister_ws/install/radar_package/lib/python3.10/site-packages/radar_package-0.0.0-py3.10.egg-info
running install_scripts
Installing process_data script to /home/dammr/Desktop/UC_SmartFarmRadar/magister_ws/install/radar_package/lib/radar_package
Installing radar_node script to /home/dammr/Desktop/UC_SmartFarmRadar/magister_ws/install/radar_package/lib/radar_package
writing list of installed files to '/home/dammr/Desktop/UC_SmartFarmRadar/magister_ws/build/radar_package/install.log'
