[0.969s] Invoking command in '/home/dammr/Desktop/magister_ws/UC_SmartFarmRadar/ptu_routine': PYTHONPATH=/home/dammr/Desktop/magister_ws/UC_SmartFarmRadar/build/ptu_routine/prefix_override:/usr/lib/python3/dist-packages/colcon_core/task/python/colcon_distutils_commands:/home/dammr/Desktop/magister_ws/UC_SmartFarmRadar/install/ptu_routine/lib/python3.10/site-packages:${PYTHONPATH} /usr/bin/python3 -W ignore:setup.py install is deprecated -W ignore:easy_install command is deprecated setup.py egg_info --egg-base ../build/ptu_routine build --build-base /home/dammr/Desktop/magister_ws/UC_SmartFarmRadar/build/ptu_routine/build install --record /home/dammr/Desktop/magister_ws/UC_SmartFarmRadar/build/ptu_routine/install.log --single-version-externally-managed install_data
[1.314s] running egg_info
[1.315s] creating ../build/ptu_routine/ptu_routine.egg-info
[1.315s] writing ../build/ptu_routine/ptu_routine.egg-info/PKG-INFO
[1.315s] writing dependency_links to ../build/ptu_routine/ptu_routine.egg-info/dependency_links.txt
[1.315s] writing entry points to ../build/ptu_routine/ptu_routine.egg-info/entry_points.txt
[1.315s] writing requirements to ../build/ptu_routine/ptu_routine.egg-info/requires.txt
[1.315s] writing top-level names to ../build/ptu_routine/ptu_routine.egg-info/top_level.txt
[1.315s] writing manifest file '../build/ptu_routine/ptu_routine.egg-info/SOURCES.txt'
[1.316s] reading manifest file '../build/ptu_routine/ptu_routine.egg-info/SOURCES.txt'
[1.317s] writing manifest file '../build/ptu_routine/ptu_routine.egg-info/SOURCES.txt'
[1.317s] running build
[1.317s] running build_py
[1.317s] creating /home/dammr/Desktop/magister_ws/UC_SmartFarmRadar/build/ptu_routine/build
[1.317s] creating /home/dammr/Desktop/magister_ws/UC_SmartFarmRadar/build/ptu_routine/build/lib
[1.317s] creating /home/dammr/Desktop/magister_ws/UC_SmartFarmRadar/build/ptu_routine/build/lib/ptu_routine
[1.317s] copying ptu_routine/__init__.py -> /home/dammr/Desktop/magister_ws/UC_SmartFarmRadar/build/ptu_routine/build/lib/ptu_routine
[1.317s] copying ptu_routine/ptu_routine_node.py -> /home/dammr/Desktop/magister_ws/UC_SmartFarmRadar/build/ptu_routine/build/lib/ptu_routine
[1.317s] running install
[1.318s] running install_lib
[1.318s] creating /home/dammr/Desktop/magister_ws/UC_SmartFarmRadar/install/ptu_routine/lib/python3.10/site-packages/ptu_routine
[1.318s] copying /home/dammr/Desktop/magister_ws/UC_SmartFarmRadar/build/ptu_routine/build/lib/ptu_routine/__init__.py -> /home/dammr/Desktop/magister_ws/UC_SmartFarmRadar/install/ptu_routine/lib/python3.10/site-packages/ptu_routine
[1.318s] copying /home/dammr/Desktop/magister_ws/UC_SmartFarmRadar/build/ptu_routine/build/lib/ptu_routine/ptu_routine_node.py -> /home/dammr/Desktop/magister_ws/UC_SmartFarmRadar/install/ptu_routine/lib/python3.10/site-packages/ptu_routine
[1.320s] byte-compiling /home/dammr/Desktop/magister_ws/UC_SmartFarmRadar/install/ptu_routine/lib/python3.10/site-packages/ptu_routine/__init__.py to __init__.cpython-310.pyc
[1.320s] byte-compiling /home/dammr/Desktop/magister_ws/UC_SmartFarmRadar/install/ptu_routine/lib/python3.10/site-packages/ptu_routine/ptu_routine_node.py to ptu_routine_node.cpython-310.pyc
[1.321s] running install_data
[1.321s] creating /home/dammr/Desktop/magister_ws/UC_SmartFarmRadar/install/ptu_routine/share/ament_index
[1.321s] creating /home/dammr/Desktop/magister_ws/UC_SmartFarmRadar/install/ptu_routine/share/ament_index/resource_index
[1.321s] creating /home/dammr/Desktop/magister_ws/UC_SmartFarmRadar/install/ptu_routine/share/ament_index/resource_index/packages
[1.321s] copying resource/ptu_routine -> /home/dammr/Desktop/magister_ws/UC_SmartFarmRadar/install/ptu_routine/share/ament_index/resource_index/packages
[1.321s] copying package.xml -> /home/dammr/Desktop/magister_ws/UC_SmartFarmRadar/install/ptu_routine/share/ptu_routine
[1.321s] running install_egg_info
[1.324s] Copying ../build/ptu_routine/ptu_routine.egg-info to /home/dammr/Desktop/magister_ws/UC_SmartFarmRadar/install/ptu_routine/lib/python3.10/site-packages/ptu_routine-0.0.0-py3.10.egg-info
[1.324s] running install_scripts
[1.353s] Installing ptu_routine_node script to /home/dammr/Desktop/magister_ws/UC_SmartFarmRadar/install/ptu_routine/lib/ptu_routine
[1.354s] writing list of installed files to '/home/dammr/Desktop/magister_ws/UC_SmartFarmRadar/build/ptu_routine/install.log'
[1.371s] Invoked command in '/home/dammr/Desktop/magister_ws/UC_SmartFarmRadar/ptu_routine' returned '0': PYTHONPATH=/home/dammr/Desktop/magister_ws/UC_SmartFarmRadar/build/ptu_routine/prefix_override:/usr/lib/python3/dist-packages/colcon_core/task/python/colcon_distutils_commands:/home/dammr/Desktop/magister_ws/UC_SmartFarmRadar/install/ptu_routine/lib/python3.10/site-packages:${PYTHONPATH} /usr/bin/python3 -W ignore:setup.py install is deprecated -W ignore:easy_install command is deprecated setup.py egg_info --egg-base ../build/ptu_routine build --build-base /home/dammr/Desktop/magister_ws/UC_SmartFarmRadar/build/ptu_routine/build install --record /home/dammr/Desktop/magister_ws/UC_SmartFarmRadar/build/ptu_routine/install.log --single-version-externally-managed install_data
