[1.218s] Invoking command in '/home/diego/Desktop/UC_SmartFarmRadar/magister_ws/src/radar_package': AMENT_PREFIX_PATH=/home/diego/Desktop/UC_SmartFarmRadar/magister_ws/install/radar_msg:${AMENT_PREFIX_PATH} CMAKE_PREFIX_PATH=/home/diego/Desktop/UC_SmartFarmRadar/magister_ws/install/radar_msg:${CMAKE_PREFIX_PATH} LD_LIBRARY_PATH=/home/diego/Desktop/UC_SmartFarmRadar/magister_ws/install/radar_msg/lib:${LD_LIBRARY_PATH} PYTHONPATH=/home/diego/Desktop/UC_SmartFarmRadar/magister_ws/build/radar_package/prefix_override:/usr/lib/python3/dist-packages/colcon_core/task/python/colcon_distutils_commands:/home/diego/Desktop/UC_SmartFarmRadar/magister_ws/install/radar_package/lib/python3.10/site-packages:/home/diego/Desktop/UC_SmartFarmRadar/magister_ws/install/radar_msg/local/lib/python3.10/dist-packages:${PYTHONPATH} /usr/bin/python3 -W ignore:setup.py install is deprecated -W ignore:easy_install command is deprecated setup.py egg_info --egg-base ../../build/radar_package build --build-base /home/diego/Desktop/UC_SmartFarmRadar/magister_ws/build/radar_package/build install --record /home/diego/Desktop/UC_SmartFarmRadar/magister_ws/build/radar_package/install.log --single-version-externally-managed install_data
[1.663s] running egg_info
[1.686s] creating ../../build/radar_package/radar_package.egg-info
[1.686s] writing ../../build/radar_package/radar_package.egg-info/PKG-INFO
[1.687s] writing dependency_links to ../../build/radar_package/radar_package.egg-info/dependency_links.txt
[1.687s] writing entry points to ../../build/radar_package/radar_package.egg-info/entry_points.txt
[1.687s] writing requirements to ../../build/radar_package/radar_package.egg-info/requires.txt
[1.687s] writing top-level names to ../../build/radar_package/radar_package.egg-info/top_level.txt
[1.687s] writing manifest file '../../build/radar_package/radar_package.egg-info/SOURCES.txt'
[1.737s] reading manifest file '../../build/radar_package/radar_package.egg-info/SOURCES.txt'
[1.738s] writing manifest file '../../build/radar_package/radar_package.egg-info/SOURCES.txt'
[1.738s] running build
[1.738s] running build_py
[1.739s] creating /home/diego/Desktop/UC_SmartFarmRadar/magister_ws/build/radar_package/build/lib/radar_package
[1.739s] copying radar_package/radar_node.py -> /home/diego/Desktop/UC_SmartFarmRadar/magister_ws/build/radar_package/build/lib/radar_package
[1.739s] copying radar_package/__init__.py -> /home/diego/Desktop/UC_SmartFarmRadar/magister_ws/build/radar_package/build/lib/radar_package
[1.739s] copying radar_package/process_data.py -> /home/diego/Desktop/UC_SmartFarmRadar/magister_ws/build/radar_package/build/lib/radar_package
[1.739s] running install
[1.742s] running install_lib
[1.767s] creating /home/diego/Desktop/UC_SmartFarmRadar/magister_ws/install/radar_package/lib/python3.10/site-packages/radar_package
[1.767s] copying /home/diego/Desktop/UC_SmartFarmRadar/magister_ws/build/radar_package/build/lib/radar_package/radar_node.py -> /home/diego/Desktop/UC_SmartFarmRadar/magister_ws/install/radar_package/lib/python3.10/site-packages/radar_package
[1.767s] copying /home/diego/Desktop/UC_SmartFarmRadar/magister_ws/build/radar_package/build/lib/radar_package/__init__.py -> /home/diego/Desktop/UC_SmartFarmRadar/magister_ws/install/radar_package/lib/python3.10/site-packages/radar_package
[1.767s] copying /home/diego/Desktop/UC_SmartFarmRadar/magister_ws/build/radar_package/build/lib/radar_package/process_data.py -> /home/diego/Desktop/UC_SmartFarmRadar/magister_ws/install/radar_package/lib/python3.10/site-packages/radar_package
[1.769s] byte-compiling /home/diego/Desktop/UC_SmartFarmRadar/magister_ws/install/radar_package/lib/python3.10/site-packages/radar_package/radar_node.py to radar_node.cpython-310.pyc
[1.770s] byte-compiling /home/diego/Desktop/UC_SmartFarmRadar/magister_ws/install/radar_package/lib/python3.10/site-packages/radar_package/__init__.py to __init__.cpython-310.pyc
[1.770s] byte-compiling /home/diego/Desktop/UC_SmartFarmRadar/magister_ws/install/radar_package/lib/python3.10/site-packages/radar_package/process_data.py to process_data.cpython-310.pyc
[1.770s] running install_data
[1.771s] creating /home/diego/Desktop/UC_SmartFarmRadar/magister_ws/install/radar_package/share/ament_index/resource_index/packages
[1.771s] copying resource/radar_package -> /home/diego/Desktop/UC_SmartFarmRadar/magister_ws/install/radar_package/share/ament_index/resource_index/packages
[1.771s] copying package.xml -> /home/diego/Desktop/UC_SmartFarmRadar/magister_ws/install/radar_package/share/radar_package
[1.771s] running install_egg_info
[1.798s] Copying ../../build/radar_package/radar_package.egg-info to /home/diego/Desktop/UC_SmartFarmRadar/magister_ws/install/radar_package/lib/python3.10/site-packages/radar_package-0.0.0-py3.10.egg-info
[1.799s] running install_scripts
[1.960s] Installing process_data script to /home/diego/Desktop/UC_SmartFarmRadar/magister_ws/install/radar_package/lib/radar_package
[1.960s] Installing radar_node script to /home/diego/Desktop/UC_SmartFarmRadar/magister_ws/install/radar_package/lib/radar_package
[1.961s] writing list of installed files to '/home/diego/Desktop/UC_SmartFarmRadar/magister_ws/build/radar_package/install.log'
[1.998s] Invoked command in '/home/diego/Desktop/UC_SmartFarmRadar/magister_ws/src/radar_package' returned '0': AMENT_PREFIX_PATH=/home/diego/Desktop/UC_SmartFarmRadar/magister_ws/install/radar_msg:${AMENT_PREFIX_PATH} CMAKE_PREFIX_PATH=/home/diego/Desktop/UC_SmartFarmRadar/magister_ws/install/radar_msg:${CMAKE_PREFIX_PATH} LD_LIBRARY_PATH=/home/diego/Desktop/UC_SmartFarmRadar/magister_ws/install/radar_msg/lib:${LD_LIBRARY_PATH} PYTHONPATH=/home/diego/Desktop/UC_SmartFarmRadar/magister_ws/build/radar_package/prefix_override:/usr/lib/python3/dist-packages/colcon_core/task/python/colcon_distutils_commands:/home/diego/Desktop/UC_SmartFarmRadar/magister_ws/install/radar_package/lib/python3.10/site-packages:/home/diego/Desktop/UC_SmartFarmRadar/magister_ws/install/radar_msg/local/lib/python3.10/dist-packages:${PYTHONPATH} /usr/bin/python3 -W ignore:setup.py install is deprecated -W ignore:easy_install command is deprecated setup.py egg_info --egg-base ../../build/radar_package build --build-base /home/diego/Desktop/UC_SmartFarmRadar/magister_ws/build/radar_package/build install --record /home/diego/Desktop/UC_SmartFarmRadar/magister_ws/build/radar_package/install.log --single-version-externally-managed install_data
