[0.069s] Invoking command in '/home/diego/Desktop/UC_SmartFarmRadar/magister_ws/build/radar_msg': CMAKE_PREFIX_PATH=${CMAKE_PREFIX_PATH}:/home/diego/ros2_humble/install/rqt_bag_plugins:/home/diego/ros2_humble/install/rqt_bag:/home/diego/ros2_humble/install/launch_testing_examples:/home/diego/ros2_humble/install/ros2bag:/home/diego/ros2_humble/install/tracetools_test:/home/diego/ros2_humble/install/tracetools_launch:/home/diego/ros2_humble/install/topic_monitor:/home/diego/ros2_humble/install/tf2_tools:/home/diego/ros2_humble/install/examples_tf2_py:/home/diego/ros2_humble/install/tf2_ros_py:/home/diego/ros2_humble/install/sros2:/home/diego/ros2_humble/install/rqt_topic:/home/diego/ros2_humble/install/rqt_srv:/home/diego/ros2_humble/install/rqt_shell:/home/diego/ros2_humble/install/rqt_service_caller:/home/diego/ros2_humble/install/rqt_reconfigure:/home/diego/ros2_humble/install/rqt_py_console:/home/diego/ros2_humble/install/rqt_publisher:/home/diego/ros2_humble/install/rqt_plot:/home/diego/ros2_humble/install/rqt_action:/home/diego/ros2_humble/install/rqt_msg:/home/diego/ros2_humble/install/rqt_console:/home/diego/ros2_humble/install/rqt:/home/diego/ros2_humble/install/rqt_graph:/home/diego/ros2_humble/install/rqt_gui_py:/home/diego/ros2_humble/install/rqt_gui:/home/diego/ros2_humble/install/ros2trace:/home/diego/ros2_humble/install/ros2topic:/home/diego/ros2_humble/install/ros2test:/home/diego/ros2_humble/install/ros2component:/home/diego/ros2_humble/install/ros2param:/home/diego/ros2_humble/install/ros2lifecycle:/home/diego/ros2_humble/install/ros2service:/home/diego/ros2_humble/install/ros2run:/home/diego/ros2_humble/install/ros2launch:/home/diego/ros2_humble/install/ros2pkg:/home/diego/ros2_humble/install/ros2node:/home/diego/ros2_humble/install/ros2multicast:/home/diego/ros2_humble/install/ros2interface:/home/diego/ros2_humble/install/ros2doctor:/home/diego/ros2_humble/install/ros2action:/home/diego/ros2_humble/install/ros2cli:/home/diego/ros2_humble/install/quality_of_service_demo_py:/home/diego/ros2_humble/install/lifecycle_py:/home/diego/ros2_humble/install/launch_testing_ros:/home/diego/ros2_humble/install/launch_ros:/home/diego/ros2_humble/install/examples_rclpy_pointcloud_publisher:/home/diego/ros2_humble/install/examples_rclpy_minimal_subscriber:/home/diego/ros2_humble/install/examples_rclpy_minimal_service:/home/diego/ros2_humble/install/examples_rclpy_minimal_publisher:/home/diego/ros2_humble/install/examples_rclpy_minimal_client:/home/diego/ros2_humble/install/examples_rclpy_minimal_action_server:/home/diego/ros2_humble/install/examples_rclpy_minimal_action_client:/home/diego/ros2_humble/install/examples_rclpy_guard_conditions:/home/diego/ros2_humble/install/examples_rclpy_executors:/home/diego/ros2_humble/install/demo_nodes_py:/home/diego/ros2_humble/install/camera_info_manager_py:/home/diego/ros2_humble/install/action_tutorials_py:/home/diego/ros2_humble/install/ament_uncrustify:/home/diego/ros2_humble/install/tracetools_trace:/home/diego/ros2_humble/install/tracetools_read:/home/diego/ros2_humble/install/test_tracetools_launch:/home/diego/ros2_humble/install/test_launch_ros:/home/diego/ros2_humble/install/sensor_msgs_py:/home/diego/ros2_humble/install/rpyutils:/home/diego/ros2_humble/install/rosidl_runtime_py:/home/diego/ros2_humble/install/rosidl_cli:/home/diego/ros2_humble/install/launch_pytest:/home/diego/ros2_humble/install/launch_testing:/home/diego/ros2_humble/install/launch_yaml:/home/diego/ros2_humble/install/launch_xml:/home/diego/ros2_humble/install/launch:/home/diego/ros2_humble/install/osrf_pycommon:/home/diego/ros2_humble/install/domain_coordinator:/home/diego/ros2_humble/install/ament_xmllint:/home/diego/ros2_humble/install/ament_pyflakes:/home/diego/ros2_humble/install/ament_pycodestyle:/home/diego/ros2_humble/install/ament_pep257:/home/diego/ros2_humble/install/ament_pclint:/home/diego/ros2_humble/install/ament_package:/home/diego/ros2_humble/install/ament_mypy:/home/diego/ros2_humble/install/ament_lint_cmake:/home/diego/ros2_humble/install/ament_flake8:/home/diego/ros2_humble/install/ament_copyright:/home/diego/ros2_humble/install/ament_lint:/home/diego/ros2_humble/install/ament_index_python:/home/diego/ros2_humble/install/ament_cpplint:/home/diego/ros2_humble/install/ament_cppcheck:/home/diego/ros2_humble/install/ament_clang_tidy:/home/diego/ros2_humble/install/ament_clang_format /usr/bin/cmake /home/diego/Desktop/UC_SmartFarmRadar/magister_ws/src/radar_msg -DCMAKE_INSTALL_PREFIX=/home/diego/Desktop/UC_SmartFarmRadar/magister_ws/install/radar_msg
[0.244s] -- The C compiler identification is GNU 11.4.0
[0.342s] -- The CXX compiler identification is GNU 11.4.0
[0.356s] -- Detecting C compiler ABI info
[0.487s] -- Detecting C compiler ABI info - done
[0.492s] -- Check for working C compiler: /usr/bin/cc - skipped
[0.492s] -- Detecting C compile features
[0.493s] -- Detecting C compile features - done
[0.496s] -- Detecting CXX compiler ABI info
[0.630s] -- Detecting CXX compiler ABI info - done
[0.635s] -- Check for working CXX compiler: /usr/bin/c++ - skipped
[0.635s] -- Detecting CXX compile features
[0.635s] -- Detecting CXX compile features - done
[0.666s] -- Found ament_cmake: 1.3.11 (/home/diego/ros2_humble/install/ament_cmake/share/ament_cmake/cmake)
[1.488s] -- Found Python3: /usr/bin/python3 (found version "3.10.12") found components: Interpreter 
[1.956s] -- Found rclpy: 3.3.16 (/home/diego/ros2_humble/install/rclpy/share/rclpy/cmake)
[1.969s] -- Found std_msgs: 4.8.0 (/home/diego/ros2_humble/install/std_msgs/share/std_msgs/cmake)
[2.156s] -- Found rosidl_generator_c: 3.1.6 (/home/diego/ros2_humble/install/rosidl_generator_c/share/rosidl_generator_c/cmake)
[2.191s] -- Found rosidl_adapter: 3.1.6 (/home/diego/ros2_humble/install/rosidl_adapter/share/rosidl_adapter/cmake)
[2.229s] -- Found rosidl_generator_cpp: 3.1.6 (/home/diego/ros2_humble/install/rosidl_generator_cpp/share/rosidl_generator_cpp/cmake)
[2.293s] -- Using all available rosidl_typesupport_c: rosidl_typesupport_introspection_c;rosidl_typesupport_fastrtps_c
[2.371s] -- Using all available rosidl_typesupport_cpp: rosidl_typesupport_introspection_cpp;rosidl_typesupport_fastrtps_cpp
[2.456s] -- Found rosidl_default_generators: 1.2.0 (/home/diego/ros2_humble/install/rosidl_default_generators/share/rosidl_default_generators/cmake)
[3.151s] -- Found ament_cmake_ros: 0.10.0 (/home/diego/ros2_humble/install/ament_cmake_ros/share/ament_cmake_ros/cmake)
[4.008s] -- Using all available rosidl_typesupport_c: rosidl_typesupport_introspection_c;rosidl_typesupport_fastrtps_c
[4.337s] -- Using all available rosidl_typesupport_cpp: rosidl_typesupport_introspection_cpp;rosidl_typesupport_fastrtps_cpp
[4.407s] -- Found PythonInterp: /usr/bin/python3 (found suitable version "3.10.12", minimum required is "3.6") 
[4.425s] -- Found python_cmake_module: 0.10.0 (/home/diego/ros2_humble/install/python_cmake_module/share/python_cmake_module/cmake)
[4.524s] -- Found PythonLibs: /usr/lib/x86_64-linux-gnu/libpython3.10.so (found suitable version "3.10.12", minimum required is "3.5") 
[4.524s] -- Using PYTHON_EXECUTABLE: /usr/bin/python3
[4.524s] -- Using PYTHON_INCLUDE_DIRS: /usr/include/python3.10
[4.524s] -- Using PYTHON_LIBRARIES: /usr/lib/x86_64-linux-gnu/libpython3.10.so
[4.588s] -- Found PythonExtra: .so  
[4.941s] -- Found ament_lint_auto: 0.12.12 (/home/diego/ros2_humble/install/ament_lint_auto/share/ament_lint_auto/cmake)
[5.186s] -- Added test 'flake8' to check Python code syntax and style conventions
[5.191s] -- Added test 'lint_cmake' to check CMake code style
[5.196s] -- Added test 'pep257' to check Python code against some of the docstring style conventions in PEP 257
[5.202s] -- Added test 'xmllint' to check XML markup files
[5.214s] -- Configuring done
[5.243s] -- Generating done
[5.251s] -- Build files have been written to: /home/diego/Desktop/UC_SmartFarmRadar/magister_ws/build/radar_msg
[5.259s] Invoked command in '/home/diego/Desktop/UC_SmartFarmRadar/magister_ws/build/radar_msg' returned '0': CMAKE_PREFIX_PATH=${CMAKE_PREFIX_PATH}:/home/diego/ros2_humble/install/rqt_bag_plugins:/home/diego/ros2_humble/install/rqt_bag:/home/diego/ros2_humble/install/launch_testing_examples:/home/diego/ros2_humble/install/ros2bag:/home/diego/ros2_humble/install/tracetools_test:/home/diego/ros2_humble/install/tracetools_launch:/home/diego/ros2_humble/install/topic_monitor:/home/diego/ros2_humble/install/tf2_tools:/home/diego/ros2_humble/install/examples_tf2_py:/home/diego/ros2_humble/install/tf2_ros_py:/home/diego/ros2_humble/install/sros2:/home/diego/ros2_humble/install/rqt_topic:/home/diego/ros2_humble/install/rqt_srv:/home/diego/ros2_humble/install/rqt_shell:/home/diego/ros2_humble/install/rqt_service_caller:/home/diego/ros2_humble/install/rqt_reconfigure:/home/diego/ros2_humble/install/rqt_py_console:/home/diego/ros2_humble/install/rqt_publisher:/home/diego/ros2_humble/install/rqt_plot:/home/diego/ros2_humble/install/rqt_action:/home/diego/ros2_humble/install/rqt_msg:/home/diego/ros2_humble/install/rqt_console:/home/diego/ros2_humble/install/rqt:/home/diego/ros2_humble/install/rqt_graph:/home/diego/ros2_humble/install/rqt_gui_py:/home/diego/ros2_humble/install/rqt_gui:/home/diego/ros2_humble/install/ros2trace:/home/diego/ros2_humble/install/ros2topic:/home/diego/ros2_humble/install/ros2test:/home/diego/ros2_humble/install/ros2component:/home/diego/ros2_humble/install/ros2param:/home/diego/ros2_humble/install/ros2lifecycle:/home/diego/ros2_humble/install/ros2service:/home/diego/ros2_humble/install/ros2run:/home/diego/ros2_humble/install/ros2launch:/home/diego/ros2_humble/install/ros2pkg:/home/diego/ros2_humble/install/ros2node:/home/diego/ros2_humble/install/ros2multicast:/home/diego/ros2_humble/install/ros2interface:/home/diego/ros2_humble/install/ros2doctor:/home/diego/ros2_humble/install/ros2action:/home/diego/ros2_humble/install/ros2cli:/home/diego/ros2_humble/install/quality_of_service_demo_py:/home/diego/ros2_humble/install/lifecycle_py:/home/diego/ros2_humble/install/launch_testing_ros:/home/diego/ros2_humble/install/launch_ros:/home/diego/ros2_humble/install/examples_rclpy_pointcloud_publisher:/home/diego/ros2_humble/install/examples_rclpy_minimal_subscriber:/home/diego/ros2_humble/install/examples_rclpy_minimal_service:/home/diego/ros2_humble/install/examples_rclpy_minimal_publisher:/home/diego/ros2_humble/install/examples_rclpy_minimal_client:/home/diego/ros2_humble/install/examples_rclpy_minimal_action_server:/home/diego/ros2_humble/install/examples_rclpy_minimal_action_client:/home/diego/ros2_humble/install/examples_rclpy_guard_conditions:/home/diego/ros2_humble/install/examples_rclpy_executors:/home/diego/ros2_humble/install/demo_nodes_py:/home/diego/ros2_humble/install/camera_info_manager_py:/home/diego/ros2_humble/install/action_tutorials_py:/home/diego/ros2_humble/install/ament_uncrustify:/home/diego/ros2_humble/install/tracetools_trace:/home/diego/ros2_humble/install/tracetools_read:/home/diego/ros2_humble/install/test_tracetools_launch:/home/diego/ros2_humble/install/test_launch_ros:/home/diego/ros2_humble/install/sensor_msgs_py:/home/diego/ros2_humble/install/rpyutils:/home/diego/ros2_humble/install/rosidl_runtime_py:/home/diego/ros2_humble/install/rosidl_cli:/home/diego/ros2_humble/install/launch_pytest:/home/diego/ros2_humble/install/launch_testing:/home/diego/ros2_humble/install/launch_yaml:/home/diego/ros2_humble/install/launch_xml:/home/diego/ros2_humble/install/launch:/home/diego/ros2_humble/install/osrf_pycommon:/home/diego/ros2_humble/install/domain_coordinator:/home/diego/ros2_humble/install/ament_xmllint:/home/diego/ros2_humble/install/ament_pyflakes:/home/diego/ros2_humble/install/ament_pycodestyle:/home/diego/ros2_humble/install/ament_pep257:/home/diego/ros2_humble/install/ament_pclint:/home/diego/ros2_humble/install/ament_package:/home/diego/ros2_humble/install/ament_mypy:/home/diego/ros2_humble/install/ament_lint_cmake:/home/diego/ros2_humble/install/ament_flake8:/home/diego/ros2_humble/install/ament_copyright:/home/diego/ros2_humble/install/ament_lint:/home/diego/ros2_humble/install/ament_index_python:/home/diego/ros2_humble/install/ament_cpplint:/home/diego/ros2_humble/install/ament_cppcheck:/home/diego/ros2_humble/install/ament_clang_tidy:/home/diego/ros2_humble/install/ament_clang_format /usr/bin/cmake /home/diego/Desktop/UC_SmartFarmRadar/magister_ws/src/radar_msg -DCMAKE_INSTALL_PREFIX=/home/diego/Desktop/UC_SmartFarmRadar/magister_ws/install/radar_msg
[5.261s] Invoking command in '/home/diego/Desktop/UC_SmartFarmRadar/magister_ws/build/radar_msg': CMAKE_PREFIX_PATH=${CMAKE_PREFIX_PATH}:/home/diego/ros2_humble/install/rqt_bag_plugins:/home/diego/ros2_humble/install/rqt_bag:/home/diego/ros2_humble/install/launch_testing_examples:/home/diego/ros2_humble/install/ros2bag:/home/diego/ros2_humble/install/tracetools_test:/home/diego/ros2_humble/install/tracetools_launch:/home/diego/ros2_humble/install/topic_monitor:/home/diego/ros2_humble/install/tf2_tools:/home/diego/ros2_humble/install/examples_tf2_py:/home/diego/ros2_humble/install/tf2_ros_py:/home/diego/ros2_humble/install/sros2:/home/diego/ros2_humble/install/rqt_topic:/home/diego/ros2_humble/install/rqt_srv:/home/diego/ros2_humble/install/rqt_shell:/home/diego/ros2_humble/install/rqt_service_caller:/home/diego/ros2_humble/install/rqt_reconfigure:/home/diego/ros2_humble/install/rqt_py_console:/home/diego/ros2_humble/install/rqt_publisher:/home/diego/ros2_humble/install/rqt_plot:/home/diego/ros2_humble/install/rqt_action:/home/diego/ros2_humble/install/rqt_msg:/home/diego/ros2_humble/install/rqt_console:/home/diego/ros2_humble/install/rqt:/home/diego/ros2_humble/install/rqt_graph:/home/diego/ros2_humble/install/rqt_gui_py:/home/diego/ros2_humble/install/rqt_gui:/home/diego/ros2_humble/install/ros2trace:/home/diego/ros2_humble/install/ros2topic:/home/diego/ros2_humble/install/ros2test:/home/diego/ros2_humble/install/ros2component:/home/diego/ros2_humble/install/ros2param:/home/diego/ros2_humble/install/ros2lifecycle:/home/diego/ros2_humble/install/ros2service:/home/diego/ros2_humble/install/ros2run:/home/diego/ros2_humble/install/ros2launch:/home/diego/ros2_humble/install/ros2pkg:/home/diego/ros2_humble/install/ros2node:/home/diego/ros2_humble/install/ros2multicast:/home/diego/ros2_humble/install/ros2interface:/home/diego/ros2_humble/install/ros2doctor:/home/diego/ros2_humble/install/ros2action:/home/diego/ros2_humble/install/ros2cli:/home/diego/ros2_humble/install/quality_of_service_demo_py:/home/diego/ros2_humble/install/lifecycle_py:/home/diego/ros2_humble/install/launch_testing_ros:/home/diego/ros2_humble/install/launch_ros:/home/diego/ros2_humble/install/examples_rclpy_pointcloud_publisher:/home/diego/ros2_humble/install/examples_rclpy_minimal_subscriber:/home/diego/ros2_humble/install/examples_rclpy_minimal_service:/home/diego/ros2_humble/install/examples_rclpy_minimal_publisher:/home/diego/ros2_humble/install/examples_rclpy_minimal_client:/home/diego/ros2_humble/install/examples_rclpy_minimal_action_server:/home/diego/ros2_humble/install/examples_rclpy_minimal_action_client:/home/diego/ros2_humble/install/examples_rclpy_guard_conditions:/home/diego/ros2_humble/install/examples_rclpy_executors:/home/diego/ros2_humble/install/demo_nodes_py:/home/diego/ros2_humble/install/camera_info_manager_py:/home/diego/ros2_humble/install/action_tutorials_py:/home/diego/ros2_humble/install/ament_uncrustify:/home/diego/ros2_humble/install/tracetools_trace:/home/diego/ros2_humble/install/tracetools_read:/home/diego/ros2_humble/install/test_tracetools_launch:/home/diego/ros2_humble/install/test_launch_ros:/home/diego/ros2_humble/install/sensor_msgs_py:/home/diego/ros2_humble/install/rpyutils:/home/diego/ros2_humble/install/rosidl_runtime_py:/home/diego/ros2_humble/install/rosidl_cli:/home/diego/ros2_humble/install/launch_pytest:/home/diego/ros2_humble/install/launch_testing:/home/diego/ros2_humble/install/launch_yaml:/home/diego/ros2_humble/install/launch_xml:/home/diego/ros2_humble/install/launch:/home/diego/ros2_humble/install/osrf_pycommon:/home/diego/ros2_humble/install/domain_coordinator:/home/diego/ros2_humble/install/ament_xmllint:/home/diego/ros2_humble/install/ament_pyflakes:/home/diego/ros2_humble/install/ament_pycodestyle:/home/diego/ros2_humble/install/ament_pep257:/home/diego/ros2_humble/install/ament_pclint:/home/diego/ros2_humble/install/ament_package:/home/diego/ros2_humble/install/ament_mypy:/home/diego/ros2_humble/install/ament_lint_cmake:/home/diego/ros2_humble/install/ament_flake8:/home/diego/ros2_humble/install/ament_copyright:/home/diego/ros2_humble/install/ament_lint:/home/diego/ros2_humble/install/ament_index_python:/home/diego/ros2_humble/install/ament_cpplint:/home/diego/ros2_humble/install/ament_cppcheck:/home/diego/ros2_humble/install/ament_clang_tidy:/home/diego/ros2_humble/install/ament_clang_format /usr/bin/cmake --build /home/diego/Desktop/UC_SmartFarmRadar/magister_ws/build/radar_msg -- -j12 -l12
[5.355s] [  3%] [34m[1mGenerating C code for ROS interfaces[0m
[5.379s] [  6%] [34m[1mGenerating C++ code for ROS interfaces[0m
[5.399s] [  6%] Built target ament_cmake_python_copy_radar_msg
[5.714s] [  6%] Built target radar_msg__cpp
[5.718s] [  9%] [32mBuilding C object CMakeFiles/radar_msg__rosidl_generator_c.dir/rosidl_generator_c/radar_msg/msg/detail/radar_data__functions.c.o[0m
[5.739s] [ 19%] [34m[1mGenerating C++ type support for eProsima Fast-RTPS[0m
[5.739s] [ 19%] [34m[1mGenerating C++ introspection for ROS interfaces[0m
[5.739s] [ 19%] [34m[1mGenerating C++ type support dispatch for ROS interfaces[0m
[5.791s] [ 22%] [32m[1mLinking C shared library libradar_msg__rosidl_generator_c.so[0m
[5.795s] running egg_info
[5.828s] creating radar_msg.egg-info
[5.828s] writing radar_msg.egg-info/PKG-INFO
[5.828s] writing dependency_links to radar_msg.egg-info/dependency_links.txt
[5.828s] writing top-level names to radar_msg.egg-info/top_level.txt
[5.828s] writing manifest file 'radar_msg.egg-info/SOURCES.txt'
[5.855s] [ 22%] Built target radar_msg__rosidl_generator_c
[5.881s] [ 29%] [34m[1mGenerating C type support for eProsima Fast-RTPS[0m
[5.881s] [ 29%] [34m[1mGenerating C type support dispatch for ROS interfaces[0m
[5.889s] [ 32%] [34m[1mGenerating C introspection for ROS interfaces[0m
[5.901s] reading manifest file 'radar_msg.egg-info/SOURCES.txt'
[5.901s] writing manifest file 'radar_msg.egg-info/SOURCES.txt'
[5.952s] [ 32%] Built target ament_cmake_python_build_radar_msg_egg
[6.075s] [ 35%] [32mBuilding CXX object CMakeFiles/radar_msg__rosidl_typesupport_cpp.dir/rosidl_typesupport_cpp/radar_msg/msg/radar_data__type_support.cpp.o[0m
[6.095s] [ 38%] [32mBuilding CXX object CMakeFiles/radar_msg__rosidl_typesupport_introspection_cpp.dir/rosidl_typesupport_introspection_cpp/radar_msg/msg/detail/radar_data__type_support.cpp.o[0m
[6.098s] [ 41%] [32mBuilding CXX object CMakeFiles/radar_msg__rosidl_typesupport_fastrtps_cpp.dir/rosidl_typesupport_fastrtps_cpp/radar_msg/msg/detail/dds_fastrtps/radar_data__type_support.cpp.o[0m
[6.241s] [ 45%] [32mBuilding CXX object CMakeFiles/radar_msg__rosidl_typesupport_c.dir/rosidl_typesupport_c/radar_msg/msg/radar_data__type_support.cpp.o[0m
[6.243s] [ 48%] [32mBuilding CXX object CMakeFiles/radar_msg__rosidl_typesupport_fastrtps_c.dir/rosidl_typesupport_fastrtps_c/radar_msg/msg/detail/radar_data__type_support_c.cpp.o[0m
[6.273s] [ 51%] [32mBuilding C object CMakeFiles/radar_msg__rosidl_typesupport_introspection_c.dir/rosidl_typesupport_introspection_c/radar_msg/msg/detail/radar_data__type_support.c.o[0m
[6.290s] [ 54%] [32m[1mLinking CXX shared library libradar_msg__rosidl_typesupport_c.so[0m
[6.310s] [ 58%] [32m[1mLinking CXX shared library libradar_msg__rosidl_typesupport_cpp.so[0m
[6.328s] [ 61%] [32m[1mLinking C shared library libradar_msg__rosidl_typesupport_introspection_c.so[0m
[6.356s] [ 61%] Built target radar_msg__rosidl_typesupport_c
[6.378s] [ 61%] Built target radar_msg__rosidl_typesupport_cpp
[6.387s] [ 61%] Built target radar_msg__rosidl_typesupport_introspection_c
[6.417s] [ 64%] [32m[1mLinking CXX shared library libradar_msg__rosidl_typesupport_introspection_cpp.so[0m
[6.438s] [ 67%] [32m[1mLinking CXX shared library libradar_msg__rosidl_typesupport_fastrtps_cpp.so[0m
[6.507s] [ 70%] [32m[1mLinking CXX shared library libradar_msg__rosidl_typesupport_fastrtps_c.so[0m
[6.509s] [ 70%] Built target radar_msg__rosidl_typesupport_introspection_cpp
[6.530s] [ 70%] Built target radar_msg__rosidl_typesupport_fastrtps_cpp
[6.598s] [ 70%] Built target radar_msg__rosidl_typesupport_fastrtps_c
[6.651s] [ 70%] Built target radar_msg
[6.702s] [ 74%] [34m[1mGenerating Python code for ROS interfaces[0m
[7.099s] [ 74%] Built target radar_msg__py
[7.152s] [ 77%] [32mBuilding C object CMakeFiles/radar_msg__rosidl_generator_py.dir/rosidl_generator_py/radar_msg/msg/_radar_data_s.c.o[0m
[7.274s] [ 80%] [32m[1mLinking C shared library rosidl_generator_py/radar_msg/libradar_msg__rosidl_generator_py.so[0m
[7.343s] [ 80%] Built target radar_msg__rosidl_generator_py
[7.394s] [ 90%] [32mBuilding C object CMakeFiles/radar_msg__rosidl_typesupport_introspection_c__pyext.dir/rosidl_generator_py/radar_msg/_radar_msg_s.ep.rosidl_typesupport_introspection_c.c.o[0m
[7.394s] [ 90%] [32mBuilding C object CMakeFiles/radar_msg__rosidl_typesupport_c__pyext.dir/rosidl_generator_py/radar_msg/_radar_msg_s.ep.rosidl_typesupport_c.c.o[0m
[7.394s] [ 90%] [32mBuilding C object CMakeFiles/radar_msg__rosidl_typesupport_fastrtps_c__pyext.dir/rosidl_generator_py/radar_msg/_radar_msg_s.ep.rosidl_typesupport_fastrtps_c.c.o[0m
[7.494s] [ 96%] [32m[1mLinking C shared library rosidl_generator_py/radar_msg/radar_msg_s__rosidl_typesupport_c.cpython-310-x86_64-linux-gnu.so[0m
[7.494s] [ 96%] [32m[1mLinking C shared library rosidl_generator_py/radar_msg/radar_msg_s__rosidl_typesupport_introspection_c.cpython-310-x86_64-linux-gnu.so[0m
[7.494s] [100%] [32m[1mLinking C shared library rosidl_generator_py/radar_msg/radar_msg_s__rosidl_typesupport_fastrtps_c.cpython-310-x86_64-linux-gnu.so[0m
[7.559s] [100%] Built target radar_msg__rosidl_typesupport_fastrtps_c__pyext
[7.559s] [100%] Built target radar_msg__rosidl_typesupport_c__pyext
[7.559s] [100%] Built target radar_msg__rosidl_typesupport_introspection_c__pyext
[7.582s] Invoked command in '/home/diego/Desktop/UC_SmartFarmRadar/magister_ws/build/radar_msg' returned '0': CMAKE_PREFIX_PATH=${CMAKE_PREFIX_PATH}:/home/diego/ros2_humble/install/rqt_bag_plugins:/home/diego/ros2_humble/install/rqt_bag:/home/diego/ros2_humble/install/launch_testing_examples:/home/diego/ros2_humble/install/ros2bag:/home/diego/ros2_humble/install/tracetools_test:/home/diego/ros2_humble/install/tracetools_launch:/home/diego/ros2_humble/install/topic_monitor:/home/diego/ros2_humble/install/tf2_tools:/home/diego/ros2_humble/install/examples_tf2_py:/home/diego/ros2_humble/install/tf2_ros_py:/home/diego/ros2_humble/install/sros2:/home/diego/ros2_humble/install/rqt_topic:/home/diego/ros2_humble/install/rqt_srv:/home/diego/ros2_humble/install/rqt_shell:/home/diego/ros2_humble/install/rqt_service_caller:/home/diego/ros2_humble/install/rqt_reconfigure:/home/diego/ros2_humble/install/rqt_py_console:/home/diego/ros2_humble/install/rqt_publisher:/home/diego/ros2_humble/install/rqt_plot:/home/diego/ros2_humble/install/rqt_action:/home/diego/ros2_humble/install/rqt_msg:/home/diego/ros2_humble/install/rqt_console:/home/diego/ros2_humble/install/rqt:/home/diego/ros2_humble/install/rqt_graph:/home/diego/ros2_humble/install/rqt_gui_py:/home/diego/ros2_humble/install/rqt_gui:/home/diego/ros2_humble/install/ros2trace:/home/diego/ros2_humble/install/ros2topic:/home/diego/ros2_humble/install/ros2test:/home/diego/ros2_humble/install/ros2component:/home/diego/ros2_humble/install/ros2param:/home/diego/ros2_humble/install/ros2lifecycle:/home/diego/ros2_humble/install/ros2service:/home/diego/ros2_humble/install/ros2run:/home/diego/ros2_humble/install/ros2launch:/home/diego/ros2_humble/install/ros2pkg:/home/diego/ros2_humble/install/ros2node:/home/diego/ros2_humble/install/ros2multicast:/home/diego/ros2_humble/install/ros2interface:/home/diego/ros2_humble/install/ros2doctor:/home/diego/ros2_humble/install/ros2action:/home/diego/ros2_humble/install/ros2cli:/home/diego/ros2_humble/install/quality_of_service_demo_py:/home/diego/ros2_humble/install/lifecycle_py:/home/diego/ros2_humble/install/launch_testing_ros:/home/diego/ros2_humble/install/launch_ros:/home/diego/ros2_humble/install/examples_rclpy_pointcloud_publisher:/home/diego/ros2_humble/install/examples_rclpy_minimal_subscriber:/home/diego/ros2_humble/install/examples_rclpy_minimal_service:/home/diego/ros2_humble/install/examples_rclpy_minimal_publisher:/home/diego/ros2_humble/install/examples_rclpy_minimal_client:/home/diego/ros2_humble/install/examples_rclpy_minimal_action_server:/home/diego/ros2_humble/install/examples_rclpy_minimal_action_client:/home/diego/ros2_humble/install/examples_rclpy_guard_conditions:/home/diego/ros2_humble/install/examples_rclpy_executors:/home/diego/ros2_humble/install/demo_nodes_py:/home/diego/ros2_humble/install/camera_info_manager_py:/home/diego/ros2_humble/install/action_tutorials_py:/home/diego/ros2_humble/install/ament_uncrustify:/home/diego/ros2_humble/install/tracetools_trace:/home/diego/ros2_humble/install/tracetools_read:/home/diego/ros2_humble/install/test_tracetools_launch:/home/diego/ros2_humble/install/test_launch_ros:/home/diego/ros2_humble/install/sensor_msgs_py:/home/diego/ros2_humble/install/rpyutils:/home/diego/ros2_humble/install/rosidl_runtime_py:/home/diego/ros2_humble/install/rosidl_cli:/home/diego/ros2_humble/install/launch_pytest:/home/diego/ros2_humble/install/launch_testing:/home/diego/ros2_humble/install/launch_yaml:/home/diego/ros2_humble/install/launch_xml:/home/diego/ros2_humble/install/launch:/home/diego/ros2_humble/install/osrf_pycommon:/home/diego/ros2_humble/install/domain_coordinator:/home/diego/ros2_humble/install/ament_xmllint:/home/diego/ros2_humble/install/ament_pyflakes:/home/diego/ros2_humble/install/ament_pycodestyle:/home/diego/ros2_humble/install/ament_pep257:/home/diego/ros2_humble/install/ament_pclint:/home/diego/ros2_humble/install/ament_package:/home/diego/ros2_humble/install/ament_mypy:/home/diego/ros2_humble/install/ament_lint_cmake:/home/diego/ros2_humble/install/ament_flake8:/home/diego/ros2_humble/install/ament_copyright:/home/diego/ros2_humble/install/ament_lint:/home/diego/ros2_humble/install/ament_index_python:/home/diego/ros2_humble/install/ament_cpplint:/home/diego/ros2_humble/install/ament_cppcheck:/home/diego/ros2_humble/install/ament_clang_tidy:/home/diego/ros2_humble/install/ament_clang_format /usr/bin/cmake --build /home/diego/Desktop/UC_SmartFarmRadar/magister_ws/build/radar_msg -- -j12 -l12
[7.603s] Invoking command in '/home/diego/Desktop/UC_SmartFarmRadar/magister_ws/build/radar_msg': CMAKE_PREFIX_PATH=${CMAKE_PREFIX_PATH}:/home/diego/ros2_humble/install/rqt_bag_plugins:/home/diego/ros2_humble/install/rqt_bag:/home/diego/ros2_humble/install/launch_testing_examples:/home/diego/ros2_humble/install/ros2bag:/home/diego/ros2_humble/install/tracetools_test:/home/diego/ros2_humble/install/tracetools_launch:/home/diego/ros2_humble/install/topic_monitor:/home/diego/ros2_humble/install/tf2_tools:/home/diego/ros2_humble/install/examples_tf2_py:/home/diego/ros2_humble/install/tf2_ros_py:/home/diego/ros2_humble/install/sros2:/home/diego/ros2_humble/install/rqt_topic:/home/diego/ros2_humble/install/rqt_srv:/home/diego/ros2_humble/install/rqt_shell:/home/diego/ros2_humble/install/rqt_service_caller:/home/diego/ros2_humble/install/rqt_reconfigure:/home/diego/ros2_humble/install/rqt_py_console:/home/diego/ros2_humble/install/rqt_publisher:/home/diego/ros2_humble/install/rqt_plot:/home/diego/ros2_humble/install/rqt_action:/home/diego/ros2_humble/install/rqt_msg:/home/diego/ros2_humble/install/rqt_console:/home/diego/ros2_humble/install/rqt:/home/diego/ros2_humble/install/rqt_graph:/home/diego/ros2_humble/install/rqt_gui_py:/home/diego/ros2_humble/install/rqt_gui:/home/diego/ros2_humble/install/ros2trace:/home/diego/ros2_humble/install/ros2topic:/home/diego/ros2_humble/install/ros2test:/home/diego/ros2_humble/install/ros2component:/home/diego/ros2_humble/install/ros2param:/home/diego/ros2_humble/install/ros2lifecycle:/home/diego/ros2_humble/install/ros2service:/home/diego/ros2_humble/install/ros2run:/home/diego/ros2_humble/install/ros2launch:/home/diego/ros2_humble/install/ros2pkg:/home/diego/ros2_humble/install/ros2node:/home/diego/ros2_humble/install/ros2multicast:/home/diego/ros2_humble/install/ros2interface:/home/diego/ros2_humble/install/ros2doctor:/home/diego/ros2_humble/install/ros2action:/home/diego/ros2_humble/install/ros2cli:/home/diego/ros2_humble/install/quality_of_service_demo_py:/home/diego/ros2_humble/install/lifecycle_py:/home/diego/ros2_humble/install/launch_testing_ros:/home/diego/ros2_humble/install/launch_ros:/home/diego/ros2_humble/install/examples_rclpy_pointcloud_publisher:/home/diego/ros2_humble/install/examples_rclpy_minimal_subscriber:/home/diego/ros2_humble/install/examples_rclpy_minimal_service:/home/diego/ros2_humble/install/examples_rclpy_minimal_publisher:/home/diego/ros2_humble/install/examples_rclpy_minimal_client:/home/diego/ros2_humble/install/examples_rclpy_minimal_action_server:/home/diego/ros2_humble/install/examples_rclpy_minimal_action_client:/home/diego/ros2_humble/install/examples_rclpy_guard_conditions:/home/diego/ros2_humble/install/examples_rclpy_executors:/home/diego/ros2_humble/install/demo_nodes_py:/home/diego/ros2_humble/install/camera_info_manager_py:/home/diego/ros2_humble/install/action_tutorials_py:/home/diego/ros2_humble/install/ament_uncrustify:/home/diego/ros2_humble/install/tracetools_trace:/home/diego/ros2_humble/install/tracetools_read:/home/diego/ros2_humble/install/test_tracetools_launch:/home/diego/ros2_humble/install/test_launch_ros:/home/diego/ros2_humble/install/sensor_msgs_py:/home/diego/ros2_humble/install/rpyutils:/home/diego/ros2_humble/install/rosidl_runtime_py:/home/diego/ros2_humble/install/rosidl_cli:/home/diego/ros2_humble/install/launch_pytest:/home/diego/ros2_humble/install/launch_testing:/home/diego/ros2_humble/install/launch_yaml:/home/diego/ros2_humble/install/launch_xml:/home/diego/ros2_humble/install/launch:/home/diego/ros2_humble/install/osrf_pycommon:/home/diego/ros2_humble/install/domain_coordinator:/home/diego/ros2_humble/install/ament_xmllint:/home/diego/ros2_humble/install/ament_pyflakes:/home/diego/ros2_humble/install/ament_pycodestyle:/home/diego/ros2_humble/install/ament_pep257:/home/diego/ros2_humble/install/ament_pclint:/home/diego/ros2_humble/install/ament_package:/home/diego/ros2_humble/install/ament_mypy:/home/diego/ros2_humble/install/ament_lint_cmake:/home/diego/ros2_humble/install/ament_flake8:/home/diego/ros2_humble/install/ament_copyright:/home/diego/ros2_humble/install/ament_lint:/home/diego/ros2_humble/install/ament_index_python:/home/diego/ros2_humble/install/ament_cpplint:/home/diego/ros2_humble/install/ament_cppcheck:/home/diego/ros2_humble/install/ament_clang_tidy:/home/diego/ros2_humble/install/ament_clang_format /usr/bin/cmake --install /home/diego/Desktop/UC_SmartFarmRadar/magister_ws/build/radar_msg
[7.620s] -- Install configuration: ""
[7.621s] -- Installing: /home/diego/Desktop/UC_SmartFarmRadar/magister_ws/install/radar_msg/share/ament_index/resource_index/rosidl_interfaces/radar_msg
[7.621s] -- Installing: /home/diego/Desktop/UC_SmartFarmRadar/magister_ws/install/radar_msg/include/radar_msg/radar_msg
[7.621s] -- Installing: /home/diego/Desktop/UC_SmartFarmRadar/magister_ws/install/radar_msg/include/radar_msg/radar_msg/msg
[7.621s] -- Installing: /home/diego/Desktop/UC_SmartFarmRadar/magister_ws/install/radar_msg/include/radar_msg/radar_msg/msg/detail
[7.621s] -- Installing: /home/diego/Desktop/UC_SmartFarmRadar/magister_ws/install/radar_msg/include/radar_msg/radar_msg/msg/detail/radar_data__functions.c
[7.621s] -- Installing: /home/diego/Desktop/UC_SmartFarmRadar/magister_ws/install/radar_msg/include/radar_msg/radar_msg/msg/detail/radar_data__type_support.h
[7.621s] -- Installing: /home/diego/Desktop/UC_SmartFarmRadar/magister_ws/install/radar_msg/include/radar_msg/radar_msg/msg/detail/radar_data__functions.h
[7.621s] -- Installing: /home/diego/Desktop/UC_SmartFarmRadar/magister_ws/install/radar_msg/include/radar_msg/radar_msg/msg/detail/radar_data__struct.h
[7.621s] -- Installing: /home/diego/Desktop/UC_SmartFarmRadar/magister_ws/install/radar_msg/include/radar_msg/radar_msg/msg/radar_data.h
[7.622s] -- Installing: /home/diego/Desktop/UC_SmartFarmRadar/magister_ws/install/radar_msg/include/radar_msg/radar_msg/msg/rosidl_generator_c__visibility_control.h
[7.622s] -- Installing: /home/diego/Desktop/UC_SmartFarmRadar/magister_ws/install/radar_msg/share/radar_msg/environment/library_path.sh
[7.622s] -- Installing: /home/diego/Desktop/UC_SmartFarmRadar/magister_ws/install/radar_msg/share/radar_msg/environment/library_path.dsv
[7.623s] -- Installing: /home/diego/Desktop/UC_SmartFarmRadar/magister_ws/install/radar_msg/lib/libradar_msg__rosidl_generator_c.so
[7.623s] -- Set runtime path of "/home/diego/Desktop/UC_SmartFarmRadar/magister_ws/install/radar_msg/lib/libradar_msg__rosidl_generator_c.so" to ""
[7.623s] -- Up-to-date: /home/diego/Desktop/UC_SmartFarmRadar/magister_ws/install/radar_msg/include/radar_msg/radar_msg
[7.623s] -- Up-to-date: /home/diego/Desktop/UC_SmartFarmRadar/magister_ws/install/radar_msg/include/radar_msg/radar_msg/msg
[7.623s] -- Installing: /home/diego/Desktop/UC_SmartFarmRadar/magister_ws/install/radar_msg/include/radar_msg/radar_msg/msg/rosidl_typesupport_fastrtps_c__visibility_control.h
[7.623s] -- Up-to-date: /home/diego/Desktop/UC_SmartFarmRadar/magister_ws/install/radar_msg/include/radar_msg/radar_msg/msg/detail
[7.624s] -- Installing: /home/diego/Desktop/UC_SmartFarmRadar/magister_ws/install/radar_msg/include/radar_msg/radar_msg/msg/detail/radar_data__rosidl_typesupport_fastrtps_c.h
[7.624s] -- Installing: /home/diego/Desktop/UC_SmartFarmRadar/magister_ws/install/radar_msg/lib/libradar_msg__rosidl_typesupport_fastrtps_c.so
[7.624s] -- Set runtime path of "/home/diego/Desktop/UC_SmartFarmRadar/magister_ws/install/radar_msg/lib/libradar_msg__rosidl_typesupport_fastrtps_c.so" to ""
[7.624s] -- Up-to-date: /home/diego/Desktop/UC_SmartFarmRadar/magister_ws/install/radar_msg/include/radar_msg/radar_msg
[7.624s] -- Up-to-date: /home/diego/Desktop/UC_SmartFarmRadar/magister_ws/install/radar_msg/include/radar_msg/radar_msg/msg
[7.624s] -- Installing: /home/diego/Desktop/UC_SmartFarmRadar/magister_ws/install/radar_msg/include/radar_msg/radar_msg/msg/rosidl_generator_cpp__visibility_control.hpp
[7.624s] -- Installing: /home/diego/Desktop/UC_SmartFarmRadar/magister_ws/install/radar_msg/include/radar_msg/radar_msg/msg/radar_data.hpp
[7.624s] -- Up-to-date: /home/diego/Desktop/UC_SmartFarmRadar/magister_ws/install/radar_msg/include/radar_msg/radar_msg/msg/detail
[7.624s] -- Installing: /home/diego/Desktop/UC_SmartFarmRadar/magister_ws/install/radar_msg/include/radar_msg/radar_msg/msg/detail/radar_data__type_support.hpp
[7.624s] -- Installing: /home/diego/Desktop/UC_SmartFarmRadar/magister_ws/install/radar_msg/include/radar_msg/radar_msg/msg/detail/radar_data__builder.hpp
[7.624s] -- Installing: /home/diego/Desktop/UC_SmartFarmRadar/magister_ws/install/radar_msg/include/radar_msg/radar_msg/msg/detail/radar_data__traits.hpp
[7.624s] -- Installing: /home/diego/Desktop/UC_SmartFarmRadar/magister_ws/install/radar_msg/include/radar_msg/radar_msg/msg/detail/radar_data__struct.hpp
[7.625s] -- Up-to-date: /home/diego/Desktop/UC_SmartFarmRadar/magister_ws/install/radar_msg/include/radar_msg/radar_msg
[7.625s] -- Up-to-date: /home/diego/Desktop/UC_SmartFarmRadar/magister_ws/install/radar_msg/include/radar_msg/radar_msg/msg
[7.625s] -- Up-to-date: /home/diego/Desktop/UC_SmartFarmRadar/magister_ws/install/radar_msg/include/radar_msg/radar_msg/msg/detail
[7.625s] -- Installing: /home/diego/Desktop/UC_SmartFarmRadar/magister_ws/install/radar_msg/include/radar_msg/radar_msg/msg/detail/radar_data__rosidl_typesupport_fastrtps_cpp.hpp
[7.625s] -- Installing: /home/diego/Desktop/UC_SmartFarmRadar/magister_ws/install/radar_msg/include/radar_msg/radar_msg/msg/detail/dds_fastrtps
[7.625s] -- Installing: /home/diego/Desktop/UC_SmartFarmRadar/magister_ws/install/radar_msg/include/radar_msg/radar_msg/msg/rosidl_typesupport_fastrtps_cpp__visibility_control.h
[7.625s] -- Installing: /home/diego/Desktop/UC_SmartFarmRadar/magister_ws/install/radar_msg/lib/libradar_msg__rosidl_typesupport_fastrtps_cpp.so
[7.625s] -- Set runtime path of "/home/diego/Desktop/UC_SmartFarmRadar/magister_ws/install/radar_msg/lib/libradar_msg__rosidl_typesupport_fastrtps_cpp.so" to ""
[7.625s] -- Up-to-date: /home/diego/Desktop/UC_SmartFarmRadar/magister_ws/install/radar_msg/include/radar_msg/radar_msg
[7.626s] -- Up-to-date: /home/diego/Desktop/UC_SmartFarmRadar/magister_ws/install/radar_msg/include/radar_msg/radar_msg/msg
[7.626s] -- Up-to-date: /home/diego/Desktop/UC_SmartFarmRadar/magister_ws/install/radar_msg/include/radar_msg/radar_msg/msg/detail
[7.626s] -- Installing: /home/diego/Desktop/UC_SmartFarmRadar/magister_ws/install/radar_msg/include/radar_msg/radar_msg/msg/detail/radar_data__type_support.c
[7.626s] -- Installing: /home/diego/Desktop/UC_SmartFarmRadar/magister_ws/install/radar_msg/include/radar_msg/radar_msg/msg/detail/radar_data__rosidl_typesupport_introspection_c.h
[7.626s] -- Installing: /home/diego/Desktop/UC_SmartFarmRadar/magister_ws/install/radar_msg/include/radar_msg/radar_msg/msg/rosidl_typesupport_introspection_c__visibility_control.h
[7.626s] -- Installing: /home/diego/Desktop/UC_SmartFarmRadar/magister_ws/install/radar_msg/lib/libradar_msg__rosidl_typesupport_introspection_c.so
[7.626s] -- Set runtime path of "/home/diego/Desktop/UC_SmartFarmRadar/magister_ws/install/radar_msg/lib/libradar_msg__rosidl_typesupport_introspection_c.so" to ""
[7.626s] -- Installing: /home/diego/Desktop/UC_SmartFarmRadar/magister_ws/install/radar_msg/lib/libradar_msg__rosidl_typesupport_c.so
[7.626s] -- Set runtime path of "/home/diego/Desktop/UC_SmartFarmRadar/magister_ws/install/radar_msg/lib/libradar_msg__rosidl_typesupport_c.so" to ""
[7.627s] -- Up-to-date: /home/diego/Desktop/UC_SmartFarmRadar/magister_ws/install/radar_msg/include/radar_msg/radar_msg
[7.627s] -- Up-to-date: /home/diego/Desktop/UC_SmartFarmRadar/magister_ws/install/radar_msg/include/radar_msg/radar_msg/msg
[7.627s] -- Up-to-date: /home/diego/Desktop/UC_SmartFarmRadar/magister_ws/install/radar_msg/include/radar_msg/radar_msg/msg/detail
[7.627s] -- Installing: /home/diego/Desktop/UC_SmartFarmRadar/magister_ws/install/radar_msg/include/radar_msg/radar_msg/msg/detail/radar_data__type_support.cpp
[7.627s] -- Installing: /home/diego/Desktop/UC_SmartFarmRadar/magister_ws/install/radar_msg/include/radar_msg/radar_msg/msg/detail/radar_data__rosidl_typesupport_introspection_cpp.hpp
[7.627s] -- Installing: /home/diego/Desktop/UC_SmartFarmRadar/magister_ws/install/radar_msg/lib/libradar_msg__rosidl_typesupport_introspection_cpp.so
[7.627s] -- Set runtime path of "/home/diego/Desktop/UC_SmartFarmRadar/magister_ws/install/radar_msg/lib/libradar_msg__rosidl_typesupport_introspection_cpp.so" to ""
[7.627s] -- Installing: /home/diego/Desktop/UC_SmartFarmRadar/magister_ws/install/radar_msg/lib/libradar_msg__rosidl_typesupport_cpp.so
[7.628s] -- Set runtime path of "/home/diego/Desktop/UC_SmartFarmRadar/magister_ws/install/radar_msg/lib/libradar_msg__rosidl_typesupport_cpp.so" to ""
[7.628s] -- Installing: /home/diego/Desktop/UC_SmartFarmRadar/magister_ws/install/radar_msg/share/radar_msg/environment/pythonpath.sh
[7.628s] -- Installing: /home/diego/Desktop/UC_SmartFarmRadar/magister_ws/install/radar_msg/share/radar_msg/environment/pythonpath.dsv
[7.628s] -- Installing: /home/diego/Desktop/UC_SmartFarmRadar/magister_ws/install/radar_msg/local/lib/python3.10/dist-packages/radar_msg-0.0.0-py3.10.egg-info
[7.628s] -- Installing: /home/diego/Desktop/UC_SmartFarmRadar/magister_ws/install/radar_msg/local/lib/python3.10/dist-packages/radar_msg-0.0.0-py3.10.egg-info/top_level.txt
[7.628s] -- Installing: /home/diego/Desktop/UC_SmartFarmRadar/magister_ws/install/radar_msg/local/lib/python3.10/dist-packages/radar_msg-0.0.0-py3.10.egg-info/SOURCES.txt
[7.628s] -- Installing: /home/diego/Desktop/UC_SmartFarmRadar/magister_ws/install/radar_msg/local/lib/python3.10/dist-packages/radar_msg-0.0.0-py3.10.egg-info/dependency_links.txt
[7.628s] -- Installing: /home/diego/Desktop/UC_SmartFarmRadar/magister_ws/install/radar_msg/local/lib/python3.10/dist-packages/radar_msg-0.0.0-py3.10.egg-info/PKG-INFO
[7.628s] -- Installing: /home/diego/Desktop/UC_SmartFarmRadar/magister_ws/install/radar_msg/local/lib/python3.10/dist-packages/radar_msg
[7.628s] -- Installing: /home/diego/Desktop/UC_SmartFarmRadar/magister_ws/install/radar_msg/local/lib/python3.10/dist-packages/radar_msg/_radar_msg_s.ep.rosidl_typesupport_fastrtps_c.c
[7.629s] -- Installing: /home/diego/Desktop/UC_SmartFarmRadar/magister_ws/install/radar_msg/local/lib/python3.10/dist-packages/radar_msg/radar_msg_s__rosidl_typesupport_fastrtps_c.cpython-310-x86_64-linux-gnu.so
[7.629s] -- Installing: /home/diego/Desktop/UC_SmartFarmRadar/magister_ws/install/radar_msg/local/lib/python3.10/dist-packages/radar_msg/radar_msg_s__rosidl_typesupport_c.cpython-310-x86_64-linux-gnu.so
[7.629s] -- Installing: /home/diego/Desktop/UC_SmartFarmRadar/magister_ws/install/radar_msg/local/lib/python3.10/dist-packages/radar_msg/libradar_msg__rosidl_generator_py.so
[7.629s] -- Installing: /home/diego/Desktop/UC_SmartFarmRadar/magister_ws/install/radar_msg/local/lib/python3.10/dist-packages/radar_msg/__init__.py
[7.629s] -- Installing: /home/diego/Desktop/UC_SmartFarmRadar/magister_ws/install/radar_msg/local/lib/python3.10/dist-packages/radar_msg/msg
[7.629s] -- Installing: /home/diego/Desktop/UC_SmartFarmRadar/magister_ws/install/radar_msg/local/lib/python3.10/dist-packages/radar_msg/msg/_radar_data_s.c
[7.629s] -- Installing: /home/diego/Desktop/UC_SmartFarmRadar/magister_ws/install/radar_msg/local/lib/python3.10/dist-packages/radar_msg/msg/__init__.py
[7.629s] -- Installing: /home/diego/Desktop/UC_SmartFarmRadar/magister_ws/install/radar_msg/local/lib/python3.10/dist-packages/radar_msg/msg/_radar_data.py
[7.629s] -- Installing: /home/diego/Desktop/UC_SmartFarmRadar/magister_ws/install/radar_msg/local/lib/python3.10/dist-packages/radar_msg/_radar_msg_s.ep.rosidl_typesupport_c.c
[7.629s] -- Installing: /home/diego/Desktop/UC_SmartFarmRadar/magister_ws/install/radar_msg/local/lib/python3.10/dist-packages/radar_msg/radar_msg_s__rosidl_typesupport_introspection_c.cpython-310-x86_64-linux-gnu.so
[7.630s] -- Installing: /home/diego/Desktop/UC_SmartFarmRadar/magister_ws/install/radar_msg/local/lib/python3.10/dist-packages/radar_msg/_radar_msg_s.ep.rosidl_typesupport_introspection_c.c
[7.743s] Listing '/home/diego/Desktop/UC_SmartFarmRadar/magister_ws/install/radar_msg/local/lib/python3.10/dist-packages/radar_msg'...
[7.743s] Compiling '/home/diego/Desktop/UC_SmartFarmRadar/magister_ws/install/radar_msg/local/lib/python3.10/dist-packages/radar_msg/__init__.py'...
[7.743s] Listing '/home/diego/Desktop/UC_SmartFarmRadar/magister_ws/install/radar_msg/local/lib/python3.10/dist-packages/radar_msg/msg'...
[7.743s] Compiling '/home/diego/Desktop/UC_SmartFarmRadar/magister_ws/install/radar_msg/local/lib/python3.10/dist-packages/radar_msg/msg/__init__.py'...
[7.743s] Compiling '/home/diego/Desktop/UC_SmartFarmRadar/magister_ws/install/radar_msg/local/lib/python3.10/dist-packages/radar_msg/msg/_radar_data.py'...
[7.747s] -- Installing: /home/diego/Desktop/UC_SmartFarmRadar/magister_ws/install/radar_msg/local/lib/python3.10/dist-packages/radar_msg/radar_msg_s__rosidl_typesupport_introspection_c.cpython-310-x86_64-linux-gnu.so
[7.747s] -- Set runtime path of "/home/diego/Desktop/UC_SmartFarmRadar/magister_ws/install/radar_msg/local/lib/python3.10/dist-packages/radar_msg/radar_msg_s__rosidl_typesupport_introspection_c.cpython-310-x86_64-linux-gnu.so" to ""
[7.747s] -- Installing: /home/diego/Desktop/UC_SmartFarmRadar/magister_ws/install/radar_msg/local/lib/python3.10/dist-packages/radar_msg/radar_msg_s__rosidl_typesupport_fastrtps_c.cpython-310-x86_64-linux-gnu.so
[7.747s] -- Set runtime path of "/home/diego/Desktop/UC_SmartFarmRadar/magister_ws/install/radar_msg/local/lib/python3.10/dist-packages/radar_msg/radar_msg_s__rosidl_typesupport_fastrtps_c.cpython-310-x86_64-linux-gnu.so" to ""
[7.747s] -- Installing: /home/diego/Desktop/UC_SmartFarmRadar/magister_ws/install/radar_msg/local/lib/python3.10/dist-packages/radar_msg/radar_msg_s__rosidl_typesupport_c.cpython-310-x86_64-linux-gnu.so
[7.748s] -- Set runtime path of "/home/diego/Desktop/UC_SmartFarmRadar/magister_ws/install/radar_msg/local/lib/python3.10/dist-packages/radar_msg/radar_msg_s__rosidl_typesupport_c.cpython-310-x86_64-linux-gnu.so" to ""
[7.748s] -- Installing: /home/diego/Desktop/UC_SmartFarmRadar/magister_ws/install/radar_msg/lib/libradar_msg__rosidl_generator_py.so
[7.748s] -- Set runtime path of "/home/diego/Desktop/UC_SmartFarmRadar/magister_ws/install/radar_msg/lib/libradar_msg__rosidl_generator_py.so" to ""
[7.748s] -- Installing: /home/diego/Desktop/UC_SmartFarmRadar/magister_ws/install/radar_msg/share/radar_msg/msg/RadarData.idl
[7.748s] -- Installing: /home/diego/Desktop/UC_SmartFarmRadar/magister_ws/install/radar_msg/share/radar_msg/msg/RadarData.msg
[7.749s] -- Installing: /home/diego/Desktop/UC_SmartFarmRadar/magister_ws/install/radar_msg/lib/radar_msg/publish_radar_data.py
[7.749s] -- Installing: /home/diego/Desktop/UC_SmartFarmRadar/magister_ws/install/radar_msg/lib/radar_msg/subscribe_radar_data.py
[7.749s] -- Installing: /home/diego/Desktop/UC_SmartFarmRadar/magister_ws/install/radar_msg/share/ament_index/resource_index/package_run_dependencies/radar_msg
[7.749s] -- Installing: /home/diego/Desktop/UC_SmartFarmRadar/magister_ws/install/radar_msg/share/ament_index/resource_index/parent_prefix_path/radar_msg
[7.749s] -- Installing: /home/diego/Desktop/UC_SmartFarmRadar/magister_ws/install/radar_msg/share/radar_msg/environment/ament_prefix_path.sh
[7.749s] -- Installing: /home/diego/Desktop/UC_SmartFarmRadar/magister_ws/install/radar_msg/share/radar_msg/environment/ament_prefix_path.dsv
[7.749s] -- Installing: /home/diego/Desktop/UC_SmartFarmRadar/magister_ws/install/radar_msg/share/radar_msg/environment/path.sh
[7.749s] -- Installing: /home/diego/Desktop/UC_SmartFarmRadar/magister_ws/install/radar_msg/share/radar_msg/environment/path.dsv
[7.750s] -- Installing: /home/diego/Desktop/UC_SmartFarmRadar/magister_ws/install/radar_msg/share/radar_msg/local_setup.bash
[7.750s] -- Installing: /home/diego/Desktop/UC_SmartFarmRadar/magister_ws/install/radar_msg/share/radar_msg/local_setup.sh
[7.750s] -- Installing: /home/diego/Desktop/UC_SmartFarmRadar/magister_ws/install/radar_msg/share/radar_msg/local_setup.zsh
[7.750s] -- Installing: /home/diego/Desktop/UC_SmartFarmRadar/magister_ws/install/radar_msg/share/radar_msg/local_setup.dsv
[7.750s] -- Installing: /home/diego/Desktop/UC_SmartFarmRadar/magister_ws/install/radar_msg/share/radar_msg/package.dsv
[7.750s] -- Installing: /home/diego/Desktop/UC_SmartFarmRadar/magister_ws/install/radar_msg/share/ament_index/resource_index/packages/radar_msg
[7.750s] -- Installing: /home/diego/Desktop/UC_SmartFarmRadar/magister_ws/install/radar_msg/share/radar_msg/cmake/export_radar_msg__rosidl_generator_cExport.cmake
[7.750s] -- Installing: /home/diego/Desktop/UC_SmartFarmRadar/magister_ws/install/radar_msg/share/radar_msg/cmake/export_radar_msg__rosidl_generator_cExport-noconfig.cmake
[7.751s] -- Installing: /home/diego/Desktop/UC_SmartFarmRadar/magister_ws/install/radar_msg/share/radar_msg/cmake/export_radar_msg__rosidl_typesupport_fastrtps_cExport.cmake
[7.751s] -- Installing: /home/diego/Desktop/UC_SmartFarmRadar/magister_ws/install/radar_msg/share/radar_msg/cmake/export_radar_msg__rosidl_typesupport_fastrtps_cExport-noconfig.cmake
[7.751s] -- Installing: /home/diego/Desktop/UC_SmartFarmRadar/magister_ws/install/radar_msg/share/radar_msg/cmake/export_radar_msg__rosidl_generator_cppExport.cmake
[7.751s] -- Installing: /home/diego/Desktop/UC_SmartFarmRadar/magister_ws/install/radar_msg/share/radar_msg/cmake/export_radar_msg__rosidl_typesupport_fastrtps_cppExport.cmake
[7.751s] -- Installing: /home/diego/Desktop/UC_SmartFarmRadar/magister_ws/install/radar_msg/share/radar_msg/cmake/export_radar_msg__rosidl_typesupport_fastrtps_cppExport-noconfig.cmake
[7.751s] -- Installing: /home/diego/Desktop/UC_SmartFarmRadar/magister_ws/install/radar_msg/share/radar_msg/cmake/radar_msg__rosidl_typesupport_introspection_cExport.cmake
[7.751s] -- Installing: /home/diego/Desktop/UC_SmartFarmRadar/magister_ws/install/radar_msg/share/radar_msg/cmake/radar_msg__rosidl_typesupport_introspection_cExport-noconfig.cmake
[7.751s] -- Installing: /home/diego/Desktop/UC_SmartFarmRadar/magister_ws/install/radar_msg/share/radar_msg/cmake/radar_msg__rosidl_typesupport_cExport.cmake
[7.752s] -- Installing: /home/diego/Desktop/UC_SmartFarmRadar/magister_ws/install/radar_msg/share/radar_msg/cmake/radar_msg__rosidl_typesupport_cExport-noconfig.cmake
[7.752s] -- Installing: /home/diego/Desktop/UC_SmartFarmRadar/magister_ws/install/radar_msg/share/radar_msg/cmake/radar_msg__rosidl_typesupport_introspection_cppExport.cmake
[7.752s] -- Installing: /home/diego/Desktop/UC_SmartFarmRadar/magister_ws/install/radar_msg/share/radar_msg/cmake/radar_msg__rosidl_typesupport_introspection_cppExport-noconfig.cmake
[7.752s] -- Installing: /home/diego/Desktop/UC_SmartFarmRadar/magister_ws/install/radar_msg/share/radar_msg/cmake/radar_msg__rosidl_typesupport_cppExport.cmake
[7.752s] -- Installing: /home/diego/Desktop/UC_SmartFarmRadar/magister_ws/install/radar_msg/share/radar_msg/cmake/radar_msg__rosidl_typesupport_cppExport-noconfig.cmake
[7.752s] -- Installing: /home/diego/Desktop/UC_SmartFarmRadar/magister_ws/install/radar_msg/share/radar_msg/cmake/export_radar_msg__rosidl_generator_pyExport.cmake
[7.752s] -- Installing: /home/diego/Desktop/UC_SmartFarmRadar/magister_ws/install/radar_msg/share/radar_msg/cmake/export_radar_msg__rosidl_generator_pyExport-noconfig.cmake
[7.752s] -- Installing: /home/diego/Desktop/UC_SmartFarmRadar/magister_ws/install/radar_msg/share/radar_msg/cmake/rosidl_cmake-extras.cmake
[7.753s] -- Installing: /home/diego/Desktop/UC_SmartFarmRadar/magister_ws/install/radar_msg/share/radar_msg/cmake/ament_cmake_export_dependencies-extras.cmake
[7.753s] -- Installing: /home/diego/Desktop/UC_SmartFarmRadar/magister_ws/install/radar_msg/share/radar_msg/cmake/ament_cmake_export_include_directories-extras.cmake
[7.753s] -- Installing: /home/diego/Desktop/UC_SmartFarmRadar/magister_ws/install/radar_msg/share/radar_msg/cmake/ament_cmake_export_libraries-extras.cmake
[7.753s] -- Installing: /home/diego/Desktop/UC_SmartFarmRadar/magister_ws/install/radar_msg/share/radar_msg/cmake/ament_cmake_export_targets-extras.cmake
[7.753s] -- Installing: /home/diego/Desktop/UC_SmartFarmRadar/magister_ws/install/radar_msg/share/radar_msg/cmake/rosidl_cmake_export_typesupport_targets-extras.cmake
[7.753s] -- Installing: /home/diego/Desktop/UC_SmartFarmRadar/magister_ws/install/radar_msg/share/radar_msg/cmake/rosidl_cmake_export_typesupport_libraries-extras.cmake
[7.753s] -- Installing: /home/diego/Desktop/UC_SmartFarmRadar/magister_ws/install/radar_msg/share/radar_msg/cmake/radar_msgConfig.cmake
[7.753s] -- Installing: /home/diego/Desktop/UC_SmartFarmRadar/magister_ws/install/radar_msg/share/radar_msg/cmake/radar_msgConfig-version.cmake
[7.754s] -- Installing: /home/diego/Desktop/UC_SmartFarmRadar/magister_ws/install/radar_msg/share/radar_msg/package.xml
[7.757s] Invoked command in '/home/diego/Desktop/UC_SmartFarmRadar/magister_ws/build/radar_msg' returned '0': CMAKE_PREFIX_PATH=${CMAKE_PREFIX_PATH}:/home/diego/ros2_humble/install/rqt_bag_plugins:/home/diego/ros2_humble/install/rqt_bag:/home/diego/ros2_humble/install/launch_testing_examples:/home/diego/ros2_humble/install/ros2bag:/home/diego/ros2_humble/install/tracetools_test:/home/diego/ros2_humble/install/tracetools_launch:/home/diego/ros2_humble/install/topic_monitor:/home/diego/ros2_humble/install/tf2_tools:/home/diego/ros2_humble/install/examples_tf2_py:/home/diego/ros2_humble/install/tf2_ros_py:/home/diego/ros2_humble/install/sros2:/home/diego/ros2_humble/install/rqt_topic:/home/diego/ros2_humble/install/rqt_srv:/home/diego/ros2_humble/install/rqt_shell:/home/diego/ros2_humble/install/rqt_service_caller:/home/diego/ros2_humble/install/rqt_reconfigure:/home/diego/ros2_humble/install/rqt_py_console:/home/diego/ros2_humble/install/rqt_publisher:/home/diego/ros2_humble/install/rqt_plot:/home/diego/ros2_humble/install/rqt_action:/home/diego/ros2_humble/install/rqt_msg:/home/diego/ros2_humble/install/rqt_console:/home/diego/ros2_humble/install/rqt:/home/diego/ros2_humble/install/rqt_graph:/home/diego/ros2_humble/install/rqt_gui_py:/home/diego/ros2_humble/install/rqt_gui:/home/diego/ros2_humble/install/ros2trace:/home/diego/ros2_humble/install/ros2topic:/home/diego/ros2_humble/install/ros2test:/home/diego/ros2_humble/install/ros2component:/home/diego/ros2_humble/install/ros2param:/home/diego/ros2_humble/install/ros2lifecycle:/home/diego/ros2_humble/install/ros2service:/home/diego/ros2_humble/install/ros2run:/home/diego/ros2_humble/install/ros2launch:/home/diego/ros2_humble/install/ros2pkg:/home/diego/ros2_humble/install/ros2node:/home/diego/ros2_humble/install/ros2multicast:/home/diego/ros2_humble/install/ros2interface:/home/diego/ros2_humble/install/ros2doctor:/home/diego/ros2_humble/install/ros2action:/home/diego/ros2_humble/install/ros2cli:/home/diego/ros2_humble/install/quality_of_service_demo_py:/home/diego/ros2_humble/install/lifecycle_py:/home/diego/ros2_humble/install/launch_testing_ros:/home/diego/ros2_humble/install/launch_ros:/home/diego/ros2_humble/install/examples_rclpy_pointcloud_publisher:/home/diego/ros2_humble/install/examples_rclpy_minimal_subscriber:/home/diego/ros2_humble/install/examples_rclpy_minimal_service:/home/diego/ros2_humble/install/examples_rclpy_minimal_publisher:/home/diego/ros2_humble/install/examples_rclpy_minimal_client:/home/diego/ros2_humble/install/examples_rclpy_minimal_action_server:/home/diego/ros2_humble/install/examples_rclpy_minimal_action_client:/home/diego/ros2_humble/install/examples_rclpy_guard_conditions:/home/diego/ros2_humble/install/examples_rclpy_executors:/home/diego/ros2_humble/install/demo_nodes_py:/home/diego/ros2_humble/install/camera_info_manager_py:/home/diego/ros2_humble/install/action_tutorials_py:/home/diego/ros2_humble/install/ament_uncrustify:/home/diego/ros2_humble/install/tracetools_trace:/home/diego/ros2_humble/install/tracetools_read:/home/diego/ros2_humble/install/test_tracetools_launch:/home/diego/ros2_humble/install/test_launch_ros:/home/diego/ros2_humble/install/sensor_msgs_py:/home/diego/ros2_humble/install/rpyutils:/home/diego/ros2_humble/install/rosidl_runtime_py:/home/diego/ros2_humble/install/rosidl_cli:/home/diego/ros2_humble/install/launch_pytest:/home/diego/ros2_humble/install/launch_testing:/home/diego/ros2_humble/install/launch_yaml:/home/diego/ros2_humble/install/launch_xml:/home/diego/ros2_humble/install/launch:/home/diego/ros2_humble/install/osrf_pycommon:/home/diego/ros2_humble/install/domain_coordinator:/home/diego/ros2_humble/install/ament_xmllint:/home/diego/ros2_humble/install/ament_pyflakes:/home/diego/ros2_humble/install/ament_pycodestyle:/home/diego/ros2_humble/install/ament_pep257:/home/diego/ros2_humble/install/ament_pclint:/home/diego/ros2_humble/install/ament_package:/home/diego/ros2_humble/install/ament_mypy:/home/diego/ros2_humble/install/ament_lint_cmake:/home/diego/ros2_humble/install/ament_flake8:/home/diego/ros2_humble/install/ament_copyright:/home/diego/ros2_humble/install/ament_lint:/home/diego/ros2_humble/install/ament_index_python:/home/diego/ros2_humble/install/ament_cpplint:/home/diego/ros2_humble/install/ament_cppcheck:/home/diego/ros2_humble/install/ament_clang_tidy:/home/diego/ros2_humble/install/ament_clang_format /usr/bin/cmake --install /home/diego/Desktop/UC_SmartFarmRadar/magister_ws/build/radar_msg
