[1.206s] Invoking command in '/home/dammr/Desktop/UC_SmartFarmRadar/magister_ws/src/ptu_controller': PYTHONPATH=/home/dammr/Desktop/UC_SmartFarmRadar/magister_ws/build/ptu_controller/prefix_override:/usr/lib/python3/dist-packages/colcon_core/task/python/colcon_distutils_commands:/home/dammr/Desktop/UC_SmartFarmRadar/magister_ws/install/ptu_controller/lib/python3.10/site-packages:${PYTHONPATH} /usr/bin/python3 -W ignore:setup.py install is deprecated -W ignore:easy_install command is deprecated setup.py egg_info --egg-base ../../build/ptu_controller build --build-base /home/dammr/Desktop/UC_SmartFarmRadar/magister_ws/build/ptu_controller/build install --record /home/dammr/Desktop/UC_SmartFarmRadar/magister_ws/build/ptu_controller/install.log --single-version-externally-managed install_data
[1.553s] running egg_info
[1.554s] writing ../../build/ptu_controller/ptu_controller.egg-info/PKG-INFO
[1.554s] writing dependency_links to ../../build/ptu_controller/ptu_controller.egg-info/dependency_links.txt
[1.554s] writing entry points to ../../build/ptu_controller/ptu_controller.egg-info/entry_points.txt
[1.554s] writing requirements to ../../build/ptu_controller/ptu_controller.egg-info/requires.txt
[1.554s] writing top-level names to ../../build/ptu_controller/ptu_controller.egg-info/top_level.txt
[1.556s] reading manifest file '../../build/ptu_controller/ptu_controller.egg-info/SOURCES.txt'
[1.557s] writing manifest file '../../build/ptu_controller/ptu_controller.egg-info/SOURCES.txt'
[1.557s] running build
[1.557s] running build_py
[1.557s] running install
[1.557s] running install_lib
[1.559s] running install_data
[1.560s] running install_egg_info
[1.562s] removing '/home/dammr/Desktop/UC_SmartFarmRadar/magister_ws/install/ptu_controller/lib/python3.10/site-packages/ptu_controller-0.0.0-py3.10.egg-info' (and everything under it)
[1.562s] Copying ../../build/ptu_controller/ptu_controller.egg-info to /home/dammr/Desktop/UC_SmartFarmRadar/magister_ws/install/ptu_controller/lib/python3.10/site-packages/ptu_controller-0.0.0-py3.10.egg-info
[1.563s] running install_scripts
[1.592s] Installing ptu_controller script to /home/dammr/Desktop/UC_SmartFarmRadar/magister_ws/install/ptu_controller/lib/ptu_controller
[1.592s] writing list of installed files to '/home/dammr/Desktop/UC_SmartFarmRadar/magister_ws/build/ptu_controller/install.log'
[1.611s] Invoked command in '/home/dammr/Desktop/UC_SmartFarmRadar/magister_ws/src/ptu_controller' returned '0': PYTHONPATH=/home/dammr/Desktop/UC_SmartFarmRadar/magister_ws/build/ptu_controller/prefix_override:/usr/lib/python3/dist-packages/colcon_core/task/python/colcon_distutils_commands:/home/dammr/Desktop/UC_SmartFarmRadar/magister_ws/install/ptu_controller/lib/python3.10/site-packages:${PYTHONPATH} /usr/bin/python3 -W ignore:setup.py install is deprecated -W ignore:easy_install command is deprecated setup.py egg_info --egg-base ../../build/ptu_controller build --build-base /home/dammr/Desktop/UC_SmartFarmRadar/magister_ws/build/ptu_controller/build install --record /home/dammr/Desktop/UC_SmartFarmRadar/magister_ws/build/ptu_controller/install.log --single-version-externally-managed install_data
