[0.053s] Invoking command in '/home/diego/Desktop/magister/magister_ws/build/radar_msg': CMAKE_PREFIX_PATH=${CMAKE_PREFIX_PATH}:/home/diego/ros2_humble/install/rqt_bag_plugins:/home/diego/ros2_humble/install/rqt_bag:/home/diego/ros2_humble/install/launch_testing_examples:/home/diego/ros2_humble/install/ros2bag:/home/diego/ros2_humble/install/tracetools_test:/home/diego/ros2_humble/install/tracetools_launch:/home/diego/ros2_humble/install/topic_monitor:/home/diego/ros2_humble/install/tf2_tools:/home/diego/ros2_humble/install/examples_tf2_py:/home/diego/ros2_humble/install/tf2_ros_py:/home/diego/ros2_humble/install/sros2:/home/diego/ros2_humble/install/rqt_topic:/home/diego/ros2_humble/install/rqt_srv:/home/diego/ros2_humble/install/rqt_shell:/home/diego/ros2_humble/install/rqt_service_caller:/home/diego/ros2_humble/install/rqt_reconfigure:/home/diego/ros2_humble/install/rqt_py_console:/home/diego/ros2_humble/install/rqt_publisher:/home/diego/ros2_humble/install/rqt_plot:/home/diego/ros2_humble/install/rqt_action:/home/diego/ros2_humble/install/rqt_msg:/home/diego/ros2_humble/install/rqt_console:/home/diego/ros2_humble/install/rqt:/home/diego/ros2_humble/install/rqt_graph:/home/diego/ros2_humble/install/rqt_gui_py:/home/diego/ros2_humble/install/rqt_gui:/home/diego/ros2_humble/install/ros2trace:/home/diego/ros2_humble/install/ros2topic:/home/diego/ros2_humble/install/ros2test:/home/diego/ros2_humble/install/ros2component:/home/diego/ros2_humble/install/ros2param:/home/diego/ros2_humble/install/ros2lifecycle:/home/diego/ros2_humble/install/ros2service:/home/diego/ros2_humble/install/ros2run:/home/diego/ros2_humble/install/ros2launch:/home/diego/ros2_humble/install/ros2pkg:/home/diego/ros2_humble/install/ros2node:/home/diego/ros2_humble/install/ros2multicast:/home/diego/ros2_humble/install/ros2interface:/home/diego/ros2_humble/install/ros2doctor:/home/diego/ros2_humble/install/ros2action:/home/diego/ros2_humble/install/ros2cli:/home/diego/ros2_humble/install/quality_of_service_demo_py:/home/diego/ros2_humble/install/lifecycle_py:/home/diego/ros2_humble/install/launch_testing_ros:/home/diego/ros2_humble/install/launch_ros:/home/diego/ros2_humble/install/examples_rclpy_pointcloud_publisher:/home/diego/ros2_humble/install/examples_rclpy_minimal_subscriber:/home/diego/ros2_humble/install/examples_rclpy_minimal_service:/home/diego/ros2_humble/install/examples_rclpy_minimal_publisher:/home/diego/ros2_humble/install/examples_rclpy_minimal_client:/home/diego/ros2_humble/install/examples_rclpy_minimal_action_server:/home/diego/ros2_humble/install/examples_rclpy_minimal_action_client:/home/diego/ros2_humble/install/examples_rclpy_guard_conditions:/home/diego/ros2_humble/install/examples_rclpy_executors:/home/diego/ros2_humble/install/demo_nodes_py:/home/diego/ros2_humble/install/camera_info_manager_py:/home/diego/ros2_humble/install/action_tutorials_py:/home/diego/ros2_humble/install/ament_uncrustify:/home/diego/ros2_humble/install/tracetools_trace:/home/diego/ros2_humble/install/tracetools_read:/home/diego/ros2_humble/install/test_tracetools_launch:/home/diego/ros2_humble/install/test_launch_ros:/home/diego/ros2_humble/install/sensor_msgs_py:/home/diego/ros2_humble/install/rpyutils:/home/diego/ros2_humble/install/rosidl_runtime_py:/home/diego/ros2_humble/install/rosidl_cli:/home/diego/ros2_humble/install/launch_pytest:/home/diego/ros2_humble/install/launch_testing:/home/diego/ros2_humble/install/launch_yaml:/home/diego/ros2_humble/install/launch_xml:/home/diego/ros2_humble/install/launch:/home/diego/ros2_humble/install/osrf_pycommon:/home/diego/ros2_humble/install/domain_coordinator:/home/diego/ros2_humble/install/ament_xmllint:/home/diego/ros2_humble/install/ament_pyflakes:/home/diego/ros2_humble/install/ament_pycodestyle:/home/diego/ros2_humble/install/ament_pep257:/home/diego/ros2_humble/install/ament_pclint:/home/diego/ros2_humble/install/ament_package:/home/diego/ros2_humble/install/ament_mypy:/home/diego/ros2_humble/install/ament_lint_cmake:/home/diego/ros2_humble/install/ament_flake8:/home/diego/ros2_humble/install/ament_copyright:/home/diego/ros2_humble/install/ament_lint:/home/diego/ros2_humble/install/ament_index_python:/home/diego/ros2_humble/install/ament_cpplint:/home/diego/ros2_humble/install/ament_cppcheck:/home/diego/ros2_humble/install/ament_clang_tidy:/home/diego/ros2_humble/install/ament_clang_format /usr/bin/cmake --build /home/diego/Desktop/magister/magister_ws/build/radar_msg -- -j12 -l12
[0.229s] [  3%] Built target radar_msg__cpp
[0.230s] [ 12%] Built target radar_msg__rosidl_generator_c
[0.256s] [ 12%] Built target ament_cmake_python_copy_radar_msg
[0.305s] [ 22%] Built target radar_msg__rosidl_typesupport_fastrtps_cpp
[0.306s] [ 32%] Built target radar_msg__rosidl_typesupport_cpp
[0.310s] [ 41%] Built target radar_msg__rosidl_typesupport_introspection_cpp
[0.326s] [ 70%] Built target radar_msg__rosidl_typesupport_fastrtps_c
[0.326s] [ 70%] Built target radar_msg__rosidl_typesupport_c
[0.326s] [ 70%] Built target radar_msg__rosidl_typesupport_introspection_c
[0.380s] [ 70%] Built target radar_msg
[0.436s] [ 74%] Built target radar_msg__py
[0.490s] [ 80%] Built target radar_msg__rosidl_generator_py
[0.543s] [100%] Built target radar_msg__rosidl_typesupport_introspection_c__pyext
[0.543s] [100%] Built target radar_msg__rosidl_typesupport_c__pyext
[0.544s] [100%] Built target radar_msg__rosidl_typesupport_fastrtps_c__pyext
[0.661s] running egg_info
[0.689s] writing radar_msg.egg-info/PKG-INFO
[0.689s] writing dependency_links to radar_msg.egg-info/dependency_links.txt
[0.689s] writing top-level names to radar_msg.egg-info/top_level.txt
[0.755s] reading manifest file 'radar_msg.egg-info/SOURCES.txt'
[0.756s] writing manifest file 'radar_msg.egg-info/SOURCES.txt'
[0.799s] [100%] Built target ament_cmake_python_build_radar_msg_egg
[0.821s] Invoked command in '/home/diego/Desktop/magister/magister_ws/build/radar_msg' returned '0': CMAKE_PREFIX_PATH=${CMAKE_PREFIX_PATH}:/home/diego/ros2_humble/install/rqt_bag_plugins:/home/diego/ros2_humble/install/rqt_bag:/home/diego/ros2_humble/install/launch_testing_examples:/home/diego/ros2_humble/install/ros2bag:/home/diego/ros2_humble/install/tracetools_test:/home/diego/ros2_humble/install/tracetools_launch:/home/diego/ros2_humble/install/topic_monitor:/home/diego/ros2_humble/install/tf2_tools:/home/diego/ros2_humble/install/examples_tf2_py:/home/diego/ros2_humble/install/tf2_ros_py:/home/diego/ros2_humble/install/sros2:/home/diego/ros2_humble/install/rqt_topic:/home/diego/ros2_humble/install/rqt_srv:/home/diego/ros2_humble/install/rqt_shell:/home/diego/ros2_humble/install/rqt_service_caller:/home/diego/ros2_humble/install/rqt_reconfigure:/home/diego/ros2_humble/install/rqt_py_console:/home/diego/ros2_humble/install/rqt_publisher:/home/diego/ros2_humble/install/rqt_plot:/home/diego/ros2_humble/install/rqt_action:/home/diego/ros2_humble/install/rqt_msg:/home/diego/ros2_humble/install/rqt_console:/home/diego/ros2_humble/install/rqt:/home/diego/ros2_humble/install/rqt_graph:/home/diego/ros2_humble/install/rqt_gui_py:/home/diego/ros2_humble/install/rqt_gui:/home/diego/ros2_humble/install/ros2trace:/home/diego/ros2_humble/install/ros2topic:/home/diego/ros2_humble/install/ros2test:/home/diego/ros2_humble/install/ros2component:/home/diego/ros2_humble/install/ros2param:/home/diego/ros2_humble/install/ros2lifecycle:/home/diego/ros2_humble/install/ros2service:/home/diego/ros2_humble/install/ros2run:/home/diego/ros2_humble/install/ros2launch:/home/diego/ros2_humble/install/ros2pkg:/home/diego/ros2_humble/install/ros2node:/home/diego/ros2_humble/install/ros2multicast:/home/diego/ros2_humble/install/ros2interface:/home/diego/ros2_humble/install/ros2doctor:/home/diego/ros2_humble/install/ros2action:/home/diego/ros2_humble/install/ros2cli:/home/diego/ros2_humble/install/quality_of_service_demo_py:/home/diego/ros2_humble/install/lifecycle_py:/home/diego/ros2_humble/install/launch_testing_ros:/home/diego/ros2_humble/install/launch_ros:/home/diego/ros2_humble/install/examples_rclpy_pointcloud_publisher:/home/diego/ros2_humble/install/examples_rclpy_minimal_subscriber:/home/diego/ros2_humble/install/examples_rclpy_minimal_service:/home/diego/ros2_humble/install/examples_rclpy_minimal_publisher:/home/diego/ros2_humble/install/examples_rclpy_minimal_client:/home/diego/ros2_humble/install/examples_rclpy_minimal_action_server:/home/diego/ros2_humble/install/examples_rclpy_minimal_action_client:/home/diego/ros2_humble/install/examples_rclpy_guard_conditions:/home/diego/ros2_humble/install/examples_rclpy_executors:/home/diego/ros2_humble/install/demo_nodes_py:/home/diego/ros2_humble/install/camera_info_manager_py:/home/diego/ros2_humble/install/action_tutorials_py:/home/diego/ros2_humble/install/ament_uncrustify:/home/diego/ros2_humble/install/tracetools_trace:/home/diego/ros2_humble/install/tracetools_read:/home/diego/ros2_humble/install/test_tracetools_launch:/home/diego/ros2_humble/install/test_launch_ros:/home/diego/ros2_humble/install/sensor_msgs_py:/home/diego/ros2_humble/install/rpyutils:/home/diego/ros2_humble/install/rosidl_runtime_py:/home/diego/ros2_humble/install/rosidl_cli:/home/diego/ros2_humble/install/launch_pytest:/home/diego/ros2_humble/install/launch_testing:/home/diego/ros2_humble/install/launch_yaml:/home/diego/ros2_humble/install/launch_xml:/home/diego/ros2_humble/install/launch:/home/diego/ros2_humble/install/osrf_pycommon:/home/diego/ros2_humble/install/domain_coordinator:/home/diego/ros2_humble/install/ament_xmllint:/home/diego/ros2_humble/install/ament_pyflakes:/home/diego/ros2_humble/install/ament_pycodestyle:/home/diego/ros2_humble/install/ament_pep257:/home/diego/ros2_humble/install/ament_pclint:/home/diego/ros2_humble/install/ament_package:/home/diego/ros2_humble/install/ament_mypy:/home/diego/ros2_humble/install/ament_lint_cmake:/home/diego/ros2_humble/install/ament_flake8:/home/diego/ros2_humble/install/ament_copyright:/home/diego/ros2_humble/install/ament_lint:/home/diego/ros2_humble/install/ament_index_python:/home/diego/ros2_humble/install/ament_cpplint:/home/diego/ros2_humble/install/ament_cppcheck:/home/diego/ros2_humble/install/ament_clang_tidy:/home/diego/ros2_humble/install/ament_clang_format /usr/bin/cmake --build /home/diego/Desktop/magister/magister_ws/build/radar_msg -- -j12 -l12
[0.841s] Invoking command in '/home/diego/Desktop/magister/magister_ws/build/radar_msg': CMAKE_PREFIX_PATH=${CMAKE_PREFIX_PATH}:/home/diego/ros2_humble/install/rqt_bag_plugins:/home/diego/ros2_humble/install/rqt_bag:/home/diego/ros2_humble/install/launch_testing_examples:/home/diego/ros2_humble/install/ros2bag:/home/diego/ros2_humble/install/tracetools_test:/home/diego/ros2_humble/install/tracetools_launch:/home/diego/ros2_humble/install/topic_monitor:/home/diego/ros2_humble/install/tf2_tools:/home/diego/ros2_humble/install/examples_tf2_py:/home/diego/ros2_humble/install/tf2_ros_py:/home/diego/ros2_humble/install/sros2:/home/diego/ros2_humble/install/rqt_topic:/home/diego/ros2_humble/install/rqt_srv:/home/diego/ros2_humble/install/rqt_shell:/home/diego/ros2_humble/install/rqt_service_caller:/home/diego/ros2_humble/install/rqt_reconfigure:/home/diego/ros2_humble/install/rqt_py_console:/home/diego/ros2_humble/install/rqt_publisher:/home/diego/ros2_humble/install/rqt_plot:/home/diego/ros2_humble/install/rqt_action:/home/diego/ros2_humble/install/rqt_msg:/home/diego/ros2_humble/install/rqt_console:/home/diego/ros2_humble/install/rqt:/home/diego/ros2_humble/install/rqt_graph:/home/diego/ros2_humble/install/rqt_gui_py:/home/diego/ros2_humble/install/rqt_gui:/home/diego/ros2_humble/install/ros2trace:/home/diego/ros2_humble/install/ros2topic:/home/diego/ros2_humble/install/ros2test:/home/diego/ros2_humble/install/ros2component:/home/diego/ros2_humble/install/ros2param:/home/diego/ros2_humble/install/ros2lifecycle:/home/diego/ros2_humble/install/ros2service:/home/diego/ros2_humble/install/ros2run:/home/diego/ros2_humble/install/ros2launch:/home/diego/ros2_humble/install/ros2pkg:/home/diego/ros2_humble/install/ros2node:/home/diego/ros2_humble/install/ros2multicast:/home/diego/ros2_humble/install/ros2interface:/home/diego/ros2_humble/install/ros2doctor:/home/diego/ros2_humble/install/ros2action:/home/diego/ros2_humble/install/ros2cli:/home/diego/ros2_humble/install/quality_of_service_demo_py:/home/diego/ros2_humble/install/lifecycle_py:/home/diego/ros2_humble/install/launch_testing_ros:/home/diego/ros2_humble/install/launch_ros:/home/diego/ros2_humble/install/examples_rclpy_pointcloud_publisher:/home/diego/ros2_humble/install/examples_rclpy_minimal_subscriber:/home/diego/ros2_humble/install/examples_rclpy_minimal_service:/home/diego/ros2_humble/install/examples_rclpy_minimal_publisher:/home/diego/ros2_humble/install/examples_rclpy_minimal_client:/home/diego/ros2_humble/install/examples_rclpy_minimal_action_server:/home/diego/ros2_humble/install/examples_rclpy_minimal_action_client:/home/diego/ros2_humble/install/examples_rclpy_guard_conditions:/home/diego/ros2_humble/install/examples_rclpy_executors:/home/diego/ros2_humble/install/demo_nodes_py:/home/diego/ros2_humble/install/camera_info_manager_py:/home/diego/ros2_humble/install/action_tutorials_py:/home/diego/ros2_humble/install/ament_uncrustify:/home/diego/ros2_humble/install/tracetools_trace:/home/diego/ros2_humble/install/tracetools_read:/home/diego/ros2_humble/install/test_tracetools_launch:/home/diego/ros2_humble/install/test_launch_ros:/home/diego/ros2_humble/install/sensor_msgs_py:/home/diego/ros2_humble/install/rpyutils:/home/diego/ros2_humble/install/rosidl_runtime_py:/home/diego/ros2_humble/install/rosidl_cli:/home/diego/ros2_humble/install/launch_pytest:/home/diego/ros2_humble/install/launch_testing:/home/diego/ros2_humble/install/launch_yaml:/home/diego/ros2_humble/install/launch_xml:/home/diego/ros2_humble/install/launch:/home/diego/ros2_humble/install/osrf_pycommon:/home/diego/ros2_humble/install/domain_coordinator:/home/diego/ros2_humble/install/ament_xmllint:/home/diego/ros2_humble/install/ament_pyflakes:/home/diego/ros2_humble/install/ament_pycodestyle:/home/diego/ros2_humble/install/ament_pep257:/home/diego/ros2_humble/install/ament_pclint:/home/diego/ros2_humble/install/ament_package:/home/diego/ros2_humble/install/ament_mypy:/home/diego/ros2_humble/install/ament_lint_cmake:/home/diego/ros2_humble/install/ament_flake8:/home/diego/ros2_humble/install/ament_copyright:/home/diego/ros2_humble/install/ament_lint:/home/diego/ros2_humble/install/ament_index_python:/home/diego/ros2_humble/install/ament_cpplint:/home/diego/ros2_humble/install/ament_cppcheck:/home/diego/ros2_humble/install/ament_clang_tidy:/home/diego/ros2_humble/install/ament_clang_format /usr/bin/cmake --install /home/diego/Desktop/magister/magister_ws/build/radar_msg
[0.859s] -- Install configuration: ""
[0.859s] -- Up-to-date: /home/diego/Desktop/magister/magister_ws/install/radar_msg/share/ament_index/resource_index/rosidl_interfaces/radar_msg
[0.860s] -- Up-to-date: /home/diego/Desktop/magister/magister_ws/install/radar_msg/include/radar_msg/radar_msg
[0.860s] -- Up-to-date: /home/diego/Desktop/magister/magister_ws/install/radar_msg/include/radar_msg/radar_msg/msg
[0.860s] -- Up-to-date: /home/diego/Desktop/magister/magister_ws/install/radar_msg/include/radar_msg/radar_msg/msg/detail
[0.860s] -- Up-to-date: /home/diego/Desktop/magister/magister_ws/install/radar_msg/include/radar_msg/radar_msg/msg/detail/radar_data__functions.c
[0.860s] -- Up-to-date: /home/diego/Desktop/magister/magister_ws/install/radar_msg/include/radar_msg/radar_msg/msg/detail/radar_data__type_support.h
[0.860s] -- Up-to-date: /home/diego/Desktop/magister/magister_ws/install/radar_msg/include/radar_msg/radar_msg/msg/detail/radar_data__functions.h
[0.860s] -- Up-to-date: /home/diego/Desktop/magister/magister_ws/install/radar_msg/include/radar_msg/radar_msg/msg/detail/radar_data__struct.h
[0.860s] -- Up-to-date: /home/diego/Desktop/magister/magister_ws/install/radar_msg/include/radar_msg/radar_msg/msg/radar_data.h
[0.860s] -- Up-to-date: /home/diego/Desktop/magister/magister_ws/install/radar_msg/include/radar_msg/radar_msg/msg/rosidl_generator_c__visibility_control.h
[0.860s] -- Up-to-date: /home/diego/Desktop/magister/magister_ws/install/radar_msg/share/radar_msg/environment/library_path.sh
[0.860s] -- Up-to-date: /home/diego/Desktop/magister/magister_ws/install/radar_msg/share/radar_msg/environment/library_path.dsv
[0.861s] -- Up-to-date: /home/diego/Desktop/magister/magister_ws/install/radar_msg/lib/libradar_msg__rosidl_generator_c.so
[0.861s] -- Up-to-date: /home/diego/Desktop/magister/magister_ws/install/radar_msg/include/radar_msg/radar_msg
[0.861s] -- Up-to-date: /home/diego/Desktop/magister/magister_ws/install/radar_msg/include/radar_msg/radar_msg/msg
[0.861s] -- Up-to-date: /home/diego/Desktop/magister/magister_ws/install/radar_msg/include/radar_msg/radar_msg/msg/rosidl_typesupport_fastrtps_c__visibility_control.h
[0.861s] -- Up-to-date: /home/diego/Desktop/magister/magister_ws/install/radar_msg/include/radar_msg/radar_msg/msg/detail
[0.861s] -- Up-to-date: /home/diego/Desktop/magister/magister_ws/install/radar_msg/include/radar_msg/radar_msg/msg/detail/radar_data__rosidl_typesupport_fastrtps_c.h
[0.861s] -- Up-to-date: /home/diego/Desktop/magister/magister_ws/install/radar_msg/lib/libradar_msg__rosidl_typesupport_fastrtps_c.so
[0.861s] -- Up-to-date: /home/diego/Desktop/magister/magister_ws/install/radar_msg/include/radar_msg/radar_msg
[0.861s] -- Up-to-date: /home/diego/Desktop/magister/magister_ws/install/radar_msg/include/radar_msg/radar_msg/msg
[0.861s] -- Up-to-date: /home/diego/Desktop/magister/magister_ws/install/radar_msg/include/radar_msg/radar_msg/msg/rosidl_generator_cpp__visibility_control.hpp
[0.861s] -- Up-to-date: /home/diego/Desktop/magister/magister_ws/install/radar_msg/include/radar_msg/radar_msg/msg/radar_data.hpp
[0.861s] -- Up-to-date: /home/diego/Desktop/magister/magister_ws/install/radar_msg/include/radar_msg/radar_msg/msg/detail
[0.861s] -- Up-to-date: /home/diego/Desktop/magister/magister_ws/install/radar_msg/include/radar_msg/radar_msg/msg/detail/radar_data__type_support.hpp
[0.861s] -- Up-to-date: /home/diego/Desktop/magister/magister_ws/install/radar_msg/include/radar_msg/radar_msg/msg/detail/radar_data__builder.hpp
[0.861s] -- Up-to-date: /home/diego/Desktop/magister/magister_ws/install/radar_msg/include/radar_msg/radar_msg/msg/detail/radar_data__traits.hpp
[0.861s] -- Up-to-date: /home/diego/Desktop/magister/magister_ws/install/radar_msg/include/radar_msg/radar_msg/msg/detail/radar_data__struct.hpp
[0.861s] -- Up-to-date: /home/diego/Desktop/magister/magister_ws/install/radar_msg/include/radar_msg/radar_msg
[0.861s] -- Up-to-date: /home/diego/Desktop/magister/magister_ws/install/radar_msg/include/radar_msg/radar_msg/msg
[0.862s] -- Up-to-date: /home/diego/Desktop/magister/magister_ws/install/radar_msg/include/radar_msg/radar_msg/msg/detail
[0.862s] -- Up-to-date: /home/diego/Desktop/magister/magister_ws/install/radar_msg/include/radar_msg/radar_msg/msg/detail/radar_data__rosidl_typesupport_fastrtps_cpp.hpp
[0.862s] -- Up-to-date: /home/diego/Desktop/magister/magister_ws/install/radar_msg/include/radar_msg/radar_msg/msg/detail/dds_fastrtps
[0.862s] -- Up-to-date: /home/diego/Desktop/magister/magister_ws/install/radar_msg/include/radar_msg/radar_msg/msg/rosidl_typesupport_fastrtps_cpp__visibility_control.h
[0.862s] -- Up-to-date: /home/diego/Desktop/magister/magister_ws/install/radar_msg/lib/libradar_msg__rosidl_typesupport_fastrtps_cpp.so
[0.862s] -- Up-to-date: /home/diego/Desktop/magister/magister_ws/install/radar_msg/include/radar_msg/radar_msg
[0.862s] -- Up-to-date: /home/diego/Desktop/magister/magister_ws/install/radar_msg/include/radar_msg/radar_msg/msg
[0.862s] -- Up-to-date: /home/diego/Desktop/magister/magister_ws/install/radar_msg/include/radar_msg/radar_msg/msg/detail
[0.862s] -- Up-to-date: /home/diego/Desktop/magister/magister_ws/install/radar_msg/include/radar_msg/radar_msg/msg/detail/radar_data__type_support.c
[0.862s] -- Up-to-date: /home/diego/Desktop/magister/magister_ws/install/radar_msg/include/radar_msg/radar_msg/msg/detail/radar_data__rosidl_typesupport_introspection_c.h
[0.862s] -- Up-to-date: /home/diego/Desktop/magister/magister_ws/install/radar_msg/include/radar_msg/radar_msg/msg/rosidl_typesupport_introspection_c__visibility_control.h
[0.862s] -- Up-to-date: /home/diego/Desktop/magister/magister_ws/install/radar_msg/lib/libradar_msg__rosidl_typesupport_introspection_c.so
[0.862s] -- Up-to-date: /home/diego/Desktop/magister/magister_ws/install/radar_msg/lib/libradar_msg__rosidl_typesupport_c.so
[0.862s] -- Up-to-date: /home/diego/Desktop/magister/magister_ws/install/radar_msg/include/radar_msg/radar_msg
[0.862s] -- Up-to-date: /home/diego/Desktop/magister/magister_ws/install/radar_msg/include/radar_msg/radar_msg/msg
[0.862s] -- Up-to-date: /home/diego/Desktop/magister/magister_ws/install/radar_msg/include/radar_msg/radar_msg/msg/detail
[0.862s] -- Up-to-date: /home/diego/Desktop/magister/magister_ws/install/radar_msg/include/radar_msg/radar_msg/msg/detail/radar_data__type_support.cpp
[0.862s] -- Up-to-date: /home/diego/Desktop/magister/magister_ws/install/radar_msg/include/radar_msg/radar_msg/msg/detail/radar_data__rosidl_typesupport_introspection_cpp.hpp
[0.862s] -- Up-to-date: /home/diego/Desktop/magister/magister_ws/install/radar_msg/lib/libradar_msg__rosidl_typesupport_introspection_cpp.so
[0.862s] -- Up-to-date: /home/diego/Desktop/magister/magister_ws/install/radar_msg/lib/libradar_msg__rosidl_typesupport_cpp.so
[0.862s] -- Up-to-date: /home/diego/Desktop/magister/magister_ws/install/radar_msg/share/radar_msg/environment/pythonpath.sh
[0.862s] -- Up-to-date: /home/diego/Desktop/magister/magister_ws/install/radar_msg/share/radar_msg/environment/pythonpath.dsv
[0.863s] -- Up-to-date: /home/diego/Desktop/magister/magister_ws/install/radar_msg/local/lib/python3.10/dist-packages/radar_msg-0.0.0-py3.10.egg-info
[0.863s] -- Installing: /home/diego/Desktop/magister/magister_ws/install/radar_msg/local/lib/python3.10/dist-packages/radar_msg-0.0.0-py3.10.egg-info/top_level.txt
[0.863s] -- Installing: /home/diego/Desktop/magister/magister_ws/install/radar_msg/local/lib/python3.10/dist-packages/radar_msg-0.0.0-py3.10.egg-info/SOURCES.txt
[0.863s] -- Installing: /home/diego/Desktop/magister/magister_ws/install/radar_msg/local/lib/python3.10/dist-packages/radar_msg-0.0.0-py3.10.egg-info/dependency_links.txt
[0.863s] -- Installing: /home/diego/Desktop/magister/magister_ws/install/radar_msg/local/lib/python3.10/dist-packages/radar_msg-0.0.0-py3.10.egg-info/PKG-INFO
[0.864s] -- Up-to-date: /home/diego/Desktop/magister/magister_ws/install/radar_msg/local/lib/python3.10/dist-packages/radar_msg
[0.864s] -- Up-to-date: /home/diego/Desktop/magister/magister_ws/install/radar_msg/local/lib/python3.10/dist-packages/radar_msg/_radar_msg_s.ep.rosidl_typesupport_fastrtps_c.c
[0.864s] -- Up-to-date: /home/diego/Desktop/magister/magister_ws/install/radar_msg/local/lib/python3.10/dist-packages/radar_msg/radar_msg_s__rosidl_typesupport_fastrtps_c.cpython-310-x86_64-linux-gnu.so
[0.864s] -- Up-to-date: /home/diego/Desktop/magister/magister_ws/install/radar_msg/local/lib/python3.10/dist-packages/radar_msg/radar_msg_s__rosidl_typesupport_c.cpython-310-x86_64-linux-gnu.so
[0.864s] -- Up-to-date: /home/diego/Desktop/magister/magister_ws/install/radar_msg/local/lib/python3.10/dist-packages/radar_msg/libradar_msg__rosidl_generator_py.so
[0.864s] -- Up-to-date: /home/diego/Desktop/magister/magister_ws/install/radar_msg/local/lib/python3.10/dist-packages/radar_msg/__init__.py
[0.864s] -- Up-to-date: /home/diego/Desktop/magister/magister_ws/install/radar_msg/local/lib/python3.10/dist-packages/radar_msg/msg
[0.864s] -- Up-to-date: /home/diego/Desktop/magister/magister_ws/install/radar_msg/local/lib/python3.10/dist-packages/radar_msg/msg/_radar_data_s.c
[0.864s] -- Up-to-date: /home/diego/Desktop/magister/magister_ws/install/radar_msg/local/lib/python3.10/dist-packages/radar_msg/msg/__init__.py
[0.864s] -- Up-to-date: /home/diego/Desktop/magister/magister_ws/install/radar_msg/local/lib/python3.10/dist-packages/radar_msg/msg/_radar_data.py
[0.864s] -- Up-to-date: /home/diego/Desktop/magister/magister_ws/install/radar_msg/local/lib/python3.10/dist-packages/radar_msg/_radar_msg_s.ep.rosidl_typesupport_c.c
[0.864s] -- Up-to-date: /home/diego/Desktop/magister/magister_ws/install/radar_msg/local/lib/python3.10/dist-packages/radar_msg/radar_msg_s__rosidl_typesupport_introspection_c.cpython-310-x86_64-linux-gnu.so
[0.864s] -- Up-to-date: /home/diego/Desktop/magister/magister_ws/install/radar_msg/local/lib/python3.10/dist-packages/radar_msg/_radar_msg_s.ep.rosidl_typesupport_introspection_c.c
[0.977s] Listing '/home/diego/Desktop/magister/magister_ws/install/radar_msg/local/lib/python3.10/dist-packages/radar_msg'...
[0.977s] Listing '/home/diego/Desktop/magister/magister_ws/install/radar_msg/local/lib/python3.10/dist-packages/radar_msg/msg'...
[0.981s] -- Up-to-date: /home/diego/Desktop/magister/magister_ws/install/radar_msg/local/lib/python3.10/dist-packages/radar_msg/radar_msg_s__rosidl_typesupport_introspection_c.cpython-310-x86_64-linux-gnu.so
[0.981s] -- Up-to-date: /home/diego/Desktop/magister/magister_ws/install/radar_msg/local/lib/python3.10/dist-packages/radar_msg/radar_msg_s__rosidl_typesupport_fastrtps_c.cpython-310-x86_64-linux-gnu.so
[0.982s] -- Up-to-date: /home/diego/Desktop/magister/magister_ws/install/radar_msg/local/lib/python3.10/dist-packages/radar_msg/radar_msg_s__rosidl_typesupport_c.cpython-310-x86_64-linux-gnu.so
[0.982s] -- Up-to-date: /home/diego/Desktop/magister/magister_ws/install/radar_msg/lib/libradar_msg__rosidl_generator_py.so
[0.982s] -- Up-to-date: /home/diego/Desktop/magister/magister_ws/install/radar_msg/share/radar_msg/msg/RadarData.idl
[0.982s] -- Up-to-date: /home/diego/Desktop/magister/magister_ws/install/radar_msg/share/radar_msg/msg/RadarData.msg
[0.982s] -- Up-to-date: /home/diego/Desktop/magister/magister_ws/install/radar_msg/lib/radar_msg/publish_radar_data.py
[0.982s] -- Installing: /home/diego/Desktop/magister/magister_ws/install/radar_msg/lib/radar_msg/subscribe_radar_data.py
[0.982s] -- Up-to-date: /home/diego/Desktop/magister/magister_ws/install/radar_msg/share/ament_index/resource_index/package_run_dependencies/radar_msg
[0.982s] -- Up-to-date: /home/diego/Desktop/magister/magister_ws/install/radar_msg/share/ament_index/resource_index/parent_prefix_path/radar_msg
[0.982s] -- Up-to-date: /home/diego/Desktop/magister/magister_ws/install/radar_msg/share/radar_msg/environment/ament_prefix_path.dsv
[0.982s] -- Up-to-date: /home/diego/Desktop/magister/magister_ws/install/radar_msg/share/radar_msg/environment/path.dsv
[0.983s] -- Up-to-date: /home/diego/Desktop/magister/magister_ws/install/radar_msg/share/radar_msg/local_setup.bash
[0.983s] -- Up-to-date: /home/diego/Desktop/magister/magister_ws/install/radar_msg/share/radar_msg/local_setup.sh
[0.983s] -- Up-to-date: /home/diego/Desktop/magister/magister_ws/install/radar_msg/share/radar_msg/local_setup.zsh
[0.983s] -- Up-to-date: /home/diego/Desktop/magister/magister_ws/install/radar_msg/share/radar_msg/local_setup.dsv
[0.983s] -- Installing: /home/diego/Desktop/magister/magister_ws/install/radar_msg/share/radar_msg/package.dsv
[0.983s] -- Up-to-date: /home/diego/Desktop/magister/magister_ws/install/radar_msg/share/ament_index/resource_index/packages/radar_msg
[0.983s] -- Up-to-date: /home/diego/Desktop/magister/magister_ws/install/radar_msg/share/radar_msg/cmake/export_radar_msg__rosidl_generator_cExport.cmake
[0.983s] -- Up-to-date: /home/diego/Desktop/magister/magister_ws/install/radar_msg/share/radar_msg/cmake/export_radar_msg__rosidl_generator_cExport-noconfig.cmake
[0.983s] -- Up-to-date: /home/diego/Desktop/magister/magister_ws/install/radar_msg/share/radar_msg/cmake/export_radar_msg__rosidl_typesupport_fastrtps_cExport.cmake
[0.983s] -- Up-to-date: /home/diego/Desktop/magister/magister_ws/install/radar_msg/share/radar_msg/cmake/export_radar_msg__rosidl_typesupport_fastrtps_cExport-noconfig.cmake
[0.983s] -- Up-to-date: /home/diego/Desktop/magister/magister_ws/install/radar_msg/share/radar_msg/cmake/export_radar_msg__rosidl_generator_cppExport.cmake
[0.983s] -- Up-to-date: /home/diego/Desktop/magister/magister_ws/install/radar_msg/share/radar_msg/cmake/export_radar_msg__rosidl_typesupport_fastrtps_cppExport.cmake
[0.984s] -- Up-to-date: /home/diego/Desktop/magister/magister_ws/install/radar_msg/share/radar_msg/cmake/export_radar_msg__rosidl_typesupport_fastrtps_cppExport-noconfig.cmake
[0.984s] -- Up-to-date: /home/diego/Desktop/magister/magister_ws/install/radar_msg/share/radar_msg/cmake/radar_msg__rosidl_typesupport_introspection_cExport.cmake
[0.984s] -- Up-to-date: /home/diego/Desktop/magister/magister_ws/install/radar_msg/share/radar_msg/cmake/radar_msg__rosidl_typesupport_introspection_cExport-noconfig.cmake
[0.984s] -- Up-to-date: /home/diego/Desktop/magister/magister_ws/install/radar_msg/share/radar_msg/cmake/radar_msg__rosidl_typesupport_cExport.cmake
[0.984s] -- Up-to-date: /home/diego/Desktop/magister/magister_ws/install/radar_msg/share/radar_msg/cmake/radar_msg__rosidl_typesupport_cExport-noconfig.cmake
[0.984s] -- Up-to-date: /home/diego/Desktop/magister/magister_ws/install/radar_msg/share/radar_msg/cmake/radar_msg__rosidl_typesupport_introspection_cppExport.cmake
[0.984s] -- Up-to-date: /home/diego/Desktop/magister/magister_ws/install/radar_msg/share/radar_msg/cmake/radar_msg__rosidl_typesupport_introspection_cppExport-noconfig.cmake
[0.984s] -- Up-to-date: /home/diego/Desktop/magister/magister_ws/install/radar_msg/share/radar_msg/cmake/radar_msg__rosidl_typesupport_cppExport.cmake
[0.984s] -- Up-to-date: /home/diego/Desktop/magister/magister_ws/install/radar_msg/share/radar_msg/cmake/radar_msg__rosidl_typesupport_cppExport-noconfig.cmake
[0.984s] -- Up-to-date: /home/diego/Desktop/magister/magister_ws/install/radar_msg/share/radar_msg/cmake/export_radar_msg__rosidl_generator_pyExport.cmake
[0.984s] -- Up-to-date: /home/diego/Desktop/magister/magister_ws/install/radar_msg/share/radar_msg/cmake/export_radar_msg__rosidl_generator_pyExport-noconfig.cmake
[0.984s] -- Up-to-date: /home/diego/Desktop/magister/magister_ws/install/radar_msg/share/radar_msg/cmake/rosidl_cmake-extras.cmake
[0.984s] -- Up-to-date: /home/diego/Desktop/magister/magister_ws/install/radar_msg/share/radar_msg/cmake/ament_cmake_export_dependencies-extras.cmake
[0.984s] -- Up-to-date: /home/diego/Desktop/magister/magister_ws/install/radar_msg/share/radar_msg/cmake/ament_cmake_export_include_directories-extras.cmake
[0.984s] -- Up-to-date: /home/diego/Desktop/magister/magister_ws/install/radar_msg/share/radar_msg/cmake/ament_cmake_export_libraries-extras.cmake
[0.984s] -- Up-to-date: /home/diego/Desktop/magister/magister_ws/install/radar_msg/share/radar_msg/cmake/ament_cmake_export_targets-extras.cmake
[0.984s] -- Up-to-date: /home/diego/Desktop/magister/magister_ws/install/radar_msg/share/radar_msg/cmake/rosidl_cmake_export_typesupport_targets-extras.cmake
[0.984s] -- Up-to-date: /home/diego/Desktop/magister/magister_ws/install/radar_msg/share/radar_msg/cmake/rosidl_cmake_export_typesupport_libraries-extras.cmake
[0.984s] -- Up-to-date: /home/diego/Desktop/magister/magister_ws/install/radar_msg/share/radar_msg/cmake/radar_msgConfig.cmake
[0.984s] -- Up-to-date: /home/diego/Desktop/magister/magister_ws/install/radar_msg/share/radar_msg/cmake/radar_msgConfig-version.cmake
[0.984s] -- Up-to-date: /home/diego/Desktop/magister/magister_ws/install/radar_msg/share/radar_msg/package.xml
[0.986s] Invoked command in '/home/diego/Desktop/magister/magister_ws/build/radar_msg' returned '0': CMAKE_PREFIX_PATH=${CMAKE_PREFIX_PATH}:/home/diego/ros2_humble/install/rqt_bag_plugins:/home/diego/ros2_humble/install/rqt_bag:/home/diego/ros2_humble/install/launch_testing_examples:/home/diego/ros2_humble/install/ros2bag:/home/diego/ros2_humble/install/tracetools_test:/home/diego/ros2_humble/install/tracetools_launch:/home/diego/ros2_humble/install/topic_monitor:/home/diego/ros2_humble/install/tf2_tools:/home/diego/ros2_humble/install/examples_tf2_py:/home/diego/ros2_humble/install/tf2_ros_py:/home/diego/ros2_humble/install/sros2:/home/diego/ros2_humble/install/rqt_topic:/home/diego/ros2_humble/install/rqt_srv:/home/diego/ros2_humble/install/rqt_shell:/home/diego/ros2_humble/install/rqt_service_caller:/home/diego/ros2_humble/install/rqt_reconfigure:/home/diego/ros2_humble/install/rqt_py_console:/home/diego/ros2_humble/install/rqt_publisher:/home/diego/ros2_humble/install/rqt_plot:/home/diego/ros2_humble/install/rqt_action:/home/diego/ros2_humble/install/rqt_msg:/home/diego/ros2_humble/install/rqt_console:/home/diego/ros2_humble/install/rqt:/home/diego/ros2_humble/install/rqt_graph:/home/diego/ros2_humble/install/rqt_gui_py:/home/diego/ros2_humble/install/rqt_gui:/home/diego/ros2_humble/install/ros2trace:/home/diego/ros2_humble/install/ros2topic:/home/diego/ros2_humble/install/ros2test:/home/diego/ros2_humble/install/ros2component:/home/diego/ros2_humble/install/ros2param:/home/diego/ros2_humble/install/ros2lifecycle:/home/diego/ros2_humble/install/ros2service:/home/diego/ros2_humble/install/ros2run:/home/diego/ros2_humble/install/ros2launch:/home/diego/ros2_humble/install/ros2pkg:/home/diego/ros2_humble/install/ros2node:/home/diego/ros2_humble/install/ros2multicast:/home/diego/ros2_humble/install/ros2interface:/home/diego/ros2_humble/install/ros2doctor:/home/diego/ros2_humble/install/ros2action:/home/diego/ros2_humble/install/ros2cli:/home/diego/ros2_humble/install/quality_of_service_demo_py:/home/diego/ros2_humble/install/lifecycle_py:/home/diego/ros2_humble/install/launch_testing_ros:/home/diego/ros2_humble/install/launch_ros:/home/diego/ros2_humble/install/examples_rclpy_pointcloud_publisher:/home/diego/ros2_humble/install/examples_rclpy_minimal_subscriber:/home/diego/ros2_humble/install/examples_rclpy_minimal_service:/home/diego/ros2_humble/install/examples_rclpy_minimal_publisher:/home/diego/ros2_humble/install/examples_rclpy_minimal_client:/home/diego/ros2_humble/install/examples_rclpy_minimal_action_server:/home/diego/ros2_humble/install/examples_rclpy_minimal_action_client:/home/diego/ros2_humble/install/examples_rclpy_guard_conditions:/home/diego/ros2_humble/install/examples_rclpy_executors:/home/diego/ros2_humble/install/demo_nodes_py:/home/diego/ros2_humble/install/camera_info_manager_py:/home/diego/ros2_humble/install/action_tutorials_py:/home/diego/ros2_humble/install/ament_uncrustify:/home/diego/ros2_humble/install/tracetools_trace:/home/diego/ros2_humble/install/tracetools_read:/home/diego/ros2_humble/install/test_tracetools_launch:/home/diego/ros2_humble/install/test_launch_ros:/home/diego/ros2_humble/install/sensor_msgs_py:/home/diego/ros2_humble/install/rpyutils:/home/diego/ros2_humble/install/rosidl_runtime_py:/home/diego/ros2_humble/install/rosidl_cli:/home/diego/ros2_humble/install/launch_pytest:/home/diego/ros2_humble/install/launch_testing:/home/diego/ros2_humble/install/launch_yaml:/home/diego/ros2_humble/install/launch_xml:/home/diego/ros2_humble/install/launch:/home/diego/ros2_humble/install/osrf_pycommon:/home/diego/ros2_humble/install/domain_coordinator:/home/diego/ros2_humble/install/ament_xmllint:/home/diego/ros2_humble/install/ament_pyflakes:/home/diego/ros2_humble/install/ament_pycodestyle:/home/diego/ros2_humble/install/ament_pep257:/home/diego/ros2_humble/install/ament_pclint:/home/diego/ros2_humble/install/ament_package:/home/diego/ros2_humble/install/ament_mypy:/home/diego/ros2_humble/install/ament_lint_cmake:/home/diego/ros2_humble/install/ament_flake8:/home/diego/ros2_humble/install/ament_copyright:/home/diego/ros2_humble/install/ament_lint:/home/diego/ros2_humble/install/ament_index_python:/home/diego/ros2_humble/install/ament_cpplint:/home/diego/ros2_humble/install/ament_cppcheck:/home/diego/ros2_humble/install/ament_clang_tidy:/home/diego/ros2_humble/install/ament_clang_format /usr/bin/cmake --install /home/diego/Desktop/magister/magister_ws/build/radar_msg
