[2.785s] Invoking command in '/home/dammr/Desktop/UC_SmartFarmRadar/magister_ws/src/ptu_controller': PYTHONPATH=/home/dammr/Desktop/UC_SmartFarmRadar/magister_ws/build/ptu_controller/prefix_override:/usr/lib/python3/dist-packages/colcon_core/task/python/colcon_distutils_commands:/home/dammr/Desktop/UC_SmartFarmRadar/magister_ws/install/ptu_controller/lib/python3.10/site-packages:${PYTHONPATH} /usr/bin/python3 -W ignore:setup.py install is deprecated -W ignore:easy_install command is deprecated setup.py egg_info --egg-base ../../build/ptu_controller build --build-base /home/dammr/Desktop/UC_SmartFarmRadar/magister_ws/build/ptu_controller/build install --record /home/dammr/Desktop/UC_SmartFarmRadar/magister_ws/build/ptu_controller/install.log --single-version-externally-managed install_data
[3.877s] running egg_info
[3.878s] creating ../../build/ptu_controller/ptu_controller.egg-info
[3.878s] writing ../../build/ptu_controller/ptu_controller.egg-info/PKG-INFO
[3.879s] writing dependency_links to ../../build/ptu_controller/ptu_controller.egg-info/dependency_links.txt
[3.879s] writing entry points to ../../build/ptu_controller/ptu_controller.egg-info/entry_points.txt
[3.879s] writing requirements to ../../build/ptu_controller/ptu_controller.egg-info/requires.txt
[3.880s] writing top-level names to ../../build/ptu_controller/ptu_controller.egg-info/top_level.txt
[3.880s] writing manifest file '../../build/ptu_controller/ptu_controller.egg-info/SOURCES.txt'
[3.885s] reading manifest file '../../build/ptu_controller/ptu_controller.egg-info/SOURCES.txt'
[3.886s] writing manifest file '../../build/ptu_controller/ptu_controller.egg-info/SOURCES.txt'
[3.886s] running build
[3.887s] running build_py
[3.887s] creating /home/dammr/Desktop/UC_SmartFarmRadar/magister_ws/build/ptu_controller/build
[3.887s] creating /home/dammr/Desktop/UC_SmartFarmRadar/magister_ws/build/ptu_controller/build/lib
[3.887s] creating /home/dammr/Desktop/UC_SmartFarmRadar/magister_ws/build/ptu_controller/build/lib/ptu_controller
[3.887s] copying ptu_controller/controlador.py -> /home/dammr/Desktop/UC_SmartFarmRadar/magister_ws/build/ptu_controller/build/lib/ptu_controller
[3.888s] copying ptu_controller/__init__.py -> /home/dammr/Desktop/UC_SmartFarmRadar/magister_ws/build/ptu_controller/build/lib/ptu_controller
[3.888s] running install
[3.889s] running install_lib
[3.890s] creating /home/dammr/Desktop/UC_SmartFarmRadar/magister_ws/install/ptu_controller/lib/python3.10/site-packages/ptu_controller
[3.890s] copying /home/dammr/Desktop/UC_SmartFarmRadar/magister_ws/build/ptu_controller/build/lib/ptu_controller/controlador.py -> /home/dammr/Desktop/UC_SmartFarmRadar/magister_ws/install/ptu_controller/lib/python3.10/site-packages/ptu_controller
[3.890s] copying /home/dammr/Desktop/UC_SmartFarmRadar/magister_ws/build/ptu_controller/build/lib/ptu_controller/__init__.py -> /home/dammr/Desktop/UC_SmartFarmRadar/magister_ws/install/ptu_controller/lib/python3.10/site-packages/ptu_controller
[3.896s] byte-compiling /home/dammr/Desktop/UC_SmartFarmRadar/magister_ws/install/ptu_controller/lib/python3.10/site-packages/ptu_controller/controlador.py to controlador.cpython-310.pyc
[3.898s] byte-compiling /home/dammr/Desktop/UC_SmartFarmRadar/magister_ws/install/ptu_controller/lib/python3.10/site-packages/ptu_controller/__init__.py to __init__.cpython-310.pyc
[3.898s] running install_data
[3.898s] creating /home/dammr/Desktop/UC_SmartFarmRadar/magister_ws/install/ptu_controller/share/ament_index
[3.898s] creating /home/dammr/Desktop/UC_SmartFarmRadar/magister_ws/install/ptu_controller/share/ament_index/resource_index
[3.898s] creating /home/dammr/Desktop/UC_SmartFarmRadar/magister_ws/install/ptu_controller/share/ament_index/resource_index/packages
[3.899s] copying resource/ptu_controller -> /home/dammr/Desktop/UC_SmartFarmRadar/magister_ws/install/ptu_controller/share/ament_index/resource_index/packages
[3.899s] copying package.xml -> /home/dammr/Desktop/UC_SmartFarmRadar/magister_ws/install/ptu_controller/share/ptu_controller
[3.899s] running install_egg_info
[3.907s] Copying ../../build/ptu_controller/ptu_controller.egg-info to /home/dammr/Desktop/UC_SmartFarmRadar/magister_ws/install/ptu_controller/lib/python3.10/site-packages/ptu_controller-0.0.0-py3.10.egg-info
[3.909s] running install_scripts
[3.998s] Installing ptu_controller script to /home/dammr/Desktop/UC_SmartFarmRadar/magister_ws/install/ptu_controller/lib/ptu_controller
[3.999s] writing list of installed files to '/home/dammr/Desktop/UC_SmartFarmRadar/magister_ws/build/ptu_controller/install.log'
[4.040s] Invoked command in '/home/dammr/Desktop/UC_SmartFarmRadar/magister_ws/src/ptu_controller' returned '0': PYTHONPATH=/home/dammr/Desktop/UC_SmartFarmRadar/magister_ws/build/ptu_controller/prefix_override:/usr/lib/python3/dist-packages/colcon_core/task/python/colcon_distutils_commands:/home/dammr/Desktop/UC_SmartFarmRadar/magister_ws/install/ptu_controller/lib/python3.10/site-packages:${PYTHONPATH} /usr/bin/python3 -W ignore:setup.py install is deprecated -W ignore:easy_install command is deprecated setup.py egg_info --egg-base ../../build/ptu_controller build --build-base /home/dammr/Desktop/UC_SmartFarmRadar/magister_ws/build/ptu_controller/build install --record /home/dammr/Desktop/UC_SmartFarmRadar/magister_ws/build/ptu_controller/install.log --single-version-externally-managed install_data
