[0.043s] Invoking command in '/home/dammr/Desktop/UC_SmartFarmRadar/magister_ws/build/radar_msg': CMAKE_PREFIX_PATH=${CMAKE_PREFIX_PATH}:/home/dammr/Desktop/UC_SmartFarmRadar/magister_ws/install/radar_package:/home/dammr/Desktop/UC_SmartFarmRadar/magister_ws/install/ptu_controller:/home/dammr/ros2_humble/install/rqt_bag_plugins:/home/dammr/ros2_humble/install/rqt_bag:/home/dammr/ros2_humble/install/launch_testing_examples:/home/dammr/ros2_humble/install/ros2bag:/home/dammr/ros2_humble/install/tracetools_test:/home/dammr/ros2_humble/install/tracetools_launch:/home/dammr/ros2_humble/install/topic_monitor:/home/dammr/ros2_humble/install/tf2_tools:/home/dammr/ros2_humble/install/examples_tf2_py:/home/dammr/ros2_humble/install/tf2_ros_py:/home/dammr/ros2_humble/install/sros2:/home/dammr/ros2_humble/install/rqt_topic:/home/dammr/ros2_humble/install/rqt_srv:/home/dammr/ros2_humble/install/rqt_shell:/home/dammr/ros2_humble/install/rqt_service_caller:/home/dammr/ros2_humble/install/rqt_reconfigure:/home/dammr/ros2_humble/install/rqt_py_console:/home/dammr/ros2_humble/install/rqt_publisher:/home/dammr/ros2_humble/install/rqt_plot:/home/dammr/ros2_humble/install/rqt_action:/home/dammr/ros2_humble/install/rqt_msg:/home/dammr/ros2_humble/install/rqt_console:/home/dammr/ros2_humble/install/rqt:/home/dammr/ros2_humble/install/rqt_graph:/home/dammr/ros2_humble/install/rqt_gui_py:/home/dammr/ros2_humble/install/rqt_gui:/home/dammr/ros2_humble/install/ros2trace:/home/dammr/ros2_humble/install/ros2topic:/home/dammr/ros2_humble/install/ros2test:/home/dammr/ros2_humble/install/ros2component:/home/dammr/ros2_humble/install/ros2param:/home/dammr/ros2_humble/install/ros2lifecycle:/home/dammr/ros2_humble/install/ros2service:/home/dammr/ros2_humble/install/ros2run:/home/dammr/ros2_humble/install/ros2launch:/home/dammr/ros2_humble/install/ros2pkg:/home/dammr/ros2_humble/install/ros2node:/home/dammr/ros2_humble/install/ros2multicast:/home/dammr/ros2_humble/install/ros2interface:/home/dammr/ros2_humble/install/ros2doctor:/home/dammr/ros2_humble/install/ros2action:/home/dammr/ros2_humble/install/ros2cli:/home/dammr/ros2_humble/install/quality_of_service_demo_py:/home/dammr/ros2_humble/install/lifecycle_py:/home/dammr/ros2_humble/install/launch_testing_ros:/home/dammr/ros2_humble/install/launch_ros:/home/dammr/ros2_humble/install/examples_rclpy_pointcloud_publisher:/home/dammr/ros2_humble/install/examples_rclpy_minimal_subscriber:/home/dammr/ros2_humble/install/examples_rclpy_minimal_service:/home/dammr/ros2_humble/install/examples_rclpy_minimal_publisher:/home/dammr/ros2_humble/install/examples_rclpy_minimal_client:/home/dammr/ros2_humble/install/examples_rclpy_minimal_action_server:/home/dammr/ros2_humble/install/examples_rclpy_minimal_action_client:/home/dammr/ros2_humble/install/examples_rclpy_guard_conditions:/home/dammr/ros2_humble/install/examples_rclpy_executors:/home/dammr/ros2_humble/install/demo_nodes_py:/home/dammr/ros2_humble/install/camera_info_manager_py:/home/dammr/ros2_humble/install/action_tutorials_py:/home/dammr/ros2_humble/install/ament_uncrustify:/home/dammr/ros2_humble/install/tracetools_trace:/home/dammr/ros2_humble/install/tracetools_read:/home/dammr/ros2_humble/install/test_tracetools_launch:/home/dammr/ros2_humble/install/test_launch_ros:/home/dammr/ros2_humble/install/sensor_msgs_py:/home/dammr/ros2_humble/install/rpyutils:/home/dammr/ros2_humble/install/rosidl_runtime_py:/home/dammr/ros2_humble/install/rosidl_cli:/home/dammr/ros2_humble/install/launch_pytest:/home/dammr/ros2_humble/install/launch_testing:/home/dammr/ros2_humble/install/launch_yaml:/home/dammr/ros2_humble/install/launch_xml:/home/dammr/ros2_humble/install/launch:/home/dammr/ros2_humble/install/osrf_pycommon:/home/dammr/ros2_humble/install/domain_coordinator:/home/dammr/ros2_humble/install/ament_xmllint:/home/dammr/ros2_humble/install/ament_pyflakes:/home/dammr/ros2_humble/install/ament_pycodestyle:/home/dammr/ros2_humble/install/ament_pep257:/home/dammr/ros2_humble/install/ament_pclint:/home/dammr/ros2_humble/install/ament_package:/home/dammr/ros2_humble/install/ament_mypy:/home/dammr/ros2_humble/install/ament_lint_cmake:/home/dammr/ros2_humble/install/ament_flake8:/home/dammr/ros2_humble/install/ament_copyright:/home/dammr/ros2_humble/install/ament_lint:/home/dammr/ros2_humble/install/ament_index_python:/home/dammr/ros2_humble/install/ament_cpplint:/home/dammr/ros2_humble/install/ament_cppcheck:/home/dammr/ros2_humble/install/ament_clang_tidy:/home/dammr/ros2_humble/install/ament_clang_format /usr/bin/cmake --build /home/dammr/Desktop/UC_SmartFarmRadar/magister_ws/build/radar_msg -- -j12 -l12
[0.139s] [35m[1mConsolidate compiler generated dependencies of target radar_msg__rosidl_generator_c[0m
[0.162s] [  3%] Built target radar_msg__cpp
[0.164s] [ 12%] Built target radar_msg__rosidl_generator_c
[0.187s] [ 12%] Built target ament_cmake_python_copy_radar_msg
[0.188s] [35m[1mConsolidate compiler generated dependencies of target radar_msg__rosidl_typesupport_cpp[0m
[0.190s] [35m[1mConsolidate compiler generated dependencies of target radar_msg__rosidl_typesupport_introspection_c[0m
[0.190s] [35m[1mConsolidate compiler generated dependencies of target radar_msg__rosidl_typesupport_fastrtps_c[0m
[0.191s] [35m[1mConsolidate compiler generated dependencies of target radar_msg__rosidl_typesupport_introspection_cpp[0m
[0.192s] [35m[1mConsolidate compiler generated dependencies of target radar_msg__rosidl_typesupport_fastrtps_cpp[0m
[0.193s] [35m[1mConsolidate compiler generated dependencies of target radar_msg__rosidl_typesupport_c[0m
[0.217s] [ 22%] Built target radar_msg__rosidl_typesupport_fastrtps_c
[0.219s] [ 32%] Built target radar_msg__rosidl_typesupport_introspection_c
[0.219s] [ 41%] Built target radar_msg__rosidl_typesupport_cpp
[0.222s] [ 61%] Built target radar_msg__rosidl_typesupport_c
[0.222s] [ 61%] Built target radar_msg__rosidl_typesupport_fastrtps_cpp
[0.223s] [ 70%] Built target radar_msg__rosidl_typesupport_introspection_cpp
[0.275s] [ 70%] Built target radar_msg
[0.328s] [ 74%] Built target radar_msg__py
[0.354s] [35m[1mConsolidate compiler generated dependencies of target radar_msg__rosidl_generator_py[0m
[0.384s] [ 80%] Built target radar_msg__rosidl_generator_py
[0.410s] [35m[1mConsolidate compiler generated dependencies of target radar_msg__rosidl_typesupport_fastrtps_c__pyext[0m
[0.410s] [35m[1mConsolidate compiler generated dependencies of target radar_msg__rosidl_typesupport_introspection_c__pyext[0m
[0.410s] [35m[1mConsolidate compiler generated dependencies of target radar_msg__rosidl_typesupport_c__pyext[0m
[0.437s] [ 93%] Built target radar_msg__rosidl_typesupport_fastrtps_c__pyext
[0.438s] [ 93%] Built target radar_msg__rosidl_typesupport_c__pyext
[0.439s] [100%] Built target radar_msg__rosidl_typesupport_introspection_c__pyext
[0.573s] running egg_info
[0.573s] writing radar_msg.egg-info/PKG-INFO
[0.573s] writing dependency_links to radar_msg.egg-info/dependency_links.txt
[0.574s] writing top-level names to radar_msg.egg-info/top_level.txt
[0.575s] reading manifest file 'radar_msg.egg-info/SOURCES.txt'
[0.575s] writing manifest file 'radar_msg.egg-info/SOURCES.txt'
[0.612s] [100%] Built target ament_cmake_python_build_radar_msg_egg
[0.635s] Invoked command in '/home/dammr/Desktop/UC_SmartFarmRadar/magister_ws/build/radar_msg' returned '0': CMAKE_PREFIX_PATH=${CMAKE_PREFIX_PATH}:/home/dammr/Desktop/UC_SmartFarmRadar/magister_ws/install/radar_package:/home/dammr/Desktop/UC_SmartFarmRadar/magister_ws/install/ptu_controller:/home/dammr/ros2_humble/install/rqt_bag_plugins:/home/dammr/ros2_humble/install/rqt_bag:/home/dammr/ros2_humble/install/launch_testing_examples:/home/dammr/ros2_humble/install/ros2bag:/home/dammr/ros2_humble/install/tracetools_test:/home/dammr/ros2_humble/install/tracetools_launch:/home/dammr/ros2_humble/install/topic_monitor:/home/dammr/ros2_humble/install/tf2_tools:/home/dammr/ros2_humble/install/examples_tf2_py:/home/dammr/ros2_humble/install/tf2_ros_py:/home/dammr/ros2_humble/install/sros2:/home/dammr/ros2_humble/install/rqt_topic:/home/dammr/ros2_humble/install/rqt_srv:/home/dammr/ros2_humble/install/rqt_shell:/home/dammr/ros2_humble/install/rqt_service_caller:/home/dammr/ros2_humble/install/rqt_reconfigure:/home/dammr/ros2_humble/install/rqt_py_console:/home/dammr/ros2_humble/install/rqt_publisher:/home/dammr/ros2_humble/install/rqt_plot:/home/dammr/ros2_humble/install/rqt_action:/home/dammr/ros2_humble/install/rqt_msg:/home/dammr/ros2_humble/install/rqt_console:/home/dammr/ros2_humble/install/rqt:/home/dammr/ros2_humble/install/rqt_graph:/home/dammr/ros2_humble/install/rqt_gui_py:/home/dammr/ros2_humble/install/rqt_gui:/home/dammr/ros2_humble/install/ros2trace:/home/dammr/ros2_humble/install/ros2topic:/home/dammr/ros2_humble/install/ros2test:/home/dammr/ros2_humble/install/ros2component:/home/dammr/ros2_humble/install/ros2param:/home/dammr/ros2_humble/install/ros2lifecycle:/home/dammr/ros2_humble/install/ros2service:/home/dammr/ros2_humble/install/ros2run:/home/dammr/ros2_humble/install/ros2launch:/home/dammr/ros2_humble/install/ros2pkg:/home/dammr/ros2_humble/install/ros2node:/home/dammr/ros2_humble/install/ros2multicast:/home/dammr/ros2_humble/install/ros2interface:/home/dammr/ros2_humble/install/ros2doctor:/home/dammr/ros2_humble/install/ros2action:/home/dammr/ros2_humble/install/ros2cli:/home/dammr/ros2_humble/install/quality_of_service_demo_py:/home/dammr/ros2_humble/install/lifecycle_py:/home/dammr/ros2_humble/install/launch_testing_ros:/home/dammr/ros2_humble/install/launch_ros:/home/dammr/ros2_humble/install/examples_rclpy_pointcloud_publisher:/home/dammr/ros2_humble/install/examples_rclpy_minimal_subscriber:/home/dammr/ros2_humble/install/examples_rclpy_minimal_service:/home/dammr/ros2_humble/install/examples_rclpy_minimal_publisher:/home/dammr/ros2_humble/install/examples_rclpy_minimal_client:/home/dammr/ros2_humble/install/examples_rclpy_minimal_action_server:/home/dammr/ros2_humble/install/examples_rclpy_minimal_action_client:/home/dammr/ros2_humble/install/examples_rclpy_guard_conditions:/home/dammr/ros2_humble/install/examples_rclpy_executors:/home/dammr/ros2_humble/install/demo_nodes_py:/home/dammr/ros2_humble/install/camera_info_manager_py:/home/dammr/ros2_humble/install/action_tutorials_py:/home/dammr/ros2_humble/install/ament_uncrustify:/home/dammr/ros2_humble/install/tracetools_trace:/home/dammr/ros2_humble/install/tracetools_read:/home/dammr/ros2_humble/install/test_tracetools_launch:/home/dammr/ros2_humble/install/test_launch_ros:/home/dammr/ros2_humble/install/sensor_msgs_py:/home/dammr/ros2_humble/install/rpyutils:/home/dammr/ros2_humble/install/rosidl_runtime_py:/home/dammr/ros2_humble/install/rosidl_cli:/home/dammr/ros2_humble/install/launch_pytest:/home/dammr/ros2_humble/install/launch_testing:/home/dammr/ros2_humble/install/launch_yaml:/home/dammr/ros2_humble/install/launch_xml:/home/dammr/ros2_humble/install/launch:/home/dammr/ros2_humble/install/osrf_pycommon:/home/dammr/ros2_humble/install/domain_coordinator:/home/dammr/ros2_humble/install/ament_xmllint:/home/dammr/ros2_humble/install/ament_pyflakes:/home/dammr/ros2_humble/install/ament_pycodestyle:/home/dammr/ros2_humble/install/ament_pep257:/home/dammr/ros2_humble/install/ament_pclint:/home/dammr/ros2_humble/install/ament_package:/home/dammr/ros2_humble/install/ament_mypy:/home/dammr/ros2_humble/install/ament_lint_cmake:/home/dammr/ros2_humble/install/ament_flake8:/home/dammr/ros2_humble/install/ament_copyright:/home/dammr/ros2_humble/install/ament_lint:/home/dammr/ros2_humble/install/ament_index_python:/home/dammr/ros2_humble/install/ament_cpplint:/home/dammr/ros2_humble/install/ament_cppcheck:/home/dammr/ros2_humble/install/ament_clang_tidy:/home/dammr/ros2_humble/install/ament_clang_format /usr/bin/cmake --build /home/dammr/Desktop/UC_SmartFarmRadar/magister_ws/build/radar_msg -- -j12 -l12
[0.655s] Invoking command in '/home/dammr/Desktop/UC_SmartFarmRadar/magister_ws/build/radar_msg': CMAKE_PREFIX_PATH=${CMAKE_PREFIX_PATH}:/home/dammr/Desktop/UC_SmartFarmRadar/magister_ws/install/radar_package:/home/dammr/Desktop/UC_SmartFarmRadar/magister_ws/install/ptu_controller:/home/dammr/ros2_humble/install/rqt_bag_plugins:/home/dammr/ros2_humble/install/rqt_bag:/home/dammr/ros2_humble/install/launch_testing_examples:/home/dammr/ros2_humble/install/ros2bag:/home/dammr/ros2_humble/install/tracetools_test:/home/dammr/ros2_humble/install/tracetools_launch:/home/dammr/ros2_humble/install/topic_monitor:/home/dammr/ros2_humble/install/tf2_tools:/home/dammr/ros2_humble/install/examples_tf2_py:/home/dammr/ros2_humble/install/tf2_ros_py:/home/dammr/ros2_humble/install/sros2:/home/dammr/ros2_humble/install/rqt_topic:/home/dammr/ros2_humble/install/rqt_srv:/home/dammr/ros2_humble/install/rqt_shell:/home/dammr/ros2_humble/install/rqt_service_caller:/home/dammr/ros2_humble/install/rqt_reconfigure:/home/dammr/ros2_humble/install/rqt_py_console:/home/dammr/ros2_humble/install/rqt_publisher:/home/dammr/ros2_humble/install/rqt_plot:/home/dammr/ros2_humble/install/rqt_action:/home/dammr/ros2_humble/install/rqt_msg:/home/dammr/ros2_humble/install/rqt_console:/home/dammr/ros2_humble/install/rqt:/home/dammr/ros2_humble/install/rqt_graph:/home/dammr/ros2_humble/install/rqt_gui_py:/home/dammr/ros2_humble/install/rqt_gui:/home/dammr/ros2_humble/install/ros2trace:/home/dammr/ros2_humble/install/ros2topic:/home/dammr/ros2_humble/install/ros2test:/home/dammr/ros2_humble/install/ros2component:/home/dammr/ros2_humble/install/ros2param:/home/dammr/ros2_humble/install/ros2lifecycle:/home/dammr/ros2_humble/install/ros2service:/home/dammr/ros2_humble/install/ros2run:/home/dammr/ros2_humble/install/ros2launch:/home/dammr/ros2_humble/install/ros2pkg:/home/dammr/ros2_humble/install/ros2node:/home/dammr/ros2_humble/install/ros2multicast:/home/dammr/ros2_humble/install/ros2interface:/home/dammr/ros2_humble/install/ros2doctor:/home/dammr/ros2_humble/install/ros2action:/home/dammr/ros2_humble/install/ros2cli:/home/dammr/ros2_humble/install/quality_of_service_demo_py:/home/dammr/ros2_humble/install/lifecycle_py:/home/dammr/ros2_humble/install/launch_testing_ros:/home/dammr/ros2_humble/install/launch_ros:/home/dammr/ros2_humble/install/examples_rclpy_pointcloud_publisher:/home/dammr/ros2_humble/install/examples_rclpy_minimal_subscriber:/home/dammr/ros2_humble/install/examples_rclpy_minimal_service:/home/dammr/ros2_humble/install/examples_rclpy_minimal_publisher:/home/dammr/ros2_humble/install/examples_rclpy_minimal_client:/home/dammr/ros2_humble/install/examples_rclpy_minimal_action_server:/home/dammr/ros2_humble/install/examples_rclpy_minimal_action_client:/home/dammr/ros2_humble/install/examples_rclpy_guard_conditions:/home/dammr/ros2_humble/install/examples_rclpy_executors:/home/dammr/ros2_humble/install/demo_nodes_py:/home/dammr/ros2_humble/install/camera_info_manager_py:/home/dammr/ros2_humble/install/action_tutorials_py:/home/dammr/ros2_humble/install/ament_uncrustify:/home/dammr/ros2_humble/install/tracetools_trace:/home/dammr/ros2_humble/install/tracetools_read:/home/dammr/ros2_humble/install/test_tracetools_launch:/home/dammr/ros2_humble/install/test_launch_ros:/home/dammr/ros2_humble/install/sensor_msgs_py:/home/dammr/ros2_humble/install/rpyutils:/home/dammr/ros2_humble/install/rosidl_runtime_py:/home/dammr/ros2_humble/install/rosidl_cli:/home/dammr/ros2_humble/install/launch_pytest:/home/dammr/ros2_humble/install/launch_testing:/home/dammr/ros2_humble/install/launch_yaml:/home/dammr/ros2_humble/install/launch_xml:/home/dammr/ros2_humble/install/launch:/home/dammr/ros2_humble/install/osrf_pycommon:/home/dammr/ros2_humble/install/domain_coordinator:/home/dammr/ros2_humble/install/ament_xmllint:/home/dammr/ros2_humble/install/ament_pyflakes:/home/dammr/ros2_humble/install/ament_pycodestyle:/home/dammr/ros2_humble/install/ament_pep257:/home/dammr/ros2_humble/install/ament_pclint:/home/dammr/ros2_humble/install/ament_package:/home/dammr/ros2_humble/install/ament_mypy:/home/dammr/ros2_humble/install/ament_lint_cmake:/home/dammr/ros2_humble/install/ament_flake8:/home/dammr/ros2_humble/install/ament_copyright:/home/dammr/ros2_humble/install/ament_lint:/home/dammr/ros2_humble/install/ament_index_python:/home/dammr/ros2_humble/install/ament_cpplint:/home/dammr/ros2_humble/install/ament_cppcheck:/home/dammr/ros2_humble/install/ament_clang_tidy:/home/dammr/ros2_humble/install/ament_clang_format /usr/bin/cmake --install /home/dammr/Desktop/UC_SmartFarmRadar/magister_ws/build/radar_msg
[0.672s] -- Install configuration: ""
[0.672s] -- Up-to-date: /home/dammr/Desktop/UC_SmartFarmRadar/magister_ws/install/radar_msg/share/ament_index/resource_index/rosidl_interfaces/radar_msg
[0.672s] -- Up-to-date: /home/dammr/Desktop/UC_SmartFarmRadar/magister_ws/install/radar_msg/include/radar_msg/radar_msg
[0.672s] -- Up-to-date: /home/dammr/Desktop/UC_SmartFarmRadar/magister_ws/install/radar_msg/include/radar_msg/radar_msg/msg
[0.672s] -- Up-to-date: /home/dammr/Desktop/UC_SmartFarmRadar/magister_ws/install/radar_msg/include/radar_msg/radar_msg/msg/rosidl_generator_c__visibility_control.h
[0.673s] -- Up-to-date: /home/dammr/Desktop/UC_SmartFarmRadar/magister_ws/install/radar_msg/include/radar_msg/radar_msg/msg/radar_data.h
[0.673s] -- Up-to-date: /home/dammr/Desktop/UC_SmartFarmRadar/magister_ws/install/radar_msg/include/radar_msg/radar_msg/msg/detail
[0.673s] -- Up-to-date: /home/dammr/Desktop/UC_SmartFarmRadar/magister_ws/install/radar_msg/include/radar_msg/radar_msg/msg/detail/radar_data__struct.h
[0.673s] -- Up-to-date: /home/dammr/Desktop/UC_SmartFarmRadar/magister_ws/install/radar_msg/include/radar_msg/radar_msg/msg/detail/radar_data__type_support.h
[0.673s] -- Up-to-date: /home/dammr/Desktop/UC_SmartFarmRadar/magister_ws/install/radar_msg/include/radar_msg/radar_msg/msg/detail/radar_data__functions.h
[0.673s] -- Up-to-date: /home/dammr/Desktop/UC_SmartFarmRadar/magister_ws/install/radar_msg/include/radar_msg/radar_msg/msg/detail/radar_data__functions.c
[0.673s] -- Up-to-date: /home/dammr/Desktop/UC_SmartFarmRadar/magister_ws/install/radar_msg/share/radar_msg/environment/library_path.sh
[0.673s] -- Up-to-date: /home/dammr/Desktop/UC_SmartFarmRadar/magister_ws/install/radar_msg/share/radar_msg/environment/library_path.dsv
[0.673s] -- Up-to-date: /home/dammr/Desktop/UC_SmartFarmRadar/magister_ws/install/radar_msg/lib/libradar_msg__rosidl_generator_c.so
[0.673s] -- Up-to-date: /home/dammr/Desktop/UC_SmartFarmRadar/magister_ws/install/radar_msg/include/radar_msg/radar_msg
[0.673s] -- Up-to-date: /home/dammr/Desktop/UC_SmartFarmRadar/magister_ws/install/radar_msg/include/radar_msg/radar_msg/msg
[0.674s] -- Up-to-date: /home/dammr/Desktop/UC_SmartFarmRadar/magister_ws/install/radar_msg/include/radar_msg/radar_msg/msg/detail
[0.674s] -- Up-to-date: /home/dammr/Desktop/UC_SmartFarmRadar/magister_ws/install/radar_msg/include/radar_msg/radar_msg/msg/detail/radar_data__rosidl_typesupport_fastrtps_c.h
[0.674s] -- Up-to-date: /home/dammr/Desktop/UC_SmartFarmRadar/magister_ws/install/radar_msg/include/radar_msg/radar_msg/msg/rosidl_typesupport_fastrtps_c__visibility_control.h
[0.674s] -- Up-to-date: /home/dammr/Desktop/UC_SmartFarmRadar/magister_ws/install/radar_msg/lib/libradar_msg__rosidl_typesupport_fastrtps_c.so
[0.674s] -- Up-to-date: /home/dammr/Desktop/UC_SmartFarmRadar/magister_ws/install/radar_msg/include/radar_msg/radar_msg
[0.674s] -- Up-to-date: /home/dammr/Desktop/UC_SmartFarmRadar/magister_ws/install/radar_msg/include/radar_msg/radar_msg/msg
[0.674s] -- Up-to-date: /home/dammr/Desktop/UC_SmartFarmRadar/magister_ws/install/radar_msg/include/radar_msg/radar_msg/msg/detail
[0.674s] -- Up-to-date: /home/dammr/Desktop/UC_SmartFarmRadar/magister_ws/install/radar_msg/include/radar_msg/radar_msg/msg/detail/radar_data__type_support.hpp
[0.674s] -- Up-to-date: /home/dammr/Desktop/UC_SmartFarmRadar/magister_ws/install/radar_msg/include/radar_msg/radar_msg/msg/detail/radar_data__struct.hpp
[0.674s] -- Up-to-date: /home/dammr/Desktop/UC_SmartFarmRadar/magister_ws/install/radar_msg/include/radar_msg/radar_msg/msg/detail/radar_data__traits.hpp
[0.674s] -- Up-to-date: /home/dammr/Desktop/UC_SmartFarmRadar/magister_ws/install/radar_msg/include/radar_msg/radar_msg/msg/detail/radar_data__builder.hpp
[0.674s] -- Up-to-date: /home/dammr/Desktop/UC_SmartFarmRadar/magister_ws/install/radar_msg/include/radar_msg/radar_msg/msg/rosidl_generator_cpp__visibility_control.hpp
[0.674s] -- Up-to-date: /home/dammr/Desktop/UC_SmartFarmRadar/magister_ws/install/radar_msg/include/radar_msg/radar_msg/msg/radar_data.hpp
[0.674s] -- Up-to-date: /home/dammr/Desktop/UC_SmartFarmRadar/magister_ws/install/radar_msg/include/radar_msg/radar_msg
[0.674s] -- Up-to-date: /home/dammr/Desktop/UC_SmartFarmRadar/magister_ws/install/radar_msg/include/radar_msg/radar_msg/msg
[0.675s] -- Up-to-date: /home/dammr/Desktop/UC_SmartFarmRadar/magister_ws/install/radar_msg/include/radar_msg/radar_msg/msg/rosidl_typesupport_fastrtps_cpp__visibility_control.h
[0.675s] -- Up-to-date: /home/dammr/Desktop/UC_SmartFarmRadar/magister_ws/install/radar_msg/include/radar_msg/radar_msg/msg/detail
[0.675s] -- Up-to-date: /home/dammr/Desktop/UC_SmartFarmRadar/magister_ws/install/radar_msg/include/radar_msg/radar_msg/msg/detail/radar_data__rosidl_typesupport_fastrtps_cpp.hpp
[0.675s] -- Up-to-date: /home/dammr/Desktop/UC_SmartFarmRadar/magister_ws/install/radar_msg/include/radar_msg/radar_msg/msg/detail/dds_fastrtps
[0.675s] -- Up-to-date: /home/dammr/Desktop/UC_SmartFarmRadar/magister_ws/install/radar_msg/lib/libradar_msg__rosidl_typesupport_fastrtps_cpp.so
[0.675s] -- Up-to-date: /home/dammr/Desktop/UC_SmartFarmRadar/magister_ws/install/radar_msg/include/radar_msg/radar_msg
[0.675s] -- Up-to-date: /home/dammr/Desktop/UC_SmartFarmRadar/magister_ws/install/radar_msg/include/radar_msg/radar_msg/msg
[0.675s] -- Up-to-date: /home/dammr/Desktop/UC_SmartFarmRadar/magister_ws/install/radar_msg/include/radar_msg/radar_msg/msg/rosidl_typesupport_introspection_c__visibility_control.h
[0.675s] -- Up-to-date: /home/dammr/Desktop/UC_SmartFarmRadar/magister_ws/install/radar_msg/include/radar_msg/radar_msg/msg/detail
[0.675s] -- Up-to-date: /home/dammr/Desktop/UC_SmartFarmRadar/magister_ws/install/radar_msg/include/radar_msg/radar_msg/msg/detail/radar_data__type_support.c
[0.676s] -- Up-to-date: /home/dammr/Desktop/UC_SmartFarmRadar/magister_ws/install/radar_msg/include/radar_msg/radar_msg/msg/detail/radar_data__rosidl_typesupport_introspection_c.h
[0.676s] -- Up-to-date: /home/dammr/Desktop/UC_SmartFarmRadar/magister_ws/install/radar_msg/lib/libradar_msg__rosidl_typesupport_introspection_c.so
[0.676s] -- Up-to-date: /home/dammr/Desktop/UC_SmartFarmRadar/magister_ws/install/radar_msg/lib/libradar_msg__rosidl_typesupport_c.so
[0.676s] -- Up-to-date: /home/dammr/Desktop/UC_SmartFarmRadar/magister_ws/install/radar_msg/include/radar_msg/radar_msg
[0.676s] -- Up-to-date: /home/dammr/Desktop/UC_SmartFarmRadar/magister_ws/install/radar_msg/include/radar_msg/radar_msg/msg
[0.676s] -- Up-to-date: /home/dammr/Desktop/UC_SmartFarmRadar/magister_ws/install/radar_msg/include/radar_msg/radar_msg/msg/detail
[0.676s] -- Up-to-date: /home/dammr/Desktop/UC_SmartFarmRadar/magister_ws/install/radar_msg/include/radar_msg/radar_msg/msg/detail/radar_data__type_support.cpp
[0.676s] -- Up-to-date: /home/dammr/Desktop/UC_SmartFarmRadar/magister_ws/install/radar_msg/include/radar_msg/radar_msg/msg/detail/radar_data__rosidl_typesupport_introspection_cpp.hpp
[0.676s] -- Up-to-date: /home/dammr/Desktop/UC_SmartFarmRadar/magister_ws/install/radar_msg/lib/libradar_msg__rosidl_typesupport_introspection_cpp.so
[0.676s] -- Up-to-date: /home/dammr/Desktop/UC_SmartFarmRadar/magister_ws/install/radar_msg/lib/libradar_msg__rosidl_typesupport_cpp.so
[0.676s] -- Up-to-date: /home/dammr/Desktop/UC_SmartFarmRadar/magister_ws/install/radar_msg/share/radar_msg/environment/pythonpath.sh
[0.676s] -- Up-to-date: /home/dammr/Desktop/UC_SmartFarmRadar/magister_ws/install/radar_msg/share/radar_msg/environment/pythonpath.dsv
[0.676s] -- Up-to-date: /home/dammr/Desktop/UC_SmartFarmRadar/magister_ws/install/radar_msg/local/lib/python3.10/dist-packages/radar_msg-0.0.0-py3.10.egg-info
[0.676s] -- Installing: /home/dammr/Desktop/UC_SmartFarmRadar/magister_ws/install/radar_msg/local/lib/python3.10/dist-packages/radar_msg-0.0.0-py3.10.egg-info/PKG-INFO
[0.676s] -- Installing: /home/dammr/Desktop/UC_SmartFarmRadar/magister_ws/install/radar_msg/local/lib/python3.10/dist-packages/radar_msg-0.0.0-py3.10.egg-info/dependency_links.txt
[0.676s] -- Installing: /home/dammr/Desktop/UC_SmartFarmRadar/magister_ws/install/radar_msg/local/lib/python3.10/dist-packages/radar_msg-0.0.0-py3.10.egg-info/SOURCES.txt
[0.676s] -- Installing: /home/dammr/Desktop/UC_SmartFarmRadar/magister_ws/install/radar_msg/local/lib/python3.10/dist-packages/radar_msg-0.0.0-py3.10.egg-info/top_level.txt
[0.676s] -- Up-to-date: /home/dammr/Desktop/UC_SmartFarmRadar/magister_ws/install/radar_msg/local/lib/python3.10/dist-packages/radar_msg
[0.676s] -- Up-to-date: /home/dammr/Desktop/UC_SmartFarmRadar/magister_ws/install/radar_msg/local/lib/python3.10/dist-packages/radar_msg/msg
[0.676s] -- Up-to-date: /home/dammr/Desktop/UC_SmartFarmRadar/magister_ws/install/radar_msg/local/lib/python3.10/dist-packages/radar_msg/msg/_radar_data.py
[0.676s] -- Up-to-date: /home/dammr/Desktop/UC_SmartFarmRadar/magister_ws/install/radar_msg/local/lib/python3.10/dist-packages/radar_msg/msg/__init__.py
[0.676s] -- Up-to-date: /home/dammr/Desktop/UC_SmartFarmRadar/magister_ws/install/radar_msg/local/lib/python3.10/dist-packages/radar_msg/msg/_radar_data_s.c
[0.676s] -- Up-to-date: /home/dammr/Desktop/UC_SmartFarmRadar/magister_ws/install/radar_msg/local/lib/python3.10/dist-packages/radar_msg/_radar_msg_s.ep.rosidl_typesupport_fastrtps_c.c
[0.677s] -- Up-to-date: /home/dammr/Desktop/UC_SmartFarmRadar/magister_ws/install/radar_msg/local/lib/python3.10/dist-packages/radar_msg/_radar_msg_s.ep.rosidl_typesupport_c.c
[0.677s] -- Up-to-date: /home/dammr/Desktop/UC_SmartFarmRadar/magister_ws/install/radar_msg/local/lib/python3.10/dist-packages/radar_msg/radar_msg_s__rosidl_typesupport_introspection_c.cpython-310-x86_64-linux-gnu.so
[0.677s] -- Up-to-date: /home/dammr/Desktop/UC_SmartFarmRadar/magister_ws/install/radar_msg/local/lib/python3.10/dist-packages/radar_msg/radar_msg_s__rosidl_typesupport_fastrtps_c.cpython-310-x86_64-linux-gnu.so
[0.677s] -- Up-to-date: /home/dammr/Desktop/UC_SmartFarmRadar/magister_ws/install/radar_msg/local/lib/python3.10/dist-packages/radar_msg/__init__.py
[0.677s] -- Up-to-date: /home/dammr/Desktop/UC_SmartFarmRadar/magister_ws/install/radar_msg/local/lib/python3.10/dist-packages/radar_msg/radar_msg_s__rosidl_typesupport_c.cpython-310-x86_64-linux-gnu.so
[0.677s] -- Up-to-date: /home/dammr/Desktop/UC_SmartFarmRadar/magister_ws/install/radar_msg/local/lib/python3.10/dist-packages/radar_msg/_radar_msg_s.ep.rosidl_typesupport_introspection_c.c
[0.677s] -- Up-to-date: /home/dammr/Desktop/UC_SmartFarmRadar/magister_ws/install/radar_msg/local/lib/python3.10/dist-packages/radar_msg/libradar_msg__rosidl_generator_py.so
[0.785s] Listing '/home/dammr/Desktop/UC_SmartFarmRadar/magister_ws/install/radar_msg/local/lib/python3.10/dist-packages/radar_msg'...
[0.785s] Listing '/home/dammr/Desktop/UC_SmartFarmRadar/magister_ws/install/radar_msg/local/lib/python3.10/dist-packages/radar_msg/msg'...
[0.789s] -- Up-to-date: /home/dammr/Desktop/UC_SmartFarmRadar/magister_ws/install/radar_msg/local/lib/python3.10/dist-packages/radar_msg/radar_msg_s__rosidl_typesupport_introspection_c.cpython-310-x86_64-linux-gnu.so
[0.789s] -- Up-to-date: /home/dammr/Desktop/UC_SmartFarmRadar/magister_ws/install/radar_msg/local/lib/python3.10/dist-packages/radar_msg/radar_msg_s__rosidl_typesupport_fastrtps_c.cpython-310-x86_64-linux-gnu.so
[0.789s] -- Up-to-date: /home/dammr/Desktop/UC_SmartFarmRadar/magister_ws/install/radar_msg/local/lib/python3.10/dist-packages/radar_msg/radar_msg_s__rosidl_typesupport_c.cpython-310-x86_64-linux-gnu.so
[0.789s] -- Up-to-date: /home/dammr/Desktop/UC_SmartFarmRadar/magister_ws/install/radar_msg/lib/libradar_msg__rosidl_generator_py.so
[0.789s] -- Up-to-date: /home/dammr/Desktop/UC_SmartFarmRadar/magister_ws/install/radar_msg/share/radar_msg/msg/RadarData.idl
[0.790s] -- Up-to-date: /home/dammr/Desktop/UC_SmartFarmRadar/magister_ws/install/radar_msg/share/radar_msg/msg/RadarData.msg
[0.790s] -- Up-to-date: /home/dammr/Desktop/UC_SmartFarmRadar/magister_ws/install/radar_msg/lib/radar_msg/publish_radar_data.py
[0.790s] -- Up-to-date: /home/dammr/Desktop/UC_SmartFarmRadar/magister_ws/install/radar_msg/lib/radar_msg/subscribe_radar_data.py
[0.790s] -- Up-to-date: /home/dammr/Desktop/UC_SmartFarmRadar/magister_ws/install/radar_msg/share/ament_index/resource_index/package_run_dependencies/radar_msg
[0.790s] -- Up-to-date: /home/dammr/Desktop/UC_SmartFarmRadar/magister_ws/install/radar_msg/share/ament_index/resource_index/parent_prefix_path/radar_msg
[0.790s] -- Up-to-date: /home/dammr/Desktop/UC_SmartFarmRadar/magister_ws/install/radar_msg/share/radar_msg/environment/ament_prefix_path.dsv
[0.790s] -- Up-to-date: /home/dammr/Desktop/UC_SmartFarmRadar/magister_ws/install/radar_msg/share/radar_msg/environment/path.dsv
[0.790s] -- Up-to-date: /home/dammr/Desktop/UC_SmartFarmRadar/magister_ws/install/radar_msg/share/radar_msg/local_setup.bash
[0.790s] -- Up-to-date: /home/dammr/Desktop/UC_SmartFarmRadar/magister_ws/install/radar_msg/share/radar_msg/local_setup.sh
[0.790s] -- Up-to-date: /home/dammr/Desktop/UC_SmartFarmRadar/magister_ws/install/radar_msg/share/radar_msg/local_setup.zsh
[0.790s] -- Up-to-date: /home/dammr/Desktop/UC_SmartFarmRadar/magister_ws/install/radar_msg/share/radar_msg/local_setup.dsv
[0.790s] -- Installing: /home/dammr/Desktop/UC_SmartFarmRadar/magister_ws/install/radar_msg/share/radar_msg/package.dsv
[0.790s] -- Up-to-date: /home/dammr/Desktop/UC_SmartFarmRadar/magister_ws/install/radar_msg/share/ament_index/resource_index/packages/radar_msg
[0.790s] -- Up-to-date: /home/dammr/Desktop/UC_SmartFarmRadar/magister_ws/install/radar_msg/share/radar_msg/cmake/export_radar_msg__rosidl_generator_cExport.cmake
[0.790s] -- Up-to-date: /home/dammr/Desktop/UC_SmartFarmRadar/magister_ws/install/radar_msg/share/radar_msg/cmake/export_radar_msg__rosidl_generator_cExport-noconfig.cmake
[0.790s] -- Up-to-date: /home/dammr/Desktop/UC_SmartFarmRadar/magister_ws/install/radar_msg/share/radar_msg/cmake/export_radar_msg__rosidl_typesupport_fastrtps_cExport.cmake
[0.790s] -- Up-to-date: /home/dammr/Desktop/UC_SmartFarmRadar/magister_ws/install/radar_msg/share/radar_msg/cmake/export_radar_msg__rosidl_typesupport_fastrtps_cExport-noconfig.cmake
[0.791s] -- Up-to-date: /home/dammr/Desktop/UC_SmartFarmRadar/magister_ws/install/radar_msg/share/radar_msg/cmake/export_radar_msg__rosidl_generator_cppExport.cmake
[0.791s] -- Up-to-date: /home/dammr/Desktop/UC_SmartFarmRadar/magister_ws/install/radar_msg/share/radar_msg/cmake/export_radar_msg__rosidl_typesupport_fastrtps_cppExport.cmake
[0.791s] -- Up-to-date: /home/dammr/Desktop/UC_SmartFarmRadar/magister_ws/install/radar_msg/share/radar_msg/cmake/export_radar_msg__rosidl_typesupport_fastrtps_cppExport-noconfig.cmake
[0.791s] -- Up-to-date: /home/dammr/Desktop/UC_SmartFarmRadar/magister_ws/install/radar_msg/share/radar_msg/cmake/radar_msg__rosidl_typesupport_introspection_cExport.cmake
[0.791s] -- Up-to-date: /home/dammr/Desktop/UC_SmartFarmRadar/magister_ws/install/radar_msg/share/radar_msg/cmake/radar_msg__rosidl_typesupport_introspection_cExport-noconfig.cmake
[0.791s] -- Up-to-date: /home/dammr/Desktop/UC_SmartFarmRadar/magister_ws/install/radar_msg/share/radar_msg/cmake/radar_msg__rosidl_typesupport_cExport.cmake
[0.791s] -- Up-to-date: /home/dammr/Desktop/UC_SmartFarmRadar/magister_ws/install/radar_msg/share/radar_msg/cmake/radar_msg__rosidl_typesupport_cExport-noconfig.cmake
[0.791s] -- Up-to-date: /home/dammr/Desktop/UC_SmartFarmRadar/magister_ws/install/radar_msg/share/radar_msg/cmake/radar_msg__rosidl_typesupport_introspection_cppExport.cmake
[0.791s] -- Up-to-date: /home/dammr/Desktop/UC_SmartFarmRadar/magister_ws/install/radar_msg/share/radar_msg/cmake/radar_msg__rosidl_typesupport_introspection_cppExport-noconfig.cmake
[0.791s] -- Up-to-date: /home/dammr/Desktop/UC_SmartFarmRadar/magister_ws/install/radar_msg/share/radar_msg/cmake/radar_msg__rosidl_typesupport_cppExport.cmake
[0.791s] -- Up-to-date: /home/dammr/Desktop/UC_SmartFarmRadar/magister_ws/install/radar_msg/share/radar_msg/cmake/radar_msg__rosidl_typesupport_cppExport-noconfig.cmake
[0.791s] -- Up-to-date: /home/dammr/Desktop/UC_SmartFarmRadar/magister_ws/install/radar_msg/share/radar_msg/cmake/export_radar_msg__rosidl_generator_pyExport.cmake
[0.791s] -- Up-to-date: /home/dammr/Desktop/UC_SmartFarmRadar/magister_ws/install/radar_msg/share/radar_msg/cmake/export_radar_msg__rosidl_generator_pyExport-noconfig.cmake
[0.791s] -- Up-to-date: /home/dammr/Desktop/UC_SmartFarmRadar/magister_ws/install/radar_msg/share/radar_msg/cmake/rosidl_cmake-extras.cmake
[0.791s] -- Up-to-date: /home/dammr/Desktop/UC_SmartFarmRadar/magister_ws/install/radar_msg/share/radar_msg/cmake/ament_cmake_export_dependencies-extras.cmake
[0.791s] -- Up-to-date: /home/dammr/Desktop/UC_SmartFarmRadar/magister_ws/install/radar_msg/share/radar_msg/cmake/ament_cmake_export_include_directories-extras.cmake
[0.791s] -- Up-to-date: /home/dammr/Desktop/UC_SmartFarmRadar/magister_ws/install/radar_msg/share/radar_msg/cmake/ament_cmake_export_libraries-extras.cmake
[0.791s] -- Up-to-date: /home/dammr/Desktop/UC_SmartFarmRadar/magister_ws/install/radar_msg/share/radar_msg/cmake/ament_cmake_export_targets-extras.cmake
[0.792s] -- Up-to-date: /home/dammr/Desktop/UC_SmartFarmRadar/magister_ws/install/radar_msg/share/radar_msg/cmake/rosidl_cmake_export_typesupport_targets-extras.cmake
[0.792s] -- Up-to-date: /home/dammr/Desktop/UC_SmartFarmRadar/magister_ws/install/radar_msg/share/radar_msg/cmake/rosidl_cmake_export_typesupport_libraries-extras.cmake
[0.792s] -- Up-to-date: /home/dammr/Desktop/UC_SmartFarmRadar/magister_ws/install/radar_msg/share/radar_msg/cmake/radar_msgConfig.cmake
[0.792s] -- Up-to-date: /home/dammr/Desktop/UC_SmartFarmRadar/magister_ws/install/radar_msg/share/radar_msg/cmake/radar_msgConfig-version.cmake
[0.792s] -- Up-to-date: /home/dammr/Desktop/UC_SmartFarmRadar/magister_ws/install/radar_msg/share/radar_msg/package.xml
[0.794s] Invoked command in '/home/dammr/Desktop/UC_SmartFarmRadar/magister_ws/build/radar_msg' returned '0': CMAKE_PREFIX_PATH=${CMAKE_PREFIX_PATH}:/home/dammr/Desktop/UC_SmartFarmRadar/magister_ws/install/radar_package:/home/dammr/Desktop/UC_SmartFarmRadar/magister_ws/install/ptu_controller:/home/dammr/ros2_humble/install/rqt_bag_plugins:/home/dammr/ros2_humble/install/rqt_bag:/home/dammr/ros2_humble/install/launch_testing_examples:/home/dammr/ros2_humble/install/ros2bag:/home/dammr/ros2_humble/install/tracetools_test:/home/dammr/ros2_humble/install/tracetools_launch:/home/dammr/ros2_humble/install/topic_monitor:/home/dammr/ros2_humble/install/tf2_tools:/home/dammr/ros2_humble/install/examples_tf2_py:/home/dammr/ros2_humble/install/tf2_ros_py:/home/dammr/ros2_humble/install/sros2:/home/dammr/ros2_humble/install/rqt_topic:/home/dammr/ros2_humble/install/rqt_srv:/home/dammr/ros2_humble/install/rqt_shell:/home/dammr/ros2_humble/install/rqt_service_caller:/home/dammr/ros2_humble/install/rqt_reconfigure:/home/dammr/ros2_humble/install/rqt_py_console:/home/dammr/ros2_humble/install/rqt_publisher:/home/dammr/ros2_humble/install/rqt_plot:/home/dammr/ros2_humble/install/rqt_action:/home/dammr/ros2_humble/install/rqt_msg:/home/dammr/ros2_humble/install/rqt_console:/home/dammr/ros2_humble/install/rqt:/home/dammr/ros2_humble/install/rqt_graph:/home/dammr/ros2_humble/install/rqt_gui_py:/home/dammr/ros2_humble/install/rqt_gui:/home/dammr/ros2_humble/install/ros2trace:/home/dammr/ros2_humble/install/ros2topic:/home/dammr/ros2_humble/install/ros2test:/home/dammr/ros2_humble/install/ros2component:/home/dammr/ros2_humble/install/ros2param:/home/dammr/ros2_humble/install/ros2lifecycle:/home/dammr/ros2_humble/install/ros2service:/home/dammr/ros2_humble/install/ros2run:/home/dammr/ros2_humble/install/ros2launch:/home/dammr/ros2_humble/install/ros2pkg:/home/dammr/ros2_humble/install/ros2node:/home/dammr/ros2_humble/install/ros2multicast:/home/dammr/ros2_humble/install/ros2interface:/home/dammr/ros2_humble/install/ros2doctor:/home/dammr/ros2_humble/install/ros2action:/home/dammr/ros2_humble/install/ros2cli:/home/dammr/ros2_humble/install/quality_of_service_demo_py:/home/dammr/ros2_humble/install/lifecycle_py:/home/dammr/ros2_humble/install/launch_testing_ros:/home/dammr/ros2_humble/install/launch_ros:/home/dammr/ros2_humble/install/examples_rclpy_pointcloud_publisher:/home/dammr/ros2_humble/install/examples_rclpy_minimal_subscriber:/home/dammr/ros2_humble/install/examples_rclpy_minimal_service:/home/dammr/ros2_humble/install/examples_rclpy_minimal_publisher:/home/dammr/ros2_humble/install/examples_rclpy_minimal_client:/home/dammr/ros2_humble/install/examples_rclpy_minimal_action_server:/home/dammr/ros2_humble/install/examples_rclpy_minimal_action_client:/home/dammr/ros2_humble/install/examples_rclpy_guard_conditions:/home/dammr/ros2_humble/install/examples_rclpy_executors:/home/dammr/ros2_humble/install/demo_nodes_py:/home/dammr/ros2_humble/install/camera_info_manager_py:/home/dammr/ros2_humble/install/action_tutorials_py:/home/dammr/ros2_humble/install/ament_uncrustify:/home/dammr/ros2_humble/install/tracetools_trace:/home/dammr/ros2_humble/install/tracetools_read:/home/dammr/ros2_humble/install/test_tracetools_launch:/home/dammr/ros2_humble/install/test_launch_ros:/home/dammr/ros2_humble/install/sensor_msgs_py:/home/dammr/ros2_humble/install/rpyutils:/home/dammr/ros2_humble/install/rosidl_runtime_py:/home/dammr/ros2_humble/install/rosidl_cli:/home/dammr/ros2_humble/install/launch_pytest:/home/dammr/ros2_humble/install/launch_testing:/home/dammr/ros2_humble/install/launch_yaml:/home/dammr/ros2_humble/install/launch_xml:/home/dammr/ros2_humble/install/launch:/home/dammr/ros2_humble/install/osrf_pycommon:/home/dammr/ros2_humble/install/domain_coordinator:/home/dammr/ros2_humble/install/ament_xmllint:/home/dammr/ros2_humble/install/ament_pyflakes:/home/dammr/ros2_humble/install/ament_pycodestyle:/home/dammr/ros2_humble/install/ament_pep257:/home/dammr/ros2_humble/install/ament_pclint:/home/dammr/ros2_humble/install/ament_package:/home/dammr/ros2_humble/install/ament_mypy:/home/dammr/ros2_humble/install/ament_lint_cmake:/home/dammr/ros2_humble/install/ament_flake8:/home/dammr/ros2_humble/install/ament_copyright:/home/dammr/ros2_humble/install/ament_lint:/home/dammr/ros2_humble/install/ament_index_python:/home/dammr/ros2_humble/install/ament_cpplint:/home/dammr/ros2_humble/install/ament_cppcheck:/home/dammr/ros2_humble/install/ament_clang_tidy:/home/dammr/ros2_humble/install/ament_clang_format /usr/bin/cmake --install /home/dammr/Desktop/UC_SmartFarmRadar/magister_ws/build/radar_msg
