-- Found ament_cmake: 1.3.11 (/home/dammr/ros2_humble/install/ament_cmake/share/ament_cmake/cmake)
-- Found rclpy: 3.3.16 (/home/dammr/ros2_humble/install/rclpy/share/rclpy/cmake)
-- Found std_msgs: 4.8.0 (/home/dammr/ros2_humble/install/std_msgs/share/std_msgs/cmake)
-- Found rosidl_generator_c: 3.1.6 (/home/dammr/ros2_humble/install/rosidl_generator_c/share/rosidl_generator_c/cmake)
-- Found rosidl_adapter: 3.1.6 (/home/dammr/ros2_humble/install/rosidl_adapter/share/rosidl_adapter/cmake)
-- Found rosidl_generator_cpp: 3.1.6 (/home/dammr/ros2_humble/install/rosidl_generator_cpp/share/rosidl_generator_cpp/cmake)
-- Using all available rosidl_typesupport_c: rosidl_typesupport_introspection_c;rosidl_typesupport_fastrtps_c
-- Using all available rosidl_typesupport_cpp: rosidl_typesupport_introspection_cpp;rosidl_typesupport_fastrtps_cpp
-- Found rosidl_default_generators: 1.2.0 (/home/dammr/ros2_humble/install/rosidl_default_generators/share/rosidl_default_generators/cmake)
-- Found ament_cmake_ros: 0.10.0 (/home/dammr/ros2_humble/install/ament_cmake_ros/share/ament_cmake_ros/cmake)
-- Using all available rosidl_typesupport_c: rosidl_typesupport_introspection_c;rosidl_typesupport_fastrtps_c
-- Using all available rosidl_typesupport_cpp: rosidl_typesupport_introspection_cpp;rosidl_typesupport_fastrtps_cpp
-- Found python_cmake_module: 0.10.0 (/home/dammr/ros2_humble/install/python_cmake_module/share/python_cmake_module/cmake)
-- Using PYTHON_EXECUTABLE: /usr/bin/python3
-- Using PYTHON_INCLUDE_DIRS: /usr/include/python3.10
-- Using PYTHON_LIBRARIES: /usr/lib/x86_64-linux-gnu/libpython3.10.so
-- Found ament_lint_auto: 0.12.12 (/home/dammr/ros2_humble/install/ament_lint_auto/share/ament_lint_auto/cmake)
-- Added test 'flake8' to check Python code syntax and style conventions
-- Added test 'lint_cmake' to check CMake code style
-- Added test 'pep257' to check Python code against some of the docstring style conventions in PEP 257
-- Added test 'xmllint' to check XML markup files
-- Configuring done
-- Generating done
-- Build files have been written to: /home/dammr/Desktop/UC_SmartFarmRadar/magister_ws/build/radar_msg
[35m[1mConsolidate compiler generated dependencies of target radar_msg__rosidl_generator_c[0m
[  3%] Built target radar_msg__cpp
[ 12%] Built target radar_msg__rosidl_generator_c
[ 12%] Built target ament_cmake_python_copy_radar_msg
[35m[1mConsolidate compiler generated dependencies of target radar_msg__rosidl_typesupport_c[0m
[35m[1mConsolidate compiler generated dependencies of target radar_msg__rosidl_typesupport_introspection_c[0m
[35m[1mConsolidate compiler generated dependencies of target radar_msg__rosidl_typesupport_cpp[0m
[35m[1mConsolidate compiler generated dependencies of target radar_msg__rosidl_typesupport_fastrtps_cpp[0m
[35m[1mConsolidate compiler generated dependencies of target radar_msg__rosidl_typesupport_introspection_cpp[0m
[35m[1mConsolidate compiler generated dependencies of target radar_msg__rosidl_typesupport_fastrtps_c[0m
[ 22%] Built target radar_msg__rosidl_typesupport_introspection_c
[ 41%] Built target radar_msg__rosidl_typesupport_cpp
[ 41%] Built target radar_msg__rosidl_typesupport_fastrtps_cpp
[ 51%] Built target radar_msg__rosidl_typesupport_introspection_cpp
[ 61%] Built target radar_msg__rosidl_typesupport_c
[ 70%] Built target radar_msg__rosidl_typesupport_fastrtps_c
[ 70%] Built target radar_msg
[ 74%] Built target radar_msg__py
[35m[1mConsolidate compiler generated dependencies of target radar_msg__rosidl_generator_py[0m
[ 80%] Built target radar_msg__rosidl_generator_py
[35m[1mConsolidate compiler generated dependencies of target radar_msg__rosidl_typesupport_introspection_c__pyext[0m
[35m[1mConsolidate compiler generated dependencies of target radar_msg__rosidl_typesupport_fastrtps_c__pyext[0m
[35m[1mConsolidate compiler generated dependencies of target radar_msg__rosidl_typesupport_c__pyext[0m
[100%] Built target radar_msg__rosidl_typesupport_c__pyext
[100%] Built target radar_msg__rosidl_typesupport_fastrtps_c__pyext
[100%] Built target radar_msg__rosidl_typesupport_introspection_c__pyext
running egg_info
writing radar_msg.egg-info/PKG-INFO
writing dependency_links to radar_msg.egg-info/dependency_links.txt
writing top-level names to radar_msg.egg-info/top_level.txt
reading manifest file 'radar_msg.egg-info/SOURCES.txt'
writing manifest file 'radar_msg.egg-info/SOURCES.txt'
[100%] Built target ament_cmake_python_build_radar_msg_egg
-- Install configuration: ""
-- Up-to-date: /home/dammr/Desktop/UC_SmartFarmRadar/magister_ws/install/radar_msg/share/ament_index/resource_index/rosidl_interfaces/radar_msg
-- Up-to-date: /home/dammr/Desktop/UC_SmartFarmRadar/magister_ws/install/radar_msg/include/radar_msg/radar_msg
-- Up-to-date: /home/dammr/Desktop/UC_SmartFarmRadar/magister_ws/install/radar_msg/include/radar_msg/radar_msg/msg
-- Up-to-date: /home/dammr/Desktop/UC_SmartFarmRadar/magister_ws/install/radar_msg/include/radar_msg/radar_msg/msg/rosidl_generator_c__visibility_control.h
-- Up-to-date: /home/dammr/Desktop/UC_SmartFarmRadar/magister_ws/install/radar_msg/include/radar_msg/radar_msg/msg/radar_data.h
-- Up-to-date: /home/dammr/Desktop/UC_SmartFarmRadar/magister_ws/install/radar_msg/include/radar_msg/radar_msg/msg/detail
-- Up-to-date: /home/dammr/Desktop/UC_SmartFarmRadar/magister_ws/install/radar_msg/include/radar_msg/radar_msg/msg/detail/radar_data__struct.h
-- Up-to-date: /home/dammr/Desktop/UC_SmartFarmRadar/magister_ws/install/radar_msg/include/radar_msg/radar_msg/msg/detail/radar_data__type_support.h
-- Up-to-date: /home/dammr/Desktop/UC_SmartFarmRadar/magister_ws/install/radar_msg/include/radar_msg/radar_msg/msg/detail/radar_data__functions.h
-- Up-to-date: /home/dammr/Desktop/UC_SmartFarmRadar/magister_ws/install/radar_msg/include/radar_msg/radar_msg/msg/detail/radar_data__functions.c
-- Up-to-date: /home/dammr/Desktop/UC_SmartFarmRadar/magister_ws/install/radar_msg/share/radar_msg/environment/library_path.sh
-- Installing: /home/dammr/Desktop/UC_SmartFarmRadar/magister_ws/install/radar_msg/share/radar_msg/environment/library_path.dsv
-- Up-to-date: /home/dammr/Desktop/UC_SmartFarmRadar/magister_ws/install/radar_msg/lib/libradar_msg__rosidl_generator_c.so
-- Up-to-date: /home/dammr/Desktop/UC_SmartFarmRadar/magister_ws/install/radar_msg/include/radar_msg/radar_msg
-- Up-to-date: /home/dammr/Desktop/UC_SmartFarmRadar/magister_ws/install/radar_msg/include/radar_msg/radar_msg/msg
-- Up-to-date: /home/dammr/Desktop/UC_SmartFarmRadar/magister_ws/install/radar_msg/include/radar_msg/radar_msg/msg/detail
-- Up-to-date: /home/dammr/Desktop/UC_SmartFarmRadar/magister_ws/install/radar_msg/include/radar_msg/radar_msg/msg/detail/radar_data__rosidl_typesupport_fastrtps_c.h
-- Up-to-date: /home/dammr/Desktop/UC_SmartFarmRadar/magister_ws/install/radar_msg/include/radar_msg/radar_msg/msg/rosidl_typesupport_fastrtps_c__visibility_control.h
-- Up-to-date: /home/dammr/Desktop/UC_SmartFarmRadar/magister_ws/install/radar_msg/lib/libradar_msg__rosidl_typesupport_fastrtps_c.so
-- Up-to-date: /home/dammr/Desktop/UC_SmartFarmRadar/magister_ws/install/radar_msg/include/radar_msg/radar_msg
-- Up-to-date: /home/dammr/Desktop/UC_SmartFarmRadar/magister_ws/install/radar_msg/include/radar_msg/radar_msg/msg
-- Up-to-date: /home/dammr/Desktop/UC_SmartFarmRadar/magister_ws/install/radar_msg/include/radar_msg/radar_msg/msg/detail
-- Up-to-date: /home/dammr/Desktop/UC_SmartFarmRadar/magister_ws/install/radar_msg/include/radar_msg/radar_msg/msg/detail/radar_data__type_support.hpp
-- Up-to-date: /home/dammr/Desktop/UC_SmartFarmRadar/magister_ws/install/radar_msg/include/radar_msg/radar_msg/msg/detail/radar_data__struct.hpp
-- Up-to-date: /home/dammr/Desktop/UC_SmartFarmRadar/magister_ws/install/radar_msg/include/radar_msg/radar_msg/msg/detail/radar_data__traits.hpp
-- Up-to-date: /home/dammr/Desktop/UC_SmartFarmRadar/magister_ws/install/radar_msg/include/radar_msg/radar_msg/msg/detail/radar_data__builder.hpp
-- Up-to-date: /home/dammr/Desktop/UC_SmartFarmRadar/magister_ws/install/radar_msg/include/radar_msg/radar_msg/msg/rosidl_generator_cpp__visibility_control.hpp
-- Up-to-date: /home/dammr/Desktop/UC_SmartFarmRadar/magister_ws/install/radar_msg/include/radar_msg/radar_msg/msg/radar_data.hpp
-- Up-to-date: /home/dammr/Desktop/UC_SmartFarmRadar/magister_ws/install/radar_msg/include/radar_msg/radar_msg
-- Up-to-date: /home/dammr/Desktop/UC_SmartFarmRadar/magister_ws/install/radar_msg/include/radar_msg/radar_msg/msg
-- Up-to-date: /home/dammr/Desktop/UC_SmartFarmRadar/magister_ws/install/radar_msg/include/radar_msg/radar_msg/msg/rosidl_typesupport_fastrtps_cpp__visibility_control.h
-- Up-to-date: /home/dammr/Desktop/UC_SmartFarmRadar/magister_ws/install/radar_msg/include/radar_msg/radar_msg/msg/detail
-- Up-to-date: /home/dammr/Desktop/UC_SmartFarmRadar/magister_ws/install/radar_msg/include/radar_msg/radar_msg/msg/detail/radar_data__rosidl_typesupport_fastrtps_cpp.hpp
-- Up-to-date: /home/dammr/Desktop/UC_SmartFarmRadar/magister_ws/install/radar_msg/include/radar_msg/radar_msg/msg/detail/dds_fastrtps
-- Up-to-date: /home/dammr/Desktop/UC_SmartFarmRadar/magister_ws/install/radar_msg/lib/libradar_msg__rosidl_typesupport_fastrtps_cpp.so
-- Up-to-date: /home/dammr/Desktop/UC_SmartFarmRadar/magister_ws/install/radar_msg/include/radar_msg/radar_msg
-- Up-to-date: /home/dammr/Desktop/UC_SmartFarmRadar/magister_ws/install/radar_msg/include/radar_msg/radar_msg/msg
-- Up-to-date: /home/dammr/Desktop/UC_SmartFarmRadar/magister_ws/install/radar_msg/include/radar_msg/radar_msg/msg/rosidl_typesupport_introspection_c__visibility_control.h
-- Up-to-date: /home/dammr/Desktop/UC_SmartFarmRadar/magister_ws/install/radar_msg/include/radar_msg/radar_msg/msg/detail
-- Up-to-date: /home/dammr/Desktop/UC_SmartFarmRadar/magister_ws/install/radar_msg/include/radar_msg/radar_msg/msg/detail/radar_data__type_support.c
-- Up-to-date: /home/dammr/Desktop/UC_SmartFarmRadar/magister_ws/install/radar_msg/include/radar_msg/radar_msg/msg/detail/radar_data__rosidl_typesupport_introspection_c.h
-- Up-to-date: /home/dammr/Desktop/UC_SmartFarmRadar/magister_ws/install/radar_msg/lib/libradar_msg__rosidl_typesupport_introspection_c.so
-- Up-to-date: /home/dammr/Desktop/UC_SmartFarmRadar/magister_ws/install/radar_msg/lib/libradar_msg__rosidl_typesupport_c.so
-- Up-to-date: /home/dammr/Desktop/UC_SmartFarmRadar/magister_ws/install/radar_msg/include/radar_msg/radar_msg
-- Up-to-date: /home/dammr/Desktop/UC_SmartFarmRadar/magister_ws/install/radar_msg/include/radar_msg/radar_msg/msg
-- Up-to-date: /home/dammr/Desktop/UC_SmartFarmRadar/magister_ws/install/radar_msg/include/radar_msg/radar_msg/msg/detail
-- Up-to-date: /home/dammr/Desktop/UC_SmartFarmRadar/magister_ws/install/radar_msg/include/radar_msg/radar_msg/msg/detail/radar_data__type_support.cpp
-- Up-to-date: /home/dammr/Desktop/UC_SmartFarmRadar/magister_ws/install/radar_msg/include/radar_msg/radar_msg/msg/detail/radar_data__rosidl_typesupport_introspection_cpp.hpp
-- Up-to-date: /home/dammr/Desktop/UC_SmartFarmRadar/magister_ws/install/radar_msg/lib/libradar_msg__rosidl_typesupport_introspection_cpp.so
-- Up-to-date: /home/dammr/Desktop/UC_SmartFarmRadar/magister_ws/install/radar_msg/lib/libradar_msg__rosidl_typesupport_cpp.so
-- Up-to-date: /home/dammr/Desktop/UC_SmartFarmRadar/magister_ws/install/radar_msg/share/radar_msg/environment/pythonpath.sh
-- Installing: /home/dammr/Desktop/UC_SmartFarmRadar/magister_ws/install/radar_msg/share/radar_msg/environment/pythonpath.dsv
-- Up-to-date: /home/dammr/Desktop/UC_SmartFarmRadar/magister_ws/install/radar_msg/local/lib/python3.10/dist-packages/radar_msg-0.0.0-py3.10.egg-info
-- Installing: /home/dammr/Desktop/UC_SmartFarmRadar/magister_ws/install/radar_msg/local/lib/python3.10/dist-packages/radar_msg-0.0.0-py3.10.egg-info/PKG-INFO
-- Installing: /home/dammr/Desktop/UC_SmartFarmRadar/magister_ws/install/radar_msg/local/lib/python3.10/dist-packages/radar_msg-0.0.0-py3.10.egg-info/dependency_links.txt
-- Installing: /home/dammr/Desktop/UC_SmartFarmRadar/magister_ws/install/radar_msg/local/lib/python3.10/dist-packages/radar_msg-0.0.0-py3.10.egg-info/SOURCES.txt
-- Installing: /home/dammr/Desktop/UC_SmartFarmRadar/magister_ws/install/radar_msg/local/lib/python3.10/dist-packages/radar_msg-0.0.0-py3.10.egg-info/top_level.txt
-- Up-to-date: /home/dammr/Desktop/UC_SmartFarmRadar/magister_ws/install/radar_msg/local/lib/python3.10/dist-packages/radar_msg
-- Up-to-date: /home/dammr/Desktop/UC_SmartFarmRadar/magister_ws/install/radar_msg/local/lib/python3.10/dist-packages/radar_msg/msg
-- Up-to-date: /home/dammr/Desktop/UC_SmartFarmRadar/magister_ws/install/radar_msg/local/lib/python3.10/dist-packages/radar_msg/msg/_radar_data.py
-- Up-to-date: /home/dammr/Desktop/UC_SmartFarmRadar/magister_ws/install/radar_msg/local/lib/python3.10/dist-packages/radar_msg/msg/__init__.py
-- Up-to-date: /home/dammr/Desktop/UC_SmartFarmRadar/magister_ws/install/radar_msg/local/lib/python3.10/dist-packages/radar_msg/msg/_radar_data_s.c
-- Up-to-date: /home/dammr/Desktop/UC_SmartFarmRadar/magister_ws/install/radar_msg/local/lib/python3.10/dist-packages/radar_msg/_radar_msg_s.ep.rosidl_typesupport_fastrtps_c.c
-- Up-to-date: /home/dammr/Desktop/UC_SmartFarmRadar/magister_ws/install/radar_msg/local/lib/python3.10/dist-packages/radar_msg/_radar_msg_s.ep.rosidl_typesupport_c.c
-- Up-to-date: /home/dammr/Desktop/UC_SmartFarmRadar/magister_ws/install/radar_msg/local/lib/python3.10/dist-packages/radar_msg/radar_msg_s__rosidl_typesupport_introspection_c.cpython-310-x86_64-linux-gnu.so
-- Up-to-date: /home/dammr/Desktop/UC_SmartFarmRadar/magister_ws/install/radar_msg/local/lib/python3.10/dist-packages/radar_msg/radar_msg_s__rosidl_typesupport_fastrtps_c.cpython-310-x86_64-linux-gnu.so
-- Installing: /home/dammr/Desktop/UC_SmartFarmRadar/magister_ws/install/radar_msg/local/lib/python3.10/dist-packages/radar_msg/__init__.py
-- Up-to-date: /home/dammr/Desktop/UC_SmartFarmRadar/magister_ws/install/radar_msg/local/lib/python3.10/dist-packages/radar_msg/radar_msg_s__rosidl_typesupport_c.cpython-310-x86_64-linux-gnu.so
-- Up-to-date: /home/dammr/Desktop/UC_SmartFarmRadar/magister_ws/install/radar_msg/local/lib/python3.10/dist-packages/radar_msg/_radar_msg_s.ep.rosidl_typesupport_introspection_c.c
-- Up-to-date: /home/dammr/Desktop/UC_SmartFarmRadar/magister_ws/install/radar_msg/local/lib/python3.10/dist-packages/radar_msg/libradar_msg__rosidl_generator_py.so
Listing '/home/dammr/Desktop/UC_SmartFarmRadar/magister_ws/install/radar_msg/local/lib/python3.10/dist-packages/radar_msg'...
Compiling '/home/dammr/Desktop/UC_SmartFarmRadar/magister_ws/install/radar_msg/local/lib/python3.10/dist-packages/radar_msg/__init__.py'...
Listing '/home/dammr/Desktop/UC_SmartFarmRadar/magister_ws/install/radar_msg/local/lib/python3.10/dist-packages/radar_msg/msg'...
-- Up-to-date: /home/dammr/Desktop/UC_SmartFarmRadar/magister_ws/install/radar_msg/local/lib/python3.10/dist-packages/radar_msg/radar_msg_s__rosidl_typesupport_introspection_c.cpython-310-x86_64-linux-gnu.so
-- Up-to-date: /home/dammr/Desktop/UC_SmartFarmRadar/magister_ws/install/radar_msg/local/lib/python3.10/dist-packages/radar_msg/radar_msg_s__rosidl_typesupport_fastrtps_c.cpython-310-x86_64-linux-gnu.so
-- Up-to-date: /home/dammr/Desktop/UC_SmartFarmRadar/magister_ws/install/radar_msg/local/lib/python3.10/dist-packages/radar_msg/radar_msg_s__rosidl_typesupport_c.cpython-310-x86_64-linux-gnu.so
-- Up-to-date: /home/dammr/Desktop/UC_SmartFarmRadar/magister_ws/install/radar_msg/lib/libradar_msg__rosidl_generator_py.so
-- Up-to-date: /home/dammr/Desktop/UC_SmartFarmRadar/magister_ws/install/radar_msg/share/radar_msg/msg/RadarData.idl
-- Installing: /home/dammr/Desktop/UC_SmartFarmRadar/magister_ws/install/radar_msg/share/radar_msg/msg/RadarData.msg
-- Up-to-date: /home/dammr/Desktop/UC_SmartFarmRadar/magister_ws/install/radar_msg/lib/radar_msg/publish_radar_data.py
-- Up-to-date: /home/dammr/Desktop/UC_SmartFarmRadar/magister_ws/install/radar_msg/lib/radar_msg/subscribe_radar_data.py
-- Up-to-date: /home/dammr/Desktop/UC_SmartFarmRadar/magister_ws/install/radar_msg/share/ament_index/resource_index/package_run_dependencies/radar_msg
-- Up-to-date: /home/dammr/Desktop/UC_SmartFarmRadar/magister_ws/install/radar_msg/share/ament_index/resource_index/parent_prefix_path/radar_msg
-- Installing: /home/dammr/Desktop/UC_SmartFarmRadar/magister_ws/install/radar_msg/share/radar_msg/environment/ament_prefix_path.dsv
-- Installing: /home/dammr/Desktop/UC_SmartFarmRadar/magister_ws/install/radar_msg/share/radar_msg/environment/path.dsv
-- Up-to-date: /home/dammr/Desktop/UC_SmartFarmRadar/magister_ws/install/radar_msg/share/radar_msg/local_setup.bash
-- Up-to-date: /home/dammr/Desktop/UC_SmartFarmRadar/magister_ws/install/radar_msg/share/radar_msg/local_setup.sh
-- Up-to-date: /home/dammr/Desktop/UC_SmartFarmRadar/magister_ws/install/radar_msg/share/radar_msg/local_setup.zsh
-- Installing: /home/dammr/Desktop/UC_SmartFarmRadar/magister_ws/install/radar_msg/share/radar_msg/local_setup.dsv
-- Installing: /home/dammr/Desktop/UC_SmartFarmRadar/magister_ws/install/radar_msg/share/radar_msg/package.dsv
-- Up-to-date: /home/dammr/Desktop/UC_SmartFarmRadar/magister_ws/install/radar_msg/share/ament_index/resource_index/packages/radar_msg
-- Up-to-date: /home/dammr/Desktop/UC_SmartFarmRadar/magister_ws/install/radar_msg/share/radar_msg/cmake/export_radar_msg__rosidl_generator_cExport.cmake
-- Up-to-date: /home/dammr/Desktop/UC_SmartFarmRadar/magister_ws/install/radar_msg/share/radar_msg/cmake/export_radar_msg__rosidl_generator_cExport-noconfig.cmake
-- Up-to-date: /home/dammr/Desktop/UC_SmartFarmRadar/magister_ws/install/radar_msg/share/radar_msg/cmake/export_radar_msg__rosidl_typesupport_fastrtps_cExport.cmake
-- Up-to-date: /home/dammr/Desktop/UC_SmartFarmRadar/magister_ws/install/radar_msg/share/radar_msg/cmake/export_radar_msg__rosidl_typesupport_fastrtps_cExport-noconfig.cmake
-- Up-to-date: /home/dammr/Desktop/UC_SmartFarmRadar/magister_ws/install/radar_msg/share/radar_msg/cmake/export_radar_msg__rosidl_generator_cppExport.cmake
-- Up-to-date: /home/dammr/Desktop/UC_SmartFarmRadar/magister_ws/install/radar_msg/share/radar_msg/cmake/export_radar_msg__rosidl_typesupport_fastrtps_cppExport.cmake
-- Up-to-date: /home/dammr/Desktop/UC_SmartFarmRadar/magister_ws/install/radar_msg/share/radar_msg/cmake/export_radar_msg__rosidl_typesupport_fastrtps_cppExport-noconfig.cmake
-- Up-to-date: /home/dammr/Desktop/UC_SmartFarmRadar/magister_ws/install/radar_msg/share/radar_msg/cmake/radar_msg__rosidl_typesupport_introspection_cExport.cmake
-- Up-to-date: /home/dammr/Desktop/UC_SmartFarmRadar/magister_ws/install/radar_msg/share/radar_msg/cmake/radar_msg__rosidl_typesupport_introspection_cExport-noconfig.cmake
-- Up-to-date: /home/dammr/Desktop/UC_SmartFarmRadar/magister_ws/install/radar_msg/share/radar_msg/cmake/radar_msg__rosidl_typesupport_cExport.cmake
-- Up-to-date: /home/dammr/Desktop/UC_SmartFarmRadar/magister_ws/install/radar_msg/share/radar_msg/cmake/radar_msg__rosidl_typesupport_cExport-noconfig.cmake
-- Up-to-date: /home/dammr/Desktop/UC_SmartFarmRadar/magister_ws/install/radar_msg/share/radar_msg/cmake/radar_msg__rosidl_typesupport_introspection_cppExport.cmake
-- Up-to-date: /home/dammr/Desktop/UC_SmartFarmRadar/magister_ws/install/radar_msg/share/radar_msg/cmake/radar_msg__rosidl_typesupport_introspection_cppExport-noconfig.cmake
-- Up-to-date: /home/dammr/Desktop/UC_SmartFarmRadar/magister_ws/install/radar_msg/share/radar_msg/cmake/radar_msg__rosidl_typesupport_cppExport.cmake
-- Up-to-date: /home/dammr/Desktop/UC_SmartFarmRadar/magister_ws/install/radar_msg/share/radar_msg/cmake/radar_msg__rosidl_typesupport_cppExport-noconfig.cmake
-- Up-to-date: /home/dammr/Desktop/UC_SmartFarmRadar/magister_ws/install/radar_msg/share/radar_msg/cmake/export_radar_msg__rosidl_generator_pyExport.cmake
-- Up-to-date: /home/dammr/Desktop/UC_SmartFarmRadar/magister_ws/install/radar_msg/share/radar_msg/cmake/export_radar_msg__rosidl_generator_pyExport-noconfig.cmake
-- Up-to-date: /home/dammr/Desktop/UC_SmartFarmRadar/magister_ws/install/radar_msg/share/radar_msg/cmake/rosidl_cmake-extras.cmake
-- Up-to-date: /home/dammr/Desktop/UC_SmartFarmRadar/magister_ws/install/radar_msg/share/radar_msg/cmake/ament_cmake_export_dependencies-extras.cmake
-- Up-to-date: /home/dammr/Desktop/UC_SmartFarmRadar/magister_ws/install/radar_msg/share/radar_msg/cmake/ament_cmake_export_include_directories-extras.cmake
-- Up-to-date: /home/dammr/Desktop/UC_SmartFarmRadar/magister_ws/install/radar_msg/share/radar_msg/cmake/ament_cmake_export_libraries-extras.cmake
-- Up-to-date: /home/dammr/Desktop/UC_SmartFarmRadar/magister_ws/install/radar_msg/share/radar_msg/cmake/ament_cmake_export_targets-extras.cmake
-- Up-to-date: /home/dammr/Desktop/UC_SmartFarmRadar/magister_ws/install/radar_msg/share/radar_msg/cmake/rosidl_cmake_export_typesupport_targets-extras.cmake
-- Up-to-date: /home/dammr/Desktop/UC_SmartFarmRadar/magister_ws/install/radar_msg/share/radar_msg/cmake/rosidl_cmake_export_typesupport_libraries-extras.cmake
-- Up-to-date: /home/dammr/Desktop/UC_SmartFarmRadar/magister_ws/install/radar_msg/share/radar_msg/cmake/radar_msgConfig.cmake
-- Up-to-date: /home/dammr/Desktop/UC_SmartFarmRadar/magister_ws/install/radar_msg/share/radar_msg/cmake/radar_msgConfig-version.cmake
-- Up-to-date: /home/dammr/Desktop/UC_SmartFarmRadar/magister_ws/install/radar_msg/share/radar_msg/package.xml
