[0.042s] Invoking command in '/home/dammr/Desktop/UC_SmartFarmRadar/magister_ws/build/radar_msg': CMAKE_PREFIX_PATH=${CMAKE_PREFIX_PATH}:/home/dammr/Desktop/UC_SmartFarmRadar/magister_ws/install/radar_package:/home/dammr/Desktop/UC_SmartFarmRadar/magister_ws/install/ptu_controller:/home/dammr/ros2_humble/install/rqt_bag_plugins:/home/dammr/ros2_humble/install/rqt_bag:/home/dammr/ros2_humble/install/launch_testing_examples:/home/dammr/ros2_humble/install/ros2bag:/home/dammr/ros2_humble/install/tracetools_test:/home/dammr/ros2_humble/install/tracetools_launch:/home/dammr/ros2_humble/install/topic_monitor:/home/dammr/ros2_humble/install/tf2_tools:/home/dammr/ros2_humble/install/examples_tf2_py:/home/dammr/ros2_humble/install/tf2_ros_py:/home/dammr/ros2_humble/install/sros2:/home/dammr/ros2_humble/install/rqt_topic:/home/dammr/ros2_humble/install/rqt_srv:/home/dammr/ros2_humble/install/rqt_shell:/home/dammr/ros2_humble/install/rqt_service_caller:/home/dammr/ros2_humble/install/rqt_reconfigure:/home/dammr/ros2_humble/install/rqt_py_console:/home/dammr/ros2_humble/install/rqt_publisher:/home/dammr/ros2_humble/install/rqt_plot:/home/dammr/ros2_humble/install/rqt_action:/home/dammr/ros2_humble/install/rqt_msg:/home/dammr/ros2_humble/install/rqt_console:/home/dammr/ros2_humble/install/rqt:/home/dammr/ros2_humble/install/rqt_graph:/home/dammr/ros2_humble/install/rqt_gui_py:/home/dammr/ros2_humble/install/rqt_gui:/home/dammr/ros2_humble/install/ros2trace:/home/dammr/ros2_humble/install/ros2topic:/home/dammr/ros2_humble/install/ros2test:/home/dammr/ros2_humble/install/ros2component:/home/dammr/ros2_humble/install/ros2param:/home/dammr/ros2_humble/install/ros2lifecycle:/home/dammr/ros2_humble/install/ros2service:/home/dammr/ros2_humble/install/ros2run:/home/dammr/ros2_humble/install/ros2launch:/home/dammr/ros2_humble/install/ros2pkg:/home/dammr/ros2_humble/install/ros2node:/home/dammr/ros2_humble/install/ros2multicast:/home/dammr/ros2_humble/install/ros2interface:/home/dammr/ros2_humble/install/ros2doctor:/home/dammr/ros2_humble/install/ros2action:/home/dammr/ros2_humble/install/ros2cli:/home/dammr/ros2_humble/install/quality_of_service_demo_py:/home/dammr/ros2_humble/install/lifecycle_py:/home/dammr/ros2_humble/install/launch_testing_ros:/home/dammr/ros2_humble/install/launch_ros:/home/dammr/ros2_humble/install/examples_rclpy_pointcloud_publisher:/home/dammr/ros2_humble/install/examples_rclpy_minimal_subscriber:/home/dammr/ros2_humble/install/examples_rclpy_minimal_service:/home/dammr/ros2_humble/install/examples_rclpy_minimal_publisher:/home/dammr/ros2_humble/install/examples_rclpy_minimal_client:/home/dammr/ros2_humble/install/examples_rclpy_minimal_action_server:/home/dammr/ros2_humble/install/examples_rclpy_minimal_action_client:/home/dammr/ros2_humble/install/examples_rclpy_guard_conditions:/home/dammr/ros2_humble/install/examples_rclpy_executors:/home/dammr/ros2_humble/install/demo_nodes_py:/home/dammr/ros2_humble/install/camera_info_manager_py:/home/dammr/ros2_humble/install/action_tutorials_py:/home/dammr/ros2_humble/install/ament_uncrustify:/home/dammr/ros2_humble/install/tracetools_trace:/home/dammr/ros2_humble/install/tracetools_read:/home/dammr/ros2_humble/install/test_tracetools_launch:/home/dammr/ros2_humble/install/test_launch_ros:/home/dammr/ros2_humble/install/sensor_msgs_py:/home/dammr/ros2_humble/install/rpyutils:/home/dammr/ros2_humble/install/rosidl_runtime_py:/home/dammr/ros2_humble/install/rosidl_cli:/home/dammr/ros2_humble/install/launch_pytest:/home/dammr/ros2_humble/install/launch_testing:/home/dammr/ros2_humble/install/launch_yaml:/home/dammr/ros2_humble/install/launch_xml:/home/dammr/ros2_humble/install/launch:/home/dammr/ros2_humble/install/osrf_pycommon:/home/dammr/ros2_humble/install/domain_coordinator:/home/dammr/ros2_humble/install/ament_xmllint:/home/dammr/ros2_humble/install/ament_pyflakes:/home/dammr/ros2_humble/install/ament_pycodestyle:/home/dammr/ros2_humble/install/ament_pep257:/home/dammr/ros2_humble/install/ament_pclint:/home/dammr/ros2_humble/install/ament_package:/home/dammr/ros2_humble/install/ament_mypy:/home/dammr/ros2_humble/install/ament_lint_cmake:/home/dammr/ros2_humble/install/ament_flake8:/home/dammr/ros2_humble/install/ament_copyright:/home/dammr/ros2_humble/install/ament_lint:/home/dammr/ros2_humble/install/ament_index_python:/home/dammr/ros2_humble/install/ament_cpplint:/home/dammr/ros2_humble/install/ament_cppcheck:/home/dammr/ros2_humble/install/ament_clang_tidy:/home/dammr/ros2_humble/install/ament_clang_format /usr/bin/cmake --build /home/dammr/Desktop/UC_SmartFarmRadar/magister_ws/build/radar_msg -- -j12 -l12
[0.094s] -- Found ament_cmake: 1.3.11 (/home/dammr/ros2_humble/install/ament_cmake/share/ament_cmake/cmake)
[0.402s] -- Found rclpy: 3.3.16 (/home/dammr/ros2_humble/install/rclpy/share/rclpy/cmake)
[0.402s] -- Found std_msgs: 4.8.0 (/home/dammr/ros2_humble/install/std_msgs/share/std_msgs/cmake)
[0.427s] -- Found rosidl_generator_c: 3.1.6 (/home/dammr/ros2_humble/install/rosidl_generator_c/share/rosidl_generator_c/cmake)
[0.429s] -- Found rosidl_adapter: 3.1.6 (/home/dammr/ros2_humble/install/rosidl_adapter/share/rosidl_adapter/cmake)
[0.433s] -- Found rosidl_generator_cpp: 3.1.6 (/home/dammr/ros2_humble/install/rosidl_generator_cpp/share/rosidl_generator_cpp/cmake)
[0.457s] -- Using all available rosidl_typesupport_c: rosidl_typesupport_introspection_c;rosidl_typesupport_fastrtps_c
[0.484s] -- Using all available rosidl_typesupport_cpp: rosidl_typesupport_introspection_cpp;rosidl_typesupport_fastrtps_cpp
[0.518s] -- Found rosidl_default_generators: 1.2.0 (/home/dammr/ros2_humble/install/rosidl_default_generators/share/rosidl_default_generators/cmake)
[1.154s] -- Found ament_cmake_ros: 0.10.0 (/home/dammr/ros2_humble/install/ament_cmake_ros/share/ament_cmake_ros/cmake)
[1.928s] -- Using all available rosidl_typesupport_c: rosidl_typesupport_introspection_c;rosidl_typesupport_fastrtps_c
[2.250s] -- Using all available rosidl_typesupport_cpp: rosidl_typesupport_introspection_cpp;rosidl_typesupport_fastrtps_cpp
[2.308s] -- Found python_cmake_module: 0.10.0 (/home/dammr/ros2_humble/install/python_cmake_module/share/python_cmake_module/cmake)
[2.366s] -- Using PYTHON_EXECUTABLE: /usr/bin/python3
[2.367s] -- Using PYTHON_INCLUDE_DIRS: /usr/include/python3.10
[2.367s] -- Using PYTHON_LIBRARIES: /usr/lib/x86_64-linux-gnu/libpython3.10.so
[2.640s] -- Found ament_lint_auto: 0.12.12 (/home/dammr/ros2_humble/install/ament_lint_auto/share/ament_lint_auto/cmake)
[2.752s] -- Added test 'flake8' to check Python code syntax and style conventions
[2.752s] -- Added test 'lint_cmake' to check CMake code style
[2.753s] -- Added test 'pep257' to check Python code against some of the docstring style conventions in PEP 257
[2.754s] -- Added test 'xmllint' to check XML markup files
[2.755s] -- Configuring done
[2.784s] -- Generating done
[2.793s] -- Build files have been written to: /home/dammr/Desktop/UC_SmartFarmRadar/magister_ws/build/radar_msg
[2.846s] [35m[1mConsolidate compiler generated dependencies of target radar_msg__rosidl_generator_c[0m
[2.869s] [  3%] Built target radar_msg__cpp
[2.869s] [ 12%] Built target radar_msg__rosidl_generator_c
[2.890s] [ 12%] Built target ament_cmake_python_copy_radar_msg
[2.893s] [35m[1mConsolidate compiler generated dependencies of target radar_msg__rosidl_typesupport_c[0m
[2.893s] [35m[1mConsolidate compiler generated dependencies of target radar_msg__rosidl_typesupport_introspection_c[0m
[2.893s] [35m[1mConsolidate compiler generated dependencies of target radar_msg__rosidl_typesupport_cpp[0m
[2.893s] [35m[1mConsolidate compiler generated dependencies of target radar_msg__rosidl_typesupport_fastrtps_cpp[0m
[2.893s] [35m[1mConsolidate compiler generated dependencies of target radar_msg__rosidl_typesupport_introspection_cpp[0m
[2.916s] [35m[1mConsolidate compiler generated dependencies of target radar_msg__rosidl_typesupport_fastrtps_c[0m
[2.917s] [ 22%] Built target radar_msg__rosidl_typesupport_introspection_c
[2.920s] [ 41%] Built target radar_msg__rosidl_typesupport_cpp
[2.920s] [ 41%] Built target radar_msg__rosidl_typesupport_fastrtps_cpp
[2.923s] [ 51%] Built target radar_msg__rosidl_typesupport_introspection_cpp
[2.924s] [ 61%] Built target radar_msg__rosidl_typesupport_c
[2.945s] [ 70%] Built target radar_msg__rosidl_typesupport_fastrtps_c
[2.999s] [ 70%] Built target radar_msg
[3.053s] [ 74%] Built target radar_msg__py
[3.079s] [35m[1mConsolidate compiler generated dependencies of target radar_msg__rosidl_generator_py[0m
[3.109s] [ 80%] Built target radar_msg__rosidl_generator_py
[3.136s] [35m[1mConsolidate compiler generated dependencies of target radar_msg__rosidl_typesupport_introspection_c__pyext[0m
[3.136s] [35m[1mConsolidate compiler generated dependencies of target radar_msg__rosidl_typesupport_fastrtps_c__pyext[0m
[3.136s] [35m[1mConsolidate compiler generated dependencies of target radar_msg__rosidl_typesupport_c__pyext[0m
[3.163s] [100%] Built target radar_msg__rosidl_typesupport_c__pyext
[3.163s] [100%] Built target radar_msg__rosidl_typesupport_fastrtps_c__pyext
[3.164s] [100%] Built target radar_msg__rosidl_typesupport_introspection_c__pyext
[3.268s] running egg_info
[3.268s] writing radar_msg.egg-info/PKG-INFO
[3.268s] writing dependency_links to radar_msg.egg-info/dependency_links.txt
[3.269s] writing top-level names to radar_msg.egg-info/top_level.txt
[3.270s] reading manifest file 'radar_msg.egg-info/SOURCES.txt'
[3.271s] writing manifest file 'radar_msg.egg-info/SOURCES.txt'
[3.306s] [100%] Built target ament_cmake_python_build_radar_msg_egg
[3.328s] Invoked command in '/home/dammr/Desktop/UC_SmartFarmRadar/magister_ws/build/radar_msg' returned '0': CMAKE_PREFIX_PATH=${CMAKE_PREFIX_PATH}:/home/dammr/Desktop/UC_SmartFarmRadar/magister_ws/install/radar_package:/home/dammr/Desktop/UC_SmartFarmRadar/magister_ws/install/ptu_controller:/home/dammr/ros2_humble/install/rqt_bag_plugins:/home/dammr/ros2_humble/install/rqt_bag:/home/dammr/ros2_humble/install/launch_testing_examples:/home/dammr/ros2_humble/install/ros2bag:/home/dammr/ros2_humble/install/tracetools_test:/home/dammr/ros2_humble/install/tracetools_launch:/home/dammr/ros2_humble/install/topic_monitor:/home/dammr/ros2_humble/install/tf2_tools:/home/dammr/ros2_humble/install/examples_tf2_py:/home/dammr/ros2_humble/install/tf2_ros_py:/home/dammr/ros2_humble/install/sros2:/home/dammr/ros2_humble/install/rqt_topic:/home/dammr/ros2_humble/install/rqt_srv:/home/dammr/ros2_humble/install/rqt_shell:/home/dammr/ros2_humble/install/rqt_service_caller:/home/dammr/ros2_humble/install/rqt_reconfigure:/home/dammr/ros2_humble/install/rqt_py_console:/home/dammr/ros2_humble/install/rqt_publisher:/home/dammr/ros2_humble/install/rqt_plot:/home/dammr/ros2_humble/install/rqt_action:/home/dammr/ros2_humble/install/rqt_msg:/home/dammr/ros2_humble/install/rqt_console:/home/dammr/ros2_humble/install/rqt:/home/dammr/ros2_humble/install/rqt_graph:/home/dammr/ros2_humble/install/rqt_gui_py:/home/dammr/ros2_humble/install/rqt_gui:/home/dammr/ros2_humble/install/ros2trace:/home/dammr/ros2_humble/install/ros2topic:/home/dammr/ros2_humble/install/ros2test:/home/dammr/ros2_humble/install/ros2component:/home/dammr/ros2_humble/install/ros2param:/home/dammr/ros2_humble/install/ros2lifecycle:/home/dammr/ros2_humble/install/ros2service:/home/dammr/ros2_humble/install/ros2run:/home/dammr/ros2_humble/install/ros2launch:/home/dammr/ros2_humble/install/ros2pkg:/home/dammr/ros2_humble/install/ros2node:/home/dammr/ros2_humble/install/ros2multicast:/home/dammr/ros2_humble/install/ros2interface:/home/dammr/ros2_humble/install/ros2doctor:/home/dammr/ros2_humble/install/ros2action:/home/dammr/ros2_humble/install/ros2cli:/home/dammr/ros2_humble/install/quality_of_service_demo_py:/home/dammr/ros2_humble/install/lifecycle_py:/home/dammr/ros2_humble/install/launch_testing_ros:/home/dammr/ros2_humble/install/launch_ros:/home/dammr/ros2_humble/install/examples_rclpy_pointcloud_publisher:/home/dammr/ros2_humble/install/examples_rclpy_minimal_subscriber:/home/dammr/ros2_humble/install/examples_rclpy_minimal_service:/home/dammr/ros2_humble/install/examples_rclpy_minimal_publisher:/home/dammr/ros2_humble/install/examples_rclpy_minimal_client:/home/dammr/ros2_humble/install/examples_rclpy_minimal_action_server:/home/dammr/ros2_humble/install/examples_rclpy_minimal_action_client:/home/dammr/ros2_humble/install/examples_rclpy_guard_conditions:/home/dammr/ros2_humble/install/examples_rclpy_executors:/home/dammr/ros2_humble/install/demo_nodes_py:/home/dammr/ros2_humble/install/camera_info_manager_py:/home/dammr/ros2_humble/install/action_tutorials_py:/home/dammr/ros2_humble/install/ament_uncrustify:/home/dammr/ros2_humble/install/tracetools_trace:/home/dammr/ros2_humble/install/tracetools_read:/home/dammr/ros2_humble/install/test_tracetools_launch:/home/dammr/ros2_humble/install/test_launch_ros:/home/dammr/ros2_humble/install/sensor_msgs_py:/home/dammr/ros2_humble/install/rpyutils:/home/dammr/ros2_humble/install/rosidl_runtime_py:/home/dammr/ros2_humble/install/rosidl_cli:/home/dammr/ros2_humble/install/launch_pytest:/home/dammr/ros2_humble/install/launch_testing:/home/dammr/ros2_humble/install/launch_yaml:/home/dammr/ros2_humble/install/launch_xml:/home/dammr/ros2_humble/install/launch:/home/dammr/ros2_humble/install/osrf_pycommon:/home/dammr/ros2_humble/install/domain_coordinator:/home/dammr/ros2_humble/install/ament_xmllint:/home/dammr/ros2_humble/install/ament_pyflakes:/home/dammr/ros2_humble/install/ament_pycodestyle:/home/dammr/ros2_humble/install/ament_pep257:/home/dammr/ros2_humble/install/ament_pclint:/home/dammr/ros2_humble/install/ament_package:/home/dammr/ros2_humble/install/ament_mypy:/home/dammr/ros2_humble/install/ament_lint_cmake:/home/dammr/ros2_humble/install/ament_flake8:/home/dammr/ros2_humble/install/ament_copyright:/home/dammr/ros2_humble/install/ament_lint:/home/dammr/ros2_humble/install/ament_index_python:/home/dammr/ros2_humble/install/ament_cpplint:/home/dammr/ros2_humble/install/ament_cppcheck:/home/dammr/ros2_humble/install/ament_clang_tidy:/home/dammr/ros2_humble/install/ament_clang_format /usr/bin/cmake --build /home/dammr/Desktop/UC_SmartFarmRadar/magister_ws/build/radar_msg -- -j12 -l12
[3.350s] Invoking command in '/home/dammr/Desktop/UC_SmartFarmRadar/magister_ws/build/radar_msg': CMAKE_PREFIX_PATH=${CMAKE_PREFIX_PATH}:/home/dammr/Desktop/UC_SmartFarmRadar/magister_ws/install/radar_package:/home/dammr/Desktop/UC_SmartFarmRadar/magister_ws/install/ptu_controller:/home/dammr/ros2_humble/install/rqt_bag_plugins:/home/dammr/ros2_humble/install/rqt_bag:/home/dammr/ros2_humble/install/launch_testing_examples:/home/dammr/ros2_humble/install/ros2bag:/home/dammr/ros2_humble/install/tracetools_test:/home/dammr/ros2_humble/install/tracetools_launch:/home/dammr/ros2_humble/install/topic_monitor:/home/dammr/ros2_humble/install/tf2_tools:/home/dammr/ros2_humble/install/examples_tf2_py:/home/dammr/ros2_humble/install/tf2_ros_py:/home/dammr/ros2_humble/install/sros2:/home/dammr/ros2_humble/install/rqt_topic:/home/dammr/ros2_humble/install/rqt_srv:/home/dammr/ros2_humble/install/rqt_shell:/home/dammr/ros2_humble/install/rqt_service_caller:/home/dammr/ros2_humble/install/rqt_reconfigure:/home/dammr/ros2_humble/install/rqt_py_console:/home/dammr/ros2_humble/install/rqt_publisher:/home/dammr/ros2_humble/install/rqt_plot:/home/dammr/ros2_humble/install/rqt_action:/home/dammr/ros2_humble/install/rqt_msg:/home/dammr/ros2_humble/install/rqt_console:/home/dammr/ros2_humble/install/rqt:/home/dammr/ros2_humble/install/rqt_graph:/home/dammr/ros2_humble/install/rqt_gui_py:/home/dammr/ros2_humble/install/rqt_gui:/home/dammr/ros2_humble/install/ros2trace:/home/dammr/ros2_humble/install/ros2topic:/home/dammr/ros2_humble/install/ros2test:/home/dammr/ros2_humble/install/ros2component:/home/dammr/ros2_humble/install/ros2param:/home/dammr/ros2_humble/install/ros2lifecycle:/home/dammr/ros2_humble/install/ros2service:/home/dammr/ros2_humble/install/ros2run:/home/dammr/ros2_humble/install/ros2launch:/home/dammr/ros2_humble/install/ros2pkg:/home/dammr/ros2_humble/install/ros2node:/home/dammr/ros2_humble/install/ros2multicast:/home/dammr/ros2_humble/install/ros2interface:/home/dammr/ros2_humble/install/ros2doctor:/home/dammr/ros2_humble/install/ros2action:/home/dammr/ros2_humble/install/ros2cli:/home/dammr/ros2_humble/install/quality_of_service_demo_py:/home/dammr/ros2_humble/install/lifecycle_py:/home/dammr/ros2_humble/install/launch_testing_ros:/home/dammr/ros2_humble/install/launch_ros:/home/dammr/ros2_humble/install/examples_rclpy_pointcloud_publisher:/home/dammr/ros2_humble/install/examples_rclpy_minimal_subscriber:/home/dammr/ros2_humble/install/examples_rclpy_minimal_service:/home/dammr/ros2_humble/install/examples_rclpy_minimal_publisher:/home/dammr/ros2_humble/install/examples_rclpy_minimal_client:/home/dammr/ros2_humble/install/examples_rclpy_minimal_action_server:/home/dammr/ros2_humble/install/examples_rclpy_minimal_action_client:/home/dammr/ros2_humble/install/examples_rclpy_guard_conditions:/home/dammr/ros2_humble/install/examples_rclpy_executors:/home/dammr/ros2_humble/install/demo_nodes_py:/home/dammr/ros2_humble/install/camera_info_manager_py:/home/dammr/ros2_humble/install/action_tutorials_py:/home/dammr/ros2_humble/install/ament_uncrustify:/home/dammr/ros2_humble/install/tracetools_trace:/home/dammr/ros2_humble/install/tracetools_read:/home/dammr/ros2_humble/install/test_tracetools_launch:/home/dammr/ros2_humble/install/test_launch_ros:/home/dammr/ros2_humble/install/sensor_msgs_py:/home/dammr/ros2_humble/install/rpyutils:/home/dammr/ros2_humble/install/rosidl_runtime_py:/home/dammr/ros2_humble/install/rosidl_cli:/home/dammr/ros2_humble/install/launch_pytest:/home/dammr/ros2_humble/install/launch_testing:/home/dammr/ros2_humble/install/launch_yaml:/home/dammr/ros2_humble/install/launch_xml:/home/dammr/ros2_humble/install/launch:/home/dammr/ros2_humble/install/osrf_pycommon:/home/dammr/ros2_humble/install/domain_coordinator:/home/dammr/ros2_humble/install/ament_xmllint:/home/dammr/ros2_humble/install/ament_pyflakes:/home/dammr/ros2_humble/install/ament_pycodestyle:/home/dammr/ros2_humble/install/ament_pep257:/home/dammr/ros2_humble/install/ament_pclint:/home/dammr/ros2_humble/install/ament_package:/home/dammr/ros2_humble/install/ament_mypy:/home/dammr/ros2_humble/install/ament_lint_cmake:/home/dammr/ros2_humble/install/ament_flake8:/home/dammr/ros2_humble/install/ament_copyright:/home/dammr/ros2_humble/install/ament_lint:/home/dammr/ros2_humble/install/ament_index_python:/home/dammr/ros2_humble/install/ament_cpplint:/home/dammr/ros2_humble/install/ament_cppcheck:/home/dammr/ros2_humble/install/ament_clang_tidy:/home/dammr/ros2_humble/install/ament_clang_format /usr/bin/cmake --install /home/dammr/Desktop/UC_SmartFarmRadar/magister_ws/build/radar_msg
[3.367s] -- Install configuration: ""
[3.367s] -- Up-to-date: /home/dammr/Desktop/UC_SmartFarmRadar/magister_ws/install/radar_msg/share/ament_index/resource_index/rosidl_interfaces/radar_msg
[3.367s] -- Up-to-date: /home/dammr/Desktop/UC_SmartFarmRadar/magister_ws/install/radar_msg/include/radar_msg/radar_msg
[3.367s] -- Up-to-date: /home/dammr/Desktop/UC_SmartFarmRadar/magister_ws/install/radar_msg/include/radar_msg/radar_msg/msg
[3.367s] -- Up-to-date: /home/dammr/Desktop/UC_SmartFarmRadar/magister_ws/install/radar_msg/include/radar_msg/radar_msg/msg/rosidl_generator_c__visibility_control.h
[3.368s] -- Up-to-date: /home/dammr/Desktop/UC_SmartFarmRadar/magister_ws/install/radar_msg/include/radar_msg/radar_msg/msg/radar_data.h
[3.368s] -- Up-to-date: /home/dammr/Desktop/UC_SmartFarmRadar/magister_ws/install/radar_msg/include/radar_msg/radar_msg/msg/detail
[3.368s] -- Up-to-date: /home/dammr/Desktop/UC_SmartFarmRadar/magister_ws/install/radar_msg/include/radar_msg/radar_msg/msg/detail/radar_data__struct.h
[3.368s] -- Up-to-date: /home/dammr/Desktop/UC_SmartFarmRadar/magister_ws/install/radar_msg/include/radar_msg/radar_msg/msg/detail/radar_data__type_support.h
[3.368s] -- Up-to-date: /home/dammr/Desktop/UC_SmartFarmRadar/magister_ws/install/radar_msg/include/radar_msg/radar_msg/msg/detail/radar_data__functions.h
[3.368s] -- Up-to-date: /home/dammr/Desktop/UC_SmartFarmRadar/magister_ws/install/radar_msg/include/radar_msg/radar_msg/msg/detail/radar_data__functions.c
[3.368s] -- Up-to-date: /home/dammr/Desktop/UC_SmartFarmRadar/magister_ws/install/radar_msg/share/radar_msg/environment/library_path.sh
[3.368s] -- Installing: /home/dammr/Desktop/UC_SmartFarmRadar/magister_ws/install/radar_msg/share/radar_msg/environment/library_path.dsv
[3.368s] -- Up-to-date: /home/dammr/Desktop/UC_SmartFarmRadar/magister_ws/install/radar_msg/lib/libradar_msg__rosidl_generator_c.so
[3.368s] -- Up-to-date: /home/dammr/Desktop/UC_SmartFarmRadar/magister_ws/install/radar_msg/include/radar_msg/radar_msg
[3.368s] -- Up-to-date: /home/dammr/Desktop/UC_SmartFarmRadar/magister_ws/install/radar_msg/include/radar_msg/radar_msg/msg
[3.368s] -- Up-to-date: /home/dammr/Desktop/UC_SmartFarmRadar/magister_ws/install/radar_msg/include/radar_msg/radar_msg/msg/detail
[3.368s] -- Up-to-date: /home/dammr/Desktop/UC_SmartFarmRadar/magister_ws/install/radar_msg/include/radar_msg/radar_msg/msg/detail/radar_data__rosidl_typesupport_fastrtps_c.h
[3.368s] -- Up-to-date: /home/dammr/Desktop/UC_SmartFarmRadar/magister_ws/install/radar_msg/include/radar_msg/radar_msg/msg/rosidl_typesupport_fastrtps_c__visibility_control.h
[3.368s] -- Up-to-date: /home/dammr/Desktop/UC_SmartFarmRadar/magister_ws/install/radar_msg/lib/libradar_msg__rosidl_typesupport_fastrtps_c.so
[3.368s] -- Up-to-date: /home/dammr/Desktop/UC_SmartFarmRadar/magister_ws/install/radar_msg/include/radar_msg/radar_msg
[3.369s] -- Up-to-date: /home/dammr/Desktop/UC_SmartFarmRadar/magister_ws/install/radar_msg/include/radar_msg/radar_msg/msg
[3.369s] -- Up-to-date: /home/dammr/Desktop/UC_SmartFarmRadar/magister_ws/install/radar_msg/include/radar_msg/radar_msg/msg/detail
[3.369s] -- Up-to-date: /home/dammr/Desktop/UC_SmartFarmRadar/magister_ws/install/radar_msg/include/radar_msg/radar_msg/msg/detail/radar_data__type_support.hpp
[3.369s] -- Up-to-date: /home/dammr/Desktop/UC_SmartFarmRadar/magister_ws/install/radar_msg/include/radar_msg/radar_msg/msg/detail/radar_data__struct.hpp
[3.369s] -- Up-to-date: /home/dammr/Desktop/UC_SmartFarmRadar/magister_ws/install/radar_msg/include/radar_msg/radar_msg/msg/detail/radar_data__traits.hpp
[3.369s] -- Up-to-date: /home/dammr/Desktop/UC_SmartFarmRadar/magister_ws/install/radar_msg/include/radar_msg/radar_msg/msg/detail/radar_data__builder.hpp
[3.369s] -- Up-to-date: /home/dammr/Desktop/UC_SmartFarmRadar/magister_ws/install/radar_msg/include/radar_msg/radar_msg/msg/rosidl_generator_cpp__visibility_control.hpp
[3.369s] -- Up-to-date: /home/dammr/Desktop/UC_SmartFarmRadar/magister_ws/install/radar_msg/include/radar_msg/radar_msg/msg/radar_data.hpp
[3.369s] -- Up-to-date: /home/dammr/Desktop/UC_SmartFarmRadar/magister_ws/install/radar_msg/include/radar_msg/radar_msg
[3.369s] -- Up-to-date: /home/dammr/Desktop/UC_SmartFarmRadar/magister_ws/install/radar_msg/include/radar_msg/radar_msg/msg
[3.369s] -- Up-to-date: /home/dammr/Desktop/UC_SmartFarmRadar/magister_ws/install/radar_msg/include/radar_msg/radar_msg/msg/rosidl_typesupport_fastrtps_cpp__visibility_control.h
[3.369s] -- Up-to-date: /home/dammr/Desktop/UC_SmartFarmRadar/magister_ws/install/radar_msg/include/radar_msg/radar_msg/msg/detail
[3.369s] -- Up-to-date: /home/dammr/Desktop/UC_SmartFarmRadar/magister_ws/install/radar_msg/include/radar_msg/radar_msg/msg/detail/radar_data__rosidl_typesupport_fastrtps_cpp.hpp
[3.369s] -- Up-to-date: /home/dammr/Desktop/UC_SmartFarmRadar/magister_ws/install/radar_msg/include/radar_msg/radar_msg/msg/detail/dds_fastrtps
[3.369s] -- Up-to-date: /home/dammr/Desktop/UC_SmartFarmRadar/magister_ws/install/radar_msg/lib/libradar_msg__rosidl_typesupport_fastrtps_cpp.so
[3.369s] -- Up-to-date: /home/dammr/Desktop/UC_SmartFarmRadar/magister_ws/install/radar_msg/include/radar_msg/radar_msg
[3.370s] -- Up-to-date: /home/dammr/Desktop/UC_SmartFarmRadar/magister_ws/install/radar_msg/include/radar_msg/radar_msg/msg
[3.370s] -- Up-to-date: /home/dammr/Desktop/UC_SmartFarmRadar/magister_ws/install/radar_msg/include/radar_msg/radar_msg/msg/rosidl_typesupport_introspection_c__visibility_control.h
[3.370s] -- Up-to-date: /home/dammr/Desktop/UC_SmartFarmRadar/magister_ws/install/radar_msg/include/radar_msg/radar_msg/msg/detail
[3.370s] -- Up-to-date: /home/dammr/Desktop/UC_SmartFarmRadar/magister_ws/install/radar_msg/include/radar_msg/radar_msg/msg/detail/radar_data__type_support.c
[3.370s] -- Up-to-date: /home/dammr/Desktop/UC_SmartFarmRadar/magister_ws/install/radar_msg/include/radar_msg/radar_msg/msg/detail/radar_data__rosidl_typesupport_introspection_c.h
[3.370s] -- Up-to-date: /home/dammr/Desktop/UC_SmartFarmRadar/magister_ws/install/radar_msg/lib/libradar_msg__rosidl_typesupport_introspection_c.so
[3.370s] -- Up-to-date: /home/dammr/Desktop/UC_SmartFarmRadar/magister_ws/install/radar_msg/lib/libradar_msg__rosidl_typesupport_c.so
[3.370s] -- Up-to-date: /home/dammr/Desktop/UC_SmartFarmRadar/magister_ws/install/radar_msg/include/radar_msg/radar_msg
[3.370s] -- Up-to-date: /home/dammr/Desktop/UC_SmartFarmRadar/magister_ws/install/radar_msg/include/radar_msg/radar_msg/msg
[3.370s] -- Up-to-date: /home/dammr/Desktop/UC_SmartFarmRadar/magister_ws/install/radar_msg/include/radar_msg/radar_msg/msg/detail
[3.370s] -- Up-to-date: /home/dammr/Desktop/UC_SmartFarmRadar/magister_ws/install/radar_msg/include/radar_msg/radar_msg/msg/detail/radar_data__type_support.cpp
[3.370s] -- Up-to-date: /home/dammr/Desktop/UC_SmartFarmRadar/magister_ws/install/radar_msg/include/radar_msg/radar_msg/msg/detail/radar_data__rosidl_typesupport_introspection_cpp.hpp
[3.370s] -- Up-to-date: /home/dammr/Desktop/UC_SmartFarmRadar/magister_ws/install/radar_msg/lib/libradar_msg__rosidl_typesupport_introspection_cpp.so
[3.371s] -- Up-to-date: /home/dammr/Desktop/UC_SmartFarmRadar/magister_ws/install/radar_msg/lib/libradar_msg__rosidl_typesupport_cpp.so
[3.371s] -- Up-to-date: /home/dammr/Desktop/UC_SmartFarmRadar/magister_ws/install/radar_msg/share/radar_msg/environment/pythonpath.sh
[3.371s] -- Installing: /home/dammr/Desktop/UC_SmartFarmRadar/magister_ws/install/radar_msg/share/radar_msg/environment/pythonpath.dsv
[3.371s] -- Up-to-date: /home/dammr/Desktop/UC_SmartFarmRadar/magister_ws/install/radar_msg/local/lib/python3.10/dist-packages/radar_msg-0.0.0-py3.10.egg-info
[3.371s] -- Installing: /home/dammr/Desktop/UC_SmartFarmRadar/magister_ws/install/radar_msg/local/lib/python3.10/dist-packages/radar_msg-0.0.0-py3.10.egg-info/PKG-INFO
[3.371s] -- Installing: /home/dammr/Desktop/UC_SmartFarmRadar/magister_ws/install/radar_msg/local/lib/python3.10/dist-packages/radar_msg-0.0.0-py3.10.egg-info/dependency_links.txt
[3.371s] -- Installing: /home/dammr/Desktop/UC_SmartFarmRadar/magister_ws/install/radar_msg/local/lib/python3.10/dist-packages/radar_msg-0.0.0-py3.10.egg-info/SOURCES.txt
[3.372s] -- Installing: /home/dammr/Desktop/UC_SmartFarmRadar/magister_ws/install/radar_msg/local/lib/python3.10/dist-packages/radar_msg-0.0.0-py3.10.egg-info/top_level.txt
[3.372s] -- Up-to-date: /home/dammr/Desktop/UC_SmartFarmRadar/magister_ws/install/radar_msg/local/lib/python3.10/dist-packages/radar_msg
[3.372s] -- Up-to-date: /home/dammr/Desktop/UC_SmartFarmRadar/magister_ws/install/radar_msg/local/lib/python3.10/dist-packages/radar_msg/msg
[3.372s] -- Up-to-date: /home/dammr/Desktop/UC_SmartFarmRadar/magister_ws/install/radar_msg/local/lib/python3.10/dist-packages/radar_msg/msg/_radar_data.py
[3.372s] -- Up-to-date: /home/dammr/Desktop/UC_SmartFarmRadar/magister_ws/install/radar_msg/local/lib/python3.10/dist-packages/radar_msg/msg/__init__.py
[3.372s] -- Up-to-date: /home/dammr/Desktop/UC_SmartFarmRadar/magister_ws/install/radar_msg/local/lib/python3.10/dist-packages/radar_msg/msg/_radar_data_s.c
[3.372s] -- Up-to-date: /home/dammr/Desktop/UC_SmartFarmRadar/magister_ws/install/radar_msg/local/lib/python3.10/dist-packages/radar_msg/_radar_msg_s.ep.rosidl_typesupport_fastrtps_c.c
[3.372s] -- Up-to-date: /home/dammr/Desktop/UC_SmartFarmRadar/magister_ws/install/radar_msg/local/lib/python3.10/dist-packages/radar_msg/_radar_msg_s.ep.rosidl_typesupport_c.c
[3.372s] -- Up-to-date: /home/dammr/Desktop/UC_SmartFarmRadar/magister_ws/install/radar_msg/local/lib/python3.10/dist-packages/radar_msg/radar_msg_s__rosidl_typesupport_introspection_c.cpython-310-x86_64-linux-gnu.so
[3.372s] -- Up-to-date: /home/dammr/Desktop/UC_SmartFarmRadar/magister_ws/install/radar_msg/local/lib/python3.10/dist-packages/radar_msg/radar_msg_s__rosidl_typesupport_fastrtps_c.cpython-310-x86_64-linux-gnu.so
[3.372s] -- Installing: /home/dammr/Desktop/UC_SmartFarmRadar/magister_ws/install/radar_msg/local/lib/python3.10/dist-packages/radar_msg/__init__.py
[3.372s] -- Up-to-date: /home/dammr/Desktop/UC_SmartFarmRadar/magister_ws/install/radar_msg/local/lib/python3.10/dist-packages/radar_msg/radar_msg_s__rosidl_typesupport_c.cpython-310-x86_64-linux-gnu.so
[3.372s] -- Up-to-date: /home/dammr/Desktop/UC_SmartFarmRadar/magister_ws/install/radar_msg/local/lib/python3.10/dist-packages/radar_msg/_radar_msg_s.ep.rosidl_typesupport_introspection_c.c
[3.373s] -- Up-to-date: /home/dammr/Desktop/UC_SmartFarmRadar/magister_ws/install/radar_msg/local/lib/python3.10/dist-packages/radar_msg/libradar_msg__rosidl_generator_py.so
[3.483s] Listing '/home/dammr/Desktop/UC_SmartFarmRadar/magister_ws/install/radar_msg/local/lib/python3.10/dist-packages/radar_msg'...
[3.483s] Compiling '/home/dammr/Desktop/UC_SmartFarmRadar/magister_ws/install/radar_msg/local/lib/python3.10/dist-packages/radar_msg/__init__.py'...
[3.483s] Listing '/home/dammr/Desktop/UC_SmartFarmRadar/magister_ws/install/radar_msg/local/lib/python3.10/dist-packages/radar_msg/msg'...
[3.487s] -- Up-to-date: /home/dammr/Desktop/UC_SmartFarmRadar/magister_ws/install/radar_msg/local/lib/python3.10/dist-packages/radar_msg/radar_msg_s__rosidl_typesupport_introspection_c.cpython-310-x86_64-linux-gnu.so
[3.487s] -- Up-to-date: /home/dammr/Desktop/UC_SmartFarmRadar/magister_ws/install/radar_msg/local/lib/python3.10/dist-packages/radar_msg/radar_msg_s__rosidl_typesupport_fastrtps_c.cpython-310-x86_64-linux-gnu.so
[3.487s] -- Up-to-date: /home/dammr/Desktop/UC_SmartFarmRadar/magister_ws/install/radar_msg/local/lib/python3.10/dist-packages/radar_msg/radar_msg_s__rosidl_typesupport_c.cpython-310-x86_64-linux-gnu.so
[3.488s] -- Up-to-date: /home/dammr/Desktop/UC_SmartFarmRadar/magister_ws/install/radar_msg/lib/libradar_msg__rosidl_generator_py.so
[3.488s] -- Up-to-date: /home/dammr/Desktop/UC_SmartFarmRadar/magister_ws/install/radar_msg/share/radar_msg/msg/RadarData.idl
[3.488s] -- Installing: /home/dammr/Desktop/UC_SmartFarmRadar/magister_ws/install/radar_msg/share/radar_msg/msg/RadarData.msg
[3.488s] -- Up-to-date: /home/dammr/Desktop/UC_SmartFarmRadar/magister_ws/install/radar_msg/lib/radar_msg/publish_radar_data.py
[3.488s] -- Up-to-date: /home/dammr/Desktop/UC_SmartFarmRadar/magister_ws/install/radar_msg/lib/radar_msg/subscribe_radar_data.py
[3.488s] -- Up-to-date: /home/dammr/Desktop/UC_SmartFarmRadar/magister_ws/install/radar_msg/share/ament_index/resource_index/package_run_dependencies/radar_msg
[3.488s] -- Up-to-date: /home/dammr/Desktop/UC_SmartFarmRadar/magister_ws/install/radar_msg/share/ament_index/resource_index/parent_prefix_path/radar_msg
[3.488s] -- Installing: /home/dammr/Desktop/UC_SmartFarmRadar/magister_ws/install/radar_msg/share/radar_msg/environment/ament_prefix_path.dsv
[3.488s] -- Installing: /home/dammr/Desktop/UC_SmartFarmRadar/magister_ws/install/radar_msg/share/radar_msg/environment/path.dsv
[3.489s] -- Up-to-date: /home/dammr/Desktop/UC_SmartFarmRadar/magister_ws/install/radar_msg/share/radar_msg/local_setup.bash
[3.489s] -- Up-to-date: /home/dammr/Desktop/UC_SmartFarmRadar/magister_ws/install/radar_msg/share/radar_msg/local_setup.sh
[3.489s] -- Up-to-date: /home/dammr/Desktop/UC_SmartFarmRadar/magister_ws/install/radar_msg/share/radar_msg/local_setup.zsh
[3.489s] -- Installing: /home/dammr/Desktop/UC_SmartFarmRadar/magister_ws/install/radar_msg/share/radar_msg/local_setup.dsv
[3.489s] -- Installing: /home/dammr/Desktop/UC_SmartFarmRadar/magister_ws/install/radar_msg/share/radar_msg/package.dsv
[3.489s] -- Up-to-date: /home/dammr/Desktop/UC_SmartFarmRadar/magister_ws/install/radar_msg/share/ament_index/resource_index/packages/radar_msg
[3.489s] -- Up-to-date: /home/dammr/Desktop/UC_SmartFarmRadar/magister_ws/install/radar_msg/share/radar_msg/cmake/export_radar_msg__rosidl_generator_cExport.cmake
[3.489s] -- Up-to-date: /home/dammr/Desktop/UC_SmartFarmRadar/magister_ws/install/radar_msg/share/radar_msg/cmake/export_radar_msg__rosidl_generator_cExport-noconfig.cmake
[3.489s] -- Up-to-date: /home/dammr/Desktop/UC_SmartFarmRadar/magister_ws/install/radar_msg/share/radar_msg/cmake/export_radar_msg__rosidl_typesupport_fastrtps_cExport.cmake
[3.489s] -- Up-to-date: /home/dammr/Desktop/UC_SmartFarmRadar/magister_ws/install/radar_msg/share/radar_msg/cmake/export_radar_msg__rosidl_typesupport_fastrtps_cExport-noconfig.cmake
[3.489s] -- Up-to-date: /home/dammr/Desktop/UC_SmartFarmRadar/magister_ws/install/radar_msg/share/radar_msg/cmake/export_radar_msg__rosidl_generator_cppExport.cmake
[3.489s] -- Up-to-date: /home/dammr/Desktop/UC_SmartFarmRadar/magister_ws/install/radar_msg/share/radar_msg/cmake/export_radar_msg__rosidl_typesupport_fastrtps_cppExport.cmake
[3.489s] -- Up-to-date: /home/dammr/Desktop/UC_SmartFarmRadar/magister_ws/install/radar_msg/share/radar_msg/cmake/export_radar_msg__rosidl_typesupport_fastrtps_cppExport-noconfig.cmake
[3.490s] -- Up-to-date: /home/dammr/Desktop/UC_SmartFarmRadar/magister_ws/install/radar_msg/share/radar_msg/cmake/radar_msg__rosidl_typesupport_introspection_cExport.cmake
[3.490s] -- Up-to-date: /home/dammr/Desktop/UC_SmartFarmRadar/magister_ws/install/radar_msg/share/radar_msg/cmake/radar_msg__rosidl_typesupport_introspection_cExport-noconfig.cmake
[3.490s] -- Up-to-date: /home/dammr/Desktop/UC_SmartFarmRadar/magister_ws/install/radar_msg/share/radar_msg/cmake/radar_msg__rosidl_typesupport_cExport.cmake
[3.490s] -- Up-to-date: /home/dammr/Desktop/UC_SmartFarmRadar/magister_ws/install/radar_msg/share/radar_msg/cmake/radar_msg__rosidl_typesupport_cExport-noconfig.cmake
[3.490s] -- Up-to-date: /home/dammr/Desktop/UC_SmartFarmRadar/magister_ws/install/radar_msg/share/radar_msg/cmake/radar_msg__rosidl_typesupport_introspection_cppExport.cmake
[3.490s] -- Up-to-date: /home/dammr/Desktop/UC_SmartFarmRadar/magister_ws/install/radar_msg/share/radar_msg/cmake/radar_msg__rosidl_typesupport_introspection_cppExport-noconfig.cmake
[3.490s] -- Up-to-date: /home/dammr/Desktop/UC_SmartFarmRadar/magister_ws/install/radar_msg/share/radar_msg/cmake/radar_msg__rosidl_typesupport_cppExport.cmake
[3.490s] -- Up-to-date: /home/dammr/Desktop/UC_SmartFarmRadar/magister_ws/install/radar_msg/share/radar_msg/cmake/radar_msg__rosidl_typesupport_cppExport-noconfig.cmake
[3.490s] -- Up-to-date: /home/dammr/Desktop/UC_SmartFarmRadar/magister_ws/install/radar_msg/share/radar_msg/cmake/export_radar_msg__rosidl_generator_pyExport.cmake
[3.490s] -- Up-to-date: /home/dammr/Desktop/UC_SmartFarmRadar/magister_ws/install/radar_msg/share/radar_msg/cmake/export_radar_msg__rosidl_generator_pyExport-noconfig.cmake
[3.490s] -- Up-to-date: /home/dammr/Desktop/UC_SmartFarmRadar/magister_ws/install/radar_msg/share/radar_msg/cmake/rosidl_cmake-extras.cmake
[3.490s] -- Up-to-date: /home/dammr/Desktop/UC_SmartFarmRadar/magister_ws/install/radar_msg/share/radar_msg/cmake/ament_cmake_export_dependencies-extras.cmake
[3.490s] -- Up-to-date: /home/dammr/Desktop/UC_SmartFarmRadar/magister_ws/install/radar_msg/share/radar_msg/cmake/ament_cmake_export_include_directories-extras.cmake
[3.490s] -- Up-to-date: /home/dammr/Desktop/UC_SmartFarmRadar/magister_ws/install/radar_msg/share/radar_msg/cmake/ament_cmake_export_libraries-extras.cmake
[3.490s] -- Up-to-date: /home/dammr/Desktop/UC_SmartFarmRadar/magister_ws/install/radar_msg/share/radar_msg/cmake/ament_cmake_export_targets-extras.cmake
[3.490s] -- Up-to-date: /home/dammr/Desktop/UC_SmartFarmRadar/magister_ws/install/radar_msg/share/radar_msg/cmake/rosidl_cmake_export_typesupport_targets-extras.cmake
[3.491s] -- Up-to-date: /home/dammr/Desktop/UC_SmartFarmRadar/magister_ws/install/radar_msg/share/radar_msg/cmake/rosidl_cmake_export_typesupport_libraries-extras.cmake
[3.491s] -- Up-to-date: /home/dammr/Desktop/UC_SmartFarmRadar/magister_ws/install/radar_msg/share/radar_msg/cmake/radar_msgConfig.cmake
[3.491s] -- Up-to-date: /home/dammr/Desktop/UC_SmartFarmRadar/magister_ws/install/radar_msg/share/radar_msg/cmake/radar_msgConfig-version.cmake
[3.491s] -- Up-to-date: /home/dammr/Desktop/UC_SmartFarmRadar/magister_ws/install/radar_msg/share/radar_msg/package.xml
[3.493s] Invoked command in '/home/dammr/Desktop/UC_SmartFarmRadar/magister_ws/build/radar_msg' returned '0': CMAKE_PREFIX_PATH=${CMAKE_PREFIX_PATH}:/home/dammr/Desktop/UC_SmartFarmRadar/magister_ws/install/radar_package:/home/dammr/Desktop/UC_SmartFarmRadar/magister_ws/install/ptu_controller:/home/dammr/ros2_humble/install/rqt_bag_plugins:/home/dammr/ros2_humble/install/rqt_bag:/home/dammr/ros2_humble/install/launch_testing_examples:/home/dammr/ros2_humble/install/ros2bag:/home/dammr/ros2_humble/install/tracetools_test:/home/dammr/ros2_humble/install/tracetools_launch:/home/dammr/ros2_humble/install/topic_monitor:/home/dammr/ros2_humble/install/tf2_tools:/home/dammr/ros2_humble/install/examples_tf2_py:/home/dammr/ros2_humble/install/tf2_ros_py:/home/dammr/ros2_humble/install/sros2:/home/dammr/ros2_humble/install/rqt_topic:/home/dammr/ros2_humble/install/rqt_srv:/home/dammr/ros2_humble/install/rqt_shell:/home/dammr/ros2_humble/install/rqt_service_caller:/home/dammr/ros2_humble/install/rqt_reconfigure:/home/dammr/ros2_humble/install/rqt_py_console:/home/dammr/ros2_humble/install/rqt_publisher:/home/dammr/ros2_humble/install/rqt_plot:/home/dammr/ros2_humble/install/rqt_action:/home/dammr/ros2_humble/install/rqt_msg:/home/dammr/ros2_humble/install/rqt_console:/home/dammr/ros2_humble/install/rqt:/home/dammr/ros2_humble/install/rqt_graph:/home/dammr/ros2_humble/install/rqt_gui_py:/home/dammr/ros2_humble/install/rqt_gui:/home/dammr/ros2_humble/install/ros2trace:/home/dammr/ros2_humble/install/ros2topic:/home/dammr/ros2_humble/install/ros2test:/home/dammr/ros2_humble/install/ros2component:/home/dammr/ros2_humble/install/ros2param:/home/dammr/ros2_humble/install/ros2lifecycle:/home/dammr/ros2_humble/install/ros2service:/home/dammr/ros2_humble/install/ros2run:/home/dammr/ros2_humble/install/ros2launch:/home/dammr/ros2_humble/install/ros2pkg:/home/dammr/ros2_humble/install/ros2node:/home/dammr/ros2_humble/install/ros2multicast:/home/dammr/ros2_humble/install/ros2interface:/home/dammr/ros2_humble/install/ros2doctor:/home/dammr/ros2_humble/install/ros2action:/home/dammr/ros2_humble/install/ros2cli:/home/dammr/ros2_humble/install/quality_of_service_demo_py:/home/dammr/ros2_humble/install/lifecycle_py:/home/dammr/ros2_humble/install/launch_testing_ros:/home/dammr/ros2_humble/install/launch_ros:/home/dammr/ros2_humble/install/examples_rclpy_pointcloud_publisher:/home/dammr/ros2_humble/install/examples_rclpy_minimal_subscriber:/home/dammr/ros2_humble/install/examples_rclpy_minimal_service:/home/dammr/ros2_humble/install/examples_rclpy_minimal_publisher:/home/dammr/ros2_humble/install/examples_rclpy_minimal_client:/home/dammr/ros2_humble/install/examples_rclpy_minimal_action_server:/home/dammr/ros2_humble/install/examples_rclpy_minimal_action_client:/home/dammr/ros2_humble/install/examples_rclpy_guard_conditions:/home/dammr/ros2_humble/install/examples_rclpy_executors:/home/dammr/ros2_humble/install/demo_nodes_py:/home/dammr/ros2_humble/install/camera_info_manager_py:/home/dammr/ros2_humble/install/action_tutorials_py:/home/dammr/ros2_humble/install/ament_uncrustify:/home/dammr/ros2_humble/install/tracetools_trace:/home/dammr/ros2_humble/install/tracetools_read:/home/dammr/ros2_humble/install/test_tracetools_launch:/home/dammr/ros2_humble/install/test_launch_ros:/home/dammr/ros2_humble/install/sensor_msgs_py:/home/dammr/ros2_humble/install/rpyutils:/home/dammr/ros2_humble/install/rosidl_runtime_py:/home/dammr/ros2_humble/install/rosidl_cli:/home/dammr/ros2_humble/install/launch_pytest:/home/dammr/ros2_humble/install/launch_testing:/home/dammr/ros2_humble/install/launch_yaml:/home/dammr/ros2_humble/install/launch_xml:/home/dammr/ros2_humble/install/launch:/home/dammr/ros2_humble/install/osrf_pycommon:/home/dammr/ros2_humble/install/domain_coordinator:/home/dammr/ros2_humble/install/ament_xmllint:/home/dammr/ros2_humble/install/ament_pyflakes:/home/dammr/ros2_humble/install/ament_pycodestyle:/home/dammr/ros2_humble/install/ament_pep257:/home/dammr/ros2_humble/install/ament_pclint:/home/dammr/ros2_humble/install/ament_package:/home/dammr/ros2_humble/install/ament_mypy:/home/dammr/ros2_humble/install/ament_lint_cmake:/home/dammr/ros2_humble/install/ament_flake8:/home/dammr/ros2_humble/install/ament_copyright:/home/dammr/ros2_humble/install/ament_lint:/home/dammr/ros2_humble/install/ament_index_python:/home/dammr/ros2_humble/install/ament_cpplint:/home/dammr/ros2_humble/install/ament_cppcheck:/home/dammr/ros2_humble/install/ament_clang_tidy:/home/dammr/ros2_humble/install/ament_clang_format /usr/bin/cmake --install /home/dammr/Desktop/UC_SmartFarmRadar/magister_ws/build/radar_msg
