[0.552s] DEBUG:colcon:Command line arguments: ['/usr/bin/colcon', 'build', '--packages-select', 'radar_msg', 'radar_package', 'ptu_controller']
[0.552s] DEBUG:colcon:Parsed command line arguments: Namespace(log_base=None, log_level=None, verb_name='build', build_base='build', install_base='install', merge_install=False, symlink_install=False, test_result_base=None, continue_on_error=False, executor='parallel', parallel_workers=12, event_handlers=None, ignore_user_meta=False, metas=['./colcon.meta'], base_paths=['.'], packages_ignore=None, packages_ignore_regex=None, paths=None, packages_up_to=None, packages_up_to_regex=None, packages_above=None, packages_above_and_dependencies=None, packages_above_depth=None, packages_select_by_dep=None, packages_skip_by_dep=None, packages_skip_up_to=None, packages_select_build_failed=False, packages_skip_build_finished=False, packages_select_test_failures=False, packages_skip_test_passed=False, packages_select=['radar_msg', 'radar_package', 'ptu_controller'], packages_skip=None, packages_select_regex=None, packages_skip_regex=None, packages_start=None, packages_end=None, allow_overriding=[], cmake_args=None, cmake_target=None, cmake_target_skip_unavailable=False, cmake_clean_cache=False, cmake_clean_first=False, cmake_force_configure=False, ament_cmake_args=None, catkin_cmake_args=None, catkin_skip_building_tests=False, mixin_files=None, mixin=None, verb_parser=<colcon_mixin.mixin.mixin_argument.MixinArgumentDecorator object at 0x765474081180>, verb_extension=<colcon_core.verb.build.BuildVerb object at 0x765474080ac0>, main=<bound method BuildVerb.main of <colcon_core.verb.build.BuildVerb object at 0x765474080ac0>>, mixin_verb=('build',))
[1.094s] Level 1:colcon.colcon_core.package_discovery:discover_packages(colcon_meta) check parameters
[1.094s] Level 1:colcon.colcon_core.package_discovery:discover_packages(recursive) check parameters
[1.094s] Level 1:colcon.colcon_core.package_discovery:discover_packages(ignore) check parameters
[1.094s] Level 1:colcon.colcon_core.package_discovery:discover_packages(path) check parameters
[1.094s] Level 1:colcon.colcon_core.package_discovery:discover_packages(colcon_meta) discover
[1.094s] Level 1:colcon.colcon_core.package_discovery:discover_packages(recursive) discover
[1.094s] INFO:colcon.colcon_core.package_discovery:Crawling recursively for packages in '/home/dammr/Desktop/UC_SmartFarmRadar/magister_ws'
[1.095s] Level 1:colcon.colcon_core.package_identification:_identify(.) by extensions ['ignore', 'ignore_ament_install']
[1.095s] Level 1:colcon.colcon_core.package_identification:_identify(.) by extension 'ignore'
[1.095s] Level 1:colcon.colcon_core.package_identification:_identify(.) by extension 'ignore_ament_install'
[1.095s] Level 1:colcon.colcon_core.package_identification:_identify(.) by extensions ['colcon_pkg']
[1.095s] Level 1:colcon.colcon_core.package_identification:_identify(.) by extension 'colcon_pkg'
[1.095s] Level 1:colcon.colcon_core.package_identification:_identify(.) by extensions ['colcon_meta']
[1.095s] Level 1:colcon.colcon_core.package_identification:_identify(.) by extension 'colcon_meta'
[1.095s] Level 1:colcon.colcon_core.package_identification:_identify(.) by extensions ['ros']
[1.095s] Level 1:colcon.colcon_core.package_identification:_identify(.) by extension 'ros'
[1.123s] Level 1:colcon.colcon_core.package_identification:_identify(.) by extensions ['cmake', 'python']
[1.123s] Level 1:colcon.colcon_core.package_identification:_identify(.) by extension 'cmake'
[1.124s] Level 1:colcon.colcon_core.package_identification:_identify(.) by extension 'python'
[1.124s] Level 1:colcon.colcon_core.package_identification:_identify(.) by extensions ['python_setup_py']
[1.124s] Level 1:colcon.colcon_core.package_identification:_identify(.) by extension 'python_setup_py'
[1.124s] Level 1:colcon.colcon_core.package_identification:_identify(build) by extensions ['ignore', 'ignore_ament_install']
[1.124s] Level 1:colcon.colcon_core.package_identification:_identify(build) by extension 'ignore'
[1.124s] Level 1:colcon.colcon_core.package_identification:_identify(build) ignored
[1.125s] Level 1:colcon.colcon_core.package_identification:_identify(install) by extensions ['ignore', 'ignore_ament_install']
[1.125s] Level 1:colcon.colcon_core.package_identification:_identify(install) by extension 'ignore'
[1.125s] Level 1:colcon.colcon_core.package_identification:_identify(install) ignored
[1.125s] Level 1:colcon.colcon_core.package_identification:_identify(log) by extensions ['ignore', 'ignore_ament_install']
[1.125s] Level 1:colcon.colcon_core.package_identification:_identify(log) by extension 'ignore'
[1.125s] Level 1:colcon.colcon_core.package_identification:_identify(log) ignored
[1.125s] Level 1:colcon.colcon_core.package_identification:_identify(src) by extensions ['ignore', 'ignore_ament_install']
[1.126s] Level 1:colcon.colcon_core.package_identification:_identify(src) by extension 'ignore'
[1.126s] Level 1:colcon.colcon_core.package_identification:_identify(src) by extension 'ignore_ament_install'
[1.126s] Level 1:colcon.colcon_core.package_identification:_identify(src) by extensions ['colcon_pkg']
[1.126s] Level 1:colcon.colcon_core.package_identification:_identify(src) by extension 'colcon_pkg'
[1.126s] Level 1:colcon.colcon_core.package_identification:_identify(src) by extensions ['colcon_meta']
[1.126s] Level 1:colcon.colcon_core.package_identification:_identify(src) by extension 'colcon_meta'
[1.126s] Level 1:colcon.colcon_core.package_identification:_identify(src) by extensions ['ros']
[1.126s] Level 1:colcon.colcon_core.package_identification:_identify(src) by extension 'ros'
[1.126s] Level 1:colcon.colcon_core.package_identification:_identify(src) by extensions ['cmake', 'python']
[1.126s] Level 1:colcon.colcon_core.package_identification:_identify(src) by extension 'cmake'
[1.126s] Level 1:colcon.colcon_core.package_identification:_identify(src) by extension 'python'
[1.127s] Level 1:colcon.colcon_core.package_identification:_identify(src) by extensions ['python_setup_py']
[1.127s] Level 1:colcon.colcon_core.package_identification:_identify(src) by extension 'python_setup_py'
[1.127s] Level 1:colcon.colcon_core.package_identification:_identify(src/ptu_controller) by extensions ['ignore', 'ignore_ament_install']
[1.127s] Level 1:colcon.colcon_core.package_identification:_identify(src/ptu_controller) by extension 'ignore'
[1.127s] Level 1:colcon.colcon_core.package_identification:_identify(src/ptu_controller) by extension 'ignore_ament_install'
[1.127s] Level 1:colcon.colcon_core.package_identification:_identify(src/ptu_controller) by extensions ['colcon_pkg']
[1.127s] Level 1:colcon.colcon_core.package_identification:_identify(src/ptu_controller) by extension 'colcon_pkg'
[1.127s] Level 1:colcon.colcon_core.package_identification:_identify(src/ptu_controller) by extensions ['colcon_meta']
[1.127s] Level 1:colcon.colcon_core.package_identification:_identify(src/ptu_controller) by extension 'colcon_meta'
[1.128s] Level 1:colcon.colcon_core.package_identification:_identify(src/ptu_controller) by extensions ['ros']
[1.128s] Level 1:colcon.colcon_core.package_identification:_identify(src/ptu_controller) by extension 'ros'
[1.133s] DEBUG:colcon.colcon_core.package_identification:Package 'src/ptu_controller' with type 'ros.ament_python' and name 'ptu_controller'
[1.133s] Level 1:colcon.colcon_core.package_identification:_identify(src/radar_msg) by extensions ['ignore', 'ignore_ament_install']
[1.133s] Level 1:colcon.colcon_core.package_identification:_identify(src/radar_msg) by extension 'ignore'
[1.133s] Level 1:colcon.colcon_core.package_identification:_identify(src/radar_msg) by extension 'ignore_ament_install'
[1.133s] Level 1:colcon.colcon_core.package_identification:_identify(src/radar_msg) by extensions ['colcon_pkg']
[1.134s] Level 1:colcon.colcon_core.package_identification:_identify(src/radar_msg) by extension 'colcon_pkg'
[1.134s] Level 1:colcon.colcon_core.package_identification:_identify(src/radar_msg) by extensions ['colcon_meta']
[1.134s] Level 1:colcon.colcon_core.package_identification:_identify(src/radar_msg) by extension 'colcon_meta'
[1.134s] Level 1:colcon.colcon_core.package_identification:_identify(src/radar_msg) by extensions ['ros']
[1.134s] Level 1:colcon.colcon_core.package_identification:_identify(src/radar_msg) by extension 'ros'
[1.135s] DEBUG:colcon.colcon_core.package_identification:Package 'src/radar_msg' with type 'ros.ament_cmake' and name 'radar_msg'
[1.135s] Level 1:colcon.colcon_core.package_identification:_identify(src/radar_package) by extensions ['ignore', 'ignore_ament_install']
[1.135s] Level 1:colcon.colcon_core.package_identification:_identify(src/radar_package) by extension 'ignore'
[1.136s] Level 1:colcon.colcon_core.package_identification:_identify(src/radar_package) by extension 'ignore_ament_install'
[1.136s] Level 1:colcon.colcon_core.package_identification:_identify(src/radar_package) by extensions ['colcon_pkg']
[1.136s] Level 1:colcon.colcon_core.package_identification:_identify(src/radar_package) by extension 'colcon_pkg'
[1.136s] Level 1:colcon.colcon_core.package_identification:_identify(src/radar_package) by extensions ['colcon_meta']
[1.136s] Level 1:colcon.colcon_core.package_identification:_identify(src/radar_package) by extension 'colcon_meta'
[1.136s] Level 1:colcon.colcon_core.package_identification:_identify(src/radar_package) by extensions ['ros']
[1.136s] Level 1:colcon.colcon_core.package_identification:_identify(src/radar_package) by extension 'ros'
[1.138s] DEBUG:colcon.colcon_core.package_identification:Package 'src/radar_package' with type 'ros.ament_python' and name 'radar_package'
[1.138s] Level 1:colcon.colcon_core.package_discovery:discover_packages(recursive) using defaults
[1.138s] Level 1:colcon.colcon_core.package_discovery:discover_packages(ignore) discover
[1.138s] Level 1:colcon.colcon_core.package_discovery:discover_packages(ignore) using defaults
[1.138s] Level 1:colcon.colcon_core.package_discovery:discover_packages(path) discover
[1.138s] Level 1:colcon.colcon_core.package_discovery:discover_packages(path) using defaults
[1.235s] Level 1:colcon.colcon_core.package_discovery:discover_packages(prefix_path) check parameters
[1.235s] Level 1:colcon.colcon_core.package_discovery:discover_packages(prefix_path) discover
[1.237s] WARNING:colcon.colcon_ros.prefix_path.ament:The path '/home/dammr/Desktop/UC_SmartFarmRadar/magister_ws/install/radar_package' in the environment variable AMENT_PREFIX_PATH doesn't exist
[1.237s] WARNING:colcon.colcon_ros.prefix_path.ament:The path '/home/dammr/Desktop/UC_SmartFarmRadar/magister_ws/install/radar_msg' in the environment variable AMENT_PREFIX_PATH doesn't exist
[1.237s] WARNING:colcon.colcon_ros.prefix_path.ament:The path '/home/dammr/Desktop/UC_SmartFarmRadar/magister_ws/install/ptu_controller' in the environment variable AMENT_PREFIX_PATH doesn't exist
[1.262s] WARNING:colcon.colcon_ros.prefix_path.catkin:The path '/home/dammr/Desktop/UC_SmartFarmRadar/magister_ws/install/radar_msg' in the environment variable CMAKE_PREFIX_PATH doesn't exist
[1.267s] DEBUG:colcon.colcon_installed_package_information.package_discovery:Found 0 installed packages in /home/dammr/Desktop/UC_SmartFarmRadar/magister_ws/install
[1.286s] DEBUG:colcon.colcon_installed_package_information.package_discovery:Found 346 installed packages in /home/dammr/ros2_humble/install
[1.290s] Level 1:colcon.colcon_core.package_discovery:discover_packages(prefix_path) using defaults
[1.348s] Level 5:colcon.colcon_core.verb:set package 'ptu_controller' build argument 'cmake_args' from command line to 'None'
[1.348s] Level 5:colcon.colcon_core.verb:set package 'ptu_controller' build argument 'cmake_target' from command line to 'None'
[1.348s] Level 5:colcon.colcon_core.verb:set package 'ptu_controller' build argument 'cmake_target_skip_unavailable' from command line to 'False'
[1.348s] Level 5:colcon.colcon_core.verb:set package 'ptu_controller' build argument 'cmake_clean_cache' from command line to 'False'
[1.349s] Level 5:colcon.colcon_core.verb:set package 'ptu_controller' build argument 'cmake_clean_first' from command line to 'False'
[1.349s] Level 5:colcon.colcon_core.verb:set package 'ptu_controller' build argument 'cmake_force_configure' from command line to 'False'
[1.349s] Level 5:colcon.colcon_core.verb:set package 'ptu_controller' build argument 'ament_cmake_args' from command line to 'None'
[1.349s] Level 5:colcon.colcon_core.verb:set package 'ptu_controller' build argument 'catkin_cmake_args' from command line to 'None'
[1.349s] Level 5:colcon.colcon_core.verb:set package 'ptu_controller' build argument 'catkin_skip_building_tests' from command line to 'False'
[1.349s] DEBUG:colcon.colcon_core.verb:Building package 'ptu_controller' with the following arguments: {'ament_cmake_args': None, 'build_base': '/home/dammr/Desktop/UC_SmartFarmRadar/magister_ws/build/ptu_controller', 'catkin_cmake_args': None, 'catkin_skip_building_tests': False, 'cmake_args': None, 'cmake_clean_cache': False, 'cmake_clean_first': False, 'cmake_force_configure': False, 'cmake_target': None, 'cmake_target_skip_unavailable': False, 'install_base': '/home/dammr/Desktop/UC_SmartFarmRadar/magister_ws/install/ptu_controller', 'merge_install': False, 'path': '/home/dammr/Desktop/UC_SmartFarmRadar/magister_ws/src/ptu_controller', 'symlink_install': False, 'test_result_base': None}
[1.350s] Level 5:colcon.colcon_core.verb:set package 'radar_msg' build argument 'cmake_args' from command line to 'None'
[1.350s] Level 5:colcon.colcon_core.verb:set package 'radar_msg' build argument 'cmake_target' from command line to 'None'
[1.350s] Level 5:colcon.colcon_core.verb:set package 'radar_msg' build argument 'cmake_target_skip_unavailable' from command line to 'False'
[1.350s] Level 5:colcon.colcon_core.verb:set package 'radar_msg' build argument 'cmake_clean_cache' from command line to 'False'
[1.350s] Level 5:colcon.colcon_core.verb:set package 'radar_msg' build argument 'cmake_clean_first' from command line to 'False'
[1.350s] Level 5:colcon.colcon_core.verb:set package 'radar_msg' build argument 'cmake_force_configure' from command line to 'False'
[1.350s] Level 5:colcon.colcon_core.verb:set package 'radar_msg' build argument 'ament_cmake_args' from command line to 'None'
[1.350s] Level 5:colcon.colcon_core.verb:set package 'radar_msg' build argument 'catkin_cmake_args' from command line to 'None'
[1.350s] Level 5:colcon.colcon_core.verb:set package 'radar_msg' build argument 'catkin_skip_building_tests' from command line to 'False'
[1.350s] DEBUG:colcon.colcon_core.verb:Building package 'radar_msg' with the following arguments: {'ament_cmake_args': None, 'build_base': '/home/dammr/Desktop/UC_SmartFarmRadar/magister_ws/build/radar_msg', 'catkin_cmake_args': None, 'catkin_skip_building_tests': False, 'cmake_args': None, 'cmake_clean_cache': False, 'cmake_clean_first': False, 'cmake_force_configure': False, 'cmake_target': None, 'cmake_target_skip_unavailable': False, 'install_base': '/home/dammr/Desktop/UC_SmartFarmRadar/magister_ws/install/radar_msg', 'merge_install': False, 'path': '/home/dammr/Desktop/UC_SmartFarmRadar/magister_ws/src/radar_msg', 'symlink_install': False, 'test_result_base': None}
[1.351s] Level 5:colcon.colcon_core.verb:set package 'radar_package' build argument 'cmake_args' from command line to 'None'
[1.351s] Level 5:colcon.colcon_core.verb:set package 'radar_package' build argument 'cmake_target' from command line to 'None'
[1.351s] Level 5:colcon.colcon_core.verb:set package 'radar_package' build argument 'cmake_target_skip_unavailable' from command line to 'False'
[1.351s] Level 5:colcon.colcon_core.verb:set package 'radar_package' build argument 'cmake_clean_cache' from command line to 'False'
[1.351s] Level 5:colcon.colcon_core.verb:set package 'radar_package' build argument 'cmake_clean_first' from command line to 'False'
[1.351s] Level 5:colcon.colcon_core.verb:set package 'radar_package' build argument 'cmake_force_configure' from command line to 'False'
[1.351s] Level 5:colcon.colcon_core.verb:set package 'radar_package' build argument 'ament_cmake_args' from command line to 'None'
[1.351s] Level 5:colcon.colcon_core.verb:set package 'radar_package' build argument 'catkin_cmake_args' from command line to 'None'
[1.351s] Level 5:colcon.colcon_core.verb:set package 'radar_package' build argument 'catkin_skip_building_tests' from command line to 'False'
[1.351s] DEBUG:colcon.colcon_core.verb:Building package 'radar_package' with the following arguments: {'ament_cmake_args': None, 'build_base': '/home/dammr/Desktop/UC_SmartFarmRadar/magister_ws/build/radar_package', 'catkin_cmake_args': None, 'catkin_skip_building_tests': False, 'cmake_args': None, 'cmake_clean_cache': False, 'cmake_clean_first': False, 'cmake_force_configure': False, 'cmake_target': None, 'cmake_target_skip_unavailable': False, 'install_base': '/home/dammr/Desktop/UC_SmartFarmRadar/magister_ws/install/radar_package', 'merge_install': False, 'path': '/home/dammr/Desktop/UC_SmartFarmRadar/magister_ws/src/radar_package', 'symlink_install': False, 'test_result_base': None}
[1.352s] INFO:colcon.colcon_core.executor:Executing jobs using 'parallel' executor
[1.354s] DEBUG:colcon.colcon_parallel_executor.executor.parallel:run_until_complete
[1.354s] INFO:colcon.colcon_ros.task.ament_cmake.build:Building ROS package in '/home/dammr/Desktop/UC_SmartFarmRadar/magister_ws/src/radar_msg' with build type 'ament_cmake'
[1.354s] INFO:colcon.colcon_cmake.task.cmake.build:Building CMake package in '/home/dammr/Desktop/UC_SmartFarmRadar/magister_ws/src/radar_msg'
[1.367s] INFO:colcon.colcon_core.plugin_system:Skipping extension 'colcon_core.shell.bat': Not used on non-Windows systems
[1.368s] INFO:colcon.colcon_core.shell:Skip shell extension 'powershell' for command environment: Not usable outside of PowerShell
[1.368s] DEBUG:colcon.colcon_core.shell:Skip shell extension 'dsv' for command environment
[1.419s] INFO:colcon.colcon_ros.task.ament_python.build:Building ROS package in '/home/dammr/Desktop/UC_SmartFarmRadar/magister_ws/src/ptu_controller' with build type 'ament_python'
[1.420s] Level 1:colcon.colcon_core.shell:create_environment_hook('ptu_controller', 'ament_prefix_path')
[1.420s] INFO:colcon.colcon_core.shell:Creating environment hook '/home/dammr/Desktop/UC_SmartFarmRadar/magister_ws/install/ptu_controller/share/ptu_controller/hook/ament_prefix_path.ps1'
[1.422s] INFO:colcon.colcon_core.shell:Creating environment descriptor '/home/dammr/Desktop/UC_SmartFarmRadar/magister_ws/install/ptu_controller/share/ptu_controller/hook/ament_prefix_path.dsv'
[1.423s] INFO:colcon.colcon_core.shell:Creating environment hook '/home/dammr/Desktop/UC_SmartFarmRadar/magister_ws/install/ptu_controller/share/ptu_controller/hook/ament_prefix_path.sh'
[1.424s] INFO:colcon.colcon_core.shell:Skip shell extension 'powershell' for command environment: Not usable outside of PowerShell
[1.424s] DEBUG:colcon.colcon_core.shell:Skip shell extension 'dsv' for command environment
[1.484s] DEBUG:colcon.colcon_core.event_handler.log_command:Invoking command in '/home/dammr/Desktop/UC_SmartFarmRadar/magister_ws/build/radar_msg': CMAKE_PREFIX_PATH=${CMAKE_PREFIX_PATH}:/home/dammr/Desktop/UC_SmartFarmRadar/magister_ws/install/radar_package:/home/dammr/Desktop/UC_SmartFarmRadar/magister_ws/install/ptu_controller:/home/dammr/ros2_humble/install/rqt_bag_plugins:/home/dammr/ros2_humble/install/rqt_bag:/home/dammr/ros2_humble/install/launch_testing_examples:/home/dammr/ros2_humble/install/ros2bag:/home/dammr/ros2_humble/install/tracetools_test:/home/dammr/ros2_humble/install/tracetools_launch:/home/dammr/ros2_humble/install/topic_monitor:/home/dammr/ros2_humble/install/tf2_tools:/home/dammr/ros2_humble/install/examples_tf2_py:/home/dammr/ros2_humble/install/tf2_ros_py:/home/dammr/ros2_humble/install/sros2:/home/dammr/ros2_humble/install/rqt_topic:/home/dammr/ros2_humble/install/rqt_srv:/home/dammr/ros2_humble/install/rqt_shell:/home/dammr/ros2_humble/install/rqt_service_caller:/home/dammr/ros2_humble/install/rqt_reconfigure:/home/dammr/ros2_humble/install/rqt_py_console:/home/dammr/ros2_humble/install/rqt_publisher:/home/dammr/ros2_humble/install/rqt_plot:/home/dammr/ros2_humble/install/rqt_action:/home/dammr/ros2_humble/install/rqt_msg:/home/dammr/ros2_humble/install/rqt_console:/home/dammr/ros2_humble/install/rqt:/home/dammr/ros2_humble/install/rqt_graph:/home/dammr/ros2_humble/install/rqt_gui_py:/home/dammr/ros2_humble/install/rqt_gui:/home/dammr/ros2_humble/install/ros2trace:/home/dammr/ros2_humble/install/ros2topic:/home/dammr/ros2_humble/install/ros2test:/home/dammr/ros2_humble/install/ros2component:/home/dammr/ros2_humble/install/ros2param:/home/dammr/ros2_humble/install/ros2lifecycle:/home/dammr/ros2_humble/install/ros2service:/home/dammr/ros2_humble/install/ros2run:/home/dammr/ros2_humble/install/ros2launch:/home/dammr/ros2_humble/install/ros2pkg:/home/dammr/ros2_humble/install/ros2node:/home/dammr/ros2_humble/install/ros2multicast:/home/dammr/ros2_humble/install/ros2interface:/home/dammr/ros2_humble/install/ros2doctor:/home/dammr/ros2_humble/install/ros2action:/home/dammr/ros2_humble/install/ros2cli:/home/dammr/ros2_humble/install/quality_of_service_demo_py:/home/dammr/ros2_humble/install/lifecycle_py:/home/dammr/ros2_humble/install/launch_testing_ros:/home/dammr/ros2_humble/install/launch_ros:/home/dammr/ros2_humble/install/examples_rclpy_pointcloud_publisher:/home/dammr/ros2_humble/install/examples_rclpy_minimal_subscriber:/home/dammr/ros2_humble/install/examples_rclpy_minimal_service:/home/dammr/ros2_humble/install/examples_rclpy_minimal_publisher:/home/dammr/ros2_humble/install/examples_rclpy_minimal_client:/home/dammr/ros2_humble/install/examples_rclpy_minimal_action_server:/home/dammr/ros2_humble/install/examples_rclpy_minimal_action_client:/home/dammr/ros2_humble/install/examples_rclpy_guard_conditions:/home/dammr/ros2_humble/install/examples_rclpy_executors:/home/dammr/ros2_humble/install/demo_nodes_py:/home/dammr/ros2_humble/install/camera_info_manager_py:/home/dammr/ros2_humble/install/action_tutorials_py:/home/dammr/ros2_humble/install/ament_uncrustify:/home/dammr/ros2_humble/install/tracetools_trace:/home/dammr/ros2_humble/install/tracetools_read:/home/dammr/ros2_humble/install/test_tracetools_launch:/home/dammr/ros2_humble/install/test_launch_ros:/home/dammr/ros2_humble/install/sensor_msgs_py:/home/dammr/ros2_humble/install/rpyutils:/home/dammr/ros2_humble/install/rosidl_runtime_py:/home/dammr/ros2_humble/install/rosidl_cli:/home/dammr/ros2_humble/install/launch_pytest:/home/dammr/ros2_humble/install/launch_testing:/home/dammr/ros2_humble/install/launch_yaml:/home/dammr/ros2_humble/install/launch_xml:/home/dammr/ros2_humble/install/launch:/home/dammr/ros2_humble/install/osrf_pycommon:/home/dammr/ros2_humble/install/domain_coordinator:/home/dammr/ros2_humble/install/ament_xmllint:/home/dammr/ros2_humble/install/ament_pyflakes:/home/dammr/ros2_humble/install/ament_pycodestyle:/home/dammr/ros2_humble/install/ament_pep257:/home/dammr/ros2_humble/install/ament_pclint:/home/dammr/ros2_humble/install/ament_package:/home/dammr/ros2_humble/install/ament_mypy:/home/dammr/ros2_humble/install/ament_lint_cmake:/home/dammr/ros2_humble/install/ament_flake8:/home/dammr/ros2_humble/install/ament_copyright:/home/dammr/ros2_humble/install/ament_lint:/home/dammr/ros2_humble/install/ament_index_python:/home/dammr/ros2_humble/install/ament_cpplint:/home/dammr/ros2_humble/install/ament_cppcheck:/home/dammr/ros2_humble/install/ament_clang_tidy:/home/dammr/ros2_humble/install/ament_clang_format /usr/bin/cmake /home/dammr/Desktop/UC_SmartFarmRadar/magister_ws/src/radar_msg -DCMAKE_INSTALL_PREFIX=/home/dammr/Desktop/UC_SmartFarmRadar/magister_ws/install/radar_msg
[2.650s] INFO:colcon.colcon_core.task.python.build:Building Python package in '/home/dammr/Desktop/UC_SmartFarmRadar/magister_ws/src/ptu_controller'
[2.650s] INFO:colcon.colcon_core.shell:Skip shell extension 'powershell' for command environment: Not usable outside of PowerShell
[2.651s] DEBUG:colcon.colcon_core.shell:Skip shell extension 'dsv' for command environment
[4.205s] DEBUG:colcon.colcon_core.event_handler.log_command:Invoking command in '/home/dammr/Desktop/UC_SmartFarmRadar/magister_ws/src/ptu_controller': PYTHONPATH=/home/dammr/Desktop/UC_SmartFarmRadar/magister_ws/build/ptu_controller/prefix_override:/usr/lib/python3/dist-packages/colcon_core/task/python/colcon_distutils_commands:/home/dammr/Desktop/UC_SmartFarmRadar/magister_ws/install/ptu_controller/lib/python3.10/site-packages:${PYTHONPATH} /usr/bin/python3 -W ignore:setup.py install is deprecated -W ignore:easy_install command is deprecated setup.py egg_info --egg-base ../../build/ptu_controller build --build-base /home/dammr/Desktop/UC_SmartFarmRadar/magister_ws/build/ptu_controller/build install --record /home/dammr/Desktop/UC_SmartFarmRadar/magister_ws/build/ptu_controller/install.log --single-version-externally-managed install_data
[5.460s] DEBUG:colcon.colcon_core.event_handler.log_command:Invoked command in '/home/dammr/Desktop/UC_SmartFarmRadar/magister_ws/src/ptu_controller' returned '0': PYTHONPATH=/home/dammr/Desktop/UC_SmartFarmRadar/magister_ws/build/ptu_controller/prefix_override:/usr/lib/python3/dist-packages/colcon_core/task/python/colcon_distutils_commands:/home/dammr/Desktop/UC_SmartFarmRadar/magister_ws/install/ptu_controller/lib/python3.10/site-packages:${PYTHONPATH} /usr/bin/python3 -W ignore:setup.py install is deprecated -W ignore:easy_install command is deprecated setup.py egg_info --egg-base ../../build/ptu_controller build --build-base /home/dammr/Desktop/UC_SmartFarmRadar/magister_ws/build/ptu_controller/build install --record /home/dammr/Desktop/UC_SmartFarmRadar/magister_ws/build/ptu_controller/install.log --single-version-externally-managed install_data
[5.474s] Level 1:colcon.colcon_core.environment:checking '/home/dammr/Desktop/UC_SmartFarmRadar/magister_ws/install/ptu_controller' for CMake module files
[5.475s] Level 1:colcon.colcon_core.environment:checking '/home/dammr/Desktop/UC_SmartFarmRadar/magister_ws/install/ptu_controller' for CMake config files
[5.476s] Level 1:colcon.colcon_core.environment:checking '/home/dammr/Desktop/UC_SmartFarmRadar/magister_ws/install/ptu_controller/lib'
[5.477s] Level 1:colcon.colcon_core.environment:checking '/home/dammr/Desktop/UC_SmartFarmRadar/magister_ws/install/ptu_controller/bin'
[5.477s] Level 1:colcon.colcon_core.environment:checking '/home/dammr/Desktop/UC_SmartFarmRadar/magister_ws/install/ptu_controller/lib/pkgconfig/ptu_controller.pc'
[5.477s] Level 1:colcon.colcon_core.environment:checking '/home/dammr/Desktop/UC_SmartFarmRadar/magister_ws/install/ptu_controller/lib/python3.10/site-packages'
[5.477s] Level 1:colcon.colcon_core.shell:create_environment_hook('ptu_controller', 'pythonpath')
[5.478s] INFO:colcon.colcon_core.shell:Creating environment hook '/home/dammr/Desktop/UC_SmartFarmRadar/magister_ws/install/ptu_controller/share/ptu_controller/hook/pythonpath.ps1'
[5.479s] INFO:colcon.colcon_core.shell:Creating environment descriptor '/home/dammr/Desktop/UC_SmartFarmRadar/magister_ws/install/ptu_controller/share/ptu_controller/hook/pythonpath.dsv'
[5.479s] INFO:colcon.colcon_core.shell:Creating environment hook '/home/dammr/Desktop/UC_SmartFarmRadar/magister_ws/install/ptu_controller/share/ptu_controller/hook/pythonpath.sh'
[5.480s] Level 1:colcon.colcon_core.environment:checking '/home/dammr/Desktop/UC_SmartFarmRadar/magister_ws/install/ptu_controller/bin'
[5.480s] Level 1:colcon.colcon_core.environment:create_environment_scripts_only(ptu_controller)
[5.481s] INFO:colcon.colcon_core.shell:Creating package script '/home/dammr/Desktop/UC_SmartFarmRadar/magister_ws/install/ptu_controller/share/ptu_controller/package.ps1'
[5.483s] INFO:colcon.colcon_core.shell:Creating package descriptor '/home/dammr/Desktop/UC_SmartFarmRadar/magister_ws/install/ptu_controller/share/ptu_controller/package.dsv'
[5.484s] INFO:colcon.colcon_core.shell:Creating package script '/home/dammr/Desktop/UC_SmartFarmRadar/magister_ws/install/ptu_controller/share/ptu_controller/package.sh'
[5.485s] INFO:colcon.colcon_core.shell:Creating package script '/home/dammr/Desktop/UC_SmartFarmRadar/magister_ws/install/ptu_controller/share/ptu_controller/package.bash'
[5.486s] INFO:colcon.colcon_core.shell:Creating package script '/home/dammr/Desktop/UC_SmartFarmRadar/magister_ws/install/ptu_controller/share/ptu_controller/package.zsh'
[5.488s] Level 1:colcon.colcon_core.environment:create_file_with_runtime_dependencies(/home/dammr/Desktop/UC_SmartFarmRadar/magister_ws/install/ptu_controller/share/colcon-core/packages/ptu_controller)
[11.540s] DEBUG:colcon.colcon_core.event_handler.log_command:Invoked command in '/home/dammr/Desktop/UC_SmartFarmRadar/magister_ws/build/radar_msg' returned '0': CMAKE_PREFIX_PATH=${CMAKE_PREFIX_PATH}:/home/dammr/Desktop/UC_SmartFarmRadar/magister_ws/install/radar_package:/home/dammr/Desktop/UC_SmartFarmRadar/magister_ws/install/ptu_controller:/home/dammr/ros2_humble/install/rqt_bag_plugins:/home/dammr/ros2_humble/install/rqt_bag:/home/dammr/ros2_humble/install/launch_testing_examples:/home/dammr/ros2_humble/install/ros2bag:/home/dammr/ros2_humble/install/tracetools_test:/home/dammr/ros2_humble/install/tracetools_launch:/home/dammr/ros2_humble/install/topic_monitor:/home/dammr/ros2_humble/install/tf2_tools:/home/dammr/ros2_humble/install/examples_tf2_py:/home/dammr/ros2_humble/install/tf2_ros_py:/home/dammr/ros2_humble/install/sros2:/home/dammr/ros2_humble/install/rqt_topic:/home/dammr/ros2_humble/install/rqt_srv:/home/dammr/ros2_humble/install/rqt_shell:/home/dammr/ros2_humble/install/rqt_service_caller:/home/dammr/ros2_humble/install/rqt_reconfigure:/home/dammr/ros2_humble/install/rqt_py_console:/home/dammr/ros2_humble/install/rqt_publisher:/home/dammr/ros2_humble/install/rqt_plot:/home/dammr/ros2_humble/install/rqt_action:/home/dammr/ros2_humble/install/rqt_msg:/home/dammr/ros2_humble/install/rqt_console:/home/dammr/ros2_humble/install/rqt:/home/dammr/ros2_humble/install/rqt_graph:/home/dammr/ros2_humble/install/rqt_gui_py:/home/dammr/ros2_humble/install/rqt_gui:/home/dammr/ros2_humble/install/ros2trace:/home/dammr/ros2_humble/install/ros2topic:/home/dammr/ros2_humble/install/ros2test:/home/dammr/ros2_humble/install/ros2component:/home/dammr/ros2_humble/install/ros2param:/home/dammr/ros2_humble/install/ros2lifecycle:/home/dammr/ros2_humble/install/ros2service:/home/dammr/ros2_humble/install/ros2run:/home/dammr/ros2_humble/install/ros2launch:/home/dammr/ros2_humble/install/ros2pkg:/home/dammr/ros2_humble/install/ros2node:/home/dammr/ros2_humble/install/ros2multicast:/home/dammr/ros2_humble/install/ros2interface:/home/dammr/ros2_humble/install/ros2doctor:/home/dammr/ros2_humble/install/ros2action:/home/dammr/ros2_humble/install/ros2cli:/home/dammr/ros2_humble/install/quality_of_service_demo_py:/home/dammr/ros2_humble/install/lifecycle_py:/home/dammr/ros2_humble/install/launch_testing_ros:/home/dammr/ros2_humble/install/launch_ros:/home/dammr/ros2_humble/install/examples_rclpy_pointcloud_publisher:/home/dammr/ros2_humble/install/examples_rclpy_minimal_subscriber:/home/dammr/ros2_humble/install/examples_rclpy_minimal_service:/home/dammr/ros2_humble/install/examples_rclpy_minimal_publisher:/home/dammr/ros2_humble/install/examples_rclpy_minimal_client:/home/dammr/ros2_humble/install/examples_rclpy_minimal_action_server:/home/dammr/ros2_humble/install/examples_rclpy_minimal_action_client:/home/dammr/ros2_humble/install/examples_rclpy_guard_conditions:/home/dammr/ros2_humble/install/examples_rclpy_executors:/home/dammr/ros2_humble/install/demo_nodes_py:/home/dammr/ros2_humble/install/camera_info_manager_py:/home/dammr/ros2_humble/install/action_tutorials_py:/home/dammr/ros2_humble/install/ament_uncrustify:/home/dammr/ros2_humble/install/tracetools_trace:/home/dammr/ros2_humble/install/tracetools_read:/home/dammr/ros2_humble/install/test_tracetools_launch:/home/dammr/ros2_humble/install/test_launch_ros:/home/dammr/ros2_humble/install/sensor_msgs_py:/home/dammr/ros2_humble/install/rpyutils:/home/dammr/ros2_humble/install/rosidl_runtime_py:/home/dammr/ros2_humble/install/rosidl_cli:/home/dammr/ros2_humble/install/launch_pytest:/home/dammr/ros2_humble/install/launch_testing:/home/dammr/ros2_humble/install/launch_yaml:/home/dammr/ros2_humble/install/launch_xml:/home/dammr/ros2_humble/install/launch:/home/dammr/ros2_humble/install/osrf_pycommon:/home/dammr/ros2_humble/install/domain_coordinator:/home/dammr/ros2_humble/install/ament_xmllint:/home/dammr/ros2_humble/install/ament_pyflakes:/home/dammr/ros2_humble/install/ament_pycodestyle:/home/dammr/ros2_humble/install/ament_pep257:/home/dammr/ros2_humble/install/ament_pclint:/home/dammr/ros2_humble/install/ament_package:/home/dammr/ros2_humble/install/ament_mypy:/home/dammr/ros2_humble/install/ament_lint_cmake:/home/dammr/ros2_humble/install/ament_flake8:/home/dammr/ros2_humble/install/ament_copyright:/home/dammr/ros2_humble/install/ament_lint:/home/dammr/ros2_humble/install/ament_index_python:/home/dammr/ros2_humble/install/ament_cpplint:/home/dammr/ros2_humble/install/ament_cppcheck:/home/dammr/ros2_humble/install/ament_clang_tidy:/home/dammr/ros2_humble/install/ament_clang_format /usr/bin/cmake /home/dammr/Desktop/UC_SmartFarmRadar/magister_ws/src/radar_msg -DCMAKE_INSTALL_PREFIX=/home/dammr/Desktop/UC_SmartFarmRadar/magister_ws/install/radar_msg
[11.540s] DEBUG:colcon.colcon_core.event_handler.log_command:Invoking command in '/home/dammr/Desktop/UC_SmartFarmRadar/magister_ws/build/radar_msg': CMAKE_PREFIX_PATH=${CMAKE_PREFIX_PATH}:/home/dammr/Desktop/UC_SmartFarmRadar/magister_ws/install/radar_package:/home/dammr/Desktop/UC_SmartFarmRadar/magister_ws/install/ptu_controller:/home/dammr/ros2_humble/install/rqt_bag_plugins:/home/dammr/ros2_humble/install/rqt_bag:/home/dammr/ros2_humble/install/launch_testing_examples:/home/dammr/ros2_humble/install/ros2bag:/home/dammr/ros2_humble/install/tracetools_test:/home/dammr/ros2_humble/install/tracetools_launch:/home/dammr/ros2_humble/install/topic_monitor:/home/dammr/ros2_humble/install/tf2_tools:/home/dammr/ros2_humble/install/examples_tf2_py:/home/dammr/ros2_humble/install/tf2_ros_py:/home/dammr/ros2_humble/install/sros2:/home/dammr/ros2_humble/install/rqt_topic:/home/dammr/ros2_humble/install/rqt_srv:/home/dammr/ros2_humble/install/rqt_shell:/home/dammr/ros2_humble/install/rqt_service_caller:/home/dammr/ros2_humble/install/rqt_reconfigure:/home/dammr/ros2_humble/install/rqt_py_console:/home/dammr/ros2_humble/install/rqt_publisher:/home/dammr/ros2_humble/install/rqt_plot:/home/dammr/ros2_humble/install/rqt_action:/home/dammr/ros2_humble/install/rqt_msg:/home/dammr/ros2_humble/install/rqt_console:/home/dammr/ros2_humble/install/rqt:/home/dammr/ros2_humble/install/rqt_graph:/home/dammr/ros2_humble/install/rqt_gui_py:/home/dammr/ros2_humble/install/rqt_gui:/home/dammr/ros2_humble/install/ros2trace:/home/dammr/ros2_humble/install/ros2topic:/home/dammr/ros2_humble/install/ros2test:/home/dammr/ros2_humble/install/ros2component:/home/dammr/ros2_humble/install/ros2param:/home/dammr/ros2_humble/install/ros2lifecycle:/home/dammr/ros2_humble/install/ros2service:/home/dammr/ros2_humble/install/ros2run:/home/dammr/ros2_humble/install/ros2launch:/home/dammr/ros2_humble/install/ros2pkg:/home/dammr/ros2_humble/install/ros2node:/home/dammr/ros2_humble/install/ros2multicast:/home/dammr/ros2_humble/install/ros2interface:/home/dammr/ros2_humble/install/ros2doctor:/home/dammr/ros2_humble/install/ros2action:/home/dammr/ros2_humble/install/ros2cli:/home/dammr/ros2_humble/install/quality_of_service_demo_py:/home/dammr/ros2_humble/install/lifecycle_py:/home/dammr/ros2_humble/install/launch_testing_ros:/home/dammr/ros2_humble/install/launch_ros:/home/dammr/ros2_humble/install/examples_rclpy_pointcloud_publisher:/home/dammr/ros2_humble/install/examples_rclpy_minimal_subscriber:/home/dammr/ros2_humble/install/examples_rclpy_minimal_service:/home/dammr/ros2_humble/install/examples_rclpy_minimal_publisher:/home/dammr/ros2_humble/install/examples_rclpy_minimal_client:/home/dammr/ros2_humble/install/examples_rclpy_minimal_action_server:/home/dammr/ros2_humble/install/examples_rclpy_minimal_action_client:/home/dammr/ros2_humble/install/examples_rclpy_guard_conditions:/home/dammr/ros2_humble/install/examples_rclpy_executors:/home/dammr/ros2_humble/install/demo_nodes_py:/home/dammr/ros2_humble/install/camera_info_manager_py:/home/dammr/ros2_humble/install/action_tutorials_py:/home/dammr/ros2_humble/install/ament_uncrustify:/home/dammr/ros2_humble/install/tracetools_trace:/home/dammr/ros2_humble/install/tracetools_read:/home/dammr/ros2_humble/install/test_tracetools_launch:/home/dammr/ros2_humble/install/test_launch_ros:/home/dammr/ros2_humble/install/sensor_msgs_py:/home/dammr/ros2_humble/install/rpyutils:/home/dammr/ros2_humble/install/rosidl_runtime_py:/home/dammr/ros2_humble/install/rosidl_cli:/home/dammr/ros2_humble/install/launch_pytest:/home/dammr/ros2_humble/install/launch_testing:/home/dammr/ros2_humble/install/launch_yaml:/home/dammr/ros2_humble/install/launch_xml:/home/dammr/ros2_humble/install/launch:/home/dammr/ros2_humble/install/osrf_pycommon:/home/dammr/ros2_humble/install/domain_coordinator:/home/dammr/ros2_humble/install/ament_xmllint:/home/dammr/ros2_humble/install/ament_pyflakes:/home/dammr/ros2_humble/install/ament_pycodestyle:/home/dammr/ros2_humble/install/ament_pep257:/home/dammr/ros2_humble/install/ament_pclint:/home/dammr/ros2_humble/install/ament_package:/home/dammr/ros2_humble/install/ament_mypy:/home/dammr/ros2_humble/install/ament_lint_cmake:/home/dammr/ros2_humble/install/ament_flake8:/home/dammr/ros2_humble/install/ament_copyright:/home/dammr/ros2_humble/install/ament_lint:/home/dammr/ros2_humble/install/ament_index_python:/home/dammr/ros2_humble/install/ament_cpplint:/home/dammr/ros2_humble/install/ament_cppcheck:/home/dammr/ros2_humble/install/ament_clang_tidy:/home/dammr/ros2_humble/install/ament_clang_format /usr/bin/cmake --build /home/dammr/Desktop/UC_SmartFarmRadar/magister_ws/build/radar_msg -- -j12 -l12
[13.809s] DEBUG:colcon.colcon_core.event_handler.log_command:Invoked command in '/home/dammr/Desktop/UC_SmartFarmRadar/magister_ws/build/radar_msg' returned '0': CMAKE_PREFIX_PATH=${CMAKE_PREFIX_PATH}:/home/dammr/Desktop/UC_SmartFarmRadar/magister_ws/install/radar_package:/home/dammr/Desktop/UC_SmartFarmRadar/magister_ws/install/ptu_controller:/home/dammr/ros2_humble/install/rqt_bag_plugins:/home/dammr/ros2_humble/install/rqt_bag:/home/dammr/ros2_humble/install/launch_testing_examples:/home/dammr/ros2_humble/install/ros2bag:/home/dammr/ros2_humble/install/tracetools_test:/home/dammr/ros2_humble/install/tracetools_launch:/home/dammr/ros2_humble/install/topic_monitor:/home/dammr/ros2_humble/install/tf2_tools:/home/dammr/ros2_humble/install/examples_tf2_py:/home/dammr/ros2_humble/install/tf2_ros_py:/home/dammr/ros2_humble/install/sros2:/home/dammr/ros2_humble/install/rqt_topic:/home/dammr/ros2_humble/install/rqt_srv:/home/dammr/ros2_humble/install/rqt_shell:/home/dammr/ros2_humble/install/rqt_service_caller:/home/dammr/ros2_humble/install/rqt_reconfigure:/home/dammr/ros2_humble/install/rqt_py_console:/home/dammr/ros2_humble/install/rqt_publisher:/home/dammr/ros2_humble/install/rqt_plot:/home/dammr/ros2_humble/install/rqt_action:/home/dammr/ros2_humble/install/rqt_msg:/home/dammr/ros2_humble/install/rqt_console:/home/dammr/ros2_humble/install/rqt:/home/dammr/ros2_humble/install/rqt_graph:/home/dammr/ros2_humble/install/rqt_gui_py:/home/dammr/ros2_humble/install/rqt_gui:/home/dammr/ros2_humble/install/ros2trace:/home/dammr/ros2_humble/install/ros2topic:/home/dammr/ros2_humble/install/ros2test:/home/dammr/ros2_humble/install/ros2component:/home/dammr/ros2_humble/install/ros2param:/home/dammr/ros2_humble/install/ros2lifecycle:/home/dammr/ros2_humble/install/ros2service:/home/dammr/ros2_humble/install/ros2run:/home/dammr/ros2_humble/install/ros2launch:/home/dammr/ros2_humble/install/ros2pkg:/home/dammr/ros2_humble/install/ros2node:/home/dammr/ros2_humble/install/ros2multicast:/home/dammr/ros2_humble/install/ros2interface:/home/dammr/ros2_humble/install/ros2doctor:/home/dammr/ros2_humble/install/ros2action:/home/dammr/ros2_humble/install/ros2cli:/home/dammr/ros2_humble/install/quality_of_service_demo_py:/home/dammr/ros2_humble/install/lifecycle_py:/home/dammr/ros2_humble/install/launch_testing_ros:/home/dammr/ros2_humble/install/launch_ros:/home/dammr/ros2_humble/install/examples_rclpy_pointcloud_publisher:/home/dammr/ros2_humble/install/examples_rclpy_minimal_subscriber:/home/dammr/ros2_humble/install/examples_rclpy_minimal_service:/home/dammr/ros2_humble/install/examples_rclpy_minimal_publisher:/home/dammr/ros2_humble/install/examples_rclpy_minimal_client:/home/dammr/ros2_humble/install/examples_rclpy_minimal_action_server:/home/dammr/ros2_humble/install/examples_rclpy_minimal_action_client:/home/dammr/ros2_humble/install/examples_rclpy_guard_conditions:/home/dammr/ros2_humble/install/examples_rclpy_executors:/home/dammr/ros2_humble/install/demo_nodes_py:/home/dammr/ros2_humble/install/camera_info_manager_py:/home/dammr/ros2_humble/install/action_tutorials_py:/home/dammr/ros2_humble/install/ament_uncrustify:/home/dammr/ros2_humble/install/tracetools_trace:/home/dammr/ros2_humble/install/tracetools_read:/home/dammr/ros2_humble/install/test_tracetools_launch:/home/dammr/ros2_humble/install/test_launch_ros:/home/dammr/ros2_humble/install/sensor_msgs_py:/home/dammr/ros2_humble/install/rpyutils:/home/dammr/ros2_humble/install/rosidl_runtime_py:/home/dammr/ros2_humble/install/rosidl_cli:/home/dammr/ros2_humble/install/launch_pytest:/home/dammr/ros2_humble/install/launch_testing:/home/dammr/ros2_humble/install/launch_yaml:/home/dammr/ros2_humble/install/launch_xml:/home/dammr/ros2_humble/install/launch:/home/dammr/ros2_humble/install/osrf_pycommon:/home/dammr/ros2_humble/install/domain_coordinator:/home/dammr/ros2_humble/install/ament_xmllint:/home/dammr/ros2_humble/install/ament_pyflakes:/home/dammr/ros2_humble/install/ament_pycodestyle:/home/dammr/ros2_humble/install/ament_pep257:/home/dammr/ros2_humble/install/ament_pclint:/home/dammr/ros2_humble/install/ament_package:/home/dammr/ros2_humble/install/ament_mypy:/home/dammr/ros2_humble/install/ament_lint_cmake:/home/dammr/ros2_humble/install/ament_flake8:/home/dammr/ros2_humble/install/ament_copyright:/home/dammr/ros2_humble/install/ament_lint:/home/dammr/ros2_humble/install/ament_index_python:/home/dammr/ros2_humble/install/ament_cpplint:/home/dammr/ros2_humble/install/ament_cppcheck:/home/dammr/ros2_humble/install/ament_clang_tidy:/home/dammr/ros2_humble/install/ament_clang_format /usr/bin/cmake --build /home/dammr/Desktop/UC_SmartFarmRadar/magister_ws/build/radar_msg -- -j12 -l12
[13.831s] DEBUG:colcon.colcon_core.event_handler.log_command:Invoking command in '/home/dammr/Desktop/UC_SmartFarmRadar/magister_ws/build/radar_msg': CMAKE_PREFIX_PATH=${CMAKE_PREFIX_PATH}:/home/dammr/Desktop/UC_SmartFarmRadar/magister_ws/install/radar_package:/home/dammr/Desktop/UC_SmartFarmRadar/magister_ws/install/ptu_controller:/home/dammr/ros2_humble/install/rqt_bag_plugins:/home/dammr/ros2_humble/install/rqt_bag:/home/dammr/ros2_humble/install/launch_testing_examples:/home/dammr/ros2_humble/install/ros2bag:/home/dammr/ros2_humble/install/tracetools_test:/home/dammr/ros2_humble/install/tracetools_launch:/home/dammr/ros2_humble/install/topic_monitor:/home/dammr/ros2_humble/install/tf2_tools:/home/dammr/ros2_humble/install/examples_tf2_py:/home/dammr/ros2_humble/install/tf2_ros_py:/home/dammr/ros2_humble/install/sros2:/home/dammr/ros2_humble/install/rqt_topic:/home/dammr/ros2_humble/install/rqt_srv:/home/dammr/ros2_humble/install/rqt_shell:/home/dammr/ros2_humble/install/rqt_service_caller:/home/dammr/ros2_humble/install/rqt_reconfigure:/home/dammr/ros2_humble/install/rqt_py_console:/home/dammr/ros2_humble/install/rqt_publisher:/home/dammr/ros2_humble/install/rqt_plot:/home/dammr/ros2_humble/install/rqt_action:/home/dammr/ros2_humble/install/rqt_msg:/home/dammr/ros2_humble/install/rqt_console:/home/dammr/ros2_humble/install/rqt:/home/dammr/ros2_humble/install/rqt_graph:/home/dammr/ros2_humble/install/rqt_gui_py:/home/dammr/ros2_humble/install/rqt_gui:/home/dammr/ros2_humble/install/ros2trace:/home/dammr/ros2_humble/install/ros2topic:/home/dammr/ros2_humble/install/ros2test:/home/dammr/ros2_humble/install/ros2component:/home/dammr/ros2_humble/install/ros2param:/home/dammr/ros2_humble/install/ros2lifecycle:/home/dammr/ros2_humble/install/ros2service:/home/dammr/ros2_humble/install/ros2run:/home/dammr/ros2_humble/install/ros2launch:/home/dammr/ros2_humble/install/ros2pkg:/home/dammr/ros2_humble/install/ros2node:/home/dammr/ros2_humble/install/ros2multicast:/home/dammr/ros2_humble/install/ros2interface:/home/dammr/ros2_humble/install/ros2doctor:/home/dammr/ros2_humble/install/ros2action:/home/dammr/ros2_humble/install/ros2cli:/home/dammr/ros2_humble/install/quality_of_service_demo_py:/home/dammr/ros2_humble/install/lifecycle_py:/home/dammr/ros2_humble/install/launch_testing_ros:/home/dammr/ros2_humble/install/launch_ros:/home/dammr/ros2_humble/install/examples_rclpy_pointcloud_publisher:/home/dammr/ros2_humble/install/examples_rclpy_minimal_subscriber:/home/dammr/ros2_humble/install/examples_rclpy_minimal_service:/home/dammr/ros2_humble/install/examples_rclpy_minimal_publisher:/home/dammr/ros2_humble/install/examples_rclpy_minimal_client:/home/dammr/ros2_humble/install/examples_rclpy_minimal_action_server:/home/dammr/ros2_humble/install/examples_rclpy_minimal_action_client:/home/dammr/ros2_humble/install/examples_rclpy_guard_conditions:/home/dammr/ros2_humble/install/examples_rclpy_executors:/home/dammr/ros2_humble/install/demo_nodes_py:/home/dammr/ros2_humble/install/camera_info_manager_py:/home/dammr/ros2_humble/install/action_tutorials_py:/home/dammr/ros2_humble/install/ament_uncrustify:/home/dammr/ros2_humble/install/tracetools_trace:/home/dammr/ros2_humble/install/tracetools_read:/home/dammr/ros2_humble/install/test_tracetools_launch:/home/dammr/ros2_humble/install/test_launch_ros:/home/dammr/ros2_humble/install/sensor_msgs_py:/home/dammr/ros2_humble/install/rpyutils:/home/dammr/ros2_humble/install/rosidl_runtime_py:/home/dammr/ros2_humble/install/rosidl_cli:/home/dammr/ros2_humble/install/launch_pytest:/home/dammr/ros2_humble/install/launch_testing:/home/dammr/ros2_humble/install/launch_yaml:/home/dammr/ros2_humble/install/launch_xml:/home/dammr/ros2_humble/install/launch:/home/dammr/ros2_humble/install/osrf_pycommon:/home/dammr/ros2_humble/install/domain_coordinator:/home/dammr/ros2_humble/install/ament_xmllint:/home/dammr/ros2_humble/install/ament_pyflakes:/home/dammr/ros2_humble/install/ament_pycodestyle:/home/dammr/ros2_humble/install/ament_pep257:/home/dammr/ros2_humble/install/ament_pclint:/home/dammr/ros2_humble/install/ament_package:/home/dammr/ros2_humble/install/ament_mypy:/home/dammr/ros2_humble/install/ament_lint_cmake:/home/dammr/ros2_humble/install/ament_flake8:/home/dammr/ros2_humble/install/ament_copyright:/home/dammr/ros2_humble/install/ament_lint:/home/dammr/ros2_humble/install/ament_index_python:/home/dammr/ros2_humble/install/ament_cpplint:/home/dammr/ros2_humble/install/ament_cppcheck:/home/dammr/ros2_humble/install/ament_clang_tidy:/home/dammr/ros2_humble/install/ament_clang_format /usr/bin/cmake --install /home/dammr/Desktop/UC_SmartFarmRadar/magister_ws/build/radar_msg
[13.981s] Level 1:colcon.colcon_core.environment:create_environment_scripts_only(radar_msg)
[13.982s] Level 1:colcon.colcon_core.environment:checking '/home/dammr/Desktop/UC_SmartFarmRadar/magister_ws/install/radar_msg' for CMake module files
[13.982s] DEBUG:colcon.colcon_core.event_handler.log_command:Invoked command in '/home/dammr/Desktop/UC_SmartFarmRadar/magister_ws/build/radar_msg' returned '0': CMAKE_PREFIX_PATH=${CMAKE_PREFIX_PATH}:/home/dammr/Desktop/UC_SmartFarmRadar/magister_ws/install/radar_package:/home/dammr/Desktop/UC_SmartFarmRadar/magister_ws/install/ptu_controller:/home/dammr/ros2_humble/install/rqt_bag_plugins:/home/dammr/ros2_humble/install/rqt_bag:/home/dammr/ros2_humble/install/launch_testing_examples:/home/dammr/ros2_humble/install/ros2bag:/home/dammr/ros2_humble/install/tracetools_test:/home/dammr/ros2_humble/install/tracetools_launch:/home/dammr/ros2_humble/install/topic_monitor:/home/dammr/ros2_humble/install/tf2_tools:/home/dammr/ros2_humble/install/examples_tf2_py:/home/dammr/ros2_humble/install/tf2_ros_py:/home/dammr/ros2_humble/install/sros2:/home/dammr/ros2_humble/install/rqt_topic:/home/dammr/ros2_humble/install/rqt_srv:/home/dammr/ros2_humble/install/rqt_shell:/home/dammr/ros2_humble/install/rqt_service_caller:/home/dammr/ros2_humble/install/rqt_reconfigure:/home/dammr/ros2_humble/install/rqt_py_console:/home/dammr/ros2_humble/install/rqt_publisher:/home/dammr/ros2_humble/install/rqt_plot:/home/dammr/ros2_humble/install/rqt_action:/home/dammr/ros2_humble/install/rqt_msg:/home/dammr/ros2_humble/install/rqt_console:/home/dammr/ros2_humble/install/rqt:/home/dammr/ros2_humble/install/rqt_graph:/home/dammr/ros2_humble/install/rqt_gui_py:/home/dammr/ros2_humble/install/rqt_gui:/home/dammr/ros2_humble/install/ros2trace:/home/dammr/ros2_humble/install/ros2topic:/home/dammr/ros2_humble/install/ros2test:/home/dammr/ros2_humble/install/ros2component:/home/dammr/ros2_humble/install/ros2param:/home/dammr/ros2_humble/install/ros2lifecycle:/home/dammr/ros2_humble/install/ros2service:/home/dammr/ros2_humble/install/ros2run:/home/dammr/ros2_humble/install/ros2launch:/home/dammr/ros2_humble/install/ros2pkg:/home/dammr/ros2_humble/install/ros2node:/home/dammr/ros2_humble/install/ros2multicast:/home/dammr/ros2_humble/install/ros2interface:/home/dammr/ros2_humble/install/ros2doctor:/home/dammr/ros2_humble/install/ros2action:/home/dammr/ros2_humble/install/ros2cli:/home/dammr/ros2_humble/install/quality_of_service_demo_py:/home/dammr/ros2_humble/install/lifecycle_py:/home/dammr/ros2_humble/install/launch_testing_ros:/home/dammr/ros2_humble/install/launch_ros:/home/dammr/ros2_humble/install/examples_rclpy_pointcloud_publisher:/home/dammr/ros2_humble/install/examples_rclpy_minimal_subscriber:/home/dammr/ros2_humble/install/examples_rclpy_minimal_service:/home/dammr/ros2_humble/install/examples_rclpy_minimal_publisher:/home/dammr/ros2_humble/install/examples_rclpy_minimal_client:/home/dammr/ros2_humble/install/examples_rclpy_minimal_action_server:/home/dammr/ros2_humble/install/examples_rclpy_minimal_action_client:/home/dammr/ros2_humble/install/examples_rclpy_guard_conditions:/home/dammr/ros2_humble/install/examples_rclpy_executors:/home/dammr/ros2_humble/install/demo_nodes_py:/home/dammr/ros2_humble/install/camera_info_manager_py:/home/dammr/ros2_humble/install/action_tutorials_py:/home/dammr/ros2_humble/install/ament_uncrustify:/home/dammr/ros2_humble/install/tracetools_trace:/home/dammr/ros2_humble/install/tracetools_read:/home/dammr/ros2_humble/install/test_tracetools_launch:/home/dammr/ros2_humble/install/test_launch_ros:/home/dammr/ros2_humble/install/sensor_msgs_py:/home/dammr/ros2_humble/install/rpyutils:/home/dammr/ros2_humble/install/rosidl_runtime_py:/home/dammr/ros2_humble/install/rosidl_cli:/home/dammr/ros2_humble/install/launch_pytest:/home/dammr/ros2_humble/install/launch_testing:/home/dammr/ros2_humble/install/launch_yaml:/home/dammr/ros2_humble/install/launch_xml:/home/dammr/ros2_humble/install/launch:/home/dammr/ros2_humble/install/osrf_pycommon:/home/dammr/ros2_humble/install/domain_coordinator:/home/dammr/ros2_humble/install/ament_xmllint:/home/dammr/ros2_humble/install/ament_pyflakes:/home/dammr/ros2_humble/install/ament_pycodestyle:/home/dammr/ros2_humble/install/ament_pep257:/home/dammr/ros2_humble/install/ament_pclint:/home/dammr/ros2_humble/install/ament_package:/home/dammr/ros2_humble/install/ament_mypy:/home/dammr/ros2_humble/install/ament_lint_cmake:/home/dammr/ros2_humble/install/ament_flake8:/home/dammr/ros2_humble/install/ament_copyright:/home/dammr/ros2_humble/install/ament_lint:/home/dammr/ros2_humble/install/ament_index_python:/home/dammr/ros2_humble/install/ament_cpplint:/home/dammr/ros2_humble/install/ament_cppcheck:/home/dammr/ros2_humble/install/ament_clang_tidy:/home/dammr/ros2_humble/install/ament_clang_format /usr/bin/cmake --install /home/dammr/Desktop/UC_SmartFarmRadar/magister_ws/build/radar_msg
[13.983s] Level 1:colcon.colcon_core.environment:checking '/home/dammr/Desktop/UC_SmartFarmRadar/magister_ws/install/radar_msg' for CMake config files
[13.983s] Level 1:colcon.colcon_core.shell:create_environment_hook('radar_msg', 'cmake_prefix_path')
[13.983s] INFO:colcon.colcon_core.shell:Creating environment hook '/home/dammr/Desktop/UC_SmartFarmRadar/magister_ws/install/radar_msg/share/radar_msg/hook/cmake_prefix_path.ps1'
[13.984s] INFO:colcon.colcon_core.shell:Creating environment descriptor '/home/dammr/Desktop/UC_SmartFarmRadar/magister_ws/install/radar_msg/share/radar_msg/hook/cmake_prefix_path.dsv'
[13.984s] INFO:colcon.colcon_core.shell:Creating environment hook '/home/dammr/Desktop/UC_SmartFarmRadar/magister_ws/install/radar_msg/share/radar_msg/hook/cmake_prefix_path.sh'
[13.984s] Level 1:colcon.colcon_core.environment:checking '/home/dammr/Desktop/UC_SmartFarmRadar/magister_ws/install/radar_msg/lib'
[13.984s] Level 1:colcon.colcon_core.shell:create_environment_hook('radar_msg', 'ld_library_path_lib')
[13.985s] INFO:colcon.colcon_core.shell:Creating environment hook '/home/dammr/Desktop/UC_SmartFarmRadar/magister_ws/install/radar_msg/share/radar_msg/hook/ld_library_path_lib.ps1'
[13.985s] INFO:colcon.colcon_core.shell:Creating environment descriptor '/home/dammr/Desktop/UC_SmartFarmRadar/magister_ws/install/radar_msg/share/radar_msg/hook/ld_library_path_lib.dsv'
[13.985s] INFO:colcon.colcon_core.shell:Creating environment hook '/home/dammr/Desktop/UC_SmartFarmRadar/magister_ws/install/radar_msg/share/radar_msg/hook/ld_library_path_lib.sh'
[13.985s] Level 1:colcon.colcon_core.environment:checking '/home/dammr/Desktop/UC_SmartFarmRadar/magister_ws/install/radar_msg/bin'
[13.985s] Level 1:colcon.colcon_core.environment:checking '/home/dammr/Desktop/UC_SmartFarmRadar/magister_ws/install/radar_msg/lib/pkgconfig/radar_msg.pc'
[13.985s] Level 1:colcon.colcon_core.environment:checking '/home/dammr/Desktop/UC_SmartFarmRadar/magister_ws/install/radar_msg/lib/python3.10/site-packages'
[13.985s] Level 1:colcon.colcon_core.environment:checking '/home/dammr/Desktop/UC_SmartFarmRadar/magister_ws/install/radar_msg/bin'
[13.986s] INFO:colcon.colcon_core.shell:Creating package script '/home/dammr/Desktop/UC_SmartFarmRadar/magister_ws/install/radar_msg/share/radar_msg/package.ps1'
[13.986s] INFO:colcon.colcon_core.shell:Creating package descriptor '/home/dammr/Desktop/UC_SmartFarmRadar/magister_ws/install/radar_msg/share/radar_msg/package.dsv'
[13.986s] INFO:colcon.colcon_core.shell:Creating package script '/home/dammr/Desktop/UC_SmartFarmRadar/magister_ws/install/radar_msg/share/radar_msg/package.sh'
[13.987s] INFO:colcon.colcon_core.shell:Creating package script '/home/dammr/Desktop/UC_SmartFarmRadar/magister_ws/install/radar_msg/share/radar_msg/package.bash'
[13.987s] INFO:colcon.colcon_core.shell:Creating package script '/home/dammr/Desktop/UC_SmartFarmRadar/magister_ws/install/radar_msg/share/radar_msg/package.zsh'
[13.987s] Level 1:colcon.colcon_core.environment:create_file_with_runtime_dependencies(/home/dammr/Desktop/UC_SmartFarmRadar/magister_ws/install/radar_msg/share/colcon-core/packages/radar_msg)
[13.987s] Level 1:colcon.colcon_core.environment:create_environment_scripts_only(radar_msg)
[13.987s] Level 1:colcon.colcon_core.environment:checking '/home/dammr/Desktop/UC_SmartFarmRadar/magister_ws/install/radar_msg' for CMake module files
[13.988s] Level 1:colcon.colcon_core.environment:checking '/home/dammr/Desktop/UC_SmartFarmRadar/magister_ws/install/radar_msg' for CMake config files
[13.988s] Level 1:colcon.colcon_core.shell:create_environment_hook('radar_msg', 'cmake_prefix_path')
[13.988s] INFO:colcon.colcon_core.shell:Creating environment hook '/home/dammr/Desktop/UC_SmartFarmRadar/magister_ws/install/radar_msg/share/radar_msg/hook/cmake_prefix_path.ps1'
[13.989s] INFO:colcon.colcon_core.shell:Creating environment descriptor '/home/dammr/Desktop/UC_SmartFarmRadar/magister_ws/install/radar_msg/share/radar_msg/hook/cmake_prefix_path.dsv'
[13.989s] INFO:colcon.colcon_core.shell:Creating environment hook '/home/dammr/Desktop/UC_SmartFarmRadar/magister_ws/install/radar_msg/share/radar_msg/hook/cmake_prefix_path.sh'
[13.989s] Level 1:colcon.colcon_core.environment:checking '/home/dammr/Desktop/UC_SmartFarmRadar/magister_ws/install/radar_msg/lib'
[13.989s] Level 1:colcon.colcon_core.shell:create_environment_hook('radar_msg', 'ld_library_path_lib')
[13.989s] INFO:colcon.colcon_core.shell:Creating environment hook '/home/dammr/Desktop/UC_SmartFarmRadar/magister_ws/install/radar_msg/share/radar_msg/hook/ld_library_path_lib.ps1'
[13.990s] INFO:colcon.colcon_core.shell:Creating environment descriptor '/home/dammr/Desktop/UC_SmartFarmRadar/magister_ws/install/radar_msg/share/radar_msg/hook/ld_library_path_lib.dsv'
[13.990s] INFO:colcon.colcon_core.shell:Creating environment hook '/home/dammr/Desktop/UC_SmartFarmRadar/magister_ws/install/radar_msg/share/radar_msg/hook/ld_library_path_lib.sh'
[13.990s] Level 1:colcon.colcon_core.environment:checking '/home/dammr/Desktop/UC_SmartFarmRadar/magister_ws/install/radar_msg/bin'
[13.990s] Level 1:colcon.colcon_core.environment:checking '/home/dammr/Desktop/UC_SmartFarmRadar/magister_ws/install/radar_msg/lib/pkgconfig/radar_msg.pc'
[13.990s] Level 1:colcon.colcon_core.environment:checking '/home/dammr/Desktop/UC_SmartFarmRadar/magister_ws/install/radar_msg/lib/python3.10/site-packages'
[13.991s] Level 1:colcon.colcon_core.environment:checking '/home/dammr/Desktop/UC_SmartFarmRadar/magister_ws/install/radar_msg/bin'
[13.991s] INFO:colcon.colcon_core.shell:Creating package script '/home/dammr/Desktop/UC_SmartFarmRadar/magister_ws/install/radar_msg/share/radar_msg/package.ps1'
[13.991s] INFO:colcon.colcon_core.shell:Creating package descriptor '/home/dammr/Desktop/UC_SmartFarmRadar/magister_ws/install/radar_msg/share/radar_msg/package.dsv'
[13.991s] INFO:colcon.colcon_core.shell:Creating package script '/home/dammr/Desktop/UC_SmartFarmRadar/magister_ws/install/radar_msg/share/radar_msg/package.sh'
[13.992s] INFO:colcon.colcon_core.shell:Creating package script '/home/dammr/Desktop/UC_SmartFarmRadar/magister_ws/install/radar_msg/share/radar_msg/package.bash'
[13.992s] INFO:colcon.colcon_core.shell:Creating package script '/home/dammr/Desktop/UC_SmartFarmRadar/magister_ws/install/radar_msg/share/radar_msg/package.zsh'
[13.992s] Level 1:colcon.colcon_core.environment:create_file_with_runtime_dependencies(/home/dammr/Desktop/UC_SmartFarmRadar/magister_ws/install/radar_msg/share/colcon-core/packages/radar_msg)
[13.992s] INFO:colcon.colcon_ros.task.ament_python.build:Building ROS package in '/home/dammr/Desktop/UC_SmartFarmRadar/magister_ws/src/radar_package' with build type 'ament_python'
[13.993s] Level 1:colcon.colcon_core.shell:create_environment_hook('radar_package', 'ament_prefix_path')
[13.993s] INFO:colcon.colcon_core.shell:Creating environment hook '/home/dammr/Desktop/UC_SmartFarmRadar/magister_ws/install/radar_package/share/radar_package/hook/ament_prefix_path.ps1'
[13.993s] INFO:colcon.colcon_core.shell:Creating environment descriptor '/home/dammr/Desktop/UC_SmartFarmRadar/magister_ws/install/radar_package/share/radar_package/hook/ament_prefix_path.dsv'
[13.994s] INFO:colcon.colcon_core.shell:Creating environment hook '/home/dammr/Desktop/UC_SmartFarmRadar/magister_ws/install/radar_package/share/radar_package/hook/ament_prefix_path.sh'
[13.994s] INFO:colcon.colcon_core.shell:Skip shell extension 'powershell' for command environment: Not usable outside of PowerShell
[13.994s] DEBUG:colcon.colcon_core.shell:Skip shell extension 'dsv' for command environment
[14.383s] INFO:colcon.colcon_core.task.python.build:Building Python package in '/home/dammr/Desktop/UC_SmartFarmRadar/magister_ws/src/radar_package'
[14.383s] INFO:colcon.colcon_core.shell:Skip shell extension 'powershell' for command environment: Not usable outside of PowerShell
[14.383s] DEBUG:colcon.colcon_core.shell:Skip shell extension 'dsv' for command environment
[14.885s] DEBUG:colcon.colcon_core.event_handler.log_command:Invoking command in '/home/dammr/Desktop/UC_SmartFarmRadar/magister_ws/src/radar_package': PYTHONPATH=/home/dammr/Desktop/UC_SmartFarmRadar/magister_ws/build/radar_package/prefix_override:/usr/lib/python3/dist-packages/colcon_core/task/python/colcon_distutils_commands:/home/dammr/Desktop/UC_SmartFarmRadar/magister_ws/install/radar_package/lib/python3.10/site-packages:${PYTHONPATH} /usr/bin/python3 -W ignore:setup.py install is deprecated -W ignore:easy_install command is deprecated setup.py egg_info --egg-base ../../build/radar_package build --build-base /home/dammr/Desktop/UC_SmartFarmRadar/magister_ws/build/radar_package/build install --record /home/dammr/Desktop/UC_SmartFarmRadar/magister_ws/build/radar_package/install.log --single-version-externally-managed install_data
[15.282s] Level 1:colcon.colcon_core.environment:checking '/home/dammr/Desktop/UC_SmartFarmRadar/magister_ws/install/radar_package' for CMake module files
[15.283s] DEBUG:colcon.colcon_core.event_handler.log_command:Invoked command in '/home/dammr/Desktop/UC_SmartFarmRadar/magister_ws/src/radar_package' returned '0': PYTHONPATH=/home/dammr/Desktop/UC_SmartFarmRadar/magister_ws/build/radar_package/prefix_override:/usr/lib/python3/dist-packages/colcon_core/task/python/colcon_distutils_commands:/home/dammr/Desktop/UC_SmartFarmRadar/magister_ws/install/radar_package/lib/python3.10/site-packages:${PYTHONPATH} /usr/bin/python3 -W ignore:setup.py install is deprecated -W ignore:easy_install command is deprecated setup.py egg_info --egg-base ../../build/radar_package build --build-base /home/dammr/Desktop/UC_SmartFarmRadar/magister_ws/build/radar_package/build install --record /home/dammr/Desktop/UC_SmartFarmRadar/magister_ws/build/radar_package/install.log --single-version-externally-managed install_data
[15.283s] Level 1:colcon.colcon_core.environment:checking '/home/dammr/Desktop/UC_SmartFarmRadar/magister_ws/install/radar_package' for CMake config files
[15.283s] Level 1:colcon.colcon_core.environment:checking '/home/dammr/Desktop/UC_SmartFarmRadar/magister_ws/install/radar_package/lib'
[15.284s] Level 1:colcon.colcon_core.environment:checking '/home/dammr/Desktop/UC_SmartFarmRadar/magister_ws/install/radar_package/bin'
[15.284s] Level 1:colcon.colcon_core.environment:checking '/home/dammr/Desktop/UC_SmartFarmRadar/magister_ws/install/radar_package/lib/pkgconfig/radar_package.pc'
[15.284s] Level 1:colcon.colcon_core.environment:checking '/home/dammr/Desktop/UC_SmartFarmRadar/magister_ws/install/radar_package/lib/python3.10/site-packages'
[15.284s] Level 1:colcon.colcon_core.shell:create_environment_hook('radar_package', 'pythonpath')
[15.284s] INFO:colcon.colcon_core.shell:Creating environment hook '/home/dammr/Desktop/UC_SmartFarmRadar/magister_ws/install/radar_package/share/radar_package/hook/pythonpath.ps1'
[15.284s] INFO:colcon.colcon_core.shell:Creating environment descriptor '/home/dammr/Desktop/UC_SmartFarmRadar/magister_ws/install/radar_package/share/radar_package/hook/pythonpath.dsv'
[15.284s] INFO:colcon.colcon_core.shell:Creating environment hook '/home/dammr/Desktop/UC_SmartFarmRadar/magister_ws/install/radar_package/share/radar_package/hook/pythonpath.sh'
[15.285s] Level 1:colcon.colcon_core.environment:checking '/home/dammr/Desktop/UC_SmartFarmRadar/magister_ws/install/radar_package/bin'
[15.285s] Level 1:colcon.colcon_core.environment:create_environment_scripts_only(radar_package)
[15.285s] INFO:colcon.colcon_core.shell:Creating package script '/home/dammr/Desktop/UC_SmartFarmRadar/magister_ws/install/radar_package/share/radar_package/package.ps1'
[15.285s] INFO:colcon.colcon_core.shell:Creating package descriptor '/home/dammr/Desktop/UC_SmartFarmRadar/magister_ws/install/radar_package/share/radar_package/package.dsv'
[15.286s] INFO:colcon.colcon_core.shell:Creating package script '/home/dammr/Desktop/UC_SmartFarmRadar/magister_ws/install/radar_package/share/radar_package/package.sh'
[15.286s] INFO:colcon.colcon_core.shell:Creating package script '/home/dammr/Desktop/UC_SmartFarmRadar/magister_ws/install/radar_package/share/radar_package/package.bash'
[15.286s] INFO:colcon.colcon_core.shell:Creating package script '/home/dammr/Desktop/UC_SmartFarmRadar/magister_ws/install/radar_package/share/radar_package/package.zsh'
[15.286s] Level 1:colcon.colcon_core.environment:create_file_with_runtime_dependencies(/home/dammr/Desktop/UC_SmartFarmRadar/magister_ws/install/radar_package/share/colcon-core/packages/radar_package)
[15.286s] DEBUG:colcon.colcon_parallel_executor.executor.parallel:closing loop
[15.287s] DEBUG:colcon.colcon_parallel_executor.executor.parallel:loop closed
[15.287s] DEBUG:colcon.colcon_parallel_executor.executor.parallel:run_until_complete finished with '0'
[15.287s] DEBUG:colcon.colcon_core.event_reactor:joining thread
[15.296s] INFO:colcon.colcon_core.plugin_system:Skipping extension 'colcon_notification.desktop_notification.terminal_notifier': Not used on non-Darwin systems
[15.296s] INFO:colcon.colcon_core.plugin_system:Skipping extension 'colcon_notification.desktop_notification.win32': Not used on non-Windows systems
[15.296s] INFO:colcon.colcon_notification.desktop_notification:Sending desktop notification using 'notify2'
[15.305s] DEBUG:colcon.colcon_core.event_reactor:joined thread
[15.306s] INFO:colcon.colcon_core.shell:Creating prefix script '/home/dammr/Desktop/UC_SmartFarmRadar/magister_ws/install/local_setup.ps1'
[15.307s] INFO:colcon.colcon_core.shell:Creating prefix util module '/home/dammr/Desktop/UC_SmartFarmRadar/magister_ws/install/_local_setup_util_ps1.py'
[15.308s] INFO:colcon.colcon_core.shell:Creating prefix chain script '/home/dammr/Desktop/UC_SmartFarmRadar/magister_ws/install/setup.ps1'
[15.318s] INFO:colcon.colcon_core.shell:Creating prefix script '/home/dammr/Desktop/UC_SmartFarmRadar/magister_ws/install/local_setup.sh'
[15.318s] INFO:colcon.colcon_core.shell:Creating prefix util module '/home/dammr/Desktop/UC_SmartFarmRadar/magister_ws/install/_local_setup_util_sh.py'
[15.318s] INFO:colcon.colcon_core.shell:Creating prefix chain script '/home/dammr/Desktop/UC_SmartFarmRadar/magister_ws/install/setup.sh'
[15.328s] INFO:colcon.colcon_core.shell:Creating prefix script '/home/dammr/Desktop/UC_SmartFarmRadar/magister_ws/install/local_setup.bash'
[15.329s] INFO:colcon.colcon_core.shell:Creating prefix chain script '/home/dammr/Desktop/UC_SmartFarmRadar/magister_ws/install/setup.bash'
[15.339s] INFO:colcon.colcon_core.shell:Creating prefix script '/home/dammr/Desktop/UC_SmartFarmRadar/magister_ws/install/local_setup.zsh'
[15.339s] INFO:colcon.colcon_core.shell:Creating prefix chain script '/home/dammr/Desktop/UC_SmartFarmRadar/magister_ws/install/setup.zsh'
