[0.925s] Invoking command in '/home/dammr/Desktop/UC_SmartFarmRadar/magister_ws/src/radar_package': PYTHONPATH=/home/dammr/Desktop/UC_SmartFarmRadar/magister_ws/build/radar_package/prefix_override:/usr/lib/python3/dist-packages/colcon_core/task/python/colcon_distutils_commands:/home/dammr/Desktop/UC_SmartFarmRadar/magister_ws/install/radar_package/lib/python3.10/site-packages:${PYTHONPATH} /usr/bin/python3 -W ignore:setup.py install is deprecated -W ignore:easy_install command is deprecated setup.py egg_info --egg-base ../../build/radar_package build --build-base /home/dammr/Desktop/UC_SmartFarmRadar/magister_ws/build/radar_package/build install --record /home/dammr/Desktop/UC_SmartFarmRadar/magister_ws/build/radar_package/install.log --single-version-externally-managed install_data
[1.274s] running egg_info
[1.274s] writing ../../build/radar_package/radar_package.egg-info/PKG-INFO
[1.274s] writing dependency_links to ../../build/radar_package/radar_package.egg-info/dependency_links.txt
[1.274s] writing entry points to ../../build/radar_package/radar_package.egg-info/entry_points.txt
[1.274s] writing requirements to ../../build/radar_package/radar_package.egg-info/requires.txt
[1.274s] writing top-level names to ../../build/radar_package/radar_package.egg-info/top_level.txt
[1.275s] reading manifest file '../../build/radar_package/radar_package.egg-info/SOURCES.txt'
[1.276s] writing manifest file '../../build/radar_package/radar_package.egg-info/SOURCES.txt'
[1.276s] running build
[1.276s] running build_py
[1.276s] running install
[1.277s] running install_lib
[1.279s] running install_data
[1.279s] running install_egg_info
[1.281s] removing '/home/dammr/Desktop/UC_SmartFarmRadar/magister_ws/install/radar_package/lib/python3.10/site-packages/radar_package-0.0.0-py3.10.egg-info' (and everything under it)
[1.282s] Copying ../../build/radar_package/radar_package.egg-info to /home/dammr/Desktop/UC_SmartFarmRadar/magister_ws/install/radar_package/lib/python3.10/site-packages/radar_package-0.0.0-py3.10.egg-info
[1.282s] running install_scripts
[1.311s] Installing process_data script to /home/dammr/Desktop/UC_SmartFarmRadar/magister_ws/install/radar_package/lib/radar_package
[1.311s] Installing radar_node script to /home/dammr/Desktop/UC_SmartFarmRadar/magister_ws/install/radar_package/lib/radar_package
[1.312s] writing list of installed files to '/home/dammr/Desktop/UC_SmartFarmRadar/magister_ws/build/radar_package/install.log'
[1.330s] Invoked command in '/home/dammr/Desktop/UC_SmartFarmRadar/magister_ws/src/radar_package' returned '0': PYTHONPATH=/home/dammr/Desktop/UC_SmartFarmRadar/magister_ws/build/radar_package/prefix_override:/usr/lib/python3/dist-packages/colcon_core/task/python/colcon_distutils_commands:/home/dammr/Desktop/UC_SmartFarmRadar/magister_ws/install/radar_package/lib/python3.10/site-packages:${PYTHONPATH} /usr/bin/python3 -W ignore:setup.py install is deprecated -W ignore:easy_install command is deprecated setup.py egg_info --egg-base ../../build/radar_package build --build-base /home/dammr/Desktop/UC_SmartFarmRadar/magister_ws/build/radar_package/build install --record /home/dammr/Desktop/UC_SmartFarmRadar/magister_ws/build/radar_package/install.log --single-version-externally-managed install_data
