[0.269s] DEBUG:colcon:Command line arguments: ['/usr/bin/colcon', 'build', '--packages-select', 'ptu_controller']
[0.269s] DEBUG:colcon:Parsed command line arguments: Namespace(log_base=None, log_level=None, verb_name='build', build_base='build', install_base='install', merge_install=False, symlink_install=False, test_result_base=None, continue_on_error=False, executor='parallel', parallel_workers=12, event_handlers=None, ignore_user_meta=False, metas=['./colcon.meta'], base_paths=['.'], packages_ignore=None, packages_ignore_regex=None, paths=None, packages_up_to=None, packages_up_to_regex=None, packages_above=None, packages_above_and_dependencies=None, packages_above_depth=None, packages_select_by_dep=None, packages_skip_by_dep=None, packages_skip_up_to=None, packages_select_build_failed=False, packages_skip_build_finished=False, packages_select_test_failures=False, packages_skip_test_passed=False, packages_select=['ptu_controller'], packages_skip=None, packages_select_regex=None, packages_skip_regex=None, packages_start=None, packages_end=None, allow_overriding=[], cmake_args=None, cmake_target=None, cmake_target_skip_unavailable=False, cmake_clean_cache=False, cmake_clean_first=False, cmake_force_configure=False, ament_cmake_args=None, catkin_cmake_args=None, catkin_skip_building_tests=False, mixin_files=None, mixin=None, verb_parser=<colcon_mixin.mixin.mixin_argument.MixinArgumentDecorator object at 0x7b7a19378f70>, verb_extension=<colcon_core.verb.build.BuildVerb object at 0x7b7a193068c0>, main=<bound method BuildVerb.main of <colcon_core.verb.build.BuildVerb object at 0x7b7a193068c0>>, mixin_verb=('build',))
[0.365s] Level 1:colcon.colcon_core.package_discovery:discover_packages(colcon_meta) check parameters
[0.365s] Level 1:colcon.colcon_core.package_discovery:discover_packages(recursive) check parameters
[0.365s] Level 1:colcon.colcon_core.package_discovery:discover_packages(ignore) check parameters
[0.365s] Level 1:colcon.colcon_core.package_discovery:discover_packages(path) check parameters
[0.365s] Level 1:colcon.colcon_core.package_discovery:discover_packages(colcon_meta) discover
[0.365s] Level 1:colcon.colcon_core.package_discovery:discover_packages(recursive) discover
[0.365s] INFO:colcon.colcon_core.package_discovery:Crawling recursively for packages in '/home/diego/Desktop/magister/UC_SmartFarmRadar/magister_ws'
[0.365s] Level 1:colcon.colcon_core.package_identification:_identify(.) by extensions ['ignore', 'ignore_ament_install']
[0.366s] Level 1:colcon.colcon_core.package_identification:_identify(.) by extension 'ignore'
[0.366s] Level 1:colcon.colcon_core.package_identification:_identify(.) by extension 'ignore_ament_install'
[0.366s] Level 1:colcon.colcon_core.package_identification:_identify(.) by extensions ['colcon_pkg']
[0.366s] Level 1:colcon.colcon_core.package_identification:_identify(.) by extension 'colcon_pkg'
[0.366s] Level 1:colcon.colcon_core.package_identification:_identify(.) by extensions ['colcon_meta']
[0.366s] Level 1:colcon.colcon_core.package_identification:_identify(.) by extension 'colcon_meta'
[0.366s] Level 1:colcon.colcon_core.package_identification:_identify(.) by extensions ['ros']
[0.366s] Level 1:colcon.colcon_core.package_identification:_identify(.) by extension 'ros'
[0.387s] Level 1:colcon.colcon_core.package_identification:_identify(.) by extensions ['cmake', 'python']
[0.387s] Level 1:colcon.colcon_core.package_identification:_identify(.) by extension 'cmake'
[0.387s] Level 1:colcon.colcon_core.package_identification:_identify(.) by extension 'python'
[0.387s] Level 1:colcon.colcon_core.package_identification:_identify(.) by extensions ['python_setup_py']
[0.387s] Level 1:colcon.colcon_core.package_identification:_identify(.) by extension 'python_setup_py'
[0.387s] Level 1:colcon.colcon_core.package_identification:_identify(build) by extensions ['ignore', 'ignore_ament_install']
[0.387s] Level 1:colcon.colcon_core.package_identification:_identify(build) by extension 'ignore'
[0.387s] Level 1:colcon.colcon_core.package_identification:_identify(build) ignored
[0.387s] Level 1:colcon.colcon_core.package_identification:_identify(install) by extensions ['ignore', 'ignore_ament_install']
[0.388s] Level 1:colcon.colcon_core.package_identification:_identify(install) by extension 'ignore'
[0.388s] Level 1:colcon.colcon_core.package_identification:_identify(install) ignored
[0.388s] Level 1:colcon.colcon_core.package_identification:_identify(log) by extensions ['ignore', 'ignore_ament_install']
[0.388s] Level 1:colcon.colcon_core.package_identification:_identify(log) by extension 'ignore'
[0.388s] Level 1:colcon.colcon_core.package_identification:_identify(log) ignored
[0.388s] Level 1:colcon.colcon_core.package_identification:_identify(src) by extensions ['ignore', 'ignore_ament_install']
[0.388s] Level 1:colcon.colcon_core.package_identification:_identify(src) by extension 'ignore'
[0.388s] Level 1:colcon.colcon_core.package_identification:_identify(src) by extension 'ignore_ament_install'
[0.388s] Level 1:colcon.colcon_core.package_identification:_identify(src) by extensions ['colcon_pkg']
[0.388s] Level 1:colcon.colcon_core.package_identification:_identify(src) by extension 'colcon_pkg'
[0.388s] Level 1:colcon.colcon_core.package_identification:_identify(src) by extensions ['colcon_meta']
[0.388s] Level 1:colcon.colcon_core.package_identification:_identify(src) by extension 'colcon_meta'
[0.388s] Level 1:colcon.colcon_core.package_identification:_identify(src) by extensions ['ros']
[0.388s] Level 1:colcon.colcon_core.package_identification:_identify(src) by extension 'ros'
[0.388s] Level 1:colcon.colcon_core.package_identification:_identify(src) by extensions ['cmake', 'python']
[0.389s] Level 1:colcon.colcon_core.package_identification:_identify(src) by extension 'cmake'
[0.389s] Level 1:colcon.colcon_core.package_identification:_identify(src) by extension 'python'
[0.389s] Level 1:colcon.colcon_core.package_identification:_identify(src) by extensions ['python_setup_py']
[0.389s] Level 1:colcon.colcon_core.package_identification:_identify(src) by extension 'python_setup_py'
[0.389s] Level 1:colcon.colcon_core.package_identification:_identify(src/ptu_controller) by extensions ['ignore', 'ignore_ament_install']
[0.389s] Level 1:colcon.colcon_core.package_identification:_identify(src/ptu_controller) by extension 'ignore'
[0.389s] Level 1:colcon.colcon_core.package_identification:_identify(src/ptu_controller) by extension 'ignore_ament_install'
[0.389s] Level 1:colcon.colcon_core.package_identification:_identify(src/ptu_controller) by extensions ['colcon_pkg']
[0.389s] Level 1:colcon.colcon_core.package_identification:_identify(src/ptu_controller) by extension 'colcon_pkg'
[0.389s] Level 1:colcon.colcon_core.package_identification:_identify(src/ptu_controller) by extensions ['colcon_meta']
[0.389s] Level 1:colcon.colcon_core.package_identification:_identify(src/ptu_controller) by extension 'colcon_meta'
[0.389s] Level 1:colcon.colcon_core.package_identification:_identify(src/ptu_controller) by extensions ['ros']
[0.389s] Level 1:colcon.colcon_core.package_identification:_identify(src/ptu_controller) by extension 'ros'
[0.392s] DEBUG:colcon.colcon_core.package_identification:Package 'src/ptu_controller' with type 'ros.ament_python' and name 'ptu_controller'
[0.392s] Level 1:colcon.colcon_core.package_identification:_identify(src/radar_msg) by extensions ['ignore', 'ignore_ament_install']
[0.392s] Level 1:colcon.colcon_core.package_identification:_identify(src/radar_msg) by extension 'ignore'
[0.392s] Level 1:colcon.colcon_core.package_identification:_identify(src/radar_msg) by extension 'ignore_ament_install'
[0.392s] Level 1:colcon.colcon_core.package_identification:_identify(src/radar_msg) by extensions ['colcon_pkg']
[0.393s] Level 1:colcon.colcon_core.package_identification:_identify(src/radar_msg) by extension 'colcon_pkg'
[0.393s] Level 1:colcon.colcon_core.package_identification:_identify(src/radar_msg) by extensions ['colcon_meta']
[0.393s] Level 1:colcon.colcon_core.package_identification:_identify(src/radar_msg) by extension 'colcon_meta'
[0.393s] Level 1:colcon.colcon_core.package_identification:_identify(src/radar_msg) by extensions ['ros']
[0.393s] Level 1:colcon.colcon_core.package_identification:_identify(src/radar_msg) by extension 'ros'
[0.394s] DEBUG:colcon.colcon_core.package_identification:Package 'src/radar_msg' with type 'ros.ament_cmake' and name 'radar_msg'
[0.394s] Level 1:colcon.colcon_core.package_identification:_identify(src/radar_package) by extensions ['ignore', 'ignore_ament_install']
[0.394s] Level 1:colcon.colcon_core.package_identification:_identify(src/radar_package) by extension 'ignore'
[0.394s] Level 1:colcon.colcon_core.package_identification:_identify(src/radar_package) by extension 'ignore_ament_install'
[0.394s] Level 1:colcon.colcon_core.package_identification:_identify(src/radar_package) by extensions ['colcon_pkg']
[0.394s] Level 1:colcon.colcon_core.package_identification:_identify(src/radar_package) by extension 'colcon_pkg'
[0.394s] Level 1:colcon.colcon_core.package_identification:_identify(src/radar_package) by extensions ['colcon_meta']
[0.394s] Level 1:colcon.colcon_core.package_identification:_identify(src/radar_package) by extension 'colcon_meta'
[0.394s] Level 1:colcon.colcon_core.package_identification:_identify(src/radar_package) by extensions ['ros']
[0.394s] Level 1:colcon.colcon_core.package_identification:_identify(src/radar_package) by extension 'ros'
[0.395s] DEBUG:colcon.colcon_core.package_identification:Package 'src/radar_package' with type 'ros.ament_python' and name 'radar_package'
[0.395s] Level 1:colcon.colcon_core.package_discovery:discover_packages(recursive) using defaults
[0.395s] Level 1:colcon.colcon_core.package_discovery:discover_packages(ignore) discover
[0.395s] Level 1:colcon.colcon_core.package_discovery:discover_packages(ignore) using defaults
[0.395s] Level 1:colcon.colcon_core.package_discovery:discover_packages(path) discover
[0.395s] Level 1:colcon.colcon_core.package_discovery:discover_packages(path) using defaults
[0.459s] INFO:colcon.colcon_core.package_selection:Skipping not selected package 'radar_msg' in 'src/radar_msg'
[0.459s] INFO:colcon.colcon_core.package_selection:Skipping not selected package 'radar_package' in 'src/radar_package'
[0.460s] Level 1:colcon.colcon_core.package_discovery:discover_packages(prefix_path) check parameters
[0.460s] Level 1:colcon.colcon_core.package_discovery:discover_packages(prefix_path) discover
[0.487s] DEBUG:colcon.colcon_installed_package_information.package_discovery:Found 346 installed packages in /home/diego/ros2_humble/install
[0.489s] Level 1:colcon.colcon_core.package_discovery:discover_packages(prefix_path) using defaults
[0.761s] Level 5:colcon.colcon_core.verb:set package 'ptu_controller' build argument 'cmake_args' from command line to 'None'
[0.761s] Level 5:colcon.colcon_core.verb:set package 'ptu_controller' build argument 'cmake_target' from command line to 'None'
[0.761s] Level 5:colcon.colcon_core.verb:set package 'ptu_controller' build argument 'cmake_target_skip_unavailable' from command line to 'False'
[0.761s] Level 5:colcon.colcon_core.verb:set package 'ptu_controller' build argument 'cmake_clean_cache' from command line to 'False'
[0.761s] Level 5:colcon.colcon_core.verb:set package 'ptu_controller' build argument 'cmake_clean_first' from command line to 'False'
[0.761s] Level 5:colcon.colcon_core.verb:set package 'ptu_controller' build argument 'cmake_force_configure' from command line to 'False'
[0.761s] Level 5:colcon.colcon_core.verb:set package 'ptu_controller' build argument 'ament_cmake_args' from command line to 'None'
[0.761s] Level 5:colcon.colcon_core.verb:set package 'ptu_controller' build argument 'catkin_cmake_args' from command line to 'None'
[0.761s] Level 5:colcon.colcon_core.verb:set package 'ptu_controller' build argument 'catkin_skip_building_tests' from command line to 'False'
[0.761s] DEBUG:colcon.colcon_core.verb:Building package 'ptu_controller' with the following arguments: {'ament_cmake_args': None, 'build_base': '/home/diego/Desktop/magister/UC_SmartFarmRadar/magister_ws/build/ptu_controller', 'catkin_cmake_args': None, 'catkin_skip_building_tests': False, 'cmake_args': None, 'cmake_clean_cache': False, 'cmake_clean_first': False, 'cmake_force_configure': False, 'cmake_target': None, 'cmake_target_skip_unavailable': False, 'install_base': '/home/diego/Desktop/magister/UC_SmartFarmRadar/magister_ws/install/ptu_controller', 'merge_install': False, 'path': '/home/diego/Desktop/magister/UC_SmartFarmRadar/magister_ws/src/ptu_controller', 'symlink_install': False, 'test_result_base': None}
[0.761s] INFO:colcon.colcon_core.executor:Executing jobs using 'parallel' executor
[0.763s] DEBUG:colcon.colcon_parallel_executor.executor.parallel:run_until_complete
[0.763s] INFO:colcon.colcon_ros.task.ament_python.build:Building ROS package in '/home/diego/Desktop/magister/UC_SmartFarmRadar/magister_ws/src/ptu_controller' with build type 'ament_python'
[0.763s] Level 1:colcon.colcon_core.shell:create_environment_hook('ptu_controller', 'ament_prefix_path')
[0.771s] INFO:colcon.colcon_core.plugin_system:Skipping extension 'colcon_core.shell.bat': Not used on non-Windows systems
[0.771s] INFO:colcon.colcon_core.shell:Creating environment hook '/home/diego/Desktop/magister/UC_SmartFarmRadar/magister_ws/install/ptu_controller/share/ptu_controller/hook/ament_prefix_path.ps1'
[0.772s] INFO:colcon.colcon_core.shell:Creating environment descriptor '/home/diego/Desktop/magister/UC_SmartFarmRadar/magister_ws/install/ptu_controller/share/ptu_controller/hook/ament_prefix_path.dsv'
[0.772s] INFO:colcon.colcon_core.shell:Creating environment hook '/home/diego/Desktop/magister/UC_SmartFarmRadar/magister_ws/install/ptu_controller/share/ptu_controller/hook/ament_prefix_path.sh'
[0.773s] INFO:colcon.colcon_core.shell:Skip shell extension 'powershell' for command environment: Not usable outside of PowerShell
[0.773s] DEBUG:colcon.colcon_core.shell:Skip shell extension 'dsv' for command environment
[1.209s] INFO:colcon.colcon_core.task.python.build:Building Python package in '/home/diego/Desktop/magister/UC_SmartFarmRadar/magister_ws/src/ptu_controller'
[1.210s] INFO:colcon.colcon_core.shell:Skip shell extension 'powershell' for command environment: Not usable outside of PowerShell
[1.210s] DEBUG:colcon.colcon_core.shell:Skip shell extension 'dsv' for command environment
[2.017s] DEBUG:colcon.colcon_core.event_handler.log_command:Invoking command in '/home/diego/Desktop/magister/UC_SmartFarmRadar/magister_ws/src/ptu_controller': PYTHONPATH=/home/diego/Desktop/magister/UC_SmartFarmRadar/magister_ws/build/ptu_controller/prefix_override:/usr/lib/python3/dist-packages/colcon_core/task/python/colcon_distutils_commands:/home/diego/Desktop/magister/UC_SmartFarmRadar/magister_ws/install/ptu_controller/lib/python3.10/site-packages:${PYTHONPATH} /usr/bin/python3 -W ignore:setup.py install is deprecated -W ignore:easy_install command is deprecated setup.py egg_info --egg-base ../../build/ptu_controller build --build-base /home/diego/Desktop/magister/UC_SmartFarmRadar/magister_ws/build/ptu_controller/build install --record /home/diego/Desktop/magister/UC_SmartFarmRadar/magister_ws/build/ptu_controller/install.log --single-version-externally-managed install_data
[2.765s] DEBUG:colcon.colcon_core.event_handler.log_command:Invoked command in '/home/diego/Desktop/magister/UC_SmartFarmRadar/magister_ws/src/ptu_controller' returned '0': PYTHONPATH=/home/diego/Desktop/magister/UC_SmartFarmRadar/magister_ws/build/ptu_controller/prefix_override:/usr/lib/python3/dist-packages/colcon_core/task/python/colcon_distutils_commands:/home/diego/Desktop/magister/UC_SmartFarmRadar/magister_ws/install/ptu_controller/lib/python3.10/site-packages:${PYTHONPATH} /usr/bin/python3 -W ignore:setup.py install is deprecated -W ignore:easy_install command is deprecated setup.py egg_info --egg-base ../../build/ptu_controller build --build-base /home/diego/Desktop/magister/UC_SmartFarmRadar/magister_ws/build/ptu_controller/build install --record /home/diego/Desktop/magister/UC_SmartFarmRadar/magister_ws/build/ptu_controller/install.log --single-version-externally-managed install_data
[2.772s] Level 1:colcon.colcon_core.environment:checking '/home/diego/Desktop/magister/UC_SmartFarmRadar/magister_ws/install/ptu_controller' for CMake module files
[2.772s] Level 1:colcon.colcon_core.environment:checking '/home/diego/Desktop/magister/UC_SmartFarmRadar/magister_ws/install/ptu_controller' for CMake config files
[2.772s] Level 1:colcon.colcon_core.environment:checking '/home/diego/Desktop/magister/UC_SmartFarmRadar/magister_ws/install/ptu_controller/lib'
[2.773s] Level 1:colcon.colcon_core.environment:checking '/home/diego/Desktop/magister/UC_SmartFarmRadar/magister_ws/install/ptu_controller/bin'
[2.773s] Level 1:colcon.colcon_core.environment:checking '/home/diego/Desktop/magister/UC_SmartFarmRadar/magister_ws/install/ptu_controller/lib/pkgconfig/ptu_controller.pc'
[2.773s] Level 1:colcon.colcon_core.environment:checking '/home/diego/Desktop/magister/UC_SmartFarmRadar/magister_ws/install/ptu_controller/lib/python3.10/site-packages'
[2.773s] Level 1:colcon.colcon_core.shell:create_environment_hook('ptu_controller', 'pythonpath')
[2.773s] INFO:colcon.colcon_core.shell:Creating environment hook '/home/diego/Desktop/magister/UC_SmartFarmRadar/magister_ws/install/ptu_controller/share/ptu_controller/hook/pythonpath.ps1'
[2.773s] INFO:colcon.colcon_core.shell:Creating environment descriptor '/home/diego/Desktop/magister/UC_SmartFarmRadar/magister_ws/install/ptu_controller/share/ptu_controller/hook/pythonpath.dsv'
[2.774s] INFO:colcon.colcon_core.shell:Creating environment hook '/home/diego/Desktop/magister/UC_SmartFarmRadar/magister_ws/install/ptu_controller/share/ptu_controller/hook/pythonpath.sh'
[2.774s] Level 1:colcon.colcon_core.environment:checking '/home/diego/Desktop/magister/UC_SmartFarmRadar/magister_ws/install/ptu_controller/bin'
[2.774s] Level 1:colcon.colcon_core.environment:create_environment_scripts_only(ptu_controller)
[2.774s] INFO:colcon.colcon_core.shell:Creating package script '/home/diego/Desktop/magister/UC_SmartFarmRadar/magister_ws/install/ptu_controller/share/ptu_controller/package.ps1'
[2.775s] INFO:colcon.colcon_core.shell:Creating package descriptor '/home/diego/Desktop/magister/UC_SmartFarmRadar/magister_ws/install/ptu_controller/share/ptu_controller/package.dsv'
[2.775s] INFO:colcon.colcon_core.shell:Creating package script '/home/diego/Desktop/magister/UC_SmartFarmRadar/magister_ws/install/ptu_controller/share/ptu_controller/package.sh'
[2.776s] INFO:colcon.colcon_core.shell:Creating package script '/home/diego/Desktop/magister/UC_SmartFarmRadar/magister_ws/install/ptu_controller/share/ptu_controller/package.bash'
[2.776s] INFO:colcon.colcon_core.shell:Creating package script '/home/diego/Desktop/magister/UC_SmartFarmRadar/magister_ws/install/ptu_controller/share/ptu_controller/package.zsh'
[2.777s] Level 1:colcon.colcon_core.environment:create_file_with_runtime_dependencies(/home/diego/Desktop/magister/UC_SmartFarmRadar/magister_ws/install/ptu_controller/share/colcon-core/packages/ptu_controller)
[2.777s] DEBUG:colcon.colcon_parallel_executor.executor.parallel:closing loop
[2.777s] DEBUG:colcon.colcon_parallel_executor.executor.parallel:loop closed
[2.777s] DEBUG:colcon.colcon_parallel_executor.executor.parallel:run_until_complete finished with '0'
[2.777s] DEBUG:colcon.colcon_core.event_reactor:joining thread
[2.788s] INFO:colcon.colcon_core.plugin_system:Skipping extension 'colcon_notification.desktop_notification.terminal_notifier': Not used on non-Darwin systems
[2.788s] INFO:colcon.colcon_core.plugin_system:Skipping extension 'colcon_notification.desktop_notification.win32': Not used on non-Windows systems
[2.788s] INFO:colcon.colcon_notification.desktop_notification:Sending desktop notification using 'notify2'
[2.807s] DEBUG:colcon.colcon_core.event_reactor:joined thread
[2.807s] INFO:colcon.colcon_core.shell:Creating prefix script '/home/diego/Desktop/magister/UC_SmartFarmRadar/magister_ws/install/local_setup.ps1'
[2.809s] INFO:colcon.colcon_core.shell:Creating prefix util module '/home/diego/Desktop/magister/UC_SmartFarmRadar/magister_ws/install/_local_setup_util_ps1.py'
[2.809s] INFO:colcon.colcon_core.shell:Creating prefix chain script '/home/diego/Desktop/magister/UC_SmartFarmRadar/magister_ws/install/setup.ps1'
[2.820s] INFO:colcon.colcon_core.shell:Creating prefix script '/home/diego/Desktop/magister/UC_SmartFarmRadar/magister_ws/install/local_setup.sh'
[2.821s] INFO:colcon.colcon_core.shell:Creating prefix util module '/home/diego/Desktop/magister/UC_SmartFarmRadar/magister_ws/install/_local_setup_util_sh.py'
[2.821s] INFO:colcon.colcon_core.shell:Creating prefix chain script '/home/diego/Desktop/magister/UC_SmartFarmRadar/magister_ws/install/setup.sh'
[2.830s] INFO:colcon.colcon_core.shell:Creating prefix script '/home/diego/Desktop/magister/UC_SmartFarmRadar/magister_ws/install/local_setup.bash'
[2.831s] INFO:colcon.colcon_core.shell:Creating prefix chain script '/home/diego/Desktop/magister/UC_SmartFarmRadar/magister_ws/install/setup.bash'
[2.840s] INFO:colcon.colcon_core.shell:Creating prefix script '/home/diego/Desktop/magister/UC_SmartFarmRadar/magister_ws/install/local_setup.zsh'
[2.840s] INFO:colcon.colcon_core.shell:Creating prefix chain script '/home/diego/Desktop/magister/UC_SmartFarmRadar/magister_ws/install/setup.zsh'
