[0.068s] Invoking command in '/home/dammr/Desktop/magister_ws/UC_SmartFarmRadar/build/radar_msg': CMAKE_PREFIX_PATH=${CMAKE_PREFIX_PATH}:/home/dammr/Desktop/magister_ws/install/radar_package:/home/dammr/Desktop/magister_ws/install/ptu_routine:/home/dammr/ros2_humble/install/rqt_bag_plugins:/home/dammr/ros2_humble/install/rqt_bag:/home/dammr/ros2_humble/install/launch_testing_examples:/home/dammr/ros2_humble/install/ros2bag:/home/dammr/ros2_humble/install/tracetools_test:/home/dammr/ros2_humble/install/tracetools_launch:/home/dammr/ros2_humble/install/topic_monitor:/home/dammr/ros2_humble/install/tf2_tools:/home/dammr/ros2_humble/install/examples_tf2_py:/home/dammr/ros2_humble/install/tf2_ros_py:/home/dammr/ros2_humble/install/sros2:/home/dammr/ros2_humble/install/rqt_topic:/home/dammr/ros2_humble/install/rqt_srv:/home/dammr/ros2_humble/install/rqt_shell:/home/dammr/ros2_humble/install/rqt_service_caller:/home/dammr/ros2_humble/install/rqt_reconfigure:/home/dammr/ros2_humble/install/rqt_py_console:/home/dammr/ros2_humble/install/rqt_publisher:/home/dammr/ros2_humble/install/rqt_plot:/home/dammr/ros2_humble/install/rqt_action:/home/dammr/ros2_humble/install/rqt_msg:/home/dammr/ros2_humble/install/rqt_console:/home/dammr/ros2_humble/install/rqt:/home/dammr/ros2_humble/install/rqt_graph:/home/dammr/ros2_humble/install/rqt_gui_py:/home/dammr/ros2_humble/install/rqt_gui:/home/dammr/ros2_humble/install/ros2trace:/home/dammr/ros2_humble/install/ros2topic:/home/dammr/ros2_humble/install/ros2test:/home/dammr/ros2_humble/install/ros2component:/home/dammr/ros2_humble/install/ros2param:/home/dammr/ros2_humble/install/ros2lifecycle:/home/dammr/ros2_humble/install/ros2service:/home/dammr/ros2_humble/install/ros2run:/home/dammr/ros2_humble/install/ros2launch:/home/dammr/ros2_humble/install/ros2pkg:/home/dammr/ros2_humble/install/ros2node:/home/dammr/ros2_humble/install/ros2multicast:/home/dammr/ros2_humble/install/ros2interface:/home/dammr/ros2_humble/install/ros2doctor:/home/dammr/ros2_humble/install/ros2action:/home/dammr/ros2_humble/install/ros2cli:/home/dammr/ros2_humble/install/quality_of_service_demo_py:/home/dammr/ros2_humble/install/lifecycle_py:/home/dammr/ros2_humble/install/launch_testing_ros:/home/dammr/ros2_humble/install/launch_ros:/home/dammr/ros2_humble/install/examples_rclpy_pointcloud_publisher:/home/dammr/ros2_humble/install/examples_rclpy_minimal_subscriber:/home/dammr/ros2_humble/install/examples_rclpy_minimal_service:/home/dammr/ros2_humble/install/examples_rclpy_minimal_publisher:/home/dammr/ros2_humble/install/examples_rclpy_minimal_client:/home/dammr/ros2_humble/install/examples_rclpy_minimal_action_server:/home/dammr/ros2_humble/install/examples_rclpy_minimal_action_client:/home/dammr/ros2_humble/install/examples_rclpy_guard_conditions:/home/dammr/ros2_humble/install/examples_rclpy_executors:/home/dammr/ros2_humble/install/demo_nodes_py:/home/dammr/ros2_humble/install/camera_info_manager_py:/home/dammr/ros2_humble/install/action_tutorials_py:/home/dammr/ros2_humble/install/ament_uncrustify:/home/dammr/ros2_humble/install/tracetools_trace:/home/dammr/ros2_humble/install/tracetools_read:/home/dammr/ros2_humble/install/test_tracetools_launch:/home/dammr/ros2_humble/install/test_launch_ros:/home/dammr/ros2_humble/install/sensor_msgs_py:/home/dammr/ros2_humble/install/rpyutils:/home/dammr/ros2_humble/install/rosidl_runtime_py:/home/dammr/ros2_humble/install/rosidl_cli:/home/dammr/ros2_humble/install/launch_pytest:/home/dammr/ros2_humble/install/launch_testing:/home/dammr/ros2_humble/install/launch_yaml:/home/dammr/ros2_humble/install/launch_xml:/home/dammr/ros2_humble/install/launch:/home/dammr/ros2_humble/install/osrf_pycommon:/home/dammr/ros2_humble/install/domain_coordinator:/home/dammr/ros2_humble/install/ament_xmllint:/home/dammr/ros2_humble/install/ament_pyflakes:/home/dammr/ros2_humble/install/ament_pycodestyle:/home/dammr/ros2_humble/install/ament_pep257:/home/dammr/ros2_humble/install/ament_pclint:/home/dammr/ros2_humble/install/ament_package:/home/dammr/ros2_humble/install/ament_mypy:/home/dammr/ros2_humble/install/ament_lint_cmake:/home/dammr/ros2_humble/install/ament_flake8:/home/dammr/ros2_humble/install/ament_copyright:/home/dammr/ros2_humble/install/ament_lint:/home/dammr/ros2_humble/install/ament_index_python:/home/dammr/ros2_humble/install/ament_cpplint:/home/dammr/ros2_humble/install/ament_cppcheck:/home/dammr/ros2_humble/install/ament_clang_tidy:/home/dammr/ros2_humble/install/ament_clang_format /usr/bin/cmake /home/dammr/Desktop/magister_ws/UC_SmartFarmRadar/radar_msg -DCMAKE_INSTALL_PREFIX=/home/dammr/Desktop/magister_ws/UC_SmartFarmRadar/install/radar_msg
[0.231s] -- The C compiler identification is GNU 11.4.0
[0.321s] -- The CXX compiler identification is GNU 11.4.0
[0.333s] -- Detecting C compiler ABI info
[0.452s] -- Detecting C compiler ABI info - done
[0.458s] -- Check for working C compiler: /usr/bin/cc - skipped
[0.458s] -- Detecting C compile features
[0.458s] -- Detecting C compile features - done
[0.461s] -- Detecting CXX compiler ABI info
[0.589s] -- Detecting CXX compiler ABI info - done
[0.594s] -- Check for working CXX compiler: /usr/bin/c++ - skipped
[0.595s] -- Detecting CXX compile features
[0.595s] -- Detecting CXX compile features - done
[0.626s] -- Found ament_cmake: 1.3.11 (/home/dammr/ros2_humble/install/ament_cmake/share/ament_cmake/cmake)
[1.094s] -- Found Python3: /usr/bin/python3 (found version "3.10.12") found components: Interpreter 
[1.567s] -- Found rclpy: 3.3.16 (/home/dammr/ros2_humble/install/rclpy/share/rclpy/cmake)
[1.580s] -- Found std_msgs: 4.8.0 (/home/dammr/ros2_humble/install/std_msgs/share/std_msgs/cmake)
[1.766s] -- Found rosidl_generator_c: 3.1.6 (/home/dammr/ros2_humble/install/rosidl_generator_c/share/rosidl_generator_c/cmake)
[1.802s] -- Found rosidl_adapter: 3.1.6 (/home/dammr/ros2_humble/install/rosidl_adapter/share/rosidl_adapter/cmake)
[1.842s] -- Found rosidl_generator_cpp: 3.1.6 (/home/dammr/ros2_humble/install/rosidl_generator_cpp/share/rosidl_generator_cpp/cmake)
[1.907s] -- Using all available rosidl_typesupport_c: rosidl_typesupport_introspection_c;rosidl_typesupport_fastrtps_c
[1.985s] -- Using all available rosidl_typesupport_cpp: rosidl_typesupport_introspection_cpp;rosidl_typesupport_fastrtps_cpp
[2.072s] -- Found rosidl_default_generators: 1.2.0 (/home/dammr/ros2_humble/install/rosidl_default_generators/share/rosidl_default_generators/cmake)
[2.760s] -- Found ament_cmake_ros: 0.10.0 (/home/dammr/ros2_humble/install/ament_cmake_ros/share/ament_cmake_ros/cmake)
[3.610s] -- Using all available rosidl_typesupport_c: rosidl_typesupport_introspection_c;rosidl_typesupport_fastrtps_c
[3.935s] -- Using all available rosidl_typesupport_cpp: rosidl_typesupport_introspection_cpp;rosidl_typesupport_fastrtps_cpp
[4.003s] -- Found PythonInterp: /usr/bin/python3 (found suitable version "3.10.12", minimum required is "3.6") 
[4.021s] -- Found python_cmake_module: 0.10.0 (/home/dammr/ros2_humble/install/python_cmake_module/share/python_cmake_module/cmake)
[4.107s] -- Found PythonLibs: /usr/lib/x86_64-linux-gnu/libpython3.10.so (found suitable version "3.10.12", minimum required is "3.5") 
[4.107s] -- Using PYTHON_EXECUTABLE: /usr/bin/python3
[4.107s] -- Using PYTHON_INCLUDE_DIRS: /usr/include/python3.10
[4.107s] -- Using PYTHON_LIBRARIES: /usr/lib/x86_64-linux-gnu/libpython3.10.so
[4.168s] -- Found PythonExtra: .so  
[4.534s] -- Found ament_lint_auto: 0.12.12 (/home/dammr/ros2_humble/install/ament_lint_auto/share/ament_lint_auto/cmake)
[4.768s] -- Added test 'flake8' to check Python code syntax and style conventions
[4.774s] -- Added test 'lint_cmake' to check CMake code style
[4.778s] -- Added test 'pep257' to check Python code against some of the docstring style conventions in PEP 257
[4.784s] -- Added test 'xmllint' to check XML markup files
[4.794s] -- Configuring done
[4.823s] -- Generating done
[4.831s] -- Build files have been written to: /home/dammr/Desktop/magister_ws/UC_SmartFarmRadar/build/radar_msg
[4.839s] Invoked command in '/home/dammr/Desktop/magister_ws/UC_SmartFarmRadar/build/radar_msg' returned '0': CMAKE_PREFIX_PATH=${CMAKE_PREFIX_PATH}:/home/dammr/Desktop/magister_ws/install/radar_package:/home/dammr/Desktop/magister_ws/install/ptu_routine:/home/dammr/ros2_humble/install/rqt_bag_plugins:/home/dammr/ros2_humble/install/rqt_bag:/home/dammr/ros2_humble/install/launch_testing_examples:/home/dammr/ros2_humble/install/ros2bag:/home/dammr/ros2_humble/install/tracetools_test:/home/dammr/ros2_humble/install/tracetools_launch:/home/dammr/ros2_humble/install/topic_monitor:/home/dammr/ros2_humble/install/tf2_tools:/home/dammr/ros2_humble/install/examples_tf2_py:/home/dammr/ros2_humble/install/tf2_ros_py:/home/dammr/ros2_humble/install/sros2:/home/dammr/ros2_humble/install/rqt_topic:/home/dammr/ros2_humble/install/rqt_srv:/home/dammr/ros2_humble/install/rqt_shell:/home/dammr/ros2_humble/install/rqt_service_caller:/home/dammr/ros2_humble/install/rqt_reconfigure:/home/dammr/ros2_humble/install/rqt_py_console:/home/dammr/ros2_humble/install/rqt_publisher:/home/dammr/ros2_humble/install/rqt_plot:/home/dammr/ros2_humble/install/rqt_action:/home/dammr/ros2_humble/install/rqt_msg:/home/dammr/ros2_humble/install/rqt_console:/home/dammr/ros2_humble/install/rqt:/home/dammr/ros2_humble/install/rqt_graph:/home/dammr/ros2_humble/install/rqt_gui_py:/home/dammr/ros2_humble/install/rqt_gui:/home/dammr/ros2_humble/install/ros2trace:/home/dammr/ros2_humble/install/ros2topic:/home/dammr/ros2_humble/install/ros2test:/home/dammr/ros2_humble/install/ros2component:/home/dammr/ros2_humble/install/ros2param:/home/dammr/ros2_humble/install/ros2lifecycle:/home/dammr/ros2_humble/install/ros2service:/home/dammr/ros2_humble/install/ros2run:/home/dammr/ros2_humble/install/ros2launch:/home/dammr/ros2_humble/install/ros2pkg:/home/dammr/ros2_humble/install/ros2node:/home/dammr/ros2_humble/install/ros2multicast:/home/dammr/ros2_humble/install/ros2interface:/home/dammr/ros2_humble/install/ros2doctor:/home/dammr/ros2_humble/install/ros2action:/home/dammr/ros2_humble/install/ros2cli:/home/dammr/ros2_humble/install/quality_of_service_demo_py:/home/dammr/ros2_humble/install/lifecycle_py:/home/dammr/ros2_humble/install/launch_testing_ros:/home/dammr/ros2_humble/install/launch_ros:/home/dammr/ros2_humble/install/examples_rclpy_pointcloud_publisher:/home/dammr/ros2_humble/install/examples_rclpy_minimal_subscriber:/home/dammr/ros2_humble/install/examples_rclpy_minimal_service:/home/dammr/ros2_humble/install/examples_rclpy_minimal_publisher:/home/dammr/ros2_humble/install/examples_rclpy_minimal_client:/home/dammr/ros2_humble/install/examples_rclpy_minimal_action_server:/home/dammr/ros2_humble/install/examples_rclpy_minimal_action_client:/home/dammr/ros2_humble/install/examples_rclpy_guard_conditions:/home/dammr/ros2_humble/install/examples_rclpy_executors:/home/dammr/ros2_humble/install/demo_nodes_py:/home/dammr/ros2_humble/install/camera_info_manager_py:/home/dammr/ros2_humble/install/action_tutorials_py:/home/dammr/ros2_humble/install/ament_uncrustify:/home/dammr/ros2_humble/install/tracetools_trace:/home/dammr/ros2_humble/install/tracetools_read:/home/dammr/ros2_humble/install/test_tracetools_launch:/home/dammr/ros2_humble/install/test_launch_ros:/home/dammr/ros2_humble/install/sensor_msgs_py:/home/dammr/ros2_humble/install/rpyutils:/home/dammr/ros2_humble/install/rosidl_runtime_py:/home/dammr/ros2_humble/install/rosidl_cli:/home/dammr/ros2_humble/install/launch_pytest:/home/dammr/ros2_humble/install/launch_testing:/home/dammr/ros2_humble/install/launch_yaml:/home/dammr/ros2_humble/install/launch_xml:/home/dammr/ros2_humble/install/launch:/home/dammr/ros2_humble/install/osrf_pycommon:/home/dammr/ros2_humble/install/domain_coordinator:/home/dammr/ros2_humble/install/ament_xmllint:/home/dammr/ros2_humble/install/ament_pyflakes:/home/dammr/ros2_humble/install/ament_pycodestyle:/home/dammr/ros2_humble/install/ament_pep257:/home/dammr/ros2_humble/install/ament_pclint:/home/dammr/ros2_humble/install/ament_package:/home/dammr/ros2_humble/install/ament_mypy:/home/dammr/ros2_humble/install/ament_lint_cmake:/home/dammr/ros2_humble/install/ament_flake8:/home/dammr/ros2_humble/install/ament_copyright:/home/dammr/ros2_humble/install/ament_lint:/home/dammr/ros2_humble/install/ament_index_python:/home/dammr/ros2_humble/install/ament_cpplint:/home/dammr/ros2_humble/install/ament_cppcheck:/home/dammr/ros2_humble/install/ament_clang_tidy:/home/dammr/ros2_humble/install/ament_clang_format /usr/bin/cmake /home/dammr/Desktop/magister_ws/UC_SmartFarmRadar/radar_msg -DCMAKE_INSTALL_PREFIX=/home/dammr/Desktop/magister_ws/UC_SmartFarmRadar/install/radar_msg
[4.840s] Invoking command in '/home/dammr/Desktop/magister_ws/UC_SmartFarmRadar/build/radar_msg': CMAKE_PREFIX_PATH=${CMAKE_PREFIX_PATH}:/home/dammr/Desktop/magister_ws/install/radar_package:/home/dammr/Desktop/magister_ws/install/ptu_routine:/home/dammr/ros2_humble/install/rqt_bag_plugins:/home/dammr/ros2_humble/install/rqt_bag:/home/dammr/ros2_humble/install/launch_testing_examples:/home/dammr/ros2_humble/install/ros2bag:/home/dammr/ros2_humble/install/tracetools_test:/home/dammr/ros2_humble/install/tracetools_launch:/home/dammr/ros2_humble/install/topic_monitor:/home/dammr/ros2_humble/install/tf2_tools:/home/dammr/ros2_humble/install/examples_tf2_py:/home/dammr/ros2_humble/install/tf2_ros_py:/home/dammr/ros2_humble/install/sros2:/home/dammr/ros2_humble/install/rqt_topic:/home/dammr/ros2_humble/install/rqt_srv:/home/dammr/ros2_humble/install/rqt_shell:/home/dammr/ros2_humble/install/rqt_service_caller:/home/dammr/ros2_humble/install/rqt_reconfigure:/home/dammr/ros2_humble/install/rqt_py_console:/home/dammr/ros2_humble/install/rqt_publisher:/home/dammr/ros2_humble/install/rqt_plot:/home/dammr/ros2_humble/install/rqt_action:/home/dammr/ros2_humble/install/rqt_msg:/home/dammr/ros2_humble/install/rqt_console:/home/dammr/ros2_humble/install/rqt:/home/dammr/ros2_humble/install/rqt_graph:/home/dammr/ros2_humble/install/rqt_gui_py:/home/dammr/ros2_humble/install/rqt_gui:/home/dammr/ros2_humble/install/ros2trace:/home/dammr/ros2_humble/install/ros2topic:/home/dammr/ros2_humble/install/ros2test:/home/dammr/ros2_humble/install/ros2component:/home/dammr/ros2_humble/install/ros2param:/home/dammr/ros2_humble/install/ros2lifecycle:/home/dammr/ros2_humble/install/ros2service:/home/dammr/ros2_humble/install/ros2run:/home/dammr/ros2_humble/install/ros2launch:/home/dammr/ros2_humble/install/ros2pkg:/home/dammr/ros2_humble/install/ros2node:/home/dammr/ros2_humble/install/ros2multicast:/home/dammr/ros2_humble/install/ros2interface:/home/dammr/ros2_humble/install/ros2doctor:/home/dammr/ros2_humble/install/ros2action:/home/dammr/ros2_humble/install/ros2cli:/home/dammr/ros2_humble/install/quality_of_service_demo_py:/home/dammr/ros2_humble/install/lifecycle_py:/home/dammr/ros2_humble/install/launch_testing_ros:/home/dammr/ros2_humble/install/launch_ros:/home/dammr/ros2_humble/install/examples_rclpy_pointcloud_publisher:/home/dammr/ros2_humble/install/examples_rclpy_minimal_subscriber:/home/dammr/ros2_humble/install/examples_rclpy_minimal_service:/home/dammr/ros2_humble/install/examples_rclpy_minimal_publisher:/home/dammr/ros2_humble/install/examples_rclpy_minimal_client:/home/dammr/ros2_humble/install/examples_rclpy_minimal_action_server:/home/dammr/ros2_humble/install/examples_rclpy_minimal_action_client:/home/dammr/ros2_humble/install/examples_rclpy_guard_conditions:/home/dammr/ros2_humble/install/examples_rclpy_executors:/home/dammr/ros2_humble/install/demo_nodes_py:/home/dammr/ros2_humble/install/camera_info_manager_py:/home/dammr/ros2_humble/install/action_tutorials_py:/home/dammr/ros2_humble/install/ament_uncrustify:/home/dammr/ros2_humble/install/tracetools_trace:/home/dammr/ros2_humble/install/tracetools_read:/home/dammr/ros2_humble/install/test_tracetools_launch:/home/dammr/ros2_humble/install/test_launch_ros:/home/dammr/ros2_humble/install/sensor_msgs_py:/home/dammr/ros2_humble/install/rpyutils:/home/dammr/ros2_humble/install/rosidl_runtime_py:/home/dammr/ros2_humble/install/rosidl_cli:/home/dammr/ros2_humble/install/launch_pytest:/home/dammr/ros2_humble/install/launch_testing:/home/dammr/ros2_humble/install/launch_yaml:/home/dammr/ros2_humble/install/launch_xml:/home/dammr/ros2_humble/install/launch:/home/dammr/ros2_humble/install/osrf_pycommon:/home/dammr/ros2_humble/install/domain_coordinator:/home/dammr/ros2_humble/install/ament_xmllint:/home/dammr/ros2_humble/install/ament_pyflakes:/home/dammr/ros2_humble/install/ament_pycodestyle:/home/dammr/ros2_humble/install/ament_pep257:/home/dammr/ros2_humble/install/ament_pclint:/home/dammr/ros2_humble/install/ament_package:/home/dammr/ros2_humble/install/ament_mypy:/home/dammr/ros2_humble/install/ament_lint_cmake:/home/dammr/ros2_humble/install/ament_flake8:/home/dammr/ros2_humble/install/ament_copyright:/home/dammr/ros2_humble/install/ament_lint:/home/dammr/ros2_humble/install/ament_index_python:/home/dammr/ros2_humble/install/ament_cpplint:/home/dammr/ros2_humble/install/ament_cppcheck:/home/dammr/ros2_humble/install/ament_clang_tidy:/home/dammr/ros2_humble/install/ament_clang_format /usr/bin/cmake --build /home/dammr/Desktop/magister_ws/UC_SmartFarmRadar/build/radar_msg -- -j12 -l12
[4.933s] [  3%] [34m[1mGenerating C code for ROS interfaces[0m
[4.958s] [  6%] [34m[1mGenerating C++ code for ROS interfaces[0m
[4.976s] [  6%] Built target ament_cmake_python_copy_radar_msg
[5.300s] [  6%] Built target radar_msg__cpp
[5.307s] [  9%] [32mBuilding C object CMakeFiles/radar_msg__rosidl_generator_c.dir/rosidl_generator_c/radar_msg/msg/detail/radar_data__functions.c.o[0m
[5.325s] [ 19%] [34m[1mGenerating C++ type support dispatch for ROS interfaces[0m
[5.325s] [ 19%] [34m[1mGenerating C++ type support for eProsima Fast-RTPS[0m
[5.325s] [ 19%] [34m[1mGenerating C++ introspection for ROS interfaces[0m
[5.361s] running egg_info
[5.361s] creating radar_msg.egg-info
[5.361s] writing radar_msg.egg-info/PKG-INFO
[5.361s] writing dependency_links to radar_msg.egg-info/dependency_links.txt
[5.362s] writing top-level names to radar_msg.egg-info/top_level.txt
[5.362s] writing manifest file 'radar_msg.egg-info/SOURCES.txt'
[5.363s] reading manifest file 'radar_msg.egg-info/SOURCES.txt'
[5.363s] writing manifest file 'radar_msg.egg-info/SOURCES.txt'
[5.383s] [ 22%] [32m[1mLinking C shared library libradar_msg__rosidl_generator_c.so[0m
[5.400s] [ 22%] Built target ament_cmake_python_build_radar_msg_egg
[5.448s] [ 22%] Built target radar_msg__rosidl_generator_c
[5.473s] [ 25%] [34m[1mGenerating C introspection for ROS interfaces[0m
[5.473s] [ 29%] [34m[1mGenerating C type support for eProsima Fast-RTPS[0m
[5.479s] [ 32%] [34m[1mGenerating C type support dispatch for ROS interfaces[0m
[5.679s] [ 35%] [32mBuilding CXX object CMakeFiles/radar_msg__rosidl_typesupport_cpp.dir/rosidl_typesupport_cpp/radar_msg/msg/radar_data__type_support.cpp.o[0m
[5.695s] [ 38%] [32mBuilding CXX object CMakeFiles/radar_msg__rosidl_typesupport_fastrtps_cpp.dir/rosidl_typesupport_fastrtps_cpp/radar_msg/msg/detail/dds_fastrtps/radar_data__type_support.cpp.o[0m
[5.701s] [ 41%] [32mBuilding CXX object CMakeFiles/radar_msg__rosidl_typesupport_introspection_cpp.dir/rosidl_typesupport_introspection_cpp/radar_msg/msg/detail/radar_data__type_support.cpp.o[0m
[5.848s] [ 45%] [32mBuilding CXX object CMakeFiles/radar_msg__rosidl_typesupport_fastrtps_c.dir/rosidl_typesupport_fastrtps_c/radar_msg/msg/detail/radar_data__type_support_c.cpp.o[0m
[5.894s] [ 48%] [32mBuilding CXX object CMakeFiles/radar_msg__rosidl_typesupport_c.dir/rosidl_typesupport_c/radar_msg/msg/radar_data__type_support.cpp.o[0m
[5.917s] [ 51%] [32m[1mLinking CXX shared library libradar_msg__rosidl_typesupport_cpp.so[0m
[5.943s] [ 54%] [32m[1mLinking CXX shared library libradar_msg__rosidl_typesupport_c.so[0m
[5.990s] [ 58%] [32mBuilding C object CMakeFiles/radar_msg__rosidl_typesupport_introspection_c.dir/rosidl_typesupport_introspection_c/radar_msg/msg/detail/radar_data__type_support.c.o[0m
[5.998s] [ 58%] Built target radar_msg__rosidl_typesupport_cpp
[6.016s] [ 58%] Built target radar_msg__rosidl_typesupport_c
[6.030s] [ 61%] [32m[1mLinking CXX shared library libradar_msg__rosidl_typesupport_introspection_cpp.so[0m
[6.047s] [ 64%] [32m[1mLinking C shared library libradar_msg__rosidl_typesupport_introspection_c.so[0m
[6.091s] [ 67%] [32m[1mLinking CXX shared library libradar_msg__rosidl_typesupport_fastrtps_cpp.so[0m
[6.108s] [ 67%] Built target radar_msg__rosidl_typesupport_introspection_c
[6.121s] [ 70%] [32m[1mLinking CXX shared library libradar_msg__rosidl_typesupport_fastrtps_c.so[0m
[6.124s] [ 70%] Built target radar_msg__rosidl_typesupport_introspection_cpp
[6.185s] [ 70%] Built target radar_msg__rosidl_typesupport_fastrtps_cpp
[6.215s] [ 70%] Built target radar_msg__rosidl_typesupport_fastrtps_c
[6.268s] [ 70%] Built target radar_msg
[6.323s] [ 74%] [34m[1mGenerating Python code for ROS interfaces[0m
[6.732s] [ 74%] Built target radar_msg__py
[6.783s] [ 77%] [32mBuilding C object CMakeFiles/radar_msg__rosidl_generator_py.dir/rosidl_generator_py/radar_msg/msg/_radar_data_s.c.o[0m
[6.902s] [ 80%] [32m[1mLinking C shared library rosidl_generator_py/radar_msg/libradar_msg__rosidl_generator_py.so[0m
[6.974s] [ 80%] Built target radar_msg__rosidl_generator_py
[7.024s] [ 90%] [32mBuilding C object CMakeFiles/radar_msg__rosidl_typesupport_introspection_c__pyext.dir/rosidl_generator_py/radar_msg/_radar_msg_s.ep.rosidl_typesupport_introspection_c.c.o[0m
[7.024s] [ 90%] [32mBuilding C object CMakeFiles/radar_msg__rosidl_typesupport_c__pyext.dir/rosidl_generator_py/radar_msg/_radar_msg_s.ep.rosidl_typesupport_c.c.o[0m
[7.024s] [ 90%] [32mBuilding C object CMakeFiles/radar_msg__rosidl_typesupport_fastrtps_c__pyext.dir/rosidl_generator_py/radar_msg/_radar_msg_s.ep.rosidl_typesupport_fastrtps_c.c.o[0m
[7.123s] [100%] [32m[1mLinking C shared library rosidl_generator_py/radar_msg/radar_msg_s__rosidl_typesupport_c.cpython-310-x86_64-linux-gnu.so[0m
[7.123s] [100%] [32m[1mLinking C shared library rosidl_generator_py/radar_msg/radar_msg_s__rosidl_typesupport_fastrtps_c.cpython-310-x86_64-linux-gnu.so[0m
[7.123s] [100%] [32m[1mLinking C shared library rosidl_generator_py/radar_msg/radar_msg_s__rosidl_typesupport_introspection_c.cpython-310-x86_64-linux-gnu.so[0m
[7.188s] [100%] Built target radar_msg__rosidl_typesupport_fastrtps_c__pyext
[7.188s] [100%] Built target radar_msg__rosidl_typesupport_c__pyext
[7.189s] [100%] Built target radar_msg__rosidl_typesupport_introspection_c__pyext
[7.210s] Invoked command in '/home/dammr/Desktop/magister_ws/UC_SmartFarmRadar/build/radar_msg' returned '0': CMAKE_PREFIX_PATH=${CMAKE_PREFIX_PATH}:/home/dammr/Desktop/magister_ws/install/radar_package:/home/dammr/Desktop/magister_ws/install/ptu_routine:/home/dammr/ros2_humble/install/rqt_bag_plugins:/home/dammr/ros2_humble/install/rqt_bag:/home/dammr/ros2_humble/install/launch_testing_examples:/home/dammr/ros2_humble/install/ros2bag:/home/dammr/ros2_humble/install/tracetools_test:/home/dammr/ros2_humble/install/tracetools_launch:/home/dammr/ros2_humble/install/topic_monitor:/home/dammr/ros2_humble/install/tf2_tools:/home/dammr/ros2_humble/install/examples_tf2_py:/home/dammr/ros2_humble/install/tf2_ros_py:/home/dammr/ros2_humble/install/sros2:/home/dammr/ros2_humble/install/rqt_topic:/home/dammr/ros2_humble/install/rqt_srv:/home/dammr/ros2_humble/install/rqt_shell:/home/dammr/ros2_humble/install/rqt_service_caller:/home/dammr/ros2_humble/install/rqt_reconfigure:/home/dammr/ros2_humble/install/rqt_py_console:/home/dammr/ros2_humble/install/rqt_publisher:/home/dammr/ros2_humble/install/rqt_plot:/home/dammr/ros2_humble/install/rqt_action:/home/dammr/ros2_humble/install/rqt_msg:/home/dammr/ros2_humble/install/rqt_console:/home/dammr/ros2_humble/install/rqt:/home/dammr/ros2_humble/install/rqt_graph:/home/dammr/ros2_humble/install/rqt_gui_py:/home/dammr/ros2_humble/install/rqt_gui:/home/dammr/ros2_humble/install/ros2trace:/home/dammr/ros2_humble/install/ros2topic:/home/dammr/ros2_humble/install/ros2test:/home/dammr/ros2_humble/install/ros2component:/home/dammr/ros2_humble/install/ros2param:/home/dammr/ros2_humble/install/ros2lifecycle:/home/dammr/ros2_humble/install/ros2service:/home/dammr/ros2_humble/install/ros2run:/home/dammr/ros2_humble/install/ros2launch:/home/dammr/ros2_humble/install/ros2pkg:/home/dammr/ros2_humble/install/ros2node:/home/dammr/ros2_humble/install/ros2multicast:/home/dammr/ros2_humble/install/ros2interface:/home/dammr/ros2_humble/install/ros2doctor:/home/dammr/ros2_humble/install/ros2action:/home/dammr/ros2_humble/install/ros2cli:/home/dammr/ros2_humble/install/quality_of_service_demo_py:/home/dammr/ros2_humble/install/lifecycle_py:/home/dammr/ros2_humble/install/launch_testing_ros:/home/dammr/ros2_humble/install/launch_ros:/home/dammr/ros2_humble/install/examples_rclpy_pointcloud_publisher:/home/dammr/ros2_humble/install/examples_rclpy_minimal_subscriber:/home/dammr/ros2_humble/install/examples_rclpy_minimal_service:/home/dammr/ros2_humble/install/examples_rclpy_minimal_publisher:/home/dammr/ros2_humble/install/examples_rclpy_minimal_client:/home/dammr/ros2_humble/install/examples_rclpy_minimal_action_server:/home/dammr/ros2_humble/install/examples_rclpy_minimal_action_client:/home/dammr/ros2_humble/install/examples_rclpy_guard_conditions:/home/dammr/ros2_humble/install/examples_rclpy_executors:/home/dammr/ros2_humble/install/demo_nodes_py:/home/dammr/ros2_humble/install/camera_info_manager_py:/home/dammr/ros2_humble/install/action_tutorials_py:/home/dammr/ros2_humble/install/ament_uncrustify:/home/dammr/ros2_humble/install/tracetools_trace:/home/dammr/ros2_humble/install/tracetools_read:/home/dammr/ros2_humble/install/test_tracetools_launch:/home/dammr/ros2_humble/install/test_launch_ros:/home/dammr/ros2_humble/install/sensor_msgs_py:/home/dammr/ros2_humble/install/rpyutils:/home/dammr/ros2_humble/install/rosidl_runtime_py:/home/dammr/ros2_humble/install/rosidl_cli:/home/dammr/ros2_humble/install/launch_pytest:/home/dammr/ros2_humble/install/launch_testing:/home/dammr/ros2_humble/install/launch_yaml:/home/dammr/ros2_humble/install/launch_xml:/home/dammr/ros2_humble/install/launch:/home/dammr/ros2_humble/install/osrf_pycommon:/home/dammr/ros2_humble/install/domain_coordinator:/home/dammr/ros2_humble/install/ament_xmllint:/home/dammr/ros2_humble/install/ament_pyflakes:/home/dammr/ros2_humble/install/ament_pycodestyle:/home/dammr/ros2_humble/install/ament_pep257:/home/dammr/ros2_humble/install/ament_pclint:/home/dammr/ros2_humble/install/ament_package:/home/dammr/ros2_humble/install/ament_mypy:/home/dammr/ros2_humble/install/ament_lint_cmake:/home/dammr/ros2_humble/install/ament_flake8:/home/dammr/ros2_humble/install/ament_copyright:/home/dammr/ros2_humble/install/ament_lint:/home/dammr/ros2_humble/install/ament_index_python:/home/dammr/ros2_humble/install/ament_cpplint:/home/dammr/ros2_humble/install/ament_cppcheck:/home/dammr/ros2_humble/install/ament_clang_tidy:/home/dammr/ros2_humble/install/ament_clang_format /usr/bin/cmake --build /home/dammr/Desktop/magister_ws/UC_SmartFarmRadar/build/radar_msg -- -j12 -l12
[7.230s] Invoking command in '/home/dammr/Desktop/magister_ws/UC_SmartFarmRadar/build/radar_msg': CMAKE_PREFIX_PATH=${CMAKE_PREFIX_PATH}:/home/dammr/Desktop/magister_ws/install/radar_package:/home/dammr/Desktop/magister_ws/install/ptu_routine:/home/dammr/ros2_humble/install/rqt_bag_plugins:/home/dammr/ros2_humble/install/rqt_bag:/home/dammr/ros2_humble/install/launch_testing_examples:/home/dammr/ros2_humble/install/ros2bag:/home/dammr/ros2_humble/install/tracetools_test:/home/dammr/ros2_humble/install/tracetools_launch:/home/dammr/ros2_humble/install/topic_monitor:/home/dammr/ros2_humble/install/tf2_tools:/home/dammr/ros2_humble/install/examples_tf2_py:/home/dammr/ros2_humble/install/tf2_ros_py:/home/dammr/ros2_humble/install/sros2:/home/dammr/ros2_humble/install/rqt_topic:/home/dammr/ros2_humble/install/rqt_srv:/home/dammr/ros2_humble/install/rqt_shell:/home/dammr/ros2_humble/install/rqt_service_caller:/home/dammr/ros2_humble/install/rqt_reconfigure:/home/dammr/ros2_humble/install/rqt_py_console:/home/dammr/ros2_humble/install/rqt_publisher:/home/dammr/ros2_humble/install/rqt_plot:/home/dammr/ros2_humble/install/rqt_action:/home/dammr/ros2_humble/install/rqt_msg:/home/dammr/ros2_humble/install/rqt_console:/home/dammr/ros2_humble/install/rqt:/home/dammr/ros2_humble/install/rqt_graph:/home/dammr/ros2_humble/install/rqt_gui_py:/home/dammr/ros2_humble/install/rqt_gui:/home/dammr/ros2_humble/install/ros2trace:/home/dammr/ros2_humble/install/ros2topic:/home/dammr/ros2_humble/install/ros2test:/home/dammr/ros2_humble/install/ros2component:/home/dammr/ros2_humble/install/ros2param:/home/dammr/ros2_humble/install/ros2lifecycle:/home/dammr/ros2_humble/install/ros2service:/home/dammr/ros2_humble/install/ros2run:/home/dammr/ros2_humble/install/ros2launch:/home/dammr/ros2_humble/install/ros2pkg:/home/dammr/ros2_humble/install/ros2node:/home/dammr/ros2_humble/install/ros2multicast:/home/dammr/ros2_humble/install/ros2interface:/home/dammr/ros2_humble/install/ros2doctor:/home/dammr/ros2_humble/install/ros2action:/home/dammr/ros2_humble/install/ros2cli:/home/dammr/ros2_humble/install/quality_of_service_demo_py:/home/dammr/ros2_humble/install/lifecycle_py:/home/dammr/ros2_humble/install/launch_testing_ros:/home/dammr/ros2_humble/install/launch_ros:/home/dammr/ros2_humble/install/examples_rclpy_pointcloud_publisher:/home/dammr/ros2_humble/install/examples_rclpy_minimal_subscriber:/home/dammr/ros2_humble/install/examples_rclpy_minimal_service:/home/dammr/ros2_humble/install/examples_rclpy_minimal_publisher:/home/dammr/ros2_humble/install/examples_rclpy_minimal_client:/home/dammr/ros2_humble/install/examples_rclpy_minimal_action_server:/home/dammr/ros2_humble/install/examples_rclpy_minimal_action_client:/home/dammr/ros2_humble/install/examples_rclpy_guard_conditions:/home/dammr/ros2_humble/install/examples_rclpy_executors:/home/dammr/ros2_humble/install/demo_nodes_py:/home/dammr/ros2_humble/install/camera_info_manager_py:/home/dammr/ros2_humble/install/action_tutorials_py:/home/dammr/ros2_humble/install/ament_uncrustify:/home/dammr/ros2_humble/install/tracetools_trace:/home/dammr/ros2_humble/install/tracetools_read:/home/dammr/ros2_humble/install/test_tracetools_launch:/home/dammr/ros2_humble/install/test_launch_ros:/home/dammr/ros2_humble/install/sensor_msgs_py:/home/dammr/ros2_humble/install/rpyutils:/home/dammr/ros2_humble/install/rosidl_runtime_py:/home/dammr/ros2_humble/install/rosidl_cli:/home/dammr/ros2_humble/install/launch_pytest:/home/dammr/ros2_humble/install/launch_testing:/home/dammr/ros2_humble/install/launch_yaml:/home/dammr/ros2_humble/install/launch_xml:/home/dammr/ros2_humble/install/launch:/home/dammr/ros2_humble/install/osrf_pycommon:/home/dammr/ros2_humble/install/domain_coordinator:/home/dammr/ros2_humble/install/ament_xmllint:/home/dammr/ros2_humble/install/ament_pyflakes:/home/dammr/ros2_humble/install/ament_pycodestyle:/home/dammr/ros2_humble/install/ament_pep257:/home/dammr/ros2_humble/install/ament_pclint:/home/dammr/ros2_humble/install/ament_package:/home/dammr/ros2_humble/install/ament_mypy:/home/dammr/ros2_humble/install/ament_lint_cmake:/home/dammr/ros2_humble/install/ament_flake8:/home/dammr/ros2_humble/install/ament_copyright:/home/dammr/ros2_humble/install/ament_lint:/home/dammr/ros2_humble/install/ament_index_python:/home/dammr/ros2_humble/install/ament_cpplint:/home/dammr/ros2_humble/install/ament_cppcheck:/home/dammr/ros2_humble/install/ament_clang_tidy:/home/dammr/ros2_humble/install/ament_clang_format /usr/bin/cmake --install /home/dammr/Desktop/magister_ws/UC_SmartFarmRadar/build/radar_msg
[7.247s] -- Install configuration: ""
[7.247s] -- Installing: /home/dammr/Desktop/magister_ws/UC_SmartFarmRadar/install/radar_msg/share/ament_index/resource_index/rosidl_interfaces/radar_msg
[7.248s] -- Installing: /home/dammr/Desktop/magister_ws/UC_SmartFarmRadar/install/radar_msg/include/radar_msg/radar_msg
[7.248s] -- Installing: /home/dammr/Desktop/magister_ws/UC_SmartFarmRadar/install/radar_msg/include/radar_msg/radar_msg/msg
[7.248s] -- Installing: /home/dammr/Desktop/magister_ws/UC_SmartFarmRadar/install/radar_msg/include/radar_msg/radar_msg/msg/rosidl_generator_c__visibility_control.h
[7.248s] -- Installing: /home/dammr/Desktop/magister_ws/UC_SmartFarmRadar/install/radar_msg/include/radar_msg/radar_msg/msg/radar_data.h
[7.248s] -- Installing: /home/dammr/Desktop/magister_ws/UC_SmartFarmRadar/install/radar_msg/include/radar_msg/radar_msg/msg/detail
[7.248s] -- Installing: /home/dammr/Desktop/magister_ws/UC_SmartFarmRadar/install/radar_msg/include/radar_msg/radar_msg/msg/detail/radar_data__struct.h
[7.248s] -- Installing: /home/dammr/Desktop/magister_ws/UC_SmartFarmRadar/install/radar_msg/include/radar_msg/radar_msg/msg/detail/radar_data__type_support.h
[7.248s] -- Installing: /home/dammr/Desktop/magister_ws/UC_SmartFarmRadar/install/radar_msg/include/radar_msg/radar_msg/msg/detail/radar_data__functions.h
[7.248s] -- Installing: /home/dammr/Desktop/magister_ws/UC_SmartFarmRadar/install/radar_msg/include/radar_msg/radar_msg/msg/detail/radar_data__functions.c
[7.249s] -- Installing: /home/dammr/Desktop/magister_ws/UC_SmartFarmRadar/install/radar_msg/share/radar_msg/environment/library_path.sh
[7.249s] -- Installing: /home/dammr/Desktop/magister_ws/UC_SmartFarmRadar/install/radar_msg/share/radar_msg/environment/library_path.dsv
[7.249s] -- Installing: /home/dammr/Desktop/magister_ws/UC_SmartFarmRadar/install/radar_msg/lib/libradar_msg__rosidl_generator_c.so
[7.249s] -- Set runtime path of "/home/dammr/Desktop/magister_ws/UC_SmartFarmRadar/install/radar_msg/lib/libradar_msg__rosidl_generator_c.so" to ""
[7.249s] -- Up-to-date: /home/dammr/Desktop/magister_ws/UC_SmartFarmRadar/install/radar_msg/include/radar_msg/radar_msg
[7.249s] -- Up-to-date: /home/dammr/Desktop/magister_ws/UC_SmartFarmRadar/install/radar_msg/include/radar_msg/radar_msg/msg
[7.249s] -- Up-to-date: /home/dammr/Desktop/magister_ws/UC_SmartFarmRadar/install/radar_msg/include/radar_msg/radar_msg/msg/detail
[7.249s] -- Installing: /home/dammr/Desktop/magister_ws/UC_SmartFarmRadar/install/radar_msg/include/radar_msg/radar_msg/msg/detail/radar_data__rosidl_typesupport_fastrtps_c.h
[7.249s] -- Installing: /home/dammr/Desktop/magister_ws/UC_SmartFarmRadar/install/radar_msg/include/radar_msg/radar_msg/msg/rosidl_typesupport_fastrtps_c__visibility_control.h
[7.250s] -- Installing: /home/dammr/Desktop/magister_ws/UC_SmartFarmRadar/install/radar_msg/lib/libradar_msg__rosidl_typesupport_fastrtps_c.so
[7.250s] -- Set runtime path of "/home/dammr/Desktop/magister_ws/UC_SmartFarmRadar/install/radar_msg/lib/libradar_msg__rosidl_typesupport_fastrtps_c.so" to ""
[7.250s] -- Up-to-date: /home/dammr/Desktop/magister_ws/UC_SmartFarmRadar/install/radar_msg/include/radar_msg/radar_msg
[7.250s] -- Up-to-date: /home/dammr/Desktop/magister_ws/UC_SmartFarmRadar/install/radar_msg/include/radar_msg/radar_msg/msg
[7.250s] -- Up-to-date: /home/dammr/Desktop/magister_ws/UC_SmartFarmRadar/install/radar_msg/include/radar_msg/radar_msg/msg/detail
[7.250s] -- Installing: /home/dammr/Desktop/magister_ws/UC_SmartFarmRadar/install/radar_msg/include/radar_msg/radar_msg/msg/detail/radar_data__type_support.hpp
[7.250s] -- Installing: /home/dammr/Desktop/magister_ws/UC_SmartFarmRadar/install/radar_msg/include/radar_msg/radar_msg/msg/detail/radar_data__struct.hpp
[7.250s] -- Installing: /home/dammr/Desktop/magister_ws/UC_SmartFarmRadar/install/radar_msg/include/radar_msg/radar_msg/msg/detail/radar_data__traits.hpp
[7.250s] -- Installing: /home/dammr/Desktop/magister_ws/UC_SmartFarmRadar/install/radar_msg/include/radar_msg/radar_msg/msg/detail/radar_data__builder.hpp
[7.251s] -- Installing: /home/dammr/Desktop/magister_ws/UC_SmartFarmRadar/install/radar_msg/include/radar_msg/radar_msg/msg/rosidl_generator_cpp__visibility_control.hpp
[7.251s] -- Installing: /home/dammr/Desktop/magister_ws/UC_SmartFarmRadar/install/radar_msg/include/radar_msg/radar_msg/msg/radar_data.hpp
[7.251s] -- Up-to-date: /home/dammr/Desktop/magister_ws/UC_SmartFarmRadar/install/radar_msg/include/radar_msg/radar_msg
[7.251s] -- Up-to-date: /home/dammr/Desktop/magister_ws/UC_SmartFarmRadar/install/radar_msg/include/radar_msg/radar_msg/msg
[7.251s] -- Installing: /home/dammr/Desktop/magister_ws/UC_SmartFarmRadar/install/radar_msg/include/radar_msg/radar_msg/msg/rosidl_typesupport_fastrtps_cpp__visibility_control.h
[7.251s] -- Up-to-date: /home/dammr/Desktop/magister_ws/UC_SmartFarmRadar/install/radar_msg/include/radar_msg/radar_msg/msg/detail
[7.251s] -- Installing: /home/dammr/Desktop/magister_ws/UC_SmartFarmRadar/install/radar_msg/include/radar_msg/radar_msg/msg/detail/radar_data__rosidl_typesupport_fastrtps_cpp.hpp
[7.251s] -- Installing: /home/dammr/Desktop/magister_ws/UC_SmartFarmRadar/install/radar_msg/include/radar_msg/radar_msg/msg/detail/dds_fastrtps
[7.251s] -- Installing: /home/dammr/Desktop/magister_ws/UC_SmartFarmRadar/install/radar_msg/lib/libradar_msg__rosidl_typesupport_fastrtps_cpp.so
[7.252s] -- Set runtime path of "/home/dammr/Desktop/magister_ws/UC_SmartFarmRadar/install/radar_msg/lib/libradar_msg__rosidl_typesupport_fastrtps_cpp.so" to ""
[7.252s] -- Up-to-date: /home/dammr/Desktop/magister_ws/UC_SmartFarmRadar/install/radar_msg/include/radar_msg/radar_msg
[7.252s] -- Up-to-date: /home/dammr/Desktop/magister_ws/UC_SmartFarmRadar/install/radar_msg/include/radar_msg/radar_msg/msg
[7.252s] -- Installing: /home/dammr/Desktop/magister_ws/UC_SmartFarmRadar/install/radar_msg/include/radar_msg/radar_msg/msg/rosidl_typesupport_introspection_c__visibility_control.h
[7.252s] -- Up-to-date: /home/dammr/Desktop/magister_ws/UC_SmartFarmRadar/install/radar_msg/include/radar_msg/radar_msg/msg/detail
[7.252s] -- Installing: /home/dammr/Desktop/magister_ws/UC_SmartFarmRadar/install/radar_msg/include/radar_msg/radar_msg/msg/detail/radar_data__type_support.c
[7.252s] -- Installing: /home/dammr/Desktop/magister_ws/UC_SmartFarmRadar/install/radar_msg/include/radar_msg/radar_msg/msg/detail/radar_data__rosidl_typesupport_introspection_c.h
[7.252s] -- Installing: /home/dammr/Desktop/magister_ws/UC_SmartFarmRadar/install/radar_msg/lib/libradar_msg__rosidl_typesupport_introspection_c.so
[7.253s] -- Set runtime path of "/home/dammr/Desktop/magister_ws/UC_SmartFarmRadar/install/radar_msg/lib/libradar_msg__rosidl_typesupport_introspection_c.so" to ""
[7.253s] -- Installing: /home/dammr/Desktop/magister_ws/UC_SmartFarmRadar/install/radar_msg/lib/libradar_msg__rosidl_typesupport_c.so
[7.253s] -- Set runtime path of "/home/dammr/Desktop/magister_ws/UC_SmartFarmRadar/install/radar_msg/lib/libradar_msg__rosidl_typesupport_c.so" to ""
[7.253s] -- Up-to-date: /home/dammr/Desktop/magister_ws/UC_SmartFarmRadar/install/radar_msg/include/radar_msg/radar_msg
[7.253s] -- Up-to-date: /home/dammr/Desktop/magister_ws/UC_SmartFarmRadar/install/radar_msg/include/radar_msg/radar_msg/msg
[7.253s] -- Up-to-date: /home/dammr/Desktop/magister_ws/UC_SmartFarmRadar/install/radar_msg/include/radar_msg/radar_msg/msg/detail
[7.253s] -- Installing: /home/dammr/Desktop/magister_ws/UC_SmartFarmRadar/install/radar_msg/include/radar_msg/radar_msg/msg/detail/radar_data__type_support.cpp
[7.253s] -- Installing: /home/dammr/Desktop/magister_ws/UC_SmartFarmRadar/install/radar_msg/include/radar_msg/radar_msg/msg/detail/radar_data__rosidl_typesupport_introspection_cpp.hpp
[7.253s] -- Installing: /home/dammr/Desktop/magister_ws/UC_SmartFarmRadar/install/radar_msg/lib/libradar_msg__rosidl_typesupport_introspection_cpp.so
[7.254s] -- Set runtime path of "/home/dammr/Desktop/magister_ws/UC_SmartFarmRadar/install/radar_msg/lib/libradar_msg__rosidl_typesupport_introspection_cpp.so" to ""
[7.254s] -- Installing: /home/dammr/Desktop/magister_ws/UC_SmartFarmRadar/install/radar_msg/lib/libradar_msg__rosidl_typesupport_cpp.so
[7.254s] -- Set runtime path of "/home/dammr/Desktop/magister_ws/UC_SmartFarmRadar/install/radar_msg/lib/libradar_msg__rosidl_typesupport_cpp.so" to ""
[7.254s] -- Installing: /home/dammr/Desktop/magister_ws/UC_SmartFarmRadar/install/radar_msg/share/radar_msg/environment/pythonpath.sh
[7.254s] -- Installing: /home/dammr/Desktop/magister_ws/UC_SmartFarmRadar/install/radar_msg/share/radar_msg/environment/pythonpath.dsv
[7.254s] -- Installing: /home/dammr/Desktop/magister_ws/UC_SmartFarmRadar/install/radar_msg/local/lib/python3.10/dist-packages/radar_msg-0.0.0-py3.10.egg-info
[7.255s] -- Installing: /home/dammr/Desktop/magister_ws/UC_SmartFarmRadar/install/radar_msg/local/lib/python3.10/dist-packages/radar_msg-0.0.0-py3.10.egg-info/PKG-INFO
[7.255s] -- Installing: /home/dammr/Desktop/magister_ws/UC_SmartFarmRadar/install/radar_msg/local/lib/python3.10/dist-packages/radar_msg-0.0.0-py3.10.egg-info/dependency_links.txt
[7.255s] -- Installing: /home/dammr/Desktop/magister_ws/UC_SmartFarmRadar/install/radar_msg/local/lib/python3.10/dist-packages/radar_msg-0.0.0-py3.10.egg-info/SOURCES.txt
[7.255s] -- Installing: /home/dammr/Desktop/magister_ws/UC_SmartFarmRadar/install/radar_msg/local/lib/python3.10/dist-packages/radar_msg-0.0.0-py3.10.egg-info/top_level.txt
[7.255s] -- Installing: /home/dammr/Desktop/magister_ws/UC_SmartFarmRadar/install/radar_msg/local/lib/python3.10/dist-packages/radar_msg
[7.255s] -- Installing: /home/dammr/Desktop/magister_ws/UC_SmartFarmRadar/install/radar_msg/local/lib/python3.10/dist-packages/radar_msg/msg
[7.255s] -- Installing: /home/dammr/Desktop/magister_ws/UC_SmartFarmRadar/install/radar_msg/local/lib/python3.10/dist-packages/radar_msg/msg/_radar_data.py
[7.255s] -- Installing: /home/dammr/Desktop/magister_ws/UC_SmartFarmRadar/install/radar_msg/local/lib/python3.10/dist-packages/radar_msg/msg/__init__.py
[7.255s] -- Installing: /home/dammr/Desktop/magister_ws/UC_SmartFarmRadar/install/radar_msg/local/lib/python3.10/dist-packages/radar_msg/msg/_radar_data_s.c
[7.256s] -- Installing: /home/dammr/Desktop/magister_ws/UC_SmartFarmRadar/install/radar_msg/local/lib/python3.10/dist-packages/radar_msg/_radar_msg_s.ep.rosidl_typesupport_fastrtps_c.c
[7.256s] -- Installing: /home/dammr/Desktop/magister_ws/UC_SmartFarmRadar/install/radar_msg/local/lib/python3.10/dist-packages/radar_msg/_radar_msg_s.ep.rosidl_typesupport_c.c
[7.256s] -- Installing: /home/dammr/Desktop/magister_ws/UC_SmartFarmRadar/install/radar_msg/local/lib/python3.10/dist-packages/radar_msg/radar_msg_s__rosidl_typesupport_introspection_c.cpython-310-x86_64-linux-gnu.so
[7.256s] -- Installing: /home/dammr/Desktop/magister_ws/UC_SmartFarmRadar/install/radar_msg/local/lib/python3.10/dist-packages/radar_msg/radar_msg_s__rosidl_typesupport_fastrtps_c.cpython-310-x86_64-linux-gnu.so
[7.256s] -- Installing: /home/dammr/Desktop/magister_ws/UC_SmartFarmRadar/install/radar_msg/local/lib/python3.10/dist-packages/radar_msg/__init__.py
[7.256s] -- Installing: /home/dammr/Desktop/magister_ws/UC_SmartFarmRadar/install/radar_msg/local/lib/python3.10/dist-packages/radar_msg/radar_msg_s__rosidl_typesupport_c.cpython-310-x86_64-linux-gnu.so
[7.256s] -- Installing: /home/dammr/Desktop/magister_ws/UC_SmartFarmRadar/install/radar_msg/local/lib/python3.10/dist-packages/radar_msg/_radar_msg_s.ep.rosidl_typesupport_introspection_c.c
[7.257s] -- Installing: /home/dammr/Desktop/magister_ws/UC_SmartFarmRadar/install/radar_msg/local/lib/python3.10/dist-packages/radar_msg/libradar_msg__rosidl_generator_py.so
[7.370s] Listing '/home/dammr/Desktop/magister_ws/UC_SmartFarmRadar/install/radar_msg/local/lib/python3.10/dist-packages/radar_msg'...
[7.370s] Compiling '/home/dammr/Desktop/magister_ws/UC_SmartFarmRadar/install/radar_msg/local/lib/python3.10/dist-packages/radar_msg/__init__.py'...
[7.370s] Listing '/home/dammr/Desktop/magister_ws/UC_SmartFarmRadar/install/radar_msg/local/lib/python3.10/dist-packages/radar_msg/msg'...
[7.370s] Compiling '/home/dammr/Desktop/magister_ws/UC_SmartFarmRadar/install/radar_msg/local/lib/python3.10/dist-packages/radar_msg/msg/__init__.py'...
[7.370s] Compiling '/home/dammr/Desktop/magister_ws/UC_SmartFarmRadar/install/radar_msg/local/lib/python3.10/dist-packages/radar_msg/msg/_radar_data.py'...
[7.374s] -- Installing: /home/dammr/Desktop/magister_ws/UC_SmartFarmRadar/install/radar_msg/local/lib/python3.10/dist-packages/radar_msg/radar_msg_s__rosidl_typesupport_introspection_c.cpython-310-x86_64-linux-gnu.so
[7.374s] -- Set runtime path of "/home/dammr/Desktop/magister_ws/UC_SmartFarmRadar/install/radar_msg/local/lib/python3.10/dist-packages/radar_msg/radar_msg_s__rosidl_typesupport_introspection_c.cpython-310-x86_64-linux-gnu.so" to ""
[7.374s] -- Installing: /home/dammr/Desktop/magister_ws/UC_SmartFarmRadar/install/radar_msg/local/lib/python3.10/dist-packages/radar_msg/radar_msg_s__rosidl_typesupport_fastrtps_c.cpython-310-x86_64-linux-gnu.so
[7.374s] -- Set runtime path of "/home/dammr/Desktop/magister_ws/UC_SmartFarmRadar/install/radar_msg/local/lib/python3.10/dist-packages/radar_msg/radar_msg_s__rosidl_typesupport_fastrtps_c.cpython-310-x86_64-linux-gnu.so" to ""
[7.374s] -- Installing: /home/dammr/Desktop/magister_ws/UC_SmartFarmRadar/install/radar_msg/local/lib/python3.10/dist-packages/radar_msg/radar_msg_s__rosidl_typesupport_c.cpython-310-x86_64-linux-gnu.so
[7.375s] -- Set runtime path of "/home/dammr/Desktop/magister_ws/UC_SmartFarmRadar/install/radar_msg/local/lib/python3.10/dist-packages/radar_msg/radar_msg_s__rosidl_typesupport_c.cpython-310-x86_64-linux-gnu.so" to ""
[7.375s] -- Installing: /home/dammr/Desktop/magister_ws/UC_SmartFarmRadar/install/radar_msg/lib/libradar_msg__rosidl_generator_py.so
[7.375s] -- Set runtime path of "/home/dammr/Desktop/magister_ws/UC_SmartFarmRadar/install/radar_msg/lib/libradar_msg__rosidl_generator_py.so" to ""
[7.375s] -- Installing: /home/dammr/Desktop/magister_ws/UC_SmartFarmRadar/install/radar_msg/share/radar_msg/msg/RadarData.idl
[7.375s] -- Installing: /home/dammr/Desktop/magister_ws/UC_SmartFarmRadar/install/radar_msg/share/radar_msg/msg/RadarData.msg
[7.375s] -- Installing: /home/dammr/Desktop/magister_ws/UC_SmartFarmRadar/install/radar_msg/lib/radar_msg/publish_radar_data.py
[7.376s] -- Installing: /home/dammr/Desktop/magister_ws/UC_SmartFarmRadar/install/radar_msg/lib/radar_msg/subscribe_radar_data.py
[7.376s] -- Installing: /home/dammr/Desktop/magister_ws/UC_SmartFarmRadar/install/radar_msg/share/ament_index/resource_index/package_run_dependencies/radar_msg
[7.376s] -- Installing: /home/dammr/Desktop/magister_ws/UC_SmartFarmRadar/install/radar_msg/share/ament_index/resource_index/parent_prefix_path/radar_msg
[7.376s] -- Installing: /home/dammr/Desktop/magister_ws/UC_SmartFarmRadar/install/radar_msg/share/radar_msg/environment/ament_prefix_path.sh
[7.376s] -- Installing: /home/dammr/Desktop/magister_ws/UC_SmartFarmRadar/install/radar_msg/share/radar_msg/environment/ament_prefix_path.dsv
[7.377s] -- Installing: /home/dammr/Desktop/magister_ws/UC_SmartFarmRadar/install/radar_msg/share/radar_msg/environment/path.sh
[7.377s] -- Installing: /home/dammr/Desktop/magister_ws/UC_SmartFarmRadar/install/radar_msg/share/radar_msg/environment/path.dsv
[7.377s] -- Installing: /home/dammr/Desktop/magister_ws/UC_SmartFarmRadar/install/radar_msg/share/radar_msg/local_setup.bash
[7.377s] -- Installing: /home/dammr/Desktop/magister_ws/UC_SmartFarmRadar/install/radar_msg/share/radar_msg/local_setup.sh
[7.377s] -- Installing: /home/dammr/Desktop/magister_ws/UC_SmartFarmRadar/install/radar_msg/share/radar_msg/local_setup.zsh
[7.377s] -- Installing: /home/dammr/Desktop/magister_ws/UC_SmartFarmRadar/install/radar_msg/share/radar_msg/local_setup.dsv
[7.377s] -- Installing: /home/dammr/Desktop/magister_ws/UC_SmartFarmRadar/install/radar_msg/share/radar_msg/package.dsv
[7.377s] -- Installing: /home/dammr/Desktop/magister_ws/UC_SmartFarmRadar/install/radar_msg/share/ament_index/resource_index/packages/radar_msg
[7.378s] -- Installing: /home/dammr/Desktop/magister_ws/UC_SmartFarmRadar/install/radar_msg/share/radar_msg/cmake/export_radar_msg__rosidl_generator_cExport.cmake
[7.378s] -- Installing: /home/dammr/Desktop/magister_ws/UC_SmartFarmRadar/install/radar_msg/share/radar_msg/cmake/export_radar_msg__rosidl_generator_cExport-noconfig.cmake
[7.378s] -- Installing: /home/dammr/Desktop/magister_ws/UC_SmartFarmRadar/install/radar_msg/share/radar_msg/cmake/export_radar_msg__rosidl_typesupport_fastrtps_cExport.cmake
[7.378s] -- Installing: /home/dammr/Desktop/magister_ws/UC_SmartFarmRadar/install/radar_msg/share/radar_msg/cmake/export_radar_msg__rosidl_typesupport_fastrtps_cExport-noconfig.cmake
[7.378s] -- Installing: /home/dammr/Desktop/magister_ws/UC_SmartFarmRadar/install/radar_msg/share/radar_msg/cmake/export_radar_msg__rosidl_generator_cppExport.cmake
[7.378s] -- Installing: /home/dammr/Desktop/magister_ws/UC_SmartFarmRadar/install/radar_msg/share/radar_msg/cmake/export_radar_msg__rosidl_typesupport_fastrtps_cppExport.cmake
[7.378s] -- Installing: /home/dammr/Desktop/magister_ws/UC_SmartFarmRadar/install/radar_msg/share/radar_msg/cmake/export_radar_msg__rosidl_typesupport_fastrtps_cppExport-noconfig.cmake
[7.378s] -- Installing: /home/dammr/Desktop/magister_ws/UC_SmartFarmRadar/install/radar_msg/share/radar_msg/cmake/radar_msg__rosidl_typesupport_introspection_cExport.cmake
[7.379s] -- Installing: /home/dammr/Desktop/magister_ws/UC_SmartFarmRadar/install/radar_msg/share/radar_msg/cmake/radar_msg__rosidl_typesupport_introspection_cExport-noconfig.cmake
[7.379s] -- Installing: /home/dammr/Desktop/magister_ws/UC_SmartFarmRadar/install/radar_msg/share/radar_msg/cmake/radar_msg__rosidl_typesupport_cExport.cmake
[7.379s] -- Installing: /home/dammr/Desktop/magister_ws/UC_SmartFarmRadar/install/radar_msg/share/radar_msg/cmake/radar_msg__rosidl_typesupport_cExport-noconfig.cmake
[7.379s] -- Installing: /home/dammr/Desktop/magister_ws/UC_SmartFarmRadar/install/radar_msg/share/radar_msg/cmake/radar_msg__rosidl_typesupport_introspection_cppExport.cmake
[7.379s] -- Installing: /home/dammr/Desktop/magister_ws/UC_SmartFarmRadar/install/radar_msg/share/radar_msg/cmake/radar_msg__rosidl_typesupport_introspection_cppExport-noconfig.cmake
[7.379s] -- Installing: /home/dammr/Desktop/magister_ws/UC_SmartFarmRadar/install/radar_msg/share/radar_msg/cmake/radar_msg__rosidl_typesupport_cppExport.cmake
[7.379s] -- Installing: /home/dammr/Desktop/magister_ws/UC_SmartFarmRadar/install/radar_msg/share/radar_msg/cmake/radar_msg__rosidl_typesupport_cppExport-noconfig.cmake
[7.379s] -- Installing: /home/dammr/Desktop/magister_ws/UC_SmartFarmRadar/install/radar_msg/share/radar_msg/cmake/export_radar_msg__rosidl_generator_pyExport.cmake
[7.380s] -- Installing: /home/dammr/Desktop/magister_ws/UC_SmartFarmRadar/install/radar_msg/share/radar_msg/cmake/export_radar_msg__rosidl_generator_pyExport-noconfig.cmake
[7.380s] -- Installing: /home/dammr/Desktop/magister_ws/UC_SmartFarmRadar/install/radar_msg/share/radar_msg/cmake/rosidl_cmake-extras.cmake
[7.380s] -- Installing: /home/dammr/Desktop/magister_ws/UC_SmartFarmRadar/install/radar_msg/share/radar_msg/cmake/ament_cmake_export_dependencies-extras.cmake
[7.380s] -- Installing: /home/dammr/Desktop/magister_ws/UC_SmartFarmRadar/install/radar_msg/share/radar_msg/cmake/ament_cmake_export_include_directories-extras.cmake
[7.380s] -- Installing: /home/dammr/Desktop/magister_ws/UC_SmartFarmRadar/install/radar_msg/share/radar_msg/cmake/ament_cmake_export_libraries-extras.cmake
[7.380s] -- Installing: /home/dammr/Desktop/magister_ws/UC_SmartFarmRadar/install/radar_msg/share/radar_msg/cmake/ament_cmake_export_targets-extras.cmake
[7.380s] -- Installing: /home/dammr/Desktop/magister_ws/UC_SmartFarmRadar/install/radar_msg/share/radar_msg/cmake/rosidl_cmake_export_typesupport_targets-extras.cmake
[7.380s] -- Installing: /home/dammr/Desktop/magister_ws/UC_SmartFarmRadar/install/radar_msg/share/radar_msg/cmake/rosidl_cmake_export_typesupport_libraries-extras.cmake
[7.381s] -- Installing: /home/dammr/Desktop/magister_ws/UC_SmartFarmRadar/install/radar_msg/share/radar_msg/cmake/radar_msgConfig.cmake
[7.381s] -- Installing: /home/dammr/Desktop/magister_ws/UC_SmartFarmRadar/install/radar_msg/share/radar_msg/cmake/radar_msgConfig-version.cmake
[7.381s] -- Installing: /home/dammr/Desktop/magister_ws/UC_SmartFarmRadar/install/radar_msg/share/radar_msg/package.xml
[7.383s] Invoked command in '/home/dammr/Desktop/magister_ws/UC_SmartFarmRadar/build/radar_msg' returned '0': CMAKE_PREFIX_PATH=${CMAKE_PREFIX_PATH}:/home/dammr/Desktop/magister_ws/install/radar_package:/home/dammr/Desktop/magister_ws/install/ptu_routine:/home/dammr/ros2_humble/install/rqt_bag_plugins:/home/dammr/ros2_humble/install/rqt_bag:/home/dammr/ros2_humble/install/launch_testing_examples:/home/dammr/ros2_humble/install/ros2bag:/home/dammr/ros2_humble/install/tracetools_test:/home/dammr/ros2_humble/install/tracetools_launch:/home/dammr/ros2_humble/install/topic_monitor:/home/dammr/ros2_humble/install/tf2_tools:/home/dammr/ros2_humble/install/examples_tf2_py:/home/dammr/ros2_humble/install/tf2_ros_py:/home/dammr/ros2_humble/install/sros2:/home/dammr/ros2_humble/install/rqt_topic:/home/dammr/ros2_humble/install/rqt_srv:/home/dammr/ros2_humble/install/rqt_shell:/home/dammr/ros2_humble/install/rqt_service_caller:/home/dammr/ros2_humble/install/rqt_reconfigure:/home/dammr/ros2_humble/install/rqt_py_console:/home/dammr/ros2_humble/install/rqt_publisher:/home/dammr/ros2_humble/install/rqt_plot:/home/dammr/ros2_humble/install/rqt_action:/home/dammr/ros2_humble/install/rqt_msg:/home/dammr/ros2_humble/install/rqt_console:/home/dammr/ros2_humble/install/rqt:/home/dammr/ros2_humble/install/rqt_graph:/home/dammr/ros2_humble/install/rqt_gui_py:/home/dammr/ros2_humble/install/rqt_gui:/home/dammr/ros2_humble/install/ros2trace:/home/dammr/ros2_humble/install/ros2topic:/home/dammr/ros2_humble/install/ros2test:/home/dammr/ros2_humble/install/ros2component:/home/dammr/ros2_humble/install/ros2param:/home/dammr/ros2_humble/install/ros2lifecycle:/home/dammr/ros2_humble/install/ros2service:/home/dammr/ros2_humble/install/ros2run:/home/dammr/ros2_humble/install/ros2launch:/home/dammr/ros2_humble/install/ros2pkg:/home/dammr/ros2_humble/install/ros2node:/home/dammr/ros2_humble/install/ros2multicast:/home/dammr/ros2_humble/install/ros2interface:/home/dammr/ros2_humble/install/ros2doctor:/home/dammr/ros2_humble/install/ros2action:/home/dammr/ros2_humble/install/ros2cli:/home/dammr/ros2_humble/install/quality_of_service_demo_py:/home/dammr/ros2_humble/install/lifecycle_py:/home/dammr/ros2_humble/install/launch_testing_ros:/home/dammr/ros2_humble/install/launch_ros:/home/dammr/ros2_humble/install/examples_rclpy_pointcloud_publisher:/home/dammr/ros2_humble/install/examples_rclpy_minimal_subscriber:/home/dammr/ros2_humble/install/examples_rclpy_minimal_service:/home/dammr/ros2_humble/install/examples_rclpy_minimal_publisher:/home/dammr/ros2_humble/install/examples_rclpy_minimal_client:/home/dammr/ros2_humble/install/examples_rclpy_minimal_action_server:/home/dammr/ros2_humble/install/examples_rclpy_minimal_action_client:/home/dammr/ros2_humble/install/examples_rclpy_guard_conditions:/home/dammr/ros2_humble/install/examples_rclpy_executors:/home/dammr/ros2_humble/install/demo_nodes_py:/home/dammr/ros2_humble/install/camera_info_manager_py:/home/dammr/ros2_humble/install/action_tutorials_py:/home/dammr/ros2_humble/install/ament_uncrustify:/home/dammr/ros2_humble/install/tracetools_trace:/home/dammr/ros2_humble/install/tracetools_read:/home/dammr/ros2_humble/install/test_tracetools_launch:/home/dammr/ros2_humble/install/test_launch_ros:/home/dammr/ros2_humble/install/sensor_msgs_py:/home/dammr/ros2_humble/install/rpyutils:/home/dammr/ros2_humble/install/rosidl_runtime_py:/home/dammr/ros2_humble/install/rosidl_cli:/home/dammr/ros2_humble/install/launch_pytest:/home/dammr/ros2_humble/install/launch_testing:/home/dammr/ros2_humble/install/launch_yaml:/home/dammr/ros2_humble/install/launch_xml:/home/dammr/ros2_humble/install/launch:/home/dammr/ros2_humble/install/osrf_pycommon:/home/dammr/ros2_humble/install/domain_coordinator:/home/dammr/ros2_humble/install/ament_xmllint:/home/dammr/ros2_humble/install/ament_pyflakes:/home/dammr/ros2_humble/install/ament_pycodestyle:/home/dammr/ros2_humble/install/ament_pep257:/home/dammr/ros2_humble/install/ament_pclint:/home/dammr/ros2_humble/install/ament_package:/home/dammr/ros2_humble/install/ament_mypy:/home/dammr/ros2_humble/install/ament_lint_cmake:/home/dammr/ros2_humble/install/ament_flake8:/home/dammr/ros2_humble/install/ament_copyright:/home/dammr/ros2_humble/install/ament_lint:/home/dammr/ros2_humble/install/ament_index_python:/home/dammr/ros2_humble/install/ament_cpplint:/home/dammr/ros2_humble/install/ament_cppcheck:/home/dammr/ros2_humble/install/ament_clang_tidy:/home/dammr/ros2_humble/install/ament_clang_format /usr/bin/cmake --install /home/dammr/Desktop/magister_ws/UC_SmartFarmRadar/build/radar_msg
